<?xml version='1.0' encoding='UTF-8'?>
<testsuite hostname="localhost" name="l3.test.CPSOptimizer_Greybox" tests="42" errors="0" failures="42" time="-0.042">
                     <properties>
[...]
</properties>
                     <testcase classname="l3.test.CPSOptimizer_Greybox" name="testEtaReductionInfintelyRecursiveFunction" time="-0.001">
                                                 <failure message="scala.MatchError: LetF(ArrayBuffer(FunDef(f_1,rc_1,ArrayBuffer(x),AppF(g_1,rc_1,ArrayBuffer(x))), FunDef(g_1,rc_2,ArrayBuffer(x),AppF(f_1,rc_2,ArrayBuffer(x)))),LetC(List(CntDef(ic_1,List(v_1),LetL(c0_1,1,LetL(t_1,1,LetP(t_2,@&gt;&gt;,List(c0_1, t_1),Halt(t_2)))))),LetC(List(CntDef(tc_1,List(),LetL(i_1,7,AppF(g_1,ic_1,ArrayBuffer(i_1))))),LetC(List(CntDef(fc_1,List(),LetL(i_2,2,AppC(ic_1,List(i_2))))),LetP(t_3,@byte-read,List(),LetL(t_4,1,LetP(t_5,@&lt;&lt;,List(t_3, t_4),LetP(v_2,@|,List(t_5, t_4),LetL(i_3,-1,If(=,List(v_2, i_3),tc_1,fc_1)))))))))) (of class l3.CPSTreeModule$LetF)" type="sbt.ForkMain$ForkError">sbt.ForkMain$ForkError: scala.MatchError: LetF(ArrayBuffer(FunDef(f_1,rc_1,ArrayBuffer(x),AppF(g_1,rc_1,ArrayBuffer(x))), FunDef(g_1,rc_2,ArrayBuffer(x),AppF(f_1,rc_2,ArrayBuffer(x)))),LetC(List(CntDef(ic_1,List(v_1),LetL(c0_1,1,LetL(t_1,1,LetP(t_2,@&gt;&gt;,List(c0_1, t_1),Halt(t_2)))))),LetC(List(CntDef(tc_1,List(),LetL(i_1,7,AppF(g_1,ic_1,ArrayBuffer(i_1))))),LetC(List(CntDef(fc_1,List(),LetL(i_2,2,AppC(ic_1,List(i_2))))),LetP(t_3,@byte-read,List(),LetL(t_4,1,LetP(t_5,@&lt;&lt;,List(t_3, t_4),LetP(v_2,@|,List(t_5, t_4),LetL(i_3,-1,If(=,List(v_2, i_3),tc_1,fc_1)))))))))) (of class l3.CPSTreeModule$LetF)
	at l3.CPSHoister$.hoist(CPSHoister.scala:9)
	at l3.CPSHoister$.apply(CPSHoister.scala:7)
	at l3.CPSHoister$.apply(CPSHoister.scala:5)
	at scala.Function1$$anonfun$andThen$1.apply(Function1.scala:52)
	at scala.Function1$$anonfun$andThen$1.apply(Function1.scala:52)
	at scala.Function1$$anonfun$andThen$1.apply(Function1.scala:52)
	at scala.Function1$$anonfun$andThen$1.apply(Function1.scala:52)
	at l3.test.infrastructure.CompilerTest$class.l3$test$infrastructure$CompilerTest$$compileInner(CompilerTest.scala:20)
	at l3.test.infrastructure.CompilerTest$$anonfun$compileUsingPipelineAndRedirect$1.apply(CompilerTest.scala:31)
	at l3.test.infrastructure.SandboxedTest$$anon$1.run(SandboxedTest.scala:24)
	at java.security.AccessController.doPrivileged(Native Method)
	at l3.test.infrastructure.SandboxedTest.sandboxedTest(SandboxedTest.scala:34)
	at l3.test.infrastructure.SandboxedTest.sandboxedTestWithRedirectedIO(SandboxedTest.scala:45)
	at l3.test.infrastructure.CompilerTest$class.compileUsingPipelineAndRedirect(CompilerTest.scala:31)
	at l3.test.infrastructure.CPSTest.compileUsingPipelineAndRedirect(CPSTest.scala:11)
	at l3.test.infrastructure.CPSOptTest.testCPSOptStats(CPSOptTest.scala:62)
	at l3.test.infrastructure.CPSOptTest.testCPSOptEarly(CPSOptTest.scala:69)
	at l3.test.CPSOptimizer_Greybox.testEtaReductionInfintelyRecursiveFunction(CPSOptimizer_Greybox.scala:21)
	at sun.reflect.NativeMethodAccessorImpl.invoke0(Native Method)
	at sun.reflect.NativeMethodAccessorImpl.invoke(NativeMethodAccessorImpl.java:62)
	at sun.reflect.DelegatingMethodAccessorImpl.invoke(DelegatingMethodAccessorImpl.java:43)
	at java.lang.reflect.Method.invoke(Method.java:497)
	at org.junit.runners.model.FrameworkMethod$1.runReflectiveCall(FrameworkMethod.java:45)
	at org.junit.internal.runners.model.ReflectiveCallable.run(ReflectiveCallable.java:15)
	at org.junit.runners.model.FrameworkMethod.invokeExplosively(FrameworkMethod.java:42)
	at org.junit.internal.runners.statements.InvokeMethod.evaluate(InvokeMethod.java:20)
	at org.junit.runners.ParentRunner.runLeaf(ParentRunner.java:263)
	at org.junit.runners.BlockJUnit4ClassRunner.runChild(BlockJUnit4ClassRunner.java:68)
	at org.junit.runners.BlockJUnit4ClassRunner.runChild(BlockJUnit4ClassRunner.java:47)
	at org.junit.runners.ParentRunner$3.run(ParentRunner.java:231)
	at org.junit.runners.ParentRunner$1.schedule(ParentRunner.java:60)
	at org.junit.runners.ParentRunner.runChildren(ParentRunner.java:229)
	at org.junit.runners.ParentRunner.access$000(ParentRunner.java:50)
	at org.junit.runners.ParentRunner$2.evaluate(ParentRunner.java:222)
	at org.junit.runners.ParentRunner.run(ParentRunner.java:300)
	at org.junit.runners.Suite.runChild(Suite.java:128)
	at org.junit.runners.Suite.runChild(Suite.java:24)
	at org.junit.runners.ParentRunner$3.run(ParentRunner.java:231)
	at org.junit.runners.ParentRunner$1.schedule(ParentRunner.java:60)
	at org.junit.runners.ParentRunner.runChildren(ParentRunner.java:229)
	at org.junit.runners.ParentRunner.access$000(ParentRunner.java:50)
	at org.junit.runners.ParentRunner$2.evaluate(ParentRunner.java:222)
	at org.junit.runners.ParentRunner.run(ParentRunner.java:300)
	at org.junit.runner.JUnitCore.run(JUnitCore.java:157)
	at org.junit.runner.JUnitCore.run(JUnitCore.java:136)
	at com.novocode.junit.JUnitRunner.run(JUnitRunner.java:87)
	at sbt.RunnerWrapper$1.runRunner2(FrameworkWrapper.java:223)
	at sbt.RunnerWrapper$1.execute(FrameworkWrapper.java:236)
	at sbt.ForkMain$Run$2.call(ForkMain.java:296)
	at sbt.ForkMain$Run$2.call(ForkMain.java:286)
	at java.util.concurrent.FutureTask.run(FutureTask.java:266)
	at java.util.concurrent.ThreadPoolExecutor.runWorker(ThreadPoolExecutor.java:1142)
	at java.util.concurrent.ThreadPoolExecutor$Worker.run(ThreadPoolExecutor.java:617)
	at java.lang.Thread.run(Thread.java:745)
</failure>
                                               </testcase><testcase classname="l3.test.CPSOptimizer_Greybox" name="testDCEFunsSimple" time="-0.001">
                                                 <failure message="scala.MatchError: LetF(ArrayBuffer(),LetL(c0_2,1,LetL(t_6,1,LetP(t_7,@&gt;&gt;,List(c0_2, t_6),Halt(t_7))))) (of class l3.CPSTreeModule$LetF)" type="sbt.ForkMain$ForkError">sbt.ForkMain$ForkError: scala.MatchError: LetF(ArrayBuffer(),LetL(c0_2,1,LetL(t_6,1,LetP(t_7,@&gt;&gt;,List(c0_2, t_6),Halt(t_7))))) (of class l3.CPSTreeModule$LetF)
	at l3.CPSHoister$.hoist(CPSHoister.scala:9)
	at l3.CPSHoister$.apply(CPSHoister.scala:7)
	at l3.CPSHoister$.apply(CPSHoister.scala:5)
	at scala.Function1$$anonfun$andThen$1.apply(Function1.scala:52)
	at scala.Function1$$anonfun$andThen$1.apply(Function1.scala:52)
	at scala.Function1$$anonfun$andThen$1.apply(Function1.scala:52)
	at scala.Function1$$anonfun$andThen$1.apply(Function1.scala:52)
	at l3.test.infrastructure.CompilerTest$class.l3$test$infrastructure$CompilerTest$$compileInner(CompilerTest.scala:20)
	at l3.test.infrastructure.CompilerTest$$anonfun$compileUsingPipelineAndRedirect$1.apply(CompilerTest.scala:31)
	at l3.test.infrastructure.SandboxedTest$$anon$1.run(SandboxedTest.scala:24)
	at java.security.AccessController.doPrivileged(Native Method)
	at l3.test.infrastructure.SandboxedTest.sandboxedTest(SandboxedTest.scala:34)
	at l3.test.infrastructure.SandboxedTest.sandboxedTestWithRedirectedIO(SandboxedTest.scala:45)
	at l3.test.infrastructure.CompilerTest$class.compileUsingPipelineAndRedirect(CompilerTest.scala:31)
	at l3.test.infrastructure.CPSTest.compileUsingPipelineAndRedirect(CPSTest.scala:11)
	at l3.test.infrastructure.CPSOptTest.testCPSOptStats(CPSOptTest.scala:62)
	at l3.test.infrastructure.CPSOptTest.testCPSOptEarly(CPSOptTest.scala:69)
	at l3.test.CPSOptimizer_Greybox.testDCEFunsSimple(CPSOptimizer_Greybox.scala:25)
	at sun.reflect.NativeMethodAccessorImpl.invoke0(Native Method)
	at sun.reflect.NativeMethodAccessorImpl.invoke(NativeMethodAccessorImpl.java:62)
	at sun.reflect.DelegatingMethodAccessorImpl.invoke(DelegatingMethodAccessorImpl.java:43)
	at java.lang.reflect.Method.invoke(Method.java:497)
	at org.junit.runners.model.FrameworkMethod$1.runReflectiveCall(FrameworkMethod.java:45)
	at org.junit.internal.runners.model.ReflectiveCallable.run(ReflectiveCallable.java:15)
	at org.junit.runners.model.FrameworkMethod.invokeExplosively(FrameworkMethod.java:42)
	at org.junit.internal.runners.statements.InvokeMethod.evaluate(InvokeMethod.java:20)
	at org.junit.runners.ParentRunner.runLeaf(ParentRunner.java:263)
	at org.junit.runners.BlockJUnit4ClassRunner.runChild(BlockJUnit4ClassRunner.java:68)
	at org.junit.runners.BlockJUnit4ClassRunner.runChild(BlockJUnit4ClassRunner.java:47)
	at org.junit.runners.ParentRunner$3.run(ParentRunner.java:231)
	at org.junit.runners.ParentRunner$1.schedule(ParentRunner.java:60)
	at org.junit.runners.ParentRunner.runChildren(ParentRunner.java:229)
	at org.junit.runners.ParentRunner.access$000(ParentRunner.java:50)
	at org.junit.runners.ParentRunner$2.evaluate(ParentRunner.java:222)
	at org.junit.runners.ParentRunner.run(ParentRunner.java:300)
	at org.junit.runners.Suite.runChild(Suite.java:128)
	at org.junit.runners.Suite.runChild(Suite.java:24)
	at org.junit.runners.ParentRunner$3.run(ParentRunner.java:231)
	at org.junit.runners.ParentRunner$1.schedule(ParentRunner.java:60)
	at org.junit.runners.ParentRunner.runChildren(ParentRunner.java:229)
	at org.junit.runners.ParentRunner.access$000(ParentRunner.java:50)
	at org.junit.runners.ParentRunner$2.evaluate(ParentRunner.java:222)
	at org.junit.runners.ParentRunner.run(ParentRunner.java:300)
	at org.junit.runner.JUnitCore.run(JUnitCore.java:157)
	at org.junit.runner.JUnitCore.run(JUnitCore.java:136)
	at com.novocode.junit.JUnitRunner.run(JUnitRunner.java:87)
	at sbt.RunnerWrapper$1.runRunner2(FrameworkWrapper.java:223)
	at sbt.RunnerWrapper$1.execute(FrameworkWrapper.java:236)
	at sbt.ForkMain$Run$2.call(ForkMain.java:296)
	at sbt.ForkMain$Run$2.call(ForkMain.java:286)
	at java.util.concurrent.FutureTask.run(FutureTask.java:266)
	at java.util.concurrent.ThreadPoolExecutor.runWorker(ThreadPoolExecutor.java:1142)
	at java.util.concurrent.ThreadPoolExecutor$Worker.run(ThreadPoolExecutor.java:617)
	at java.lang.Thread.run(Thread.java:745)
</failure>
                                               </testcase><testcase classname="l3.test.CPSOptimizer_Greybox" name="testDCEFunsRecursive1" time="-0.001">
                                                 <failure message="scala.MatchError: LetF(ArrayBuffer(),LetL(c0_3,1,LetL(t_8,1,LetP(t_9,@&gt;&gt;,List(c0_3, t_8),Halt(t_9))))) (of class l3.CPSTreeModule$LetF)" type="sbt.ForkMain$ForkError">sbt.ForkMain$ForkError: scala.MatchError: LetF(ArrayBuffer(),LetL(c0_3,1,LetL(t_8,1,LetP(t_9,@&gt;&gt;,List(c0_3, t_8),Halt(t_9))))) (of class l3.CPSTreeModule$LetF)
	at l3.CPSHoister$.hoist(CPSHoister.scala:9)
	at l3.CPSHoister$.apply(CPSHoister.scala:7)
	at l3.CPSHoister$.apply(CPSHoister.scala:5)
	at scala.Function1$$anonfun$andThen$1.apply(Function1.scala:52)
	at scala.Function1$$anonfun$andThen$1.apply(Function1.scala:52)
	at scala.Function1$$anonfun$andThen$1.apply(Function1.scala:52)
	at scala.Function1$$anonfun$andThen$1.apply(Function1.scala:52)
	at l3.test.infrastructure.CompilerTest$class.l3$test$infrastructure$CompilerTest$$compileInner(CompilerTest.scala:20)
	at l3.test.infrastructure.CompilerTest$$anonfun$compileUsingPipelineAndRedirect$1.apply(CompilerTest.scala:31)
	at l3.test.infrastructure.SandboxedTest$$anon$1.run(SandboxedTest.scala:24)
	at java.security.AccessController.doPrivileged(Native Method)
	at l3.test.infrastructure.SandboxedTest.sandboxedTest(SandboxedTest.scala:34)
	at l3.test.infrastructure.SandboxedTest.sandboxedTestWithRedirectedIO(SandboxedTest.scala:45)
	at l3.test.infrastructure.CompilerTest$class.compileUsingPipelineAndRedirect(CompilerTest.scala:31)
	at l3.test.infrastructure.CPSTest.compileUsingPipelineAndRedirect(CPSTest.scala:11)
	at l3.test.infrastructure.CPSOptTest.testCPSOptStats(CPSOptTest.scala:62)
	at l3.test.infrastructure.CPSOptTest.testCPSOptEarly(CPSOptTest.scala:69)
	at l3.test.CPSOptimizer_Greybox.testDCEFunsRecursive1(CPSOptimizer_Greybox.scala:28)
	at sun.reflect.NativeMethodAccessorImpl.invoke0(Native Method)
	at sun.reflect.NativeMethodAccessorImpl.invoke(NativeMethodAccessorImpl.java:62)
	at sun.reflect.DelegatingMethodAccessorImpl.invoke(DelegatingMethodAccessorImpl.java:43)
	at java.lang.reflect.Method.invoke(Method.java:497)
	at org.junit.runners.model.FrameworkMethod$1.runReflectiveCall(FrameworkMethod.java:45)
	at org.junit.internal.runners.model.ReflectiveCallable.run(ReflectiveCallable.java:15)
	at org.junit.runners.model.FrameworkMethod.invokeExplosively(FrameworkMethod.java:42)
	at org.junit.internal.runners.statements.InvokeMethod.evaluate(InvokeMethod.java:20)
	at org.junit.runners.ParentRunner.runLeaf(ParentRunner.java:263)
	at org.junit.runners.BlockJUnit4ClassRunner.runChild(BlockJUnit4ClassRunner.java:68)
	at org.junit.runners.BlockJUnit4ClassRunner.runChild(BlockJUnit4ClassRunner.java:47)
	at org.junit.runners.ParentRunner$3.run(ParentRunner.java:231)
	at org.junit.runners.ParentRunner$1.schedule(ParentRunner.java:60)
	at org.junit.runners.ParentRunner.runChildren(ParentRunner.java:229)
	at org.junit.runners.ParentRunner.access$000(ParentRunner.java:50)
	at org.junit.runners.ParentRunner$2.evaluate(ParentRunner.java:222)
	at org.junit.runners.ParentRunner.run(ParentRunner.java:300)
	at org.junit.runners.Suite.runChild(Suite.java:128)
	at org.junit.runners.Suite.runChild(Suite.java:24)
	at org.junit.runners.ParentRunner$3.run(ParentRunner.java:231)
	at org.junit.runners.ParentRunner$1.schedule(ParentRunner.java:60)
	at org.junit.runners.ParentRunner.runChildren(ParentRunner.java:229)
	at org.junit.runners.ParentRunner.access$000(ParentRunner.java:50)
	at org.junit.runners.ParentRunner$2.evaluate(ParentRunner.java:222)
	at org.junit.runners.ParentRunner.run(ParentRunner.java:300)
	at org.junit.runner.JUnitCore.run(JUnitCore.java:157)
	at org.junit.runner.JUnitCore.run(JUnitCore.java:136)
	at com.novocode.junit.JUnitRunner.run(JUnitRunner.java:87)
	at sbt.RunnerWrapper$1.runRunner2(FrameworkWrapper.java:223)
	at sbt.RunnerWrapper$1.execute(FrameworkWrapper.java:236)
	at sbt.ForkMain$Run$2.call(ForkMain.java:296)
	at sbt.ForkMain$Run$2.call(ForkMain.java:286)
	at java.util.concurrent.FutureTask.run(FutureTask.java:266)
	at java.util.concurrent.ThreadPoolExecutor.runWorker(ThreadPoolExecutor.java:1142)
	at java.util.concurrent.ThreadPoolExecutor$Worker.run(ThreadPoolExecutor.java:617)
	at java.lang.Thread.run(Thread.java:745)
</failure>
                                               </testcase><testcase classname="l3.test.CPSOptimizer_Greybox" name="testEtaReduction" time="-0.001">
                                                 <failure message="scala.MatchError: LetF(ArrayBuffer(FunDef(f_2,rc_8,ArrayBuffer(x),AppC(rc_8,List(x))), FunDef(g_2,rc_9,ArrayBuffer(y),AppF(f_2,rc_9,ArrayBuffer(y))), FunDef(h_1,rc_10,ArrayBuffer(z),AppF(g_2,rc_10,ArrayBuffer(z)))),LetL(i_8,3,LetC(List(CntDef(rc_19,List(r_3),LetL(i_9,5,LetC(List(CntDef(rc_18,List(r_4),LetL(i_10,7,LetC(List(CntDef(rc_17,List(r_5),LetL(i_11,3,LetC(List(CntDef(rc_16,List(r_6),LetL(i_12,5,LetC(List(CntDef(rc_15,List(r_7),LetL(i_13,7,LetC(List(CntDef(rc_14,List(r_8),LetL(i_14,3,LetC(List(CntDef(rc_13,List(r_9),LetL(i_15,5,LetC(List(CntDef(rc_12,List(r_10),LetL(i_16,7,LetC(List(CntDef(rc_11,List(r_11),LetL(c0_4,1,LetL(t_10,1,LetP(t_11,@&gt;&gt;,List(c0_4, t_10),Halt(t_11)))))),AppF(f_2,rc_11,ArrayBuffer(i_16)))))),AppF(f_2,rc_12,ArrayBuffer(i_15)))))),AppF(f_2,rc_13,ArrayBuffer(i_14)))))),AppF(h_1,rc_14,ArrayBuffer(i_13)))))),AppF(h_1,rc_15,ArrayBuffer(i_12)))))),AppF(h_1,rc_16,ArrayBuffer(i_11)))))),AppF(g_2,rc_17,ArrayBuffer(i_10)))))),AppF(g_2,rc_18,ArrayBuffer(i_9)))))),AppF(g_2,rc_19,ArrayBuffer(i_8))))) (of class l3.CPSTreeModule$LetF)" type="sbt.ForkMain$ForkError">sbt.ForkMain$ForkError: scala.MatchError: LetF(ArrayBuffer(FunDef(f_2,rc_8,ArrayBuffer(x),AppC(rc_8,List(x))), FunDef(g_2,rc_9,ArrayBuffer(y),AppF(f_2,rc_9,ArrayBuffer(y))), FunDef(h_1,rc_10,ArrayBuffer(z),AppF(g_2,rc_10,ArrayBuffer(z)))),LetL(i_8,3,LetC(List(CntDef(rc_19,List(r_3),LetL(i_9,5,LetC(List(CntDef(rc_18,List(r_4),LetL(i_10,7,LetC(List(CntDef(rc_17,List(r_5),LetL(i_11,3,LetC(List(CntDef(rc_16,List(r_6),LetL(i_12,5,LetC(List(CntDef(rc_15,List(r_7),LetL(i_13,7,LetC(List(CntDef(rc_14,List(r_8),LetL(i_14,3,LetC(List(CntDef(rc_13,List(r_9),LetL(i_15,5,LetC(List(CntDef(rc_12,List(r_10),LetL(i_16,7,LetC(List(CntDef(rc_11,List(r_11),LetL(c0_4,1,LetL(t_10,1,LetP(t_11,@&gt;&gt;,List(c0_4, t_10),Halt(t_11)))))),AppF(f_2,rc_11,ArrayBuffer(i_16)))))),AppF(f_2,rc_12,ArrayBuffer(i_15)))))),AppF(f_2,rc_13,ArrayBuffer(i_14)))))),AppF(h_1,rc_14,ArrayBuffer(i_13)))))),AppF(h_1,rc_15,ArrayBuffer(i_12)))))),AppF(h_1,rc_16,ArrayBuffer(i_11)))))),AppF(g_2,rc_17,ArrayBuffer(i_10)))))),AppF(g_2,rc_18,ArrayBuffer(i_9)))))),AppF(g_2,rc_19,ArrayBuffer(i_8))))) (of class l3.CPSTreeModule$LetF)
	at l3.CPSHoister$.hoist(CPSHoister.scala:9)
	at l3.CPSHoister$.apply(CPSHoister.scala:7)
	at l3.CPSHoister$.apply(CPSHoister.scala:5)
	at scala.Function1$$anonfun$andThen$1.apply(Function1.scala:52)
	at scala.Function1$$anonfun$andThen$1.apply(Function1.scala:52)
	at scala.Function1$$anonfun$andThen$1.apply(Function1.scala:52)
	at scala.Function1$$anonfun$andThen$1.apply(Function1.scala:52)
	at l3.test.infrastructure.CompilerTest$class.l3$test$infrastructure$CompilerTest$$compileInner(CompilerTest.scala:20)
	at l3.test.infrastructure.CompilerTest$$anonfun$compileUsingPipelineAndRedirect$1.apply(CompilerTest.scala:31)
	at l3.test.infrastructure.SandboxedTest$$anon$1.run(SandboxedTest.scala:24)
	at java.security.AccessController.doPrivileged(Native Method)
	at l3.test.infrastructure.SandboxedTest.sandboxedTest(SandboxedTest.scala:34)
	at l3.test.infrastructure.SandboxedTest.sandboxedTestWithRedirectedIO(SandboxedTest.scala:45)
	at l3.test.infrastructure.CompilerTest$class.compileUsingPipelineAndRedirect(CompilerTest.scala:31)
	at l3.test.infrastructure.CPSTest.compileUsingPipelineAndRedirect(CPSTest.scala:11)
	at l3.test.infrastructure.CPSOptTest.testCPSOptStats(CPSOptTest.scala:62)
	at l3.test.infrastructure.CPSOptTest.testCPSOptEarly(CPSOptTest.scala:69)
	at l3.test.CPSOptimizer_Greybox.testEtaReduction(CPSOptimizer_Greybox.scala:14)
	at sun.reflect.NativeMethodAccessorImpl.invoke0(Native Method)
	at sun.reflect.NativeMethodAccessorImpl.invoke(NativeMethodAccessorImpl.java:62)
	at sun.reflect.DelegatingMethodAccessorImpl.invoke(DelegatingMethodAccessorImpl.java:43)
	at java.lang.reflect.Method.invoke(Method.java:497)
	at org.junit.runners.model.FrameworkMethod$1.runReflectiveCall(FrameworkMethod.java:45)
	at org.junit.internal.runners.model.ReflectiveCallable.run(ReflectiveCallable.java:15)
	at org.junit.runners.model.FrameworkMethod.invokeExplosively(FrameworkMethod.java:42)
	at org.junit.internal.runners.statements.InvokeMethod.evaluate(InvokeMethod.java:20)
	at org.junit.runners.ParentRunner.runLeaf(ParentRunner.java:263)
	at org.junit.runners.BlockJUnit4ClassRunner.runChild(BlockJUnit4ClassRunner.java:68)
	at org.junit.runners.BlockJUnit4ClassRunner.runChild(BlockJUnit4ClassRunner.java:47)
	at org.junit.runners.ParentRunner$3.run(ParentRunner.java:231)
	at org.junit.runners.ParentRunner$1.schedule(ParentRunner.java:60)
	at org.junit.runners.ParentRunner.runChildren(ParentRunner.java:229)
	at org.junit.runners.ParentRunner.access$000(ParentRunner.java:50)
	at org.junit.runners.ParentRunner$2.evaluate(ParentRunner.java:222)
	at org.junit.runners.ParentRunner.run(ParentRunner.java:300)
	at org.junit.runners.Suite.runChild(Suite.java:128)
	at org.junit.runners.Suite.runChild(Suite.java:24)
	at org.junit.runners.ParentRunner$3.run(ParentRunner.java:231)
	at org.junit.runners.ParentRunner$1.schedule(ParentRunner.java:60)
	at org.junit.runners.ParentRunner.runChildren(ParentRunner.java:229)
	at org.junit.runners.ParentRunner.access$000(ParentRunner.java:50)
	at org.junit.runners.ParentRunner$2.evaluate(ParentRunner.java:222)
	at org.junit.runners.ParentRunner.run(ParentRunner.java:300)
	at org.junit.runner.JUnitCore.run(JUnitCore.java:157)
	at org.junit.runner.JUnitCore.run(JUnitCore.java:136)
	at com.novocode.junit.JUnitRunner.run(JUnitRunner.java:87)
	at sbt.RunnerWrapper$1.runRunner2(FrameworkWrapper.java:223)
	at sbt.RunnerWrapper$1.execute(FrameworkWrapper.java:236)
	at sbt.ForkMain$Run$2.call(ForkMain.java:296)
	at sbt.ForkMain$Run$2.call(ForkMain.java:286)
	at java.util.concurrent.FutureTask.run(FutureTask.java:266)
	at java.util.concurrent.ThreadPoolExecutor.runWorker(ThreadPoolExecutor.java:1142)
	at java.util.concurrent.ThreadPoolExecutor$Worker.run(ThreadPoolExecutor.java:617)
	at java.lang.Thread.run(Thread.java:745)
</failure>
                                               </testcase><testcase classname="l3.test.CPSOptimizer_Greybox" name="testDCEFunsRecursive2" time="-0.001">
                                                 <failure message="scala.MatchError: LetF(ArrayBuffer(),LetL(c0_5,1,LetL(t_12,1,LetP(t_13,@&gt;&gt;,List(c0_5, t_12),Halt(t_13))))) (of class l3.CPSTreeModule$LetF)" type="sbt.ForkMain$ForkError">sbt.ForkMain$ForkError: scala.MatchError: LetF(ArrayBuffer(),LetL(c0_5,1,LetL(t_12,1,LetP(t_13,@&gt;&gt;,List(c0_5, t_12),Halt(t_13))))) (of class l3.CPSTreeModule$LetF)
	at l3.CPSHoister$.hoist(CPSHoister.scala:9)
	at l3.CPSHoister$.apply(CPSHoister.scala:7)
	at l3.CPSHoister$.apply(CPSHoister.scala:5)
	at scala.Function1$$anonfun$andThen$1.apply(Function1.scala:52)
	at scala.Function1$$anonfun$andThen$1.apply(Function1.scala:52)
	at scala.Function1$$anonfun$andThen$1.apply(Function1.scala:52)
	at scala.Function1$$anonfun$andThen$1.apply(Function1.scala:52)
	at l3.test.infrastructure.CompilerTest$class.l3$test$infrastructure$CompilerTest$$compileInner(CompilerTest.scala:20)
	at l3.test.infrastructure.CompilerTest$$anonfun$compileUsingPipelineAndRedirect$1.apply(CompilerTest.scala:31)
	at l3.test.infrastructure.SandboxedTest$$anon$1.run(SandboxedTest.scala:24)
	at java.security.AccessController.doPrivileged(Native Method)
	at l3.test.infrastructure.SandboxedTest.sandboxedTest(SandboxedTest.scala:34)
	at l3.test.infrastructure.SandboxedTest.sandboxedTestWithRedirectedIO(SandboxedTest.scala:45)
	at l3.test.infrastructure.CompilerTest$class.compileUsingPipelineAndRedirect(CompilerTest.scala:31)
	at l3.test.infrastructure.CPSTest.compileUsingPipelineAndRedirect(CPSTest.scala:11)
	at l3.test.infrastructure.CPSOptTest.testCPSOptStats(CPSOptTest.scala:62)
	at l3.test.infrastructure.CPSOptTest.testCPSOptEarly(CPSOptTest.scala:69)
	at l3.test.CPSOptimizer_Greybox.testDCEFunsRecursive2(CPSOptimizer_Greybox.scala:31)
	at sun.reflect.NativeMethodAccessorImpl.invoke0(Native Method)
	at sun.reflect.NativeMethodAccessorImpl.invoke(NativeMethodAccessorImpl.java:62)
	at sun.reflect.DelegatingMethodAccessorImpl.invoke(DelegatingMethodAccessorImpl.java:43)
	at java.lang.reflect.Method.invoke(Method.java:497)
	at org.junit.runners.model.FrameworkMethod$1.runReflectiveCall(FrameworkMethod.java:45)
	at org.junit.internal.runners.model.ReflectiveCallable.run(ReflectiveCallable.java:15)
	at org.junit.runners.model.FrameworkMethod.invokeExplosively(FrameworkMethod.java:42)
	at org.junit.internal.runners.statements.InvokeMethod.evaluate(InvokeMethod.java:20)
	at org.junit.runners.ParentRunner.runLeaf(ParentRunner.java:263)
	at org.junit.runners.BlockJUnit4ClassRunner.runChild(BlockJUnit4ClassRunner.java:68)
	at org.junit.runners.BlockJUnit4ClassRunner.runChild(BlockJUnit4ClassRunner.java:47)
	at org.junit.runners.ParentRunner$3.run(ParentRunner.java:231)
	at org.junit.runners.ParentRunner$1.schedule(ParentRunner.java:60)
	at org.junit.runners.ParentRunner.runChildren(ParentRunner.java:229)
	at org.junit.runners.ParentRunner.access$000(ParentRunner.java:50)
	at org.junit.runners.ParentRunner$2.evaluate(ParentRunner.java:222)
	at org.junit.runners.ParentRunner.run(ParentRunner.java:300)
	at org.junit.runners.Suite.runChild(Suite.java:128)
	at org.junit.runners.Suite.runChild(Suite.java:24)
	at org.junit.runners.ParentRunner$3.run(ParentRunner.java:231)
	at org.junit.runners.ParentRunner$1.schedule(ParentRunner.java:60)
	at org.junit.runners.ParentRunner.runChildren(ParentRunner.java:229)
	at org.junit.runners.ParentRunner.access$000(ParentRunner.java:50)
	at org.junit.runners.ParentRunner$2.evaluate(ParentRunner.java:222)
	at org.junit.runners.ParentRunner.run(ParentRunner.java:300)
	at org.junit.runner.JUnitCore.run(JUnitCore.java:157)
	at org.junit.runner.JUnitCore.run(JUnitCore.java:136)
	at com.novocode.junit.JUnitRunner.run(JUnitRunner.java:87)
	at sbt.RunnerWrapper$1.runRunner2(FrameworkWrapper.java:223)
	at sbt.RunnerWrapper$1.execute(FrameworkWrapper.java:236)
	at sbt.ForkMain$Run$2.call(ForkMain.java:296)
	at sbt.ForkMain$Run$2.call(ForkMain.java:286)
	at java.util.concurrent.FutureTask.run(FutureTask.java:266)
	at java.util.concurrent.ThreadPoolExecutor.runWorker(ThreadPoolExecutor.java:1142)
	at java.util.concurrent.ThreadPoolExecutor$Worker.run(ThreadPoolExecutor.java:617)
	at java.lang.Thread.run(Thread.java:745)
</failure>
                                               </testcase><testcase classname="l3.test.CPSOptimizer_Greybox" name="testDCEFunsRecursive3WithEtaReduction" time="-0.001">
                                                 <failure message="scala.MatchError: LetF(ArrayBuffer(FunDef(f_3,rc_25,ArrayBuffer(x),LetC(List(CntDef(tc_2,List(),LetL(i_20,1,AppC(rc_25,List(i_20))))),LetC(List(CntDef(fc_2,List(),LetL(i_21,3,LetP(t_14,@-,List(x, i_21),LetL(t_15,1,LetP(v_15,@+,List(t_14, t_15),AppF(g_3,rc_25,ArrayBuffer(v_15)))))))),LetL(i_22,1,If(=,List(x, i_22),tc_2,fc_2))))), FunDef(g_3,rc_26,ArrayBuffer(y),AppF(f_3,rc_26,ArrayBuffer(y)))),LetL(i_23,1,LetC(List(CntDef(rc_30,List(r_14),LetL(i_24,1,LetC(List(CntDef(rc_29,List(r_15),LetL(i_25,1,LetC(List(CntDef(rc_28,List(r_16),LetL(c0_6,1,LetL(t_16,1,LetP(t_17,@&gt;&gt;,List(c0_6, t_16),Halt(t_17)))))),AppF(f_3,rc_28,ArrayBuffer(i_25)))))),AppF(f_3,rc_29,ArrayBuffer(i_24)))))),AppF(f_3,rc_30,ArrayBuffer(i_23))))) (of class l3.CPSTreeModule$LetF)" type="sbt.ForkMain$ForkError">sbt.ForkMain$ForkError: scala.MatchError: LetF(ArrayBuffer(FunDef(f_3,rc_25,ArrayBuffer(x),LetC(List(CntDef(tc_2,List(),LetL(i_20,1,AppC(rc_25,List(i_20))))),LetC(List(CntDef(fc_2,List(),LetL(i_21,3,LetP(t_14,@-,List(x, i_21),LetL(t_15,1,LetP(v_15,@+,List(t_14, t_15),AppF(g_3,rc_25,ArrayBuffer(v_15)))))))),LetL(i_22,1,If(=,List(x, i_22),tc_2,fc_2))))), FunDef(g_3,rc_26,ArrayBuffer(y),AppF(f_3,rc_26,ArrayBuffer(y)))),LetL(i_23,1,LetC(List(CntDef(rc_30,List(r_14),LetL(i_24,1,LetC(List(CntDef(rc_29,List(r_15),LetL(i_25,1,LetC(List(CntDef(rc_28,List(r_16),LetL(c0_6,1,LetL(t_16,1,LetP(t_17,@&gt;&gt;,List(c0_6, t_16),Halt(t_17)))))),AppF(f_3,rc_28,ArrayBuffer(i_25)))))),AppF(f_3,rc_29,ArrayBuffer(i_24)))))),AppF(f_3,rc_30,ArrayBuffer(i_23))))) (of class l3.CPSTreeModule$LetF)
	at l3.CPSHoister$.hoist(CPSHoister.scala:9)
	at l3.CPSHoister$.apply(CPSHoister.scala:7)
	at l3.CPSHoister$.apply(CPSHoister.scala:5)
	at scala.Function1$$anonfun$andThen$1.apply(Function1.scala:52)
	at scala.Function1$$anonfun$andThen$1.apply(Function1.scala:52)
	at scala.Function1$$anonfun$andThen$1.apply(Function1.scala:52)
	at scala.Function1$$anonfun$andThen$1.apply(Function1.scala:52)
	at l3.test.infrastructure.CompilerTest$class.l3$test$infrastructure$CompilerTest$$compileInner(CompilerTest.scala:20)
	at l3.test.infrastructure.CompilerTest$$anonfun$compileUsingPipelineAndRedirect$1.apply(CompilerTest.scala:31)
	at l3.test.infrastructure.SandboxedTest$$anon$1.run(SandboxedTest.scala:24)
	at java.security.AccessController.doPrivileged(Native Method)
	at l3.test.infrastructure.SandboxedTest.sandboxedTest(SandboxedTest.scala:34)
	at l3.test.infrastructure.SandboxedTest.sandboxedTestWithRedirectedIO(SandboxedTest.scala:45)
	at l3.test.infrastructure.CompilerTest$class.compileUsingPipelineAndRedirect(CompilerTest.scala:31)
	at l3.test.infrastructure.CPSTest.compileUsingPipelineAndRedirect(CPSTest.scala:11)
	at l3.test.infrastructure.CPSOptTest.testCPSOptStats(CPSOptTest.scala:62)
	at l3.test.infrastructure.CPSOptTest.testCPSOptEarly(CPSOptTest.scala:69)
	at l3.test.CPSOptimizer_Greybox.testDCEFunsRecursive3WithEtaReduction(CPSOptimizer_Greybox.scala:34)
	at sun.reflect.NativeMethodAccessorImpl.invoke0(Native Method)
	at sun.reflect.NativeMethodAccessorImpl.invoke(NativeMethodAccessorImpl.java:62)
	at sun.reflect.DelegatingMethodAccessorImpl.invoke(DelegatingMethodAccessorImpl.java:43)
	at java.lang.reflect.Method.invoke(Method.java:497)
	at org.junit.runners.model.FrameworkMethod$1.runReflectiveCall(FrameworkMethod.java:45)
	at org.junit.internal.runners.model.ReflectiveCallable.run(ReflectiveCallable.java:15)
	at org.junit.runners.model.FrameworkMethod.invokeExplosively(FrameworkMethod.java:42)
	at org.junit.internal.runners.statements.InvokeMethod.evaluate(InvokeMethod.java:20)
	at org.junit.runners.ParentRunner.runLeaf(ParentRunner.java:263)
	at org.junit.runners.BlockJUnit4ClassRunner.runChild(BlockJUnit4ClassRunner.java:68)
	at org.junit.runners.BlockJUnit4ClassRunner.runChild(BlockJUnit4ClassRunner.java:47)
	at org.junit.runners.ParentRunner$3.run(ParentRunner.java:231)
	at org.junit.runners.ParentRunner$1.schedule(ParentRunner.java:60)
	at org.junit.runners.ParentRunner.runChildren(ParentRunner.java:229)
	at org.junit.runners.ParentRunner.access$000(ParentRunner.java:50)
	at org.junit.runners.ParentRunner$2.evaluate(ParentRunner.java:222)
	at org.junit.runners.ParentRunner.run(ParentRunner.java:300)
	at org.junit.runners.Suite.runChild(Suite.java:128)
	at org.junit.runners.Suite.runChild(Suite.java:24)
	at org.junit.runners.ParentRunner$3.run(ParentRunner.java:231)
	at org.junit.runners.ParentRunner$1.schedule(ParentRunner.java:60)
	at org.junit.runners.ParentRunner.runChildren(ParentRunner.java:229)
	at org.junit.runners.ParentRunner.access$000(ParentRunner.java:50)
	at org.junit.runners.ParentRunner$2.evaluate(ParentRunner.java:222)
	at org.junit.runners.ParentRunner.run(ParentRunner.java:300)
	at org.junit.runner.JUnitCore.run(JUnitCore.java:157)
	at org.junit.runner.JUnitCore.run(JUnitCore.java:136)
	at com.novocode.junit.JUnitRunner.run(JUnitRunner.java:87)
	at sbt.RunnerWrapper$1.runRunner2(FrameworkWrapper.java:223)
	at sbt.RunnerWrapper$1.execute(FrameworkWrapper.java:236)
	at sbt.ForkMain$Run$2.call(ForkMain.java:296)
	at sbt.ForkMain$Run$2.call(ForkMain.java:286)
	at java.util.concurrent.FutureTask.run(FutureTask.java:266)
	at java.util.concurrent.ThreadPoolExecutor.runWorker(ThreadPoolExecutor.java:1142)
	at java.util.concurrent.ThreadPoolExecutor$Worker.run(ThreadPoolExecutor.java:617)
	at java.lang.Thread.run(Thread.java:745)
</failure>
                                               </testcase><testcase classname="l3.test.CPSOptimizer_Greybox" name="testDCELetLiteral" time="-0.001">
                                                 <failure message="scala.MatchError: LetP(t_19,@&gt;&gt;,List(c0_7, t_18),Halt(t_19)) (of class l3.CPSTreeModule$LetP)" type="sbt.ForkMain$ForkError">sbt.ForkMain$ForkError: scala.MatchError: LetP(t_19,@&gt;&gt;,List(c0_7, t_18),Halt(t_19)) (of class l3.CPSTreeModule$LetP)
	at l3.CPSHoister$.hoist(CPSHoister.scala:9)
	at l3.CPSHoister$.hoist(CPSHoister.scala:11)
	at l3.CPSHoister$.hoist(CPSHoister.scala:11)
	at l3.CPSHoister$.apply(CPSHoister.scala:7)
	at l3.CPSHoister$.apply(CPSHoister.scala:5)
	at scala.Function1$$anonfun$andThen$1.apply(Function1.scala:52)
	at scala.Function1$$anonfun$andThen$1.apply(Function1.scala:52)
	at scala.Function1$$anonfun$andThen$1.apply(Function1.scala:52)
	at scala.Function1$$anonfun$andThen$1.apply(Function1.scala:52)
	at l3.test.infrastructure.CompilerTest$class.l3$test$infrastructure$CompilerTest$$compileInner(CompilerTest.scala:20)
	at l3.test.infrastructure.CompilerTest$$anonfun$compileUsingPipelineAndRedirect$1.apply(CompilerTest.scala:31)
	at l3.test.infrastructure.SandboxedTest$$anon$1.run(SandboxedTest.scala:24)
	at java.security.AccessController.doPrivileged(Native Method)
	at l3.test.infrastructure.SandboxedTest.sandboxedTest(SandboxedTest.scala:34)
	at l3.test.infrastructure.SandboxedTest.sandboxedTestWithRedirectedIO(SandboxedTest.scala:45)
	at l3.test.infrastructure.CompilerTest$class.compileUsingPipelineAndRedirect(CompilerTest.scala:31)
	at l3.test.infrastructure.CPSTest.compileUsingPipelineAndRedirect(CPSTest.scala:11)
	at l3.test.infrastructure.CPSOptTest.testCPSOptStats(CPSOptTest.scala:62)
	at l3.test.infrastructure.CPSOptTest.testCPSBothSeq(CPSOptTest.scala:75)
	at l3.test.CPSOptimizer_Greybox.testDCELetLiteral(CPSOptimizer_Greybox.scala:37)
	at sun.reflect.NativeMethodAccessorImpl.invoke0(Native Method)
	at sun.reflect.NativeMethodAccessorImpl.invoke(NativeMethodAccessorImpl.java:62)
	at sun.reflect.DelegatingMethodAccessorImpl.invoke(DelegatingMethodAccessorImpl.java:43)
	at java.lang.reflect.Method.invoke(Method.java:497)
	at org.junit.runners.model.FrameworkMethod$1.runReflectiveCall(FrameworkMethod.java:45)
	at org.junit.internal.runners.model.ReflectiveCallable.run(ReflectiveCallable.java:15)
	at org.junit.runners.model.FrameworkMethod.invokeExplosively(FrameworkMethod.java:42)
	at org.junit.internal.runners.statements.InvokeMethod.evaluate(InvokeMethod.java:20)
	at org.junit.runners.ParentRunner.runLeaf(ParentRunner.java:263)
	at org.junit.runners.BlockJUnit4ClassRunner.runChild(BlockJUnit4ClassRunner.java:68)
	at org.junit.runners.BlockJUnit4ClassRunner.runChild(BlockJUnit4ClassRunner.java:47)
	at org.junit.runners.ParentRunner$3.run(ParentRunner.java:231)
	at org.junit.runners.ParentRunner$1.schedule(ParentRunner.java:60)
	at org.junit.runners.ParentRunner.runChildren(ParentRunner.java:229)
	at org.junit.runners.ParentRunner.access$000(ParentRunner.java:50)
	at org.junit.runners.ParentRunner$2.evaluate(ParentRunner.java:222)
	at org.junit.runners.ParentRunner.run(ParentRunner.java:300)
	at org.junit.runners.Suite.runChild(Suite.java:128)
	at org.junit.runners.Suite.runChild(Suite.java:24)
	at org.junit.runners.ParentRunner$3.run(ParentRunner.java:231)
	at org.junit.runners.ParentRunner$1.schedule(ParentRunner.java:60)
	at org.junit.runners.ParentRunner.runChildren(ParentRunner.java:229)
	at org.junit.runners.ParentRunner.access$000(ParentRunner.java:50)
	at org.junit.runners.ParentRunner$2.evaluate(ParentRunner.java:222)
	at org.junit.runners.ParentRunner.run(ParentRunner.java:300)
	at org.junit.runner.JUnitCore.run(JUnitCore.java:157)
	at org.junit.runner.JUnitCore.run(JUnitCore.java:136)
	at com.novocode.junit.JUnitRunner.run(JUnitRunner.java:87)
	at sbt.RunnerWrapper$1.runRunner2(FrameworkWrapper.java:223)
	at sbt.RunnerWrapper$1.execute(FrameworkWrapper.java:236)
	at sbt.ForkMain$Run$2.call(ForkMain.java:296)
	at sbt.ForkMain$Run$2.call(ForkMain.java:286)
	at java.util.concurrent.FutureTask.run(FutureTask.java:266)
	at java.util.concurrent.ThreadPoolExecutor.runWorker(ThreadPoolExecutor.java:1142)
	at java.util.concurrent.ThreadPoolExecutor$Worker.run(ThreadPoolExecutor.java:617)
	at java.lang.Thread.run(Thread.java:745)
</failure>
                                               </testcase><testcase classname="l3.test.CPSOptimizer_Greybox" name="testDCELetPrimitive" time="-0.001">
                                                 <failure message="scala.MatchError: LetP(t_21,@&gt;&gt;,List(c0_8, t_20),Halt(t_21)) (of class l3.CPSTreeModule$LetP)" type="sbt.ForkMain$ForkError">sbt.ForkMain$ForkError: scala.MatchError: LetP(t_21,@&gt;&gt;,List(c0_8, t_20),Halt(t_21)) (of class l3.CPSTreeModule$LetP)
	at l3.CPSHoister$.hoist(CPSHoister.scala:9)
	at l3.CPSHoister$.hoist(CPSHoister.scala:11)
	at l3.CPSHoister$.hoist(CPSHoister.scala:11)
	at l3.CPSHoister$.apply(CPSHoister.scala:7)
	at l3.CPSHoister$.apply(CPSHoister.scala:5)
	at scala.Function1$$anonfun$andThen$1.apply(Function1.scala:52)
	at scala.Function1$$anonfun$andThen$1.apply(Function1.scala:52)
	at scala.Function1$$anonfun$andThen$1.apply(Function1.scala:52)
	at scala.Function1$$anonfun$andThen$1.apply(Function1.scala:52)
	at l3.test.infrastructure.CompilerTest$class.l3$test$infrastructure$CompilerTest$$compileInner(CompilerTest.scala:20)
	at l3.test.infrastructure.CompilerTest$$anonfun$compileUsingPipelineAndRedirect$1.apply(CompilerTest.scala:31)
	at l3.test.infrastructure.SandboxedTest$$anon$1.run(SandboxedTest.scala:24)
	at java.security.AccessController.doPrivileged(Native Method)
	at l3.test.infrastructure.SandboxedTest.sandboxedTest(SandboxedTest.scala:34)
	at l3.test.infrastructure.SandboxedTest.sandboxedTestWithRedirectedIO(SandboxedTest.scala:45)
	at l3.test.infrastructure.CompilerTest$class.compileUsingPipelineAndRedirect(CompilerTest.scala:31)
	at l3.test.infrastructure.CPSTest.compileUsingPipelineAndRedirect(CPSTest.scala:11)
	at l3.test.infrastructure.CPSOptTest.testCPSOptStats(CPSOptTest.scala:62)
	at l3.test.infrastructure.CPSOptTest.testCPSOptEarly(CPSOptTest.scala:69)
	at l3.test.CPSOptimizer_Greybox.testDCELetPrimitive(CPSOptimizer_Greybox.scala:40)
	at sun.reflect.NativeMethodAccessorImpl.invoke0(Native Method)
	at sun.reflect.NativeMethodAccessorImpl.invoke(NativeMethodAccessorImpl.java:62)
	at sun.reflect.DelegatingMethodAccessorImpl.invoke(DelegatingMethodAccessorImpl.java:43)
	at java.lang.reflect.Method.invoke(Method.java:497)
	at org.junit.runners.model.FrameworkMethod$1.runReflectiveCall(FrameworkMethod.java:45)
	at org.junit.internal.runners.model.ReflectiveCallable.run(ReflectiveCallable.java:15)
	at org.junit.runners.model.FrameworkMethod.invokeExplosively(FrameworkMethod.java:42)
	at org.junit.internal.runners.statements.InvokeMethod.evaluate(InvokeMethod.java:20)
	at org.junit.runners.ParentRunner.runLeaf(ParentRunner.java:263)
	at org.junit.runners.BlockJUnit4ClassRunner.runChild(BlockJUnit4ClassRunner.java:68)
	at org.junit.runners.BlockJUnit4ClassRunner.runChild(BlockJUnit4ClassRunner.java:47)
	at org.junit.runners.ParentRunner$3.run(ParentRunner.java:231)
	at org.junit.runners.ParentRunner$1.schedule(ParentRunner.java:60)
	at org.junit.runners.ParentRunner.runChildren(ParentRunner.java:229)
	at org.junit.runners.ParentRunner.access$000(ParentRunner.java:50)
	at org.junit.runners.ParentRunner$2.evaluate(ParentRunner.java:222)
	at org.junit.runners.ParentRunner.run(ParentRunner.java:300)
	at org.junit.runners.Suite.runChild(Suite.java:128)
	at org.junit.runners.Suite.runChild(Suite.java:24)
	at org.junit.runners.ParentRunner$3.run(ParentRunner.java:231)
	at org.junit.runners.ParentRunner$1.schedule(ParentRunner.java:60)
	at org.junit.runners.ParentRunner.runChildren(ParentRunner.java:229)
	at org.junit.runners.ParentRunner.access$000(ParentRunner.java:50)
	at org.junit.runners.ParentRunner$2.evaluate(ParentRunner.java:222)
	at org.junit.runners.ParentRunner.run(ParentRunner.java:300)
	at org.junit.runner.JUnitCore.run(JUnitCore.java:157)
	at org.junit.runner.JUnitCore.run(JUnitCore.java:136)
	at com.novocode.junit.JUnitRunner.run(JUnitRunner.java:87)
	at sbt.RunnerWrapper$1.runRunner2(FrameworkWrapper.java:223)
	at sbt.RunnerWrapper$1.execute(FrameworkWrapper.java:236)
	at sbt.ForkMain$Run$2.call(ForkMain.java:296)
	at sbt.ForkMain$Run$2.call(ForkMain.java:286)
	at java.util.concurrent.FutureTask.run(FutureTask.java:266)
	at java.util.concurrent.ThreadPoolExecutor.runWorker(ThreadPoolExecutor.java:1142)
	at java.util.concurrent.ThreadPoolExecutor$Worker.run(ThreadPoolExecutor.java:617)
	at java.lang.Thread.run(Thread.java:745)
</failure>
                                               </testcase><testcase classname="l3.test.CPSOptimizer_Greybox" name="testFunInlining" time="-0.001">
                                                 <failure message="scala.MatchError: LetF(ArrayBuffer(FunDef(f_4,rc_31,ArrayBuffer(x),AppC(rc_31,List(x)))),LetL(i_30,3,LetC(List(CntDef(rc_32,List(r_17),LetL(c0_9,1,LetL(t_22,1,LetP(t_23,@&gt;&gt;,List(c0_9, t_22),Halt(t_23)))))),AppF(f_4,rc_32,ArrayBuffer(i_30))))) (of class l3.CPSTreeModule$LetF)" type="sbt.ForkMain$ForkError">sbt.ForkMain$ForkError: scala.MatchError: LetF(ArrayBuffer(FunDef(f_4,rc_31,ArrayBuffer(x),AppC(rc_31,List(x)))),LetL(i_30,3,LetC(List(CntDef(rc_32,List(r_17),LetL(c0_9,1,LetL(t_22,1,LetP(t_23,@&gt;&gt;,List(c0_9, t_22),Halt(t_23)))))),AppF(f_4,rc_32,ArrayBuffer(i_30))))) (of class l3.CPSTreeModule$LetF)
	at l3.CPSHoister$.hoist(CPSHoister.scala:9)
	at l3.CPSHoister$.apply(CPSHoister.scala:7)
	at l3.CPSHoister$.apply(CPSHoister.scala:5)
	at scala.Function1$$anonfun$andThen$1.apply(Function1.scala:52)
	at scala.Function1$$anonfun$andThen$1.apply(Function1.scala:52)
	at scala.Function1$$anonfun$andThen$1.apply(Function1.scala:52)
	at scala.Function1$$anonfun$andThen$1.apply(Function1.scala:52)
	at l3.test.infrastructure.CompilerTest$class.l3$test$infrastructure$CompilerTest$$compileInner(CompilerTest.scala:20)
	at l3.test.infrastructure.CompilerTest$$anonfun$compileUsingPipelineAndRedirect$1.apply(CompilerTest.scala:31)
	at l3.test.infrastructure.SandboxedTest$$anon$1.run(SandboxedTest.scala:24)
	at java.security.AccessController.doPrivileged(Native Method)
	at l3.test.infrastructure.SandboxedTest.sandboxedTest(SandboxedTest.scala:34)
	at l3.test.infrastructure.SandboxedTest.sandboxedTestWithRedirectedIO(SandboxedTest.scala:45)
	at l3.test.infrastructure.CompilerTest$class.compileUsingPipelineAndRedirect(CompilerTest.scala:31)
	at l3.test.infrastructure.CPSTest.compileUsingPipelineAndRedirect(CPSTest.scala:11)
	at l3.test.infrastructure.CPSOptTest.testCPSOptStats(CPSOptTest.scala:62)
	at l3.test.infrastructure.CPSOptTest.testCPSOptEarly(CPSOptTest.scala:69)
	at l3.test.CPSOptimizer_Greybox.testFunInlining(CPSOptimizer_Greybox.scala:45)
	at sun.reflect.NativeMethodAccessorImpl.invoke0(Native Method)
	at sun.reflect.NativeMethodAccessorImpl.invoke(NativeMethodAccessorImpl.java:62)
	at sun.reflect.DelegatingMethodAccessorImpl.invoke(DelegatingMethodAccessorImpl.java:43)
	at java.lang.reflect.Method.invoke(Method.java:497)
	at org.junit.runners.model.FrameworkMethod$1.runReflectiveCall(FrameworkMethod.java:45)
	at org.junit.internal.runners.model.ReflectiveCallable.run(ReflectiveCallable.java:15)
	at org.junit.runners.model.FrameworkMethod.invokeExplosively(FrameworkMethod.java:42)
	at org.junit.internal.runners.statements.InvokeMethod.evaluate(InvokeMethod.java:20)
	at org.junit.runners.ParentRunner.runLeaf(ParentRunner.java:263)
	at org.junit.runners.BlockJUnit4ClassRunner.runChild(BlockJUnit4ClassRunner.java:68)
	at org.junit.runners.BlockJUnit4ClassRunner.runChild(BlockJUnit4ClassRunner.java:47)
	at org.junit.runners.ParentRunner$3.run(ParentRunner.java:231)
	at org.junit.runners.ParentRunner$1.schedule(ParentRunner.java:60)
	at org.junit.runners.ParentRunner.runChildren(ParentRunner.java:229)
	at org.junit.runners.ParentRunner.access$000(ParentRunner.java:50)
	at org.junit.runners.ParentRunner$2.evaluate(ParentRunner.java:222)
	at org.junit.runners.ParentRunner.run(ParentRunner.java:300)
	at org.junit.runners.Suite.runChild(Suite.java:128)
	at org.junit.runners.Suite.runChild(Suite.java:24)
	at org.junit.runners.ParentRunner$3.run(ParentRunner.java:231)
	at org.junit.runners.ParentRunner$1.schedule(ParentRunner.java:60)
	at org.junit.runners.ParentRunner.runChildren(ParentRunner.java:229)
	at org.junit.runners.ParentRunner.access$000(ParentRunner.java:50)
	at org.junit.runners.ParentRunner$2.evaluate(ParentRunner.java:222)
	at org.junit.runners.ParentRunner.run(ParentRunner.java:300)
	at org.junit.runner.JUnitCore.run(JUnitCore.java:157)
	at org.junit.runner.JUnitCore.run(JUnitCore.java:136)
	at com.novocode.junit.JUnitRunner.run(JUnitRunner.java:87)
	at sbt.RunnerWrapper$1.runRunner2(FrameworkWrapper.java:223)
	at sbt.RunnerWrapper$1.execute(FrameworkWrapper.java:236)
	at sbt.ForkMain$Run$2.call(ForkMain.java:296)
	at sbt.ForkMain$Run$2.call(ForkMain.java:286)
	at java.util.concurrent.FutureTask.run(FutureTask.java:266)
	at java.util.concurrent.ThreadPoolExecutor.runWorker(ThreadPoolExecutor.java:1142)
	at java.util.concurrent.ThreadPoolExecutor$Worker.run(ThreadPoolExecutor.java:617)
	at java.lang.Thread.run(Thread.java:745)
</failure>
                                               </testcase><testcase classname="l3.test.CPSOptimizer_Greybox" name="testFunInliningInsideFunctionBodySameLetRec" time="-0.001">
                                                 <failure message="scala.MatchError: LetF(ArrayBuffer(FunDef(f_5,rc_33,ArrayBuffer(x),AppC(rc_33,List(x))), FunDef(g_4,rc_34,ArrayBuffer(x),AppF(f_5,rc_34,ArrayBuffer(x)))),LetL(i_31,3,LetC(List(CntDef(rc_35,List(r_18),LetL(c0_10,1,LetL(t_24,1,LetP(t_25,@&gt;&gt;,List(c0_10, t_24),Halt(t_25)))))),AppF(g_4,rc_35,ArrayBuffer(i_31))))) (of class l3.CPSTreeModule$LetF)" type="sbt.ForkMain$ForkError">sbt.ForkMain$ForkError: scala.MatchError: LetF(ArrayBuffer(FunDef(f_5,rc_33,ArrayBuffer(x),AppC(rc_33,List(x))), FunDef(g_4,rc_34,ArrayBuffer(x),AppF(f_5,rc_34,ArrayBuffer(x)))),LetL(i_31,3,LetC(List(CntDef(rc_35,List(r_18),LetL(c0_10,1,LetL(t_24,1,LetP(t_25,@&gt;&gt;,List(c0_10, t_24),Halt(t_25)))))),AppF(g_4,rc_35,ArrayBuffer(i_31))))) (of class l3.CPSTreeModule$LetF)
	at l3.CPSHoister$.hoist(CPSHoister.scala:9)
	at l3.CPSHoister$.apply(CPSHoister.scala:7)
	at l3.CPSHoister$.apply(CPSHoister.scala:5)
	at scala.Function1$$anonfun$andThen$1.apply(Function1.scala:52)
	at scala.Function1$$anonfun$andThen$1.apply(Function1.scala:52)
	at scala.Function1$$anonfun$andThen$1.apply(Function1.scala:52)
	at scala.Function1$$anonfun$andThen$1.apply(Function1.scala:52)
	at l3.test.infrastructure.CompilerTest$class.l3$test$infrastructure$CompilerTest$$compileInner(CompilerTest.scala:20)
	at l3.test.infrastructure.CompilerTest$$anonfun$compileUsingPipelineAndRedirect$1.apply(CompilerTest.scala:31)
	at l3.test.infrastructure.SandboxedTest$$anon$1.run(SandboxedTest.scala:24)
	at java.security.AccessController.doPrivileged(Native Method)
	at l3.test.infrastructure.SandboxedTest.sandboxedTest(SandboxedTest.scala:34)
	at l3.test.infrastructure.SandboxedTest.sandboxedTestWithRedirectedIO(SandboxedTest.scala:45)
	at l3.test.infrastructure.CompilerTest$class.compileUsingPipelineAndRedirect(CompilerTest.scala:31)
	at l3.test.infrastructure.CPSTest.compileUsingPipelineAndRedirect(CPSTest.scala:11)
	at l3.test.infrastructure.CPSOptTest.testCPSOptStats(CPSOptTest.scala:62)
	at l3.test.infrastructure.CPSOptTest.testCPSOptEarly(CPSOptTest.scala:69)
	at l3.test.CPSOptimizer_Greybox.testFunInliningInsideFunctionBodySameLetRec(CPSOptimizer_Greybox.scala:48)
	at sun.reflect.NativeMethodAccessorImpl.invoke0(Native Method)
	at sun.reflect.NativeMethodAccessorImpl.invoke(NativeMethodAccessorImpl.java:62)
	at sun.reflect.DelegatingMethodAccessorImpl.invoke(DelegatingMethodAccessorImpl.java:43)
	at java.lang.reflect.Method.invoke(Method.java:497)
	at org.junit.runners.model.FrameworkMethod$1.runReflectiveCall(FrameworkMethod.java:45)
	at org.junit.internal.runners.model.ReflectiveCallable.run(ReflectiveCallable.java:15)
	at org.junit.runners.model.FrameworkMethod.invokeExplosively(FrameworkMethod.java:42)
	at org.junit.internal.runners.statements.InvokeMethod.evaluate(InvokeMethod.java:20)
	at org.junit.runners.ParentRunner.runLeaf(ParentRunner.java:263)
	at org.junit.runners.BlockJUnit4ClassRunner.runChild(BlockJUnit4ClassRunner.java:68)
	at org.junit.runners.BlockJUnit4ClassRunner.runChild(BlockJUnit4ClassRunner.java:47)
	at org.junit.runners.ParentRunner$3.run(ParentRunner.java:231)
	at org.junit.runners.ParentRunner$1.schedule(ParentRunner.java:60)
	at org.junit.runners.ParentRunner.runChildren(ParentRunner.java:229)
	at org.junit.runners.ParentRunner.access$000(ParentRunner.java:50)
	at org.junit.runners.ParentRunner$2.evaluate(ParentRunner.java:222)
	at org.junit.runners.ParentRunner.run(ParentRunner.java:300)
	at org.junit.runners.Suite.runChild(Suite.java:128)
	at org.junit.runners.Suite.runChild(Suite.java:24)
	at org.junit.runners.ParentRunner$3.run(ParentRunner.java:231)
	at org.junit.runners.ParentRunner$1.schedule(ParentRunner.java:60)
	at org.junit.runners.ParentRunner.runChildren(ParentRunner.java:229)
	at org.junit.runners.ParentRunner.access$000(ParentRunner.java:50)
	at org.junit.runners.ParentRunner$2.evaluate(ParentRunner.java:222)
	at org.junit.runners.ParentRunner.run(ParentRunner.java:300)
	at org.junit.runner.JUnitCore.run(JUnitCore.java:157)
	at org.junit.runner.JUnitCore.run(JUnitCore.java:136)
	at com.novocode.junit.JUnitRunner.run(JUnitRunner.java:87)
	at sbt.RunnerWrapper$1.runRunner2(FrameworkWrapper.java:223)
	at sbt.RunnerWrapper$1.execute(FrameworkWrapper.java:236)
	at sbt.ForkMain$Run$2.call(ForkMain.java:296)
	at sbt.ForkMain$Run$2.call(ForkMain.java:286)
	at java.util.concurrent.FutureTask.run(FutureTask.java:266)
	at java.util.concurrent.ThreadPoolExecutor.runWorker(ThreadPoolExecutor.java:1142)
	at java.util.concurrent.ThreadPoolExecutor$Worker.run(ThreadPoolExecutor.java:617)
	at java.lang.Thread.run(Thread.java:745)
</failure>
                                               </testcase><testcase classname="l3.test.CPSOptimizer_Greybox" name="testFunInliningInsideFunctionBodyDifferentLetRecs" time="-0.001">
                                                 <failure message="scala.MatchError: LetF(ArrayBuffer(FunDef(f_6,rc_36,ArrayBuffer(x),AppC(rc_36,List(x)))),LetF(ArrayBuffer(FunDef(g_5,rc_37,ArrayBuffer(x),AppF(f_6,rc_37,ArrayBuffer(x)))),LetL(i_32,3,LetC(List(CntDef(rc_38,List(r_19),LetL(c0_11,1,LetL(t_26,1,LetP(t_27,@&gt;&gt;,List(c0_11, t_26),Halt(t_27)))))),AppF(g_5,rc_38,ArrayBuffer(i_32)))))) (of class l3.CPSTreeModule$LetF)" type="sbt.ForkMain$ForkError">sbt.ForkMain$ForkError: scala.MatchError: LetF(ArrayBuffer(FunDef(f_6,rc_36,ArrayBuffer(x),AppC(rc_36,List(x)))),LetF(ArrayBuffer(FunDef(g_5,rc_37,ArrayBuffer(x),AppF(f_6,rc_37,ArrayBuffer(x)))),LetL(i_32,3,LetC(List(CntDef(rc_38,List(r_19),LetL(c0_11,1,LetL(t_26,1,LetP(t_27,@&gt;&gt;,List(c0_11, t_26),Halt(t_27)))))),AppF(g_5,rc_38,ArrayBuffer(i_32)))))) (of class l3.CPSTreeModule$LetF)
	at l3.CPSHoister$.hoist(CPSHoister.scala:9)
	at l3.CPSHoister$.apply(CPSHoister.scala:7)
	at l3.CPSHoister$.apply(CPSHoister.scala:5)
	at scala.Function1$$anonfun$andThen$1.apply(Function1.scala:52)
	at scala.Function1$$anonfun$andThen$1.apply(Function1.scala:52)
	at scala.Function1$$anonfun$andThen$1.apply(Function1.scala:52)
	at scala.Function1$$anonfun$andThen$1.apply(Function1.scala:52)
	at l3.test.infrastructure.CompilerTest$class.l3$test$infrastructure$CompilerTest$$compileInner(CompilerTest.scala:20)
	at l3.test.infrastructure.CompilerTest$$anonfun$compileUsingPipelineAndRedirect$1.apply(CompilerTest.scala:31)
	at l3.test.infrastructure.SandboxedTest$$anon$1.run(SandboxedTest.scala:24)
	at java.security.AccessController.doPrivileged(Native Method)
	at l3.test.infrastructure.SandboxedTest.sandboxedTest(SandboxedTest.scala:34)
	at l3.test.infrastructure.SandboxedTest.sandboxedTestWithRedirectedIO(SandboxedTest.scala:45)
	at l3.test.infrastructure.CompilerTest$class.compileUsingPipelineAndRedirect(CompilerTest.scala:31)
	at l3.test.infrastructure.CPSTest.compileUsingPipelineAndRedirect(CPSTest.scala:11)
	at l3.test.infrastructure.CPSOptTest.testCPSOptStats(CPSOptTest.scala:62)
	at l3.test.infrastructure.CPSOptTest.testCPSOptEarly(CPSOptTest.scala:69)
	at l3.test.CPSOptimizer_Greybox.testFunInliningInsideFunctionBodyDifferentLetRecs(CPSOptimizer_Greybox.scala:51)
	at sun.reflect.NativeMethodAccessorImpl.invoke0(Native Method)
	at sun.reflect.NativeMethodAccessorImpl.invoke(NativeMethodAccessorImpl.java:62)
	at sun.reflect.DelegatingMethodAccessorImpl.invoke(DelegatingMethodAccessorImpl.java:43)
	at java.lang.reflect.Method.invoke(Method.java:497)
	at org.junit.runners.model.FrameworkMethod$1.runReflectiveCall(FrameworkMethod.java:45)
	at org.junit.internal.runners.model.ReflectiveCallable.run(ReflectiveCallable.java:15)
	at org.junit.runners.model.FrameworkMethod.invokeExplosively(FrameworkMethod.java:42)
	at org.junit.internal.runners.statements.InvokeMethod.evaluate(InvokeMethod.java:20)
	at org.junit.runners.ParentRunner.runLeaf(ParentRunner.java:263)
	at org.junit.runners.BlockJUnit4ClassRunner.runChild(BlockJUnit4ClassRunner.java:68)
	at org.junit.runners.BlockJUnit4ClassRunner.runChild(BlockJUnit4ClassRunner.java:47)
	at org.junit.runners.ParentRunner$3.run(ParentRunner.java:231)
	at org.junit.runners.ParentRunner$1.schedule(ParentRunner.java:60)
	at org.junit.runners.ParentRunner.runChildren(ParentRunner.java:229)
	at org.junit.runners.ParentRunner.access$000(ParentRunner.java:50)
	at org.junit.runners.ParentRunner$2.evaluate(ParentRunner.java:222)
	at org.junit.runners.ParentRunner.run(ParentRunner.java:300)
	at org.junit.runners.Suite.runChild(Suite.java:128)
	at org.junit.runners.Suite.runChild(Suite.java:24)
	at org.junit.runners.ParentRunner$3.run(ParentRunner.java:231)
	at org.junit.runners.ParentRunner$1.schedule(ParentRunner.java:60)
	at org.junit.runners.ParentRunner.runChildren(ParentRunner.java:229)
	at org.junit.runners.ParentRunner.access$000(ParentRunner.java:50)
	at org.junit.runners.ParentRunner$2.evaluate(ParentRunner.java:222)
	at org.junit.runners.ParentRunner.run(ParentRunner.java:300)
	at org.junit.runner.JUnitCore.run(JUnitCore.java:157)
	at org.junit.runner.JUnitCore.run(JUnitCore.java:136)
	at com.novocode.junit.JUnitRunner.run(JUnitRunner.java:87)
	at sbt.RunnerWrapper$1.runRunner2(FrameworkWrapper.java:223)
	at sbt.RunnerWrapper$1.execute(FrameworkWrapper.java:236)
	at sbt.ForkMain$Run$2.call(ForkMain.java:296)
	at sbt.ForkMain$Run$2.call(ForkMain.java:286)
	at java.util.concurrent.FutureTask.run(FutureTask.java:266)
	at java.util.concurrent.ThreadPoolExecutor.runWorker(ThreadPoolExecutor.java:1142)
	at java.util.concurrent.ThreadPoolExecutor$Worker.run(ThreadPoolExecutor.java:617)
	at java.lang.Thread.run(Thread.java:745)
</failure>
                                               </testcase><testcase classname="l3.test.CPSOptimizer_Greybox" name="testFunInliningCrasher" time="-0.001">
                                                 <failure message="scala.MatchError: LetF(ArrayBuffer(FunDef(f_7,rc_39,ArrayBuffer(x),LetC(List(CntDef(tc_3,List(),LetL(i_33,1,AppC(rc_39,List(i_33))))),LetC(List(CntDef(fc_3,List(),LetL(i_34,3,LetP(t_28,@-,List(x, i_34),LetL(t_29,1,LetP(v_19,@+,List(t_28, t_29),AppF(g_6,rc_39,ArrayBuffer(v_19)))))))),LetL(i_35,1,If(=,List(x, i_35),tc_3,fc_3))))), FunDef(g_6,rc_40,ArrayBuffer(y),AppF(f_7,rc_40,ArrayBuffer(y)))),LetL(i_36,1,LetC(List(CntDef(rc_42,List(r_20),LetL(c0_12,1,LetL(t_30,1,LetP(t_31,@&gt;&gt;,List(c0_12, t_30),Halt(t_31)))))),AppF(f_7,rc_42,ArrayBuffer(i_36))))) (of class l3.CPSTreeModule$LetF)" type="sbt.ForkMain$ForkError">sbt.ForkMain$ForkError: scala.MatchError: LetF(ArrayBuffer(FunDef(f_7,rc_39,ArrayBuffer(x),LetC(List(CntDef(tc_3,List(),LetL(i_33,1,AppC(rc_39,List(i_33))))),LetC(List(CntDef(fc_3,List(),LetL(i_34,3,LetP(t_28,@-,List(x, i_34),LetL(t_29,1,LetP(v_19,@+,List(t_28, t_29),AppF(g_6,rc_39,ArrayBuffer(v_19)))))))),LetL(i_35,1,If(=,List(x, i_35),tc_3,fc_3))))), FunDef(g_6,rc_40,ArrayBuffer(y),AppF(f_7,rc_40,ArrayBuffer(y)))),LetL(i_36,1,LetC(List(CntDef(rc_42,List(r_20),LetL(c0_12,1,LetL(t_30,1,LetP(t_31,@&gt;&gt;,List(c0_12, t_30),Halt(t_31)))))),AppF(f_7,rc_42,ArrayBuffer(i_36))))) (of class l3.CPSTreeModule$LetF)
	at l3.CPSHoister$.hoist(CPSHoister.scala:9)
	at l3.CPSHoister$.apply(CPSHoister.scala:7)
	at l3.CPSHoister$.apply(CPSHoister.scala:5)
	at scala.Function1$$anonfun$andThen$1.apply(Function1.scala:52)
	at scala.Function1$$anonfun$andThen$1.apply(Function1.scala:52)
	at scala.Function1$$anonfun$andThen$1.apply(Function1.scala:52)
	at scala.Function1$$anonfun$andThen$1.apply(Function1.scala:52)
	at l3.test.infrastructure.CompilerTest$class.l3$test$infrastructure$CompilerTest$$compileInner(CompilerTest.scala:20)
	at l3.test.infrastructure.CompilerTest$$anonfun$compileUsingPipelineAndRedirect$1.apply(CompilerTest.scala:31)
	at l3.test.infrastructure.SandboxedTest$$anon$1.run(SandboxedTest.scala:24)
	at java.security.AccessController.doPrivileged(Native Method)
	at l3.test.infrastructure.SandboxedTest.sandboxedTest(SandboxedTest.scala:34)
	at l3.test.infrastructure.SandboxedTest.sandboxedTestWithRedirectedIO(SandboxedTest.scala:45)
	at l3.test.infrastructure.CompilerTest$class.compileUsingPipelineAndRedirect(CompilerTest.scala:31)
	at l3.test.infrastructure.CPSTest.compileUsingPipelineAndRedirect(CPSTest.scala:11)
	at l3.test.infrastructure.CPSOptTest.testCPSOptStats(CPSOptTest.scala:62)
	at l3.test.infrastructure.CPSOptTest.testCPSOptEarly(CPSOptTest.scala:69)
	at l3.test.CPSOptimizer_Greybox.testFunInliningCrasher(CPSOptimizer_Greybox.scala:58)
	at sun.reflect.NativeMethodAccessorImpl.invoke0(Native Method)
	at sun.reflect.NativeMethodAccessorImpl.invoke(NativeMethodAccessorImpl.java:62)
	at sun.reflect.DelegatingMethodAccessorImpl.invoke(DelegatingMethodAccessorImpl.java:43)
	at java.lang.reflect.Method.invoke(Method.java:497)
	at org.junit.runners.model.FrameworkMethod$1.runReflectiveCall(FrameworkMethod.java:45)
	at org.junit.internal.runners.model.ReflectiveCallable.run(ReflectiveCallable.java:15)
	at org.junit.runners.model.FrameworkMethod.invokeExplosively(FrameworkMethod.java:42)
	at org.junit.internal.runners.statements.InvokeMethod.evaluate(InvokeMethod.java:20)
	at org.junit.runners.ParentRunner.runLeaf(ParentRunner.java:263)
	at org.junit.runners.BlockJUnit4ClassRunner.runChild(BlockJUnit4ClassRunner.java:68)
	at org.junit.runners.BlockJUnit4ClassRunner.runChild(BlockJUnit4ClassRunner.java:47)
	at org.junit.runners.ParentRunner$3.run(ParentRunner.java:231)
	at org.junit.runners.ParentRunner$1.schedule(ParentRunner.java:60)
	at org.junit.runners.ParentRunner.runChildren(ParentRunner.java:229)
	at org.junit.runners.ParentRunner.access$000(ParentRunner.java:50)
	at org.junit.runners.ParentRunner$2.evaluate(ParentRunner.java:222)
	at org.junit.runners.ParentRunner.run(ParentRunner.java:300)
	at org.junit.runners.Suite.runChild(Suite.java:128)
	at org.junit.runners.Suite.runChild(Suite.java:24)
	at org.junit.runners.ParentRunner$3.run(ParentRunner.java:231)
	at org.junit.runners.ParentRunner$1.schedule(ParentRunner.java:60)
	at org.junit.runners.ParentRunner.runChildren(ParentRunner.java:229)
	at org.junit.runners.ParentRunner.access$000(ParentRunner.java:50)
	at org.junit.runners.ParentRunner$2.evaluate(ParentRunner.java:222)
	at org.junit.runners.ParentRunner.run(ParentRunner.java:300)
	at org.junit.runner.JUnitCore.run(JUnitCore.java:157)
	at org.junit.runner.JUnitCore.run(JUnitCore.java:136)
	at com.novocode.junit.JUnitRunner.run(JUnitRunner.java:87)
	at sbt.RunnerWrapper$1.runRunner2(FrameworkWrapper.java:223)
	at sbt.RunnerWrapper$1.execute(FrameworkWrapper.java:236)
	at sbt.ForkMain$Run$2.call(ForkMain.java:296)
	at sbt.ForkMain$Run$2.call(ForkMain.java:286)
	at java.util.concurrent.FutureTask.run(FutureTask.java:266)
	at java.util.concurrent.ThreadPoolExecutor.runWorker(ThreadPoolExecutor.java:1142)
	at java.util.concurrent.ThreadPoolExecutor$Worker.run(ThreadPoolExecutor.java:617)
	at java.lang.Thread.run(Thread.java:745)
</failure>
                                               </testcase><testcase classname="l3.test.CPSOptimizer_Greybox" name="testFunInliningRecursiveTrick" time="-0.001">
                                                 <failure message="scala.MatchError: LetF(ArrayBuffer(FunDef(h_2,rc_45,ArrayBuffer(z),AppC(rc_45,List(z)))),LetL(i_37,7,LetC(List(CntDef(rc_46,List(r_21),LetL(c0_13,1,LetL(t_32,1,LetP(t_33,@&gt;&gt;,List(c0_13, t_32),Halt(t_33)))))),AppF(h_2,rc_46,ArrayBuffer(i_37))))) (of class l3.CPSTreeModule$LetF)" type="sbt.ForkMain$ForkError">sbt.ForkMain$ForkError: scala.MatchError: LetF(ArrayBuffer(FunDef(h_2,rc_45,ArrayBuffer(z),AppC(rc_45,List(z)))),LetL(i_37,7,LetC(List(CntDef(rc_46,List(r_21),LetL(c0_13,1,LetL(t_32,1,LetP(t_33,@&gt;&gt;,List(c0_13, t_32),Halt(t_33)))))),AppF(h_2,rc_46,ArrayBuffer(i_37))))) (of class l3.CPSTreeModule$LetF)
	at l3.CPSHoister$.hoist(CPSHoister.scala:9)
	at l3.CPSHoister$.apply(CPSHoister.scala:7)
	at l3.CPSHoister$.apply(CPSHoister.scala:5)
	at scala.Function1$$anonfun$andThen$1.apply(Function1.scala:52)
	at scala.Function1$$anonfun$andThen$1.apply(Function1.scala:52)
	at scala.Function1$$anonfun$andThen$1.apply(Function1.scala:52)
	at scala.Function1$$anonfun$andThen$1.apply(Function1.scala:52)
	at l3.test.infrastructure.CompilerTest$class.l3$test$infrastructure$CompilerTest$$compileInner(CompilerTest.scala:20)
	at l3.test.infrastructure.CompilerTest$$anonfun$compileUsingPipelineAndRedirect$1.apply(CompilerTest.scala:31)
	at l3.test.infrastructure.SandboxedTest$$anon$1.run(SandboxedTest.scala:24)
	at java.security.AccessController.doPrivileged(Native Method)
	at l3.test.infrastructure.SandboxedTest.sandboxedTest(SandboxedTest.scala:34)
	at l3.test.infrastructure.SandboxedTest.sandboxedTestWithRedirectedIO(SandboxedTest.scala:45)
	at l3.test.infrastructure.CompilerTest$class.compileUsingPipelineAndRedirect(CompilerTest.scala:31)
	at l3.test.infrastructure.CPSTest.compileUsingPipelineAndRedirect(CPSTest.scala:11)
	at l3.test.infrastructure.CPSOptTest.testCPSOptStats(CPSOptTest.scala:62)
	at l3.test.infrastructure.CPSOptTest.testCPSOptEarly(CPSOptTest.scala:69)
	at l3.test.CPSOptimizer_Greybox.testFunInliningRecursiveTrick(CPSOptimizer_Greybox.scala:61)
	at sun.reflect.NativeMethodAccessorImpl.invoke0(Native Method)
	at sun.reflect.NativeMethodAccessorImpl.invoke(NativeMethodAccessorImpl.java:62)
	at sun.reflect.DelegatingMethodAccessorImpl.invoke(DelegatingMethodAccessorImpl.java:43)
	at java.lang.reflect.Method.invoke(Method.java:497)
	at org.junit.runners.model.FrameworkMethod$1.runReflectiveCall(FrameworkMethod.java:45)
	at org.junit.internal.runners.model.ReflectiveCallable.run(ReflectiveCallable.java:15)
	at org.junit.runners.model.FrameworkMethod.invokeExplosively(FrameworkMethod.java:42)
	at org.junit.internal.runners.statements.InvokeMethod.evaluate(InvokeMethod.java:20)
	at org.junit.runners.ParentRunner.runLeaf(ParentRunner.java:263)
	at org.junit.runners.BlockJUnit4ClassRunner.runChild(BlockJUnit4ClassRunner.java:68)
	at org.junit.runners.BlockJUnit4ClassRunner.runChild(BlockJUnit4ClassRunner.java:47)
	at org.junit.runners.ParentRunner$3.run(ParentRunner.java:231)
	at org.junit.runners.ParentRunner$1.schedule(ParentRunner.java:60)
	at org.junit.runners.ParentRunner.runChildren(ParentRunner.java:229)
	at org.junit.runners.ParentRunner.access$000(ParentRunner.java:50)
	at org.junit.runners.ParentRunner$2.evaluate(ParentRunner.java:222)
	at org.junit.runners.ParentRunner.run(ParentRunner.java:300)
	at org.junit.runners.Suite.runChild(Suite.java:128)
	at org.junit.runners.Suite.runChild(Suite.java:24)
	at org.junit.runners.ParentRunner$3.run(ParentRunner.java:231)
	at org.junit.runners.ParentRunner$1.schedule(ParentRunner.java:60)
	at org.junit.runners.ParentRunner.runChildren(ParentRunner.java:229)
	at org.junit.runners.ParentRunner.access$000(ParentRunner.java:50)
	at org.junit.runners.ParentRunner$2.evaluate(ParentRunner.java:222)
	at org.junit.runners.ParentRunner.run(ParentRunner.java:300)
	at org.junit.runner.JUnitCore.run(JUnitCore.java:157)
	at org.junit.runner.JUnitCore.run(JUnitCore.java:136)
	at com.novocode.junit.JUnitRunner.run(JUnitRunner.java:87)
	at sbt.RunnerWrapper$1.runRunner2(FrameworkWrapper.java:223)
	at sbt.RunnerWrapper$1.execute(FrameworkWrapper.java:236)
	at sbt.ForkMain$Run$2.call(ForkMain.java:296)
	at sbt.ForkMain$Run$2.call(ForkMain.java:286)
	at java.util.concurrent.FutureTask.run(FutureTask.java:266)
	at java.util.concurrent.ThreadPoolExecutor.runWorker(ThreadPoolExecutor.java:1142)
	at java.util.concurrent.ThreadPoolExecutor$Worker.run(ThreadPoolExecutor.java:617)
	at java.lang.Thread.run(Thread.java:745)
</failure>
                                               </testcase><testcase classname="l3.test.CPSOptimizer_Greybox" name="testContInlining" time="-0.001">
                                                 <failure message="scala.MatchError: LetP(t_35,@&gt;&gt;,List(c0_14, t_34),Halt(t_35)) (of class l3.CPSTreeModule$LetP)" type="sbt.ForkMain$ForkError">sbt.ForkMain$ForkError: scala.MatchError: LetP(t_35,@&gt;&gt;,List(c0_14, t_34),Halt(t_35)) (of class l3.CPSTreeModule$LetP)
	at l3.CPSHoister$.hoist(CPSHoister.scala:9)
	at l3.CPSHoister$.hoist(CPSHoister.scala:11)
	at l3.CPSHoister$.hoist(CPSHoister.scala:11)
	at l3.CPSHoister$.apply(CPSHoister.scala:7)
	at l3.CPSHoister$.apply(CPSHoister.scala:5)
	at scala.Function1$$anonfun$andThen$1.apply(Function1.scala:52)
	at scala.Function1$$anonfun$andThen$1.apply(Function1.scala:52)
	at scala.Function1$$anonfun$andThen$1.apply(Function1.scala:52)
	at scala.Function1$$anonfun$andThen$1.apply(Function1.scala:52)
	at l3.test.infrastructure.CompilerTest$class.l3$test$infrastructure$CompilerTest$$compileInner(CompilerTest.scala:20)
	at l3.test.infrastructure.CompilerTest$$anonfun$compileUsingPipelineAndRedirect$1.apply(CompilerTest.scala:31)
	at l3.test.infrastructure.SandboxedTest$$anon$1.run(SandboxedTest.scala:24)
	at java.security.AccessController.doPrivileged(Native Method)
	at l3.test.infrastructure.SandboxedTest.sandboxedTest(SandboxedTest.scala:34)
	at l3.test.infrastructure.SandboxedTest.sandboxedTestWithRedirectedIO(SandboxedTest.scala:45)
	at l3.test.infrastructure.CompilerTest$class.compileUsingPipelineAndRedirect(CompilerTest.scala:31)
	at l3.test.infrastructure.CPSTest.compileUsingPipelineAndRedirect(CPSTest.scala:11)
	at l3.test.infrastructure.CPSOptTest.testCPSOptStats(CPSOptTest.scala:62)
	at l3.test.infrastructure.CPSOptTest.testCPSOptEarly(CPSOptTest.scala:69)
	at l3.test.CPSOptimizer_Greybox.testContInlining(CPSOptimizer_Greybox.scala:64)
	at sun.reflect.NativeMethodAccessorImpl.invoke0(Native Method)
	at sun.reflect.NativeMethodAccessorImpl.invoke(NativeMethodAccessorImpl.java:62)
	at sun.reflect.DelegatingMethodAccessorImpl.invoke(DelegatingMethodAccessorImpl.java:43)
	at java.lang.reflect.Method.invoke(Method.java:497)
	at org.junit.runners.model.FrameworkMethod$1.runReflectiveCall(FrameworkMethod.java:45)
	at org.junit.internal.runners.model.ReflectiveCallable.run(ReflectiveCallable.java:15)
	at org.junit.runners.model.FrameworkMethod.invokeExplosively(FrameworkMethod.java:42)
	at org.junit.internal.runners.statements.InvokeMethod.evaluate(InvokeMethod.java:20)
	at org.junit.runners.ParentRunner.runLeaf(ParentRunner.java:263)
	at org.junit.runners.BlockJUnit4ClassRunner.runChild(BlockJUnit4ClassRunner.java:68)
	at org.junit.runners.BlockJUnit4ClassRunner.runChild(BlockJUnit4ClassRunner.java:47)
	at org.junit.runners.ParentRunner$3.run(ParentRunner.java:231)
	at org.junit.runners.ParentRunner$1.schedule(ParentRunner.java:60)
	at org.junit.runners.ParentRunner.runChildren(ParentRunner.java:229)
	at org.junit.runners.ParentRunner.access$000(ParentRunner.java:50)
	at org.junit.runners.ParentRunner$2.evaluate(ParentRunner.java:222)
	at org.junit.runners.ParentRunner.run(ParentRunner.java:300)
	at org.junit.runners.Suite.runChild(Suite.java:128)
	at org.junit.runners.Suite.runChild(Suite.java:24)
	at org.junit.runners.ParentRunner$3.run(ParentRunner.java:231)
	at org.junit.runners.ParentRunner$1.schedule(ParentRunner.java:60)
	at org.junit.runners.ParentRunner.runChildren(ParentRunner.java:229)
	at org.junit.runners.ParentRunner.access$000(ParentRunner.java:50)
	at org.junit.runners.ParentRunner$2.evaluate(ParentRunner.java:222)
	at org.junit.runners.ParentRunner.run(ParentRunner.java:300)
	at org.junit.runner.JUnitCore.run(JUnitCore.java:157)
	at org.junit.runner.JUnitCore.run(JUnitCore.java:136)
	at com.novocode.junit.JUnitRunner.run(JUnitRunner.java:87)
	at sbt.RunnerWrapper$1.runRunner2(FrameworkWrapper.java:223)
	at sbt.RunnerWrapper$1.execute(FrameworkWrapper.java:236)
	at sbt.ForkMain$Run$2.call(ForkMain.java:296)
	at sbt.ForkMain$Run$2.call(ForkMain.java:286)
	at java.util.concurrent.FutureTask.run(FutureTask.java:266)
	at java.util.concurrent.ThreadPoolExecutor.runWorker(ThreadPoolExecutor.java:1142)
	at java.util.concurrent.ThreadPoolExecutor$Worker.run(ThreadPoolExecutor.java:617)
	at java.lang.Thread.run(Thread.java:745)
</failure>
                                               </testcase><testcase classname="l3.test.CPSOptimizer_Greybox" name="testContInliningInsideContBody" time="-0.001">
                                                 <failure message="scala.MatchError: LetP(t_37,@&gt;&gt;,List(c0_15, t_36),Halt(t_37)) (of class l3.CPSTreeModule$LetP)" type="sbt.ForkMain$ForkError">sbt.ForkMain$ForkError: scala.MatchError: LetP(t_37,@&gt;&gt;,List(c0_15, t_36),Halt(t_37)) (of class l3.CPSTreeModule$LetP)
	at l3.CPSHoister$.hoist(CPSHoister.scala:9)
	at l3.CPSHoister$.hoist(CPSHoister.scala:11)
	at l3.CPSHoister$.hoist(CPSHoister.scala:11)
	at l3.CPSHoister$.apply(CPSHoister.scala:7)
	at l3.CPSHoister$.apply(CPSHoister.scala:5)
	at scala.Function1$$anonfun$andThen$1.apply(Function1.scala:52)
	at scala.Function1$$anonfun$andThen$1.apply(Function1.scala:52)
	at scala.Function1$$anonfun$andThen$1.apply(Function1.scala:52)
	at scala.Function1$$anonfun$andThen$1.apply(Function1.scala:52)
	at l3.test.infrastructure.CompilerTest$class.l3$test$infrastructure$CompilerTest$$compileInner(CompilerTest.scala:20)
	at l3.test.infrastructure.CompilerTest$$anonfun$compileUsingPipelineAndRedirect$1.apply(CompilerTest.scala:31)
	at l3.test.infrastructure.SandboxedTest$$anon$1.run(SandboxedTest.scala:24)
	at java.security.AccessController.doPrivileged(Native Method)
	at l3.test.infrastructure.SandboxedTest.sandboxedTest(SandboxedTest.scala:34)
	at l3.test.infrastructure.SandboxedTest.sandboxedTestWithRedirectedIO(SandboxedTest.scala:45)
	at l3.test.infrastructure.CompilerTest$class.compileUsingPipelineAndRedirect(CompilerTest.scala:31)
	at l3.test.infrastructure.CPSTest.compileUsingPipelineAndRedirect(CPSTest.scala:11)
	at l3.test.infrastructure.CPSOptTest.testCPSOptStats(CPSOptTest.scala:62)
	at l3.test.infrastructure.CPSOptTest.testCPSOptEarly(CPSOptTest.scala:69)
	at l3.test.CPSOptimizer_Greybox.testContInliningInsideContBody(CPSOptimizer_Greybox.scala:67)
	at sun.reflect.NativeMethodAccessorImpl.invoke0(Native Method)
	at sun.reflect.NativeMethodAccessorImpl.invoke(NativeMethodAccessorImpl.java:62)
	at sun.reflect.DelegatingMethodAccessorImpl.invoke(DelegatingMethodAccessorImpl.java:43)
	at java.lang.reflect.Method.invoke(Method.java:497)
	at org.junit.runners.model.FrameworkMethod$1.runReflectiveCall(FrameworkMethod.java:45)
	at org.junit.internal.runners.model.ReflectiveCallable.run(ReflectiveCallable.java:15)
	at org.junit.runners.model.FrameworkMethod.invokeExplosively(FrameworkMethod.java:42)
	at org.junit.internal.runners.statements.InvokeMethod.evaluate(InvokeMethod.java:20)
	at org.junit.runners.ParentRunner.runLeaf(ParentRunner.java:263)
	at org.junit.runners.BlockJUnit4ClassRunner.runChild(BlockJUnit4ClassRunner.java:68)
	at org.junit.runners.BlockJUnit4ClassRunner.runChild(BlockJUnit4ClassRunner.java:47)
	at org.junit.runners.ParentRunner$3.run(ParentRunner.java:231)
	at org.junit.runners.ParentRunner$1.schedule(ParentRunner.java:60)
	at org.junit.runners.ParentRunner.runChildren(ParentRunner.java:229)
	at org.junit.runners.ParentRunner.access$000(ParentRunner.java:50)
	at org.junit.runners.ParentRunner$2.evaluate(ParentRunner.java:222)
	at org.junit.runners.ParentRunner.run(ParentRunner.java:300)
	at org.junit.runners.Suite.runChild(Suite.java:128)
	at org.junit.runners.Suite.runChild(Suite.java:24)
	at org.junit.runners.ParentRunner$3.run(ParentRunner.java:231)
	at org.junit.runners.ParentRunner$1.schedule(ParentRunner.java:60)
	at org.junit.runners.ParentRunner.runChildren(ParentRunner.java:229)
	at org.junit.runners.ParentRunner.access$000(ParentRunner.java:50)
	at org.junit.runners.ParentRunner$2.evaluate(ParentRunner.java:222)
	at org.junit.runners.ParentRunner.run(ParentRunner.java:300)
	at org.junit.runner.JUnitCore.run(JUnitCore.java:157)
	at org.junit.runner.JUnitCore.run(JUnitCore.java:136)
	at com.novocode.junit.JUnitRunner.run(JUnitRunner.java:87)
	at sbt.RunnerWrapper$1.runRunner2(FrameworkWrapper.java:223)
	at sbt.RunnerWrapper$1.execute(FrameworkWrapper.java:236)
	at sbt.ForkMain$Run$2.call(ForkMain.java:296)
	at sbt.ForkMain$Run$2.call(ForkMain.java:286)
	at java.util.concurrent.FutureTask.run(FutureTask.java:266)
	at java.util.concurrent.ThreadPoolExecutor.runWorker(ThreadPoolExecutor.java:1142)
	at java.util.concurrent.ThreadPoolExecutor$Worker.run(ThreadPoolExecutor.java:617)
	at java.lang.Thread.run(Thread.java:745)
</failure>
                                               </testcase><testcase classname="l3.test.CPSOptimizer_Greybox" name="testConstantFoldingIntP" time="-0.001">
                                                 <failure message="scala.MatchError: LetC(List(CntDef(ic_2,List(v_21),LetP(x,@id,List(v_21),LetL(i_41,2,LetL(c0_16,1,LetL(t_38,1,LetP(t_39,@&gt;&gt;,List(c0_16, t_38),Halt(t_39)))))))),LetC(List(CntDef(tc_4,List(),LetL(i_42,26,AppC(ic_2,List(i_42))))),LetC(List(CntDef(fc_4,List(),LetL(i_43,10,AppC(ic_2,List(i_43))))),LetL(i_44,3,LetL(t_40,1,LetP(t_41,@&amp;,List(i_44, t_40),LetL(t_42,1,If(=,List(t_41, t_42),tc_4,fc_4)))))))) (of class l3.CPSTreeModule$LetC)" type="sbt.ForkMain$ForkError">sbt.ForkMain$ForkError: scala.MatchError: LetC(List(CntDef(ic_2,List(v_21),LetP(x,@id,List(v_21),LetL(i_41,2,LetL(c0_16,1,LetL(t_38,1,LetP(t_39,@&gt;&gt;,List(c0_16, t_38),Halt(t_39)))))))),LetC(List(CntDef(tc_4,List(),LetL(i_42,26,AppC(ic_2,List(i_42))))),LetC(List(CntDef(fc_4,List(),LetL(i_43,10,AppC(ic_2,List(i_43))))),LetL(i_44,3,LetL(t_40,1,LetP(t_41,@&amp;,List(i_44, t_40),LetL(t_42,1,If(=,List(t_41, t_42),tc_4,fc_4)))))))) (of class l3.CPSTreeModule$LetC)
	at l3.CPSHoister$.hoist(CPSHoister.scala:9)
	at l3.CPSHoister$.apply(CPSHoister.scala:7)
	at l3.CPSHoister$.apply(CPSHoister.scala:5)
	at scala.Function1$$anonfun$andThen$1.apply(Function1.scala:52)
	at scala.Function1$$anonfun$andThen$1.apply(Function1.scala:52)
	at scala.Function1$$anonfun$andThen$1.apply(Function1.scala:52)
	at scala.Function1$$anonfun$andThen$1.apply(Function1.scala:52)
	at l3.test.infrastructure.CompilerTest$class.l3$test$infrastructure$CompilerTest$$compileInner(CompilerTest.scala:20)
	at l3.test.infrastructure.CompilerTest$$anonfun$compileUsingPipelineAndRedirect$1.apply(CompilerTest.scala:31)
	at l3.test.infrastructure.SandboxedTest$$anon$1.run(SandboxedTest.scala:24)
	at java.security.AccessController.doPrivileged(Native Method)
	at l3.test.infrastructure.SandboxedTest.sandboxedTest(SandboxedTest.scala:34)
	at l3.test.infrastructure.SandboxedTest.sandboxedTestWithRedirectedIO(SandboxedTest.scala:45)
	at l3.test.infrastructure.CompilerTest$class.compileUsingPipelineAndRedirect(CompilerTest.scala:31)
	at l3.test.infrastructure.CPSTest.compileUsingPipelineAndRedirect(CPSTest.scala:11)
	at l3.test.infrastructure.CPSOptTest.testCPSOptStats(CPSOptTest.scala:62)
	at l3.test.infrastructure.CPSOptTest.testCPSOptLate(CPSOptTest.scala:72)
	at l3.test.CPSOptimizer_Greybox.testConstantFoldingIntP(CPSOptimizer_Greybox.scala:76)
	at sun.reflect.NativeMethodAccessorImpl.invoke0(Native Method)
	at sun.reflect.NativeMethodAccessorImpl.invoke(NativeMethodAccessorImpl.java:62)
	at sun.reflect.DelegatingMethodAccessorImpl.invoke(DelegatingMethodAccessorImpl.java:43)
	at java.lang.reflect.Method.invoke(Method.java:497)
	at org.junit.runners.model.FrameworkMethod$1.runReflectiveCall(FrameworkMethod.java:45)
	at org.junit.internal.runners.model.ReflectiveCallable.run(ReflectiveCallable.java:15)
	at org.junit.runners.model.FrameworkMethod.invokeExplosively(FrameworkMethod.java:42)
	at org.junit.internal.runners.statements.InvokeMethod.evaluate(InvokeMethod.java:20)
	at org.junit.runners.ParentRunner.runLeaf(ParentRunner.java:263)
	at org.junit.runners.BlockJUnit4ClassRunner.runChild(BlockJUnit4ClassRunner.java:68)
	at org.junit.runners.BlockJUnit4ClassRunner.runChild(BlockJUnit4ClassRunner.java:47)
	at org.junit.runners.ParentRunner$3.run(ParentRunner.java:231)
	at org.junit.runners.ParentRunner$1.schedule(ParentRunner.java:60)
	at org.junit.runners.ParentRunner.runChildren(ParentRunner.java:229)
	at org.junit.runners.ParentRunner.access$000(ParentRunner.java:50)
	at org.junit.runners.ParentRunner$2.evaluate(ParentRunner.java:222)
	at org.junit.runners.ParentRunner.run(ParentRunner.java:300)
	at org.junit.runners.Suite.runChild(Suite.java:128)
	at org.junit.runners.Suite.runChild(Suite.java:24)
	at org.junit.runners.ParentRunner$3.run(ParentRunner.java:231)
	at org.junit.runners.ParentRunner$1.schedule(ParentRunner.java:60)
	at org.junit.runners.ParentRunner.runChildren(ParentRunner.java:229)
	at org.junit.runners.ParentRunner.access$000(ParentRunner.java:50)
	at org.junit.runners.ParentRunner$2.evaluate(ParentRunner.java:222)
	at org.junit.runners.ParentRunner.run(ParentRunner.java:300)
	at org.junit.runner.JUnitCore.run(JUnitCore.java:157)
	at org.junit.runner.JUnitCore.run(JUnitCore.java:136)
	at com.novocode.junit.JUnitRunner.run(JUnitRunner.java:87)
	at sbt.RunnerWrapper$1.runRunner2(FrameworkWrapper.java:223)
	at sbt.RunnerWrapper$1.execute(FrameworkWrapper.java:236)
	at sbt.ForkMain$Run$2.call(ForkMain.java:296)
	at sbt.ForkMain$Run$2.call(ForkMain.java:286)
	at java.util.concurrent.FutureTask.run(FutureTask.java:266)
	at java.util.concurrent.ThreadPoolExecutor.runWorker(ThreadPoolExecutor.java:1142)
	at java.util.concurrent.ThreadPoolExecutor$Worker.run(ThreadPoolExecutor.java:617)
	at java.lang.Thread.run(Thread.java:745)
</failure>
                                               </testcase><testcase classname="l3.test.CPSOptimizer_Greybox" name="testConstantFoldingIntPNot" time="-0.001">
                                                 <failure message="scala.MatchError: LetC(List(CntDef(ic_3,List(v_22),LetP(x,@id,List(v_22),LetL(i_45,2,LetL(c0_17,1,LetL(t_43,1,LetP(t_44,@&gt;&gt;,List(c0_17, t_43),Halt(t_44)))))))),LetC(List(CntDef(tc_5,List(),LetL(i_46,26,AppC(ic_3,List(i_46))))),LetC(List(CntDef(fc_5,List(),LetL(i_47,10,AppC(ic_3,List(i_47))))),LetL(i_48,2,LetL(t_45,1,LetP(t_46,@&amp;,List(i_48, t_45),LetL(t_47,1,If(=,List(t_46, t_47),tc_5,fc_5)))))))) (of class l3.CPSTreeModule$LetC)" type="sbt.ForkMain$ForkError">sbt.ForkMain$ForkError: scala.MatchError: LetC(List(CntDef(ic_3,List(v_22),LetP(x,@id,List(v_22),LetL(i_45,2,LetL(c0_17,1,LetL(t_43,1,LetP(t_44,@&gt;&gt;,List(c0_17, t_43),Halt(t_44)))))))),LetC(List(CntDef(tc_5,List(),LetL(i_46,26,AppC(ic_3,List(i_46))))),LetC(List(CntDef(fc_5,List(),LetL(i_47,10,AppC(ic_3,List(i_47))))),LetL(i_48,2,LetL(t_45,1,LetP(t_46,@&amp;,List(i_48, t_45),LetL(t_47,1,If(=,List(t_46, t_47),tc_5,fc_5)))))))) (of class l3.CPSTreeModule$LetC)
	at l3.CPSHoister$.hoist(CPSHoister.scala:9)
	at l3.CPSHoister$.apply(CPSHoister.scala:7)
	at l3.CPSHoister$.apply(CPSHoister.scala:5)
	at scala.Function1$$anonfun$andThen$1.apply(Function1.scala:52)
	at scala.Function1$$anonfun$andThen$1.apply(Function1.scala:52)
	at scala.Function1$$anonfun$andThen$1.apply(Function1.scala:52)
	at scala.Function1$$anonfun$andThen$1.apply(Function1.scala:52)
	at l3.test.infrastructure.CompilerTest$class.l3$test$infrastructure$CompilerTest$$compileInner(CompilerTest.scala:20)
	at l3.test.infrastructure.CompilerTest$$anonfun$compileUsingPipelineAndRedirect$1.apply(CompilerTest.scala:31)
	at l3.test.infrastructure.SandboxedTest$$anon$1.run(SandboxedTest.scala:24)
	at java.security.AccessController.doPrivileged(Native Method)
	at l3.test.infrastructure.SandboxedTest.sandboxedTest(SandboxedTest.scala:34)
	at l3.test.infrastructure.SandboxedTest.sandboxedTestWithRedirectedIO(SandboxedTest.scala:45)
	at l3.test.infrastructure.CompilerTest$class.compileUsingPipelineAndRedirect(CompilerTest.scala:31)
	at l3.test.infrastructure.CPSTest.compileUsingPipelineAndRedirect(CPSTest.scala:11)
	at l3.test.infrastructure.CPSOptTest.testCPSOptStats(CPSOptTest.scala:62)
	at l3.test.infrastructure.CPSOptTest.testCPSOptLate(CPSOptTest.scala:72)
	at l3.test.CPSOptimizer_Greybox.testConstantFoldingIntPNot(CPSOptimizer_Greybox.scala:79)
	at sun.reflect.NativeMethodAccessorImpl.invoke0(Native Method)
	at sun.reflect.NativeMethodAccessorImpl.invoke(NativeMethodAccessorImpl.java:62)
[...]
	at l3.test.infrastructure.CPSTest.compileUsingPipelineAndRedirect(CPSTest.scala:11)
	at l3.test.infrastructure.CPSOptTest.testCPSOptStats(CPSOptTest.scala:62)
	at l3.test.infrastructure.CPSOptTest.testCPSBothSeq(CPSOptTest.scala:75)
	at l3.test.CPSOptimizer_Greybox.testCommonSubexpressionEliminationComplexBlockTag(CPSOptimizer_Greybox.scala:178)
	at sun.reflect.NativeMethodAccessorImpl.invoke0(Native Method)
	at sun.reflect.NativeMethodAccessorImpl.invoke(NativeMethodAccessorImpl.java:62)
	at sun.reflect.DelegatingMethodAccessorImpl.invoke(DelegatingMethodAccessorImpl.java:43)
	at java.lang.reflect.Method.invoke(Method.java:497)
	at org.junit.runners.model.FrameworkMethod$1.runReflectiveCall(FrameworkMethod.java:45)
	at org.junit.internal.runners.model.ReflectiveCallable.run(ReflectiveCallable.java:15)
	at org.junit.runners.model.FrameworkMethod.invokeExplosively(FrameworkMethod.java:42)
	at org.junit.internal.runners.statements.InvokeMethod.evaluate(InvokeMethod.java:20)
	at org.junit.runners.ParentRunner.runLeaf(ParentRunner.java:263)
	at org.junit.runners.BlockJUnit4ClassRunner.runChild(BlockJUnit4ClassRunner.java:68)
	at org.junit.runners.BlockJUnit4ClassRunner.runChild(BlockJUnit4ClassRunner.java:47)
	at org.junit.runners.ParentRunner$3.run(ParentRunner.java:231)
	at org.junit.runners.ParentRunner$1.schedule(ParentRunner.java:60)
	at org.junit.runners.ParentRunner.runChildren(ParentRunner.java:229)
	at org.junit.runners.ParentRunner.access$000(ParentRunner.java:50)
	at org.junit.runners.ParentRunner$2.evaluate(ParentRunner.java:222)
	at org.junit.runners.ParentRunner.run(ParentRunner.java:300)
	at org.junit.runners.Suite.runChild(Suite.java:128)
	at org.junit.runners.Suite.runChild(Suite.java:24)
	at org.junit.runners.ParentRunner$3.run(ParentRunner.java:231)
	at org.junit.runners.ParentRunner$1.schedule(ParentRunner.java:60)
	at org.junit.runners.ParentRunner.runChildren(ParentRunner.java:229)
	at org.junit.runners.ParentRunner.access$000(ParentRunner.java:50)
	at org.junit.runners.ParentRunner$2.evaluate(ParentRunner.java:222)
	at org.junit.runners.ParentRunner.run(ParentRunner.java:300)
	at org.junit.runner.JUnitCore.run(JUnitCore.java:157)
	at org.junit.runner.JUnitCore.run(JUnitCore.java:136)
	at com.novocode.junit.JUnitRunner.run(JUnitRunner.java:87)
	at sbt.RunnerWrapper$1.runRunner2(FrameworkWrapper.java:223)
	at sbt.RunnerWrapper$1.execute(FrameworkWrapper.java:236)
	at sbt.ForkMain$Run$2.call(ForkMain.java:296)
	at sbt.ForkMain$Run$2.call(ForkMain.java:286)
	at java.util.concurrent.FutureTask.run(FutureTask.java:266)
	at java.util.concurrent.ThreadPoolExecutor.runWorker(ThreadPoolExecutor.java:1142)
	at java.util.concurrent.ThreadPoolExecutor$Worker.run(ThreadPoolExecutor.java:617)
	at java.lang.Thread.run(Thread.java:745)
</failure>
                                               </testcase><testcase classname="l3.test.CPSOptimizer_Greybox" name="testFunInlingAndDCE" time="-0.001">
                                                 <failure message="scala.MatchError: LetF(ArrayBuffer(),LetL(c0_41,1,LetL(t_267,1,LetP(t_268,@&gt;&gt;,List(c0_41, t_267),Halt(t_268))))) (of class l3.CPSTreeModule$LetF)" type="sbt.ForkMain$ForkError">sbt.ForkMain$ForkError: scala.MatchError: LetF(ArrayBuffer(),LetL(c0_41,1,LetL(t_267,1,LetP(t_268,@&gt;&gt;,List(c0_41, t_267),Halt(t_268))))) (of class l3.CPSTreeModule$LetF)
	at l3.CPSHoister$.hoist(CPSHoister.scala:9)
	at l3.CPSHoister$.apply(CPSHoister.scala:7)
	at l3.CPSHoister$.apply(CPSHoister.scala:5)
	at scala.Function1$$anonfun$andThen$1.apply(Function1.scala:52)
	at scala.Function1$$anonfun$andThen$1.apply(Function1.scala:52)
	at scala.Function1$$anonfun$andThen$1.apply(Function1.scala:52)
	at scala.Function1$$anonfun$andThen$1.apply(Function1.scala:52)
	at l3.test.infrastructure.CompilerTest$class.l3$test$infrastructure$CompilerTest$$compileInner(CompilerTest.scala:20)
	at l3.test.infrastructure.CompilerTest$$anonfun$compileUsingPipelineAndRedirect$1.apply(CompilerTest.scala:31)
	at l3.test.infrastructure.SandboxedTest$$anon$1.run(SandboxedTest.scala:24)
	at java.security.AccessController.doPrivileged(Native Method)
	at l3.test.infrastructure.SandboxedTest.sandboxedTest(SandboxedTest.scala:34)
	at l3.test.infrastructure.SandboxedTest.sandboxedTestWithRedirectedIO(SandboxedTest.scala:45)
	at l3.test.infrastructure.CompilerTest$class.compileUsingPipelineAndRedirect(CompilerTest.scala:31)
	at l3.test.infrastructure.CPSTest.compileUsingPipelineAndRedirect(CPSTest.scala:11)
	at l3.test.infrastructure.CPSOptTest.testCPSOptStats(CPSOptTest.scala:62)
	at l3.test.infrastructure.CPSOptTest.testCPSOptEarly(CPSOptTest.scala:69)
	at l3.test.CPSOptimizer_Greybox.testFunInlingAndDCE(CPSOptimizer_Greybox.scala:183)
	at sun.reflect.NativeMethodAccessorImpl.invoke0(Native Method)
	at sun.reflect.NativeMethodAccessorImpl.invoke(NativeMethodAccessorImpl.java:62)
	at sun.reflect.DelegatingMethodAccessorImpl.invoke(DelegatingMethodAccessorImpl.java:43)
	at java.lang.reflect.Method.invoke(Method.java:497)
	at org.junit.runners.model.FrameworkMethod$1.runReflectiveCall(FrameworkMethod.java:45)
	at org.junit.internal.runners.model.ReflectiveCallable.run(ReflectiveCallable.java:15)
	at org.junit.runners.model.FrameworkMethod.invokeExplosively(FrameworkMethod.java:42)
	at org.junit.internal.runners.statements.InvokeMethod.evaluate(InvokeMethod.java:20)
	at org.junit.runners.ParentRunner.runLeaf(ParentRunner.java:263)
	at org.junit.runners.BlockJUnit4ClassRunner.runChild(BlockJUnit4ClassRunner.java:68)
	at org.junit.runners.BlockJUnit4ClassRunner.runChild(BlockJUnit4ClassRunner.java:47)
	at org.junit.runners.ParentRunner$3.run(ParentRunner.java:231)
	at org.junit.runners.ParentRunner$1.schedule(ParentRunner.java:60)
	at org.junit.runners.ParentRunner.runChildren(ParentRunner.java:229)
	at org.junit.runners.ParentRunner.access$000(ParentRunner.java:50)
	at org.junit.runners.ParentRunner$2.evaluate(ParentRunner.java:222)
	at org.junit.runners.ParentRunner.run(ParentRunner.java:300)
	at org.junit.runners.Suite.runChild(Suite.java:128)
	at org.junit.runners.Suite.runChild(Suite.java:24)
	at org.junit.runners.ParentRunner$3.run(ParentRunner.java:231)
	at org.junit.runners.ParentRunner$1.schedule(ParentRunner.java:60)
	at org.junit.runners.ParentRunner.runChildren(ParentRunner.java:229)
	at org.junit.runners.ParentRunner.access$000(ParentRunner.java:50)
	at org.junit.runners.ParentRunner$2.evaluate(ParentRunner.java:222)
	at org.junit.runners.ParentRunner.run(ParentRunner.java:300)
	at org.junit.runner.JUnitCore.run(JUnitCore.java:157)
	at org.junit.runner.JUnitCore.run(JUnitCore.java:136)
	at com.novocode.junit.JUnitRunner.run(JUnitRunner.java:87)
	at sbt.RunnerWrapper$1.runRunner2(FrameworkWrapper.java:223)
	at sbt.RunnerWrapper$1.execute(FrameworkWrapper.java:236)
	at sbt.ForkMain$Run$2.call(ForkMain.java:296)
	at sbt.ForkMain$Run$2.call(ForkMain.java:286)
	at java.util.concurrent.FutureTask.run(FutureTask.java:266)
	at java.util.concurrent.ThreadPoolExecutor.runWorker(ThreadPoolExecutor.java:1142)
	at java.util.concurrent.ThreadPoolExecutor$Worker.run(ThreadPoolExecutor.java:617)
	at java.lang.Thread.run(Thread.java:745)
</failure>
                                               </testcase><testcase classname="l3.test.CPSOptimizer_Greybox" name="testInliningConstantFoldingDCE" time="-0.001">
                                                 <failure message="scala.MatchError: LetF(List(FunDef(fun$14_1,rc_49,ArrayBuffer(c),LetL(t_269,1,LetP(t_270,@&gt;&gt;,List(c, t_269),LetP(v_98,@byte-write,List(t_270),AppC(rc_49,List(v_98)))))), FunDef(fun$14_1_1,ret_1,ArrayBuffer(env_1, c_1),AppF(fun$14_1,ret_1,ArrayBuffer(c_1)))),LetL(t_330,1,LetP(fun$14,@block-alloc-202,List(t_330),LetL(t_328,0,LetP(t_329,@block-set!,List(fun$14, t_328, fun$14_1_1),LetP(byte-write,@id,List(fun$14),LetF(List(FunDef(fun$16_1,rc_50,ArrayBuffer(f, g),LetF(List(FunDef(fun$15_1,rc_51,ArrayBuffer(g_7, f_8, x),LetC(List(CntDef(rc_52,List(r_22),LetL(t_271,0,LetP(t_272,@block-get,List(f_8, t_271),AppF(t_272,rc_51,List(f_8, r_22)))))),LetL(t_273,0,LetP(t_274,@block-get,List(g_7, t_273),AppF(t_274,rc_52,List(g_7, x)))))), FunDef(fun$15_1_1,ret_2,ArrayBuffer(env_2, x_1),LetL(t_276,1,LetP(g_8,@block-get,List(env_2, t_276),LetL(t_275,2,LetP(f_9,@block-get,List(env_2, t_275),AppF(fun$15_1,ret_2,ArrayBuffer(g_8, f_9, x_1)))))))),LetL(t_283,3,LetP(fun$15,@block-alloc-202,List(t_283),LetL(t_281,0,LetP(t_282,@block-set!,List(fun$15, t_281, fun$15_1_1),LetL(t_279,1,LetP(t_280,@block-set!,List(fun$15, t_279, g),LetL(t_277,2,LetP(t_278,@block-set!,List(fun$15, t_277, f),AppC(rc_50,List(fun$15)))))))))))), FunDef(fun$16_1_1,ret_3,ArrayBuffer(env_3, f_10, g_9),AppF(fun$16_1,ret_3,ArrayBuffer(f_10, g_9)))),LetL(t_327,1,LetP(fun$16,@block-alloc-202,List(t_327),LetL(t_325,0,LetP(t_326,@block-set!,List(fun$16, t_325, fun$16_1_1),LetP(function-compose,@id,List(fun$16),LetF(List(FunDef(fun$17_1,rc_53,ArrayBuffer(x, y),LetP(t_284,@+,List(x, y),LetL(t_285,1,LetP(v_99,@-,List(t_284, t_285),AppC(rc_53,List(v_99)))))), FunDef(fun$17_1_1,ret_4,ArrayBuffer(env_4, x_2, y_1),AppF(fun$17_1,ret_4,ArrayBuffer(x_2, y_1)))),LetL(t_324,1,LetP(fun$17,@block-alloc-202,List(t_324),LetL(t_322,0,LetP(t_323,@block-set!,List(fun$17, t_322, fun$17_1_1),LetP(+,@id,List(fun$17),LetF(List(FunDef(fun$18_1,rc_54,ArrayBuffer(+_1, x),LetL(i_88,3,LetL(t_286,0,LetP(t_287,@block-get,List(+_1, t_286),AppF(t_287,rc_54,List(+_1, x, i_88)))))), FunDef(fun$18_1_1,ret_5,ArrayBuffer(env_5, x_3),LetL(t_288,1,LetP(+_2,@block-get,List(env_5, t_288),AppF(fun$18_1,ret_5,ArrayBuffer(+_2, x_3)))))),LetL(t_321,2,LetP(fun$18,@block-alloc-202,List(t_321),LetL(t_319,0,LetP(t_320,@block-set!,List(fun$18, t_319, fun$18_1_1),LetL(t_317,1,LetP(t_318,@block-set!,List(fun$18, t_317, +),LetP(succ,@id,List(fun$18),LetF(List(FunDef(fun$19_1,rc_55,ArrayBuffer(+_3, x),LetL(t_289,0,LetP(t_290,@block-get,List(+_3, t_289),AppF(t_290,rc_55,List(+_3, x, x))))), FunDef(fun$19_1_1,ret_6,ArrayBuffer(env_6, x_4),LetL(t_291,1,LetP(+_4,@block-get,List(env_6, t_291),AppF(fun$19_1,ret_6,ArrayBuffer(+_4, x_4)))))),LetL(t_316,2,LetP(fun$19,@block-alloc-202,List(t_316),LetL(t_314,0,LetP(t_315,@block-set!,List(fun$19, t_314, fun$19_1_1),LetL(t_312,1,LetP(t_313,@block-set!,List(fun$19, t_312, +),LetP(twice,@id,List(fun$19),LetC(List(CntDef(rc_64,List(r_25),LetL(i_89,79,LetC(List(CntDef(rc_63,List(r_24),LetC(List(CntDef(rc_62,List(r_23),LetC(List(CntDef(rc_61,List(r_28),LetL(i_90,147,LetC(List(CntDef(rc_60,List(r_27),LetC(List(CntDef(rc_59,List(r_26),LetC(List(CntDef(rc_58,List(r_31),LetL(i_91,9,LetC(List(CntDef(rc_57,List(r_30),LetC(List(CntDef(rc_56,List(r_29),LetL(c0_42,1,LetL(t_292,1,LetP(t_293,@&gt;&gt;,List(c0_42, t_292),Halt(t_293)))))),LetL(t_294,0,LetP(t_295,@block-get,List(byte-write, t_294),AppF(t_295,rc_56,List(byte-write, r_30))))))),LetL(t_296,0,LetP(t_297,@block-get,List(r_31, t_296),AppF(t_297,rc_57,List(r_31, i_91)))))))),LetL(t_298,0,LetP(t_299,@block-get,List(function-compose, t_298),AppF(t_299,rc_58,List(function-compose, twice, succ))))))),LetL(t_300,0,LetP(t_301,@block-get,List(byte-write, t_300),AppF(t_301,rc_59,List(byte-write, r_27))))))),LetL(t_302,0,LetP(t_303,@block-get,List(r_28, t_302),AppF(t_303,rc_60,List(r_28, i_90)))))))),LetL(t_304,0,LetP(t_305,@block-get,List(function-compose, t_304),AppF(t_305,rc_61,List(function-compose, succ, succ))))))),LetL(t_306,0,LetP(t_307,@block-get,List(byte-write, t_306),AppF(t_307,rc_62,List(byte-write, r_24))))))),LetL(t_308,0,LetP(t_309,@block-get,List(r_25, t_308),AppF(t_309,rc_63,List(r_25, i_89)))))))),LetL(t_310,0,LetP(t_311,@block-get,List(function-compose, t_310),AppF(t_311,rc_64,List(function-compose, succ, twice))))))))))))))))))))))))))))))))))))))) (of class l3.CPSTreeModule$LetF)" type="sbt.ForkMain$ForkError">sbt.ForkMain$ForkError: scala.MatchError: LetF(List(FunDef(fun$14_1,rc_49,ArrayBuffer(c),LetL(t_269,1,LetP(t_270,@&gt;&gt;,List(c, t_269),LetP(v_98,@byte-write,List(t_270),AppC(rc_49,List(v_98)))))), FunDef(fun$14_1_1,ret_1,ArrayBuffer(env_1, c_1),AppF(fun$14_1,ret_1,ArrayBuffer(c_1)))),LetL(t_330,1,LetP(fun$14,@block-alloc-202,List(t_330),LetL(t_328,0,LetP(t_329,@block-set!,List(fun$14, t_328, fun$14_1_1),LetP(byte-write,@id,List(fun$14),LetF(List(FunDef(fun$16_1,rc_50,ArrayBuffer(f, g),LetF(List(FunDef(fun$15_1,rc_51,ArrayBuffer(g_7, f_8, x),LetC(List(CntDef(rc_52,List(r_22),LetL(t_271,0,LetP(t_272,@block-get,List(f_8, t_271),AppF(t_272,rc_51,List(f_8, r_22)))))),LetL(t_273,0,LetP(t_274,@block-get,List(g_7, t_273),AppF(t_274,rc_52,List(g_7, x)))))), FunDef(fun$15_1_1,ret_2,ArrayBuffer(env_2, x_1),LetL(t_276,1,LetP(g_8,@block-get,List(env_2, t_276),LetL(t_275,2,LetP(f_9,@block-get,List(env_2, t_275),AppF(fun$15_1,ret_2,ArrayBuffer(g_8, f_9, x_1)))))))),LetL(t_283,3,LetP(fun$15,@block-alloc-202,List(t_283),LetL(t_281,0,LetP(t_282,@block-set!,List(fun$15, t_281, fun$15_1_1),LetL(t_279,1,LetP(t_280,@block-set!,List(fun$15, t_279, g),LetL(t_277,2,LetP(t_278,@block-set!,List(fun$15, t_277, f),AppC(rc_50,List(fun$15)))))))))))), FunDef(fun$16_1_1,ret_3,ArrayBuffer(env_3, f_10, g_9),AppF(fun$16_1,ret_3,ArrayBuffer(f_10, g_9)))),LetL(t_327,1,LetP(fun$16,@block-alloc-202,List(t_327),LetL(t_325,0,LetP(t_326,@block-set!,List(fun$16, t_325, fun$16_1_1),LetP(function-compose,@id,List(fun$16),LetF(List(FunDef(fun$17_1,rc_53,ArrayBuffer(x, y),LetP(t_284,@+,List(x, y),LetL(t_285,1,LetP(v_99,@-,List(t_284, t_285),AppC(rc_53,List(v_99)))))), FunDef(fun$17_1_1,ret_4,ArrayBuffer(env_4, x_2, y_1),AppF(fun$17_1,ret_4,ArrayBuffer(x_2, y_1)))),LetL(t_324,1,LetP(fun$17,@block-alloc-202,List(t_324),LetL(t_322,0,LetP(t_323,@block-set!,List(fun$17, t_322, fun$17_1_1),LetP(+,@id,List(fun$17),LetF(List(FunDef(fun$18_1,rc_54,ArrayBuffer(+_1, x),LetL(i_88,3,LetL(t_286,0,LetP(t_287,@block-get,List(+_1, t_286),AppF(t_287,rc_54,List(+_1, x, i_88)))))), FunDef(fun$18_1_1,ret_5,ArrayBuffer(env_5, x_3),LetL(t_288,1,LetP(+_2,@block-get,List(env_5, t_288),AppF(fun$18_1,ret_5,ArrayBuffer(+_2, x_3)))))),LetL(t_321,2,LetP(fun$18,@block-alloc-202,List(t_321),LetL(t_319,0,LetP(t_320,@block-set!,List(fun$18, t_319, fun$18_1_1),LetL(t_317,1,LetP(t_318,@block-set!,List(fun$18, t_317, +),LetP(succ,@id,List(fun$18),LetF(List(FunDef(fun$19_1,rc_55,ArrayBuffer(+_3, x),LetL(t_289,0,LetP(t_290,@block-get,List(+_3, t_289),AppF(t_290,rc_55,List(+_3, x, x))))), FunDef(fun$19_1_1,ret_6,ArrayBuffer(env_6, x_4),LetL(t_291,1,LetP(+_4,@block-get,List(env_6, t_291),AppF(fun$19_1,ret_6,ArrayBuffer(+_4, x_4)))))),LetL(t_316,2,LetP(fun$19,@block-alloc-202,List(t_316),LetL(t_314,0,LetP(t_315,@block-set!,List(fun$19, t_314, fun$19_1_1),LetL(t_312,1,LetP(t_313,@block-set!,List(fun$19, t_312, +),LetP(twice,@id,List(fun$19),LetC(List(CntDef(rc_64,List(r_25),LetL(i_89,79,LetC(List(CntDef(rc_63,List(r_24),LetC(List(CntDef(rc_62,List(r_23),LetC(List(CntDef(rc_61,List(r_28),LetL(i_90,147,LetC(List(CntDef(rc_60,List(r_27),LetC(List(CntDef(rc_59,List(r_26),LetC(List(CntDef(rc_58,List(r_31),LetL(i_91,9,LetC(List(CntDef(rc_57,List(r_30),LetC(List(CntDef(rc_56,List(r_29),LetL(c0_42,1,LetL(t_292,1,LetP(t_293,@&gt;&gt;,List(c0_42, t_292),Halt(t_293)))))),LetL(t_294,0,LetP(t_295,@block-get,List(byte-write, t_294),AppF(t_295,rc_56,List(byte-write, r_30))))))),LetL(t_296,0,LetP(t_297,@block-get,List(r_31, t_296),AppF(t_297,rc_57,List(r_31, i_91)))))))),LetL(t_298,0,LetP(t_299,@block-get,List(function-compose, t_298),AppF(t_299,rc_58,List(function-compose, twice, succ))))))),LetL(t_300,0,LetP(t_301,@block-get,List(byte-write, t_300),AppF(t_301,rc_59,List(byte-write, r_27))))))),LetL(t_302,0,LetP(t_303,@block-get,List(r_28, t_302),AppF(t_303,rc_60,List(r_28, i_90)))))))),LetL(t_304,0,LetP(t_305,@block-get,List(function-compose, t_304),AppF(t_305,rc_61,List(function-compose, succ, succ))))))),LetL(t_306,0,LetP(t_307,@block-get,List(byte-write, t_306),AppF(t_307,rc_62,List(byte-write, r_24))))))),LetL(t_308,0,LetP(t_309,@block-get,List(r_25, t_308),AppF(t_309,rc_63,List(r_25, i_89)))))))),LetL(t_310,0,LetP(t_311,@block-get,List(function-compose, t_310),AppF(t_311,rc_64,List(function-compose, succ, twice))))))))))))))))))))))))))))))))))))))) (of class l3.CPSTreeModule$LetF)
	at l3.CPSHoister$.hoist(CPSHoister.scala:9)
	at l3.CPSHoister$.apply(CPSHoister.scala:7)
	at l3.CPSHoister$.apply(CPSHoister.scala:5)
	at scala.Function1$$anonfun$andThen$1.apply(Function1.scala:52)
	at scala.Function1$$anonfun$andThen$1.apply(Function1.scala:52)
	at scala.Function1$$anonfun$andThen$1.apply(Function1.scala:52)
	at scala.Function1$$anonfun$andThen$1.apply(Function1.scala:52)
	at l3.test.infrastructure.CompilerTest$class.l3$test$infrastructure$CompilerTest$$compileInner(CompilerTest.scala:20)
	at l3.test.infrastructure.CompilerTest$$anonfun$compileUsingPipeline$1.apply(CompilerTest.scala:28)
	at l3.test.infrastructure.SandboxedTest$$anon$1.run(SandboxedTest.scala:24)
	at java.security.AccessController.doPrivileged(Native Method)
	at l3.test.infrastructure.SandboxedTest.sandboxedTest(SandboxedTest.scala:34)
	at l3.test.infrastructure.CompilerTest$class.compileUsingPipeline(CompilerTest.scala:28)
	at l3.test.infrastructure.CPSTest.compileUsingPipeline(CPSTest.scala:11)
	at l3.test.infrastructure.CPSOptTest.testCPSOptTreeEquality(CPSOptTest.scala:44)
	at l3.test.CPSOptimizer_Greybox.testInliningConstantFoldingDCE(CPSOptimizer_Greybox.scala:187)
	at sun.reflect.NativeMethodAccessorImpl.invoke0(Native Method)
	at sun.reflect.NativeMethodAccessorImpl.invoke(NativeMethodAccessorImpl.java:62)
	at sun.reflect.DelegatingMethodAccessorImpl.invoke(DelegatingMethodAccessorImpl.java:43)
	at java.lang.reflect.Method.invoke(Method.java:497)
	at org.junit.runners.model.FrameworkMethod$1.runReflectiveCall(FrameworkMethod.java:45)
	at org.junit.internal.runners.model.ReflectiveCallable.run(ReflectiveCallable.java:15)
	at org.junit.runners.model.FrameworkMethod.invokeExplosively(FrameworkMethod.java:42)
	at org.junit.internal.runners.statements.InvokeMethod.evaluate(InvokeMethod.java:20)
	at org.junit.runners.ParentRunner.runLeaf(ParentRunner.java:263)
	at org.junit.runners.BlockJUnit4ClassRunner.runChild(BlockJUnit4ClassRunner.java:68)
	at org.junit.runners.BlockJUnit4ClassRunner.runChild(BlockJUnit4ClassRunner.java:47)
	at org.junit.runners.ParentRunner$3.run(ParentRunner.java:231)
	at org.junit.runners.ParentRunner$1.schedule(ParentRunner.java:60)
	at org.junit.runners.ParentRunner.runChildren(ParentRunner.java:229)
	at org.junit.runners.ParentRunner.access$000(ParentRunner.java:50)
	at org.junit.runners.ParentRunner$2.evaluate(ParentRunner.java:222)
	at org.junit.runners.ParentRunner.run(ParentRunner.java:300)
	at org.junit.runners.Suite.runChild(Suite.java:128)
	at org.junit.runners.Suite.runChild(Suite.java:24)
	at org.junit.runners.ParentRunner$3.run(ParentRunner.java:231)
	at org.junit.runners.ParentRunner$1.schedule(ParentRunner.java:60)
	at org.junit.runners.ParentRunner.runChildren(ParentRunner.java:229)
	at org.junit.runners.ParentRunner.access$000(ParentRunner.java:50)
	at org.junit.runners.ParentRunner$2.evaluate(ParentRunner.java:222)
	at org.junit.runners.ParentRunner.run(ParentRunner.java:300)
	at org.junit.runner.JUnitCore.run(JUnitCore.java:157)
	at org.junit.runner.JUnitCore.run(JUnitCore.java:136)
	at com.novocode.junit.JUnitRunner.run(JUnitRunner.java:87)
	at sbt.RunnerWrapper$1.runRunner2(FrameworkWrapper.java:223)
	at sbt.RunnerWrapper$1.execute(FrameworkWrapper.java:236)
	at sbt.ForkMain$Run$2.call(ForkMain.java:296)
	at sbt.ForkMain$Run$2.call(ForkMain.java:286)
	at java.util.concurrent.FutureTask.run(FutureTask.java:266)
	at java.util.concurrent.ThreadPoolExecutor.runWorker(ThreadPoolExecutor.java:1142)
	at java.util.concurrent.ThreadPoolExecutor$Worker.run(ThreadPoolExecutor.java:617)
	at java.lang.Thread.run(Thread.java:745)
</failure>
                                               </testcase>
                     <system-out></system-out>
                     <system-err></system-err>
                   </testsuite>