<?xml version='1.0' encoding='UTF-8'?>
<testsuite hostname="Prashant-PC" name="l3.test.CPSValueRepresentation_Blackbox" tests="73" errors="0" failures="53" time="-0.073">
                     <properties>
[...]
</properties>
                     <testcase classname="l3.test.CPSValueRepresentation_Blackbox" name="testLibFunctions1" time="-0.001">
                                                 <failure message="scala.MatchError: LetP(v_3790,@block-set!,List(p, i_8000, fst),LetP(begin$8332,@id,List(v_3790),LetL(i_8001,1,LetP(v_3791,@block-set!,List(p, i_8001, snd),LetP(begin$8331,@id,List(v_3791),AppC(rc_9344,List(p))))))) (of class l3.CPSTreeModule$LetP)" type="sbt.ForkMain$ForkError">sbt.ForkMain$ForkError: scala.MatchError: LetP(v_3790,@block-set!,List(p, i_8000, fst),LetP(begin$8332,@id,List(v_3790),LetL(i_8001,1,LetP(v_3791,@block-set!,List(p, i_8001, snd),LetP(begin$8331,@id,List(v_3791),AppC(rc_9344,List(p))))))) (of class l3.CPSTreeModule$LetP)
	at l3.CPSValueRepresenter$.l3$CPSValueRepresenter$$transform(CPSValueRepresenter.scala:20)
	at l3.CPSValueRepresenter$.l3$CPSValueRepresenter$$transform(CPSValueRepresenter.scala:49)
	at l3.CPSValueRepresenter$.l3$CPSValueRepresenter$$transform(CPSValueRepresenter.scala:383)
	at l3.CPSValueRepresenter$$anonfun$l3$CPSValueRepresenter$$transform$10$$anonfun$apply$18.apply(CPSValueRepresenter.scala:266)
	at l3.CPSValueRepresenter$$anonfun$l3$CPSValueRepresenter$$transform$10$$anonfun$apply$18.apply(CPSValueRepresenter.scala:265)
	at l3.CPSValueRepresenter$.l3$CPSValueRepresenter$$tempLetP(CPSValueRepresenter.scala:447)
	at l3.CPSValueRepresenter$$anonfun$l3$CPSValueRepresenter$$transform$10.apply(CPSValueRepresenter.scala:265)
	at l3.CPSValueRepresenter$$anonfun$l3$CPSValueRepresenter$$transform$10.apply(CPSValueRepresenter.scala:264)
	at l3.CPSValueRepresenter$.l3$CPSValueRepresenter$$tempLetL(CPSValueRepresenter.scala:437)
	at l3.CPSValueRepresenter$.l3$CPSValueRepresenter$$transform(CPSValueRepresenter.scala:264)
	at l3.CPSValueRepresenter$.l3$CPSValueRepresenter$$transform(CPSValueRepresenter.scala:49)
	at l3.CPSValueRepresenter$$anonfun$l3$CPSValueRepresenter$$transform$1.apply(CPSValueRepresenter.scala:31)
	at l3.CPSValueRepresenter$$anonfun$l3$CPSValueRepresenter$$transform$1.apply(CPSValueRepresenter.scala:27)
	at scala.collection.TraversableLike$$anonfun$map$1.apply(TraversableLike.scala:245)
	at scala.collection.TraversableLike$$anonfun$map$1.apply(TraversableLike.scala:245)
	at scala.collection.immutable.List.foreach(List.scala:381)
	at scala.collection.TraversableLike$class.map(TraversableLike.scala:245)
	at scala.collection.immutable.List.map(List.scala:285)
	at l3.CPSValueRepresenter$.l3$CPSValueRepresenter$$transform(CPSValueRepresenter.scala:27)
	at l3.CPSValueRepresenter$.l3$CPSValueRepresenter$$transform(CPSValueRepresenter.scala:383)
	at l3.CPSValueRepresenter$.l3$CPSValueRepresenter$$transform(CPSValueRepresenter.scala:33)
	at l3.CPSValueRepresenter$.l3$CPSValueRepresenter$$transform(CPSValueRepresenter.scala:383)
	at l3.CPSValueRepresenter$.l3$CPSValueRepresenter$$transform(CPSValueRepresenter.scala:33)
	at l3.CPSValueRepresenter$.l3$CPSValueRepresenter$$transform(CPSValueRepresenter.scala:383)
	at l3.CPSValueRepresenter$.l3$CPSValueRepresenter$$transform(CPSValueRepresenter.scala:33)
	at l3.CPSValueRepresenter$.l3$CPSValueRepresenter$$transform(CPSValueRepresenter.scala:33)
	at l3.CPSValueRepresenter$.l3$CPSValueRepresenter$$transform(CPSValueRepresenter.scala:383)
	at l3.CPSValueRepresenter$.l3$CPSValueRepresenter$$transform(CPSValueRepresenter.scala:33)
	at l3.CPSValueRepresenter$.l3$CPSValueRepresenter$$transform(CPSValueRepresenter.scala:383)
	at l3.CPSValueRepresenter$.l3$CPSValueRepresenter$$transform(CPSValueRepresenter.scala:33)
	at l3.CPSValueRepresenter$.l3$CPSValueRepresenter$$transform(CPSValueRepresenter.scala:383)
	at l3.CPSValueRepresenter$.l3$CPSValueRepresenter$$transform(CPSValueRepresenter.scala:33)
	at l3.CPSValueRepresenter$.l3$CPSValueRepresenter$$transform(CPSValueRepresenter.scala:383)
	at l3.CPSValueRepresenter$.l3$CPSValueRepresenter$$transform(CPSValueRepresenter.scala:33)
	at l3.CPSValueRepresenter$.l3$CPSValueRepresenter$$transform(CPSValueRepresenter.scala:383)
	at l3.CPSValueRepresenter$.l3$CPSValueRepresenter$$transform(CPSValueRepresenter.scala:33)
	at l3.CPSValueRepresenter$.l3$CPSValueRepresenter$$transform(CPSValueRepresenter.scala:383)
	at l3.CPSValueRepresenter$.l3$CPSValueRepresenter$$transform(CPSValueRepresenter.scala:33)
	at l3.CPSValueRepresenter$.l3$CPSValueRepresenter$$transform(CPSValueRepresenter.scala:383)
	at l3.CPSValueRepresenter$.l3$CPSValueRepresenter$$transform(CPSValueRepresenter.scala:33)
	at l3.CPSValueRepresenter$.l3$CPSValueRepresenter$$transform(CPSValueRepresenter.scala:383)
	at l3.CPSValueRepresenter$.l3$CPSValueRepresenter$$transform(CPSValueRepresenter.scala:33)
	at l3.CPSValueRepresenter$.l3$CPSValueRepresenter$$transform(CPSValueRepresenter.scala:383)
	at l3.CPSValueRepresenter$.l3$CPSValueRepresenter$$transform(CPSValueRepresenter.scala:33)
	at l3.CPSValueRepresenter$.l3$CPSValueRepresenter$$transform(CPSValueRepresenter.scala:383)
	at l3.CPSValueRepresenter$.l3$CPSValueRepresenter$$transform(CPSValueRepresenter.scala:33)
	at l3.CPSValueRepresenter$.l3$CPSValueRepresenter$$transform(CPSValueRepresenter.scala:383)
	at l3.CPSValueRepresenter$.l3$CPSValueRepresenter$$transform(CPSValueRepresenter.scala:33)
	at l3.CPSValueRepresenter$.l3$CPSValueRepresenter$$transform(CPSValueRepresenter.scala:383)
	at l3.CPSValueRepresenter$.l3$CPSValueRepresenter$$transform(CPSValueRepresenter.scala:33)
	at l3.CPSValueRepresenter$.l3$CPSValueRepresenter$$transform(CPSValueRepresenter.scala:383)
	at l3.CPSValueRepresenter$.l3$CPSValueRepresenter$$transform(CPSValueRepresenter.scala:383)
	at l3.CPSValueRepresenter$.l3$CPSValueRepresenter$$transform(CPSValueRepresenter.scala:33)
	at l3.CPSValueRepresenter$.l3$CPSValueRepresenter$$transform(CPSValueRepresenter.scala:383)
	at l3.CPSValueRepresenter$.l3$CPSValueRepresenter$$transform(CPSValueRepresenter.scala:33)
	at l3.CPSValueRepresenter$.l3$CPSValueRepresenter$$transform(CPSValueRepresenter.scala:383)
	at l3.CPSValueRepresenter$.l3$CPSValueRepresenter$$transform(CPSValueRepresenter.scala:383)
	at l3.CPSValueRepresenter$.l3$CPSValueRepresenter$$transform(CPSValueRepresenter.scala:33)
	at l3.CPSValueRepresenter$.l3$CPSValueRepresenter$$transform(CPSValueRepresenter.scala:383)
	at l3.CPSValueRepresenter$.l3$CPSValueRepresenter$$transform(CPSValueRepresenter.scala:33)
	at l3.CPSValueRepresenter$.l3$CPSValueRepresenter$$transform(CPSValueRepresenter.scala:383)
	at l3.CPSValueRepresenter$.l3$CPSValueRepresenter$$transform(CPSValueRepresenter.scala:383)
	at l3.CPSValueRepresenter$.l3$CPSValueRepresenter$$transform(CPSValueRepresenter.scala:33)
	at l3.CPSValueRepresenter$.l3$CPSValueRepresenter$$transform(CPSValueRepresenter.scala:383)
	at l3.CPSValueRepresenter$.l3$CPSValueRepresenter$$transform(CPSValueRepresenter.scala:33)
	at l3.CPSValueRepresenter$.l3$CPSValueRepresenter$$transform(CPSValueRepresenter.scala:383)
	at l3.CPSValueRepresenter$.l3$CPSValueRepresenter$$transform(CPSValueRepresenter.scala:383)
	at l3.CPSValueRepresenter$.l3$CPSValueRepresenter$$transform(CPSValueRepresenter.scala:33)
	at l3.CPSValueRepresenter$.l3$CPSValueRepresenter$$transform(CPSValueRepresenter.scala:383)
	at l3.CPSValueRepresenter$.l3$CPSValueRepresenter$$transform(CPSValueRepresenter.scala:33)
	at l3.CPSValueRepresenter$.l3$CPSValueRepresenter$$transform(CPSValueRepresenter.scala:383)
	at l3.CPSValueRepresenter$.l3$CPSValueRepresenter$$transform(CPSValueRepresenter.scala:33)
	at l3.CPSValueRepresenter$.l3$CPSValueRepresenter$$transform(CPSValueRepresenter.scala:383)
	at l3.CPSValueRepresenter$.l3$CPSValueRepresenter$$transform(CPSValueRepresenter.scala:33)
	at l3.CPSValueRepresenter$.l3$CPSValueRepresenter$$transform(CPSValueRepresenter.scala:383)
	at l3.CPSValueRepresenter$.l3$CPSValueRepresenter$$transform(CPSValueRepresenter.scala:383)
	at l3.CPSValueRepresenter$.l3$CPSValueRepresenter$$transform(CPSValueRepresenter.scala:33)
	at l3.CPSValueRepresenter$.l3$CPSValueRepresenter$$transform(CPSValueRepresenter.scala:383)
	at l3.CPSValueRepresenter$.l3$CPSValueRepresenter$$transform(CPSValueRepresenter.scala:33)
	at l3.CPSValueRepresenter$.l3$CPSValueRepresenter$$transform(CPSValueRepresenter.scala:383)
	at l3.CPSValueRepresenter$.l3$CPSValueRepresenter$$transform(CPSValueRepresenter.scala:33)
	at l3.CPSValueRepresenter$.l3$CPSValueRepresenter$$transform(CPSValueRepresenter.scala:383)
	at l3.CPSValueRepresenter$.l3$CPSValueRepresenter$$transform(CPSValueRepresenter.scala:383)
	at l3.CPSValueRepresenter$.l3$CPSValueRepresenter$$transform(CPSValueRepresenter.scala:33)
	at l3.CPSValueRepresenter$.l3$CPSValueRepresenter$$transform(CPSValueRepresenter.scala:383)
	at l3.CPSValueRepresenter$.l3$CPSValueRepresenter$$transform(CPSValueRepresenter.scala:33)
	at l3.CPSValueRepresenter$.l3$CPSValueRepresenter$$transform(CPSValueRepresenter.scala:383)
	at l3.CPSValueRepresenter$.l3$CPSValueRepresenter$$transform(CPSValueRepresenter.scala:383)
	at l3.CPSValueRepresenter$.l3$CPSValueRepresenter$$transform(CPSValueRepresenter.scala:33)
	at l3.CPSValueRepresenter$.l3$CPSValueRepresenter$$transform(CPSValueRepresenter.scala:383)
	at l3.CPSValueRepresenter$.l3$CPSValueRepresenter$$transform(CPSValueRepresenter.scala:33)
	at l3.CPSValueRepresenter$.l3$CPSValueRepresenter$$transform(CPSValueRepresenter.scala:383)
	at l3.CPSValueRepresenter$.l3$CPSValueRepresenter$$transform(CPSValueRepresenter.scala:33)
	at l3.CPSValueRepresenter$.l3$CPSValueRepresenter$$transform(CPSValueRepresenter.scala:383)
	at l3.CPSValueRepresenter$.l3$CPSValueRepresenter$$transform(CPSValueRepresenter.scala:33)
	at l3.CPSValueRepresenter$.l3$CPSValueRepresenter$$transform(CPSValueRepresenter.scala:383)
	at l3.CPSValueRepresenter$.l3$CPSValueRepresenter$$transform(CPSValueRepresenter.scala:33)
	at l3.CPSValueRepresenter$.l3$CPSValueRepresenter$$transform(CPSValueRepresenter.scala:383)
	at l3.CPSValueRepresenter$.l3$CPSValueRepresenter$$transform(CPSValueRepresenter.scala:33)
	at l3.CPSValueRepresenter$.l3$CPSValueRepresenter$$transform(CPSValueRepresenter.scala:383)
	at l3.CPSValueRepresenter$.l3$CPSValueRepresenter$$transform(CPSValueRepresenter.scala:33)
	at l3.CPSValueRepresenter$.l3$CPSValueRepresenter$$transform(CPSValueRepresenter.scala:383)
	at l3.CPSValueRepresenter$$anonfun$l3$CPSValueRepresenter$$transform$14.apply(CPSValueRepresenter.scala:328)
	at l3.CPSValueRepresenter$$anonfun$l3$CPSValueRepresenter$$transform$14.apply(CPSValueRepresenter.scala:327)
	at l3.CPSValueRepresenter$.l3$CPSValueRepresenter$$tempLetL(CPSValueRepresenter.scala:437)
	at l3.CPSValueRepresenter$.l3$CPSValueRepresenter$$transform(CPSValueRepresenter.scala:327)
	at l3.CPSValueRepresenter$.l3$CPSValueRepresenter$$transform(CPSValueRepresenter.scala:52)
	at l3.CPSValueRepresenter$.l3$CPSValueRepresenter$$transform(CPSValueRepresenter.scala:383)
	at l3.CPSValueRepresenter$.l3$CPSValueRepresenter$$transform(CPSValueRepresenter.scala:33)
	at l3.CPSValueRepresenter$.l3$CPSValueRepresenter$$transform(CPSValueRepresenter.scala:383)
	at l3.CPSValueRepresenter$$anonfun$l3$CPSValueRepresenter$$transform$14.apply(CPSValueRepresenter.scala:328)
	at l3.CPSValueRepresenter$$anonfun$l3$CPSValueRepresenter$$transform$14.apply(CPSValueRepresenter.scala:327)
	at l3.CPSValueRepresenter$.l3$CPSValueRepresenter$$tempLetL(CPSValueRepresenter.scala:437)
	at l3.CPSValueRepresenter$.l3$CPSValueRepresenter$$transform(CPSValueRepresenter.scala:327)
	at l3.CPSValueRepresenter$.l3$CPSValueRepresenter$$transform(CPSValueRepresenter.scala:52)
	at l3.CPSValueRepresenter$.l3$CPSValueRepresenter$$transform(CPSValueRepresenter.scala:383)
	at l3.CPSValueRepresenter$.l3$CPSValueRepresenter$$transform(CPSValueRepresenter.scala:33)
	at l3.CPSValueRepresenter$.l3$CPSValueRepresenter$$transform(CPSValueRepresenter.scala:383)
	at l3.CPSValueRepresenter$$anonfun$l3$CPSValueRepresenter$$transform$14.apply(CPSValueRepresenter.scala:328)
	at l3.CPSValueRepresenter$$anonfun$l3$CPSValueRepresenter$$transform$14.apply(CPSValueRepresenter.scala:327)
	at l3.CPSValueRepresenter$.l3$CPSValueRepresenter$$tempLetL(CPSValueRepresenter.scala:437)
	at l3.CPSValueRepresenter$.l3$CPSValueRepresenter$$transform(CPSValueRepresenter.scala:327)
	at l3.CPSValueRepresenter$.l3$CPSValueRepresenter$$transform(CPSValueRepresenter.scala:52)
	at l3.CPSValueRepresenter$.l3$CPSValueRepresenter$$transform(CPSValueRepresenter.scala:383)
	at l3.CPSValueRepresenter$$anonfun$l3$CPSValueRepresenter$$transform$14.apply(CPSValueRepresenter.scala:328)
	at l3.CPSValueRepresenter$$anonfun$l3$CPSValueRepresenter$$transform$14.apply(CPSValueRepresenter.scala:327)
	at l3.CPSValueRepresenter$.l3$CPSValueRepresenter$$tempLetL(CPSValueRepresenter.scala:437)
	at l3.CPSValueRepresenter$.l3$CPSValueRepresenter$$transform(CPSValueRepresenter.scala:327)
	at l3.CPSValueRepresenter$.l3$CPSValueRepresenter$$transform(CPSValueRepresenter.scala:52)
	at l3.CPSValueRepresenter$.l3$CPSValueRepresenter$$transform(CPSValueRepresenter.scala:383)
	at l3.CPSValueRepresenter$.l3$CPSValueRepresenter$$transform(CPSValueRepresenter.scala:33)
	at l3.CPSValueRepresenter$.l3$CPSValueRepresenter$$transform(CPSValueRepresenter.scala:383)
	at l3.CPSValueRepresenter$.l3$CPSValueRepresenter$$transform(CPSValueRepresenter.scala:33)
	at l3.CPSValueRepresenter$.l3$CPSValueRepresenter$$transform(CPSValueRepresenter.scala:383)
	at l3.CPSValueRepresenter$.l3$CPSValueRepresenter$$transform(CPSValueRepresenter.scala:33)
	at l3.CPSValueRepresenter$.l3$CPSValueRepresenter$$transform(CPSValueRepresenter.scala:383)
	at l3.CPSValueRepresenter$.l3$CPSValueRepresenter$$transform(CPSValueRepresenter.scala:33)
	at l3.CPSValueRepresenter$.l3$CPSValueRepresenter$$transform(CPSValueRepresenter.scala:383)
	at l3.CPSValueRepresenter$.l3$CPSValueRepresenter$$transform(CPSValueRepresenter.scala:33)
	at l3.CPSValueRepresenter$.l3$CPSValueRepresenter$$transform(CPSValueRepresenter.scala:383)
	at l3.CPSValueRepresenter$.l3$CPSValueRepresenter$$transform(CPSValueRepresenter.scala:33)
	at l3.CPSValueRepresenter$.l3$CPSValueRepresenter$$transform(CPSValueRepresenter.scala:383)
	at l3.CPSValueRepresenter$.l3$CPSValueRepresenter$$transform(CPSValueRepresenter.scala:33)
	at l3.CPSValueRepresenter$.l3$CPSValueRepresenter$$transform(CPSValueRepresenter.scala:383)
	at l3.CPSValueRepresenter$$anonfun$l3$CPSValueRepresenter$$transform$15$$anonfun$apply$24.apply(CPSValueRepresenter.scala:337)
	at l3.CPSValueRepresenter$$anonfun$l3$CPSValueRepresenter$$transform$15$$anonfun$apply$24.apply(CPSValueRepresenter.scala:335)
	at l3.CPSValueRepresenter$.l3$CPSValueRepresenter$$tempLetP(CPSValueRepresenter.scala:447)
	at l3.CPSValueRepresenter$$anonfun$l3$CPSValueRepresenter$$transform$15.apply(CPSValueRepresenter.scala:335)
	at l3.CPSValueRepresenter$$anonfun$l3$CPSValueRepresenter$$transform$15.apply(CPSValueRepresenter.scala:334)
	at l3.CPSValueRepresenter$.l3$CPSValueRepresenter$$tempLetL(CPSValueRepresenter.scala:437)
	at l3.CPSValueRepresenter$.l3$CPSValueRepresenter$$transform(CPSValueRepresenter.scala:334)
	at l3.CPSValueRepresenter$.l3$CPSValueRepresenter$$transform(CPSValueRepresenter.scala:49)
	at l3.CPSValueRepresenter$.l3$CPSValueRepresenter$$transform(CPSValueRepresenter.scala:383)
	at l3.CPSValueRepresenter$.l3$CPSValueRepresenter$$transform(CPSValueRepresenter.scala:33)
	at l3.CPSValueRepresenter$.apply(CPSValueRepresenter.scala:18)
	at l3.CPSValueRepresenter$.apply(CPSValueRepresenter.scala:16)
	at scala.Function1$$anonfun$andThen$1.apply(Function1.scala:52)
	at scala.Function1$$anonfun$andThen$1.apply(Function1.scala:52)
	at scala.Function1$$anonfun$andThen$1.apply(Function1.scala:52)
	at scala.Function1$$anonfun$andThen$1.apply(Function1.scala:52)
	at l3.test.infrastructure.CompilerTest$class.l3$test$infrastructure$CompilerTest$$compileInner(CompilerTest.scala:20)
	at l3.test.infrastructure.CompilerTest$$anonfun$compileUsingPipelineAndRedirect$1.apply(CompilerTest.scala:31)
	at l3.test.infrastructure.SandboxedTest$$anon$1.run(SandboxedTest.scala:24)
	at java.security.AccessController.doPrivileged(Native Method)
	at l3.test.infrastructure.SandboxedTest.sandboxedTest(SandboxedTest.scala:34)
	at l3.test.infrastructure.SandboxedTest.sandboxedTestWithRedirectedIO(SandboxedTest.scala:45)
	at l3.test.infrastructure.CompilerTest$class.compileUsingPipelineAndRedirect(CompilerTest.scala:31)
	at l3.test.infrastructure.CPSTest.compileUsingPipelineAndRedirect(CPSTest.scala:11)
	at l3.test.infrastructure.CPSLowTest.testCPSLowProgramOutput(CPSLowTest.scala:42)
	at l3.test.CPSValueRepresentation_Blackbox$$anonfun$1.apply(CPSValueRepresentation_Blackbox.scala:9)
	at l3.test.CPSValueRepresentation_Blackbox$$anonfun$1.apply(CPSValueRepresentation_Blackbox.scala:9)
	at l3.test.ok.LibraryOKTests$$anonfun$compileAndInterpretWithLib$1.apply(LibraryOKTests.scala:17)
	at l3.test.ok.LibraryOKTests$$anonfun$compileAndInterpretWithLib$1.apply(LibraryOKTests.scala:17)
	at l3.test.ok.LibraryOKTests$class.testLibFunctions1(LibraryOKTests.scala:20)
	at l3.test.CPSValueRepresentation_Blackbox.testLibFunctions1(CPSValueRepresentation_Blackbox.scala:7)
	at sun.reflect.NativeMethodAccessorImpl.invoke0(Native Method)
	at sun.reflect.NativeMethodAccessorImpl.invoke(NativeMethodAccessorImpl.java:62)
	at sun.reflect.DelegatingMethodAccessorImpl.invoke(DelegatingMethodAccessorImpl.java:43)
	at java.lang.reflect.Method.invoke(Method.java:497)
	at org.junit.runners.model.FrameworkMethod$1.runReflectiveCall(FrameworkMethod.java:45)
	at org.junit.internal.runners.model.ReflectiveCallable.run(ReflectiveCallable.java:15)
	at org.junit.runners.model.FrameworkMethod.invokeExplosively(FrameworkMethod.java:42)
	at org.junit.internal.runners.statements.InvokeMethod.evaluate(InvokeMethod.java:20)
	at org.junit.runners.ParentRunner.runLeaf(ParentRunner.java:263)
	at org.junit.runners.BlockJUnit4ClassRunner.runChild(BlockJUnit4ClassRunner.java:68)
	at org.junit.runners.BlockJUnit4ClassRunner.runChild(BlockJUnit4ClassRunner.java:47)
	at org.junit.runners.ParentRunner$3.run(ParentRunner.java:231)
	at org.junit.runners.ParentRunner$1.schedule(ParentRunner.java:60)
	at org.junit.runners.ParentRunner.runChildren(ParentRunner.java:229)
	at org.junit.runners.ParentRunner.access$000(ParentRunner.java:50)
	at org.junit.runners.ParentRunner$2.evaluate(ParentRunner.java:222)
	at org.junit.runners.ParentRunner.run(ParentRunner.java:300)
	at org.junit.runners.Suite.runChild(Suite.java:128)
	at org.junit.runners.Suite.runChild(Suite.java:24)
	at org.junit.runners.ParentRunner$3.run(ParentRunner.java:231)
	at org.junit.runners.ParentRunner$1.schedule(ParentRunner.java:60)
	at org.junit.runners.ParentRunner.runChildren(ParentRunner.java:229)
	at org.junit.runners.ParentRunner.access$000(ParentRunner.java:50)
	at org.junit.runners.ParentRunner$2.evaluate(ParentRunner.java:222)
	at org.junit.runners.ParentRunner.run(ParentRunner.java:300)
	at org.junit.runner.JUnitCore.run(JUnitCore.java:157)
	at org.junit.runner.JUnitCore.run(JUnitCore.java:136)
	at com.novocode.junit.JUnitRunner.run(JUnitRunner.java:87)
	at sbt.RunnerWrapper$1.runRunner2(FrameworkWrapper.java:223)
	at sbt.RunnerWrapper$1.execute(FrameworkWrapper.java:236)
	at sbt.ForkMain$Run$2.call(ForkMain.java:296)
	at sbt.ForkMain$Run$2.call(ForkMain.java:286)
	at java.util.concurrent.FutureTask.run(FutureTask.java:266)
	at java.util.concurrent.ThreadPoolExecutor.runWorker(ThreadPoolExecutor.java:1142)
	at java.util.concurrent.ThreadPoolExecutor$Worker.run(ThreadPoolExecutor.java:617)
	at java.lang.Thread.run(Thread.java:745)
</failure>
                                               </testcase><testcase classname="l3.test.CPSValueRepresentation_Blackbox" name="testLibFunctions2" time="-0.001">
                                                 <failure message="scala.MatchError: LetP(v_3931,@block-set!,List(p, i_8319, fst),LetP(begin$8505,@id,List(v_3931),LetL(i_8320,1,LetP(v_3932,@block-set!,List(p, i_8320, snd),LetP(begin$8504,@id,List(v_3932),AppC(rc_9761,List(p))))))) (of class l3.CPSTreeModule$LetP)" type="sbt.ForkMain$ForkError">sbt.ForkMain$ForkError: scala.MatchError: LetP(v_3931,@block-set!,List(p, i_8319, fst),LetP(begin$8505,@id,List(v_3931),LetL(i_8320,1,LetP(v_3932,@block-set!,List(p, i_8320, snd),LetP(begin$8504,@id,List(v_3932),AppC(rc_9761,List(p))))))) (of class l3.CPSTreeModule$LetP)
	at l3.CPSValueRepresenter$.l3$CPSValueRepresenter$$transform(CPSValueRepresenter.scala:20)
	at l3.CPSValueRepresenter$.l3$CPSValueRepresenter$$transform(CPSValueRepresenter.scala:49)
	at l3.CPSValueRepresenter$.l3$CPSValueRepresenter$$transform(CPSValueRepresenter.scala:383)
	at l3.CPSValueRepresenter$$anonfun$l3$CPSValueRepresenter$$transform$10$$anonfun$apply$18.apply(CPSValueRepresenter.scala:266)
	at l3.CPSValueRepresenter$$anonfun$l3$CPSValueRepresenter$$transform$10$$anonfun$apply$18.apply(CPSValueRepresenter.scala:265)
	at l3.CPSValueRepresenter$.l3$CPSValueRepresenter$$tempLetP(CPSValueRepresenter.scala:447)
	at l3.CPSValueRepresenter$$anonfun$l3$CPSValueRepresenter$$transform$10.apply(CPSValueRepresenter.scala:265)
	at l3.CPSValueRepresenter$$anonfun$l3$CPSValueRepresenter$$transform$10.apply(CPSValueRepresenter.scala:264)
	at l3.CPSValueRepresenter$.l3$CPSValueRepresenter$$tempLetL(CPSValueRepresenter.scala:437)
	at l3.CPSValueRepresenter$.l3$CPSValueRepresenter$$transform(CPSValueRepresenter.scala:264)
	at l3.CPSValueRepresenter$.l3$CPSValueRepresenter$$transform(CPSValueRepresenter.scala:49)
	at l3.CPSValueRepresenter$$anonfun$l3$CPSValueRepresenter$$transform$1.apply(CPSValueRepresenter.scala:31)
	at l3.CPSValueRepresenter$$anonfun$l3$CPSValueRepresenter$$transform$1.apply(CPSValueRepresenter.scala:27)
	at scala.collection.TraversableLike$$anonfun$map$1.apply(TraversableLike.scala:245)
	at scala.collection.TraversableLike$$anonfun$map$1.apply(TraversableLike.scala:245)
	at scala.collection.immutable.List.foreach(List.scala:381)
	at scala.collection.TraversableLike$class.map(TraversableLike.scala:245)
	at scala.collection.immutable.List.map(List.scala:285)
	at l3.CPSValueRepresenter$.l3$CPSValueRepresenter$$transform(CPSValueRepresenter.scala:27)
	at l3.CPSValueRepresenter$.l3$CPSValueRepresenter$$transform(CPSValueRepresenter.scala:383)
	at l3.CPSValueRepresenter$.l3$CPSValueRepresenter$$transform(CPSValueRepresenter.scala:33)
	at l3.CPSValueRepresenter$.l3$CPSValueRepresenter$$transform(CPSValueRepresenter.scala:383)
	at l3.CPSValueRepresenter$.l3$CPSValueRepresenter$$transform(CPSValueRepresenter.scala:33)
	at l3.CPSValueRepresenter$.l3$CPSValueRepresenter$$transform(CPSValueRepresenter.scala:383)
	at l3.CPSValueRepresenter$.l3$CPSValueRepresenter$$transform(CPSValueRepresenter.scala:33)
	at l3.CPSValueRepresenter$.l3$CPSValueRepresenter$$transform(CPSValueRepresenter.scala:33)
	at l3.CPSValueRepresenter$.l3$CPSValueRepresenter$$transform(CPSValueRepresenter.scala:383)
	at l3.CPSValueRepresenter$.l3$CPSValueRepresenter$$transform(CPSValueRepresenter.scala:33)
	at l3.CPSValueRepresenter$.l3$CPSValueRepresenter$$transform(CPSValueRepresenter.scala:383)
	at l3.CPSValueRepresenter$.l3$CPSValueRepresenter$$transform(CPSValueRepresenter.scala:33)
	at l3.CPSValueRepresenter$.l3$CPSValueRepresenter$$transform(CPSValueRepresenter.scala:383)
	at l3.CPSValueRepresenter$.l3$CPSValueRepresenter$$transform(CPSValueRepresenter.scala:33)
	at l3.CPSValueRepresenter$.l3$CPSValueRepresenter$$transform(CPSValueRepresenter.scala:383)
	at l3.CPSValueRepresenter$.l3$CPSValueRepresenter$$transform(CPSValueRepresenter.scala:33)
	at l3.CPSValueRepresenter$.l3$CPSValueRepresenter$$transform(CPSValueRepresenter.scala:383)
	at l3.CPSValueRepresenter$.l3$CPSValueRepresenter$$transform(CPSValueRepresenter.scala:33)
	at l3.CPSValueRepresenter$.l3$CPSValueRepresenter$$transform(CPSValueRepresenter.scala:383)
	at l3.CPSValueRepresenter$.l3$CPSValueRepresenter$$transform(CPSValueRepresenter.scala:33)
	at l3.CPSValueRepresenter$.l3$CPSValueRepresenter$$transform(CPSValueRepresenter.scala:383)
	at l3.CPSValueRepresenter$.l3$CPSValueRepresenter$$transform(CPSValueRepresenter.scala:33)
	at l3.CPSValueRepresenter$.l3$CPSValueRepresenter$$transform(CPSValueRepresenter.scala:383)
	at l3.CPSValueRepresenter$.l3$CPSValueRepresenter$$transform(CPSValueRepresenter.scala:33)
	at l3.CPSValueRepresenter$.l3$CPSValueRepresenter$$transform(CPSValueRepresenter.scala:383)
	at l3.CPSValueRepresenter$.l3$CPSValueRepresenter$$transform(CPSValueRepresenter.scala:33)
	at l3.CPSValueRepresenter$.l3$CPSValueRepresenter$$transform(CPSValueRepresenter.scala:383)
	at l3.CPSValueRepresenter$.l3$CPSValueRepresenter$$transform(CPSValueRepresenter.scala:33)
	at l3.CPSValueRepresenter$.l3$CPSValueRepresenter$$transform(CPSValueRepresenter.scala:383)
	at l3.CPSValueRepresenter$.l3$CPSValueRepresenter$$transform(CPSValueRepresenter.scala:33)
	at l3.CPSValueRepresenter$.l3$CPSValueRepresenter$$transform(CPSValueRepresenter.scala:383)
	at l3.CPSValueRepresenter$.l3$CPSValueRepresenter$$transform(CPSValueRepresenter.scala:33)
	at l3.CPSValueRepresenter$.l3$CPSValueRepresenter$$transform(CPSValueRepresenter.scala:383)
	at l3.CPSValueRepresenter$.l3$CPSValueRepresenter$$transform(CPSValueRepresenter.scala:383)
	at l3.CPSValueRepresenter$.l3$CPSValueRepresenter$$transform(CPSValueRepresenter.scala:33)
	at l3.CPSValueRepresenter$.l3$CPSValueRepresenter$$transform(CPSValueRepresenter.scala:383)
	at l3.CPSValueRepresenter$.l3$CPSValueRepresenter$$transform(CPSValueRepresenter.scala:33)
	at l3.CPSValueRepresenter$.l3$CPSValueRepresenter$$transform(CPSValueRepresenter.scala:383)
	at l3.CPSValueRepresenter$.l3$CPSValueRepresenter$$transform(CPSValueRepresenter.scala:383)
	at l3.CPSValueRepresenter$.l3$CPSValueRepresenter$$transform(CPSValueRepresenter.scala:33)
	at l3.CPSValueRepresenter$.l3$CPSValueRepresenter$$transform(CPSValueRepresenter.scala:383)
	at l3.CPSValueRepresenter$.l3$CPSValueRepresenter$$transform(CPSValueRepresenter.scala:33)
	at l3.CPSValueRepresenter$.l3$CPSValueRepresenter$$transform(CPSValueRepresenter.scala:383)
	at l3.CPSValueRepresenter$.l3$CPSValueRepresenter$$transform(CPSValueRepresenter.scala:383)
	at l3.CPSValueRepresenter$.l3$CPSValueRepresenter$$transform(CPSValueRepresenter.scala:33)
	at l3.CPSValueRepresenter$.l3$CPSValueRepresenter$$transform(CPSValueRepresenter.scala:383)
	at l3.CPSValueRepresenter$.l3$CPSValueRepresenter$$transform(CPSValueRepresenter.scala:33)
	at l3.CPSValueRepresenter$.l3$CPSValueRepresenter$$transform(CPSValueRepresenter.scala:383)
	at l3.CPSValueRepresenter$.l3$CPSValueRepresenter$$transform(CPSValueRepresenter.scala:383)
	at l3.CPSValueRepresenter$.l3$CPSValueRepresenter$$transform(CPSValueRepresenter.scala:33)
	at l3.CPSValueRepresenter$.l3$CPSValueRepresenter$$transform(CPSValueRepresenter.scala:383)
	at l3.CPSValueRepresenter$.l3$CPSValueRepresenter$$transform(CPSValueRepresenter.scala:33)
	at l3.CPSValueRepresenter$.l3$CPSValueRepresenter$$transform(CPSValueRepresenter.scala:383)
	at l3.CPSValueRepresenter$.l3$CPSValueRepresenter$$transform(CPSValueRepresenter.scala:33)
	at l3.CPSValueRepresenter$.l3$CPSValueRepresenter$$transform(CPSValueRepresenter.scala:383)
	at l3.CPSValueRepresenter$.l3$CPSValueRepresenter$$transform(CPSValueRepresenter.scala:33)
	at l3.CPSValueRepresenter$.l3$CPSValueRepresenter$$transform(CPSValueRepresenter.scala:383)
	at l3.CPSValueRepresenter$.l3$CPSValueRepresenter$$transform(CPSValueRepresenter.scala:383)
	at l3.CPSValueRepresenter$.l3$CPSValueRepresenter$$transform(CPSValueRepresenter.scala:33)
	at l3.CPSValueRepresenter$.l3$CPSValueRepresenter$$transform(CPSValueRepresenter.scala:383)
	at l3.CPSValueRepresenter$.l3$CPSValueRepresenter$$transform(CPSValueRepresenter.scala:33)
	at l3.CPSValueRepresenter$.l3$CPSValueRepresenter$$transform(CPSValueRepresenter.scala:383)
	at l3.CPSValueRepresenter$.l3$CPSValueRepresenter$$transform(CPSValueRepresenter.scala:33)
	at l3.CPSValueRepresenter$.l3$CPSValueRepresenter$$transform(CPSValueRepresenter.scala:383)
	at l3.CPSValueRepresenter$.l3$CPSValueRepresenter$$transform(CPSValueRepresenter.scala:383)
	at l3.CPSValueRepresenter$.l3$CPSValueRepresenter$$transform(CPSValueRepresenter.scala:33)
	at l3.CPSValueRepresenter$.l3$CPSValueRepresenter$$transform(CPSValueRepresenter.scala:383)
	at l3.CPSValueRepresenter$.l3$CPSValueRepresenter$$transform(CPSValueRepresenter.scala:33)
	at l3.CPSValueRepresenter$.l3$CPSValueRepresenter$$transform(CPSValueRepresenter.scala:383)
	at l3.CPSValueRepresenter$.l3$CPSValueRepresenter$$transform(CPSValueRepresenter.scala:383)
	at l3.CPSValueRepresenter$.l3$CPSValueRepresenter$$transform(CPSValueRepresenter.scala:33)
	at l3.CPSValueRepresenter$.l3$CPSValueRepresenter$$transform(CPSValueRepresenter.scala:383)
	at l3.CPSValueRepresenter$.l3$CPSValueRepresenter$$transform(CPSValueRepresenter.scala:33)
	at l3.CPSValueRepresenter$.l3$CPSValueRepresenter$$transform(CPSValueRepresenter.scala:383)
	at l3.CPSValueRepresenter$.l3$CPSValueRepresenter$$transform(CPSValueRepresenter.scala:33)
	at l3.CPSValueRepresenter$.l3$CPSValueRepresenter$$transform(CPSValueRepresenter.scala:383)
	at l3.CPSValueRepresenter$.l3$CPSValueRepresenter$$transform(CPSValueRepresenter.scala:33)
	at l3.CPSValueRepresenter$.l3$CPSValueRepresenter$$transform(CPSValueRepresenter.scala:383)
	at l3.CPSValueRepresenter$.l3$CPSValueRepresenter$$transform(CPSValueRepresenter.scala:33)
	at l3.CPSValueRepresenter$.l3$CPSValueRepresenter$$transform(CPSValueRepresenter.scala:383)
	at l3.CPSValueRepresenter$.l3$CPSValueRepresenter$$transform(CPSValueRepresenter.scala:33)
	at l3.CPSValueRepresenter$.l3$CPSValueRepresenter$$transform(CPSValueRepresenter.scala:383)
	at l3.CPSValueRepresenter$.l3$CPSValueRepresenter$$transform(CPSValueRepresenter.scala:33)
	at l3.CPSValueRepresenter$.l3$CPSValueRepresenter$$transform(CPSValueRepresenter.scala:383)
	at l3.CPSValueRepresenter$$anonfun$l3$CPSValueRepresenter$$transform$14.apply(CPSValueRepresenter.scala:328)
	at l3.CPSValueRepresenter$$anonfun$l3$CPSValueRepresenter$$transform$14.apply(CPSValueRepresenter.scala:327)
	at l3.CPSValueRepresenter$.l3$CPSValueRepresenter$$tempLetL(CPSValueRepresenter.scala:437)
	at l3.CPSValueRepresenter$.l3$CPSValueRepresenter$$transform(CPSValueRepresenter.scala:327)
	at l3.CPSValueRepresenter$.l3$CPSValueRepresenter$$transform(CPSValueRepresenter.scala:52)
	at l3.CPSValueRepresenter$.l3$CPSValueRepresenter$$transform(CPSValueRepresenter.scala:383)
	at l3.CPSValueRepresenter$.l3$CPSValueRepresenter$$transform(CPSValueRepresenter.scala:33)
	at l3.CPSValueRepresenter$.l3$CPSValueRepresenter$$transform(CPSValueRepresenter.scala:383)
	at l3.CPSValueRepresenter$$anonfun$l3$CPSValueRepresenter$$transform$14.apply(CPSValueRepresenter.scala:328)
	at l3.CPSValueRepresenter$$anonfun$l3$CPSValueRepresenter$$transform$14.apply(CPSValueRepresenter.scala:327)
	at l3.CPSValueRepresenter$.l3$CPSValueRepresenter$$tempLetL(CPSValueRepresenter.scala:437)
	at l3.CPSValueRepresenter$.l3$CPSValueRepresenter$$transform(CPSValueRepresenter.scala:327)
	at l3.CPSValueRepresenter$.l3$CPSValueRepresenter$$transform(CPSValueRepresenter.scala:52)
	at l3.CPSValueRepresenter$.l3$CPSValueRepresenter$$transform(CPSValueRepresenter.scala:383)
	at l3.CPSValueRepresenter$.l3$CPSValueRepresenter$$transform(CPSValueRepresenter.scala:33)
	at l3.CPSValueRepresenter$.l3$CPSValueRepresenter$$transform(CPSValueRepresenter.scala:383)
	at l3.CPSValueRepresenter$$anonfun$l3$CPSValueRepresenter$$transform$14.apply(CPSValueRepresenter.scala:328)
	at l3.CPSValueRepresenter$$anonfun$l3$CPSValueRepresenter$$transform$14.apply(CPSValueRepresenter.scala:327)
	at l3.CPSValueRepresenter$.l3$CPSValueRepresenter$$tempLetL(CPSValueRepresenter.scala:437)
	at l3.CPSValueRepresenter$.l3$CPSValueRepresenter$$transform(CPSValueRepresenter.scala:327)
	at l3.CPSValueRepresenter$.l3$CPSValueRepresenter$$transform(CPSValueRepresenter.scala:52)
	at l3.CPSValueRepresenter$.l3$CPSValueRepresenter$$transform(CPSValueRepresenter.scala:383)
	at l3.CPSValueRepresenter$$anonfun$l3$CPSValueRepresenter$$transform$14.apply(CPSValueRepresenter.scala:328)
	at l3.CPSValueRepresenter$$anonfun$l3$CPSValueRepresenter$$transform$14.apply(CPSValueRepresenter.scala:327)
	at l3.CPSValueRepresenter$.l3$CPSValueRepresenter$$tempLetL(CPSValueRepresenter.scala:437)
	at l3.CPSValueRepresenter$.l3$CPSValueRepresenter$$transform(CPSValueRepresenter.scala:327)
	at l3.CPSValueRepresenter$.l3$CPSValueRepresenter$$transform(CPSValueRepresenter.scala:52)
	at l3.CPSValueRepresenter$.l3$CPSValueRepresenter$$transform(CPSValueRepresenter.scala:383)
	at l3.CPSValueRepresenter$.l3$CPSValueRepresenter$$transform(CPSValueRepresenter.scala:33)
	at l3.CPSValueRepresenter$.l3$CPSValueRepresenter$$transform(CPSValueRepresenter.scala:383)
	at l3.CPSValueRepresenter$.l3$CPSValueRepresenter$$transform(CPSValueRepresenter.scala:33)
	at l3.CPSValueRepresenter$.l3$CPSValueRepresenter$$transform(CPSValueRepresenter.scala:383)
	at l3.CPSValueRepresenter$.l3$CPSValueRepresenter$$transform(CPSValueRepresenter.scala:33)
	at l3.CPSValueRepresenter$.l3$CPSValueRepresenter$$transform(CPSValueRepresenter.scala:383)
	at l3.CPSValueRepresenter$.l3$CPSValueRepresenter$$transform(CPSValueRepresenter.scala:33)
	at l3.CPSValueRepresenter$.l3$CPSValueRepresenter$$transform(CPSValueRepresenter.scala:383)
	at l3.CPSValueRepresenter$.l3$CPSValueRepresenter$$transform(CPSValueRepresenter.scala:33)
	at l3.CPSValueRepresenter$.l3$CPSValueRepresenter$$transform(CPSValueRepresenter.scala:383)
	at l3.CPSValueRepresenter$.l3$CPSValueRepresenter$$transform(CPSValueRepresenter.scala:33)
	at l3.CPSValueRepresenter$.l3$CPSValueRepresenter$$transform(CPSValueRepresenter.scala:383)
	at l3.CPSValueRepresenter$.l3$CPSValueRepresenter$$transform(CPSValueRepresenter.scala:33)
	at l3.CPSValueRepresenter$.l3$CPSValueRepresenter$$transform(CPSValueRepresenter.scala:383)
	at l3.CPSValueRepresenter$$anonfun$l3$CPSValueRepresenter$$transform$15$$anonfun$apply$24.apply(CPSValueRepresenter.scala:337)
	at l3.CPSValueRepresenter$$anonfun$l3$CPSValueRepresenter$$transform$15$$anonfun$apply$24.apply(CPSValueRepresenter.scala:335)
	at l3.CPSValueRepresenter$.l3$CPSValueRepresenter$$tempLetP(CPSValueRepresenter.scala:447)
	at l3.CPSValueRepresenter$$anonfun$l3$CPSValueRepresenter$$transform$15.apply(CPSValueRepresenter.scala:335)
	at l3.CPSValueRepresenter$$anonfun$l3$CPSValueRepresenter$$transform$15.apply(CPSValueRepresenter.scala:334)
	at l3.CPSValueRepresenter$.l3$CPSValueRepresenter$$tempLetL(CPSValueRepresenter.scala:437)
	at l3.CPSValueRepresenter$.l3$CPSValueRepresenter$$transform(CPSValueRepresenter.scala:334)
	at l3.CPSValueRepresenter$.l3$CPSValueRepresenter$$transform(CPSValueRepresenter.scala:49)
	at l3.CPSValueRepresenter$.l3$CPSValueRepresenter$$transform(CPSValueRepresenter.scala:383)
	at l3.CPSValueRepresenter$.l3$CPSValueRepresenter$$transform(CPSValueRepresenter.scala:33)
	at l3.CPSValueRepresenter$.apply(CPSValueRepresenter.scala:18)
	at l3.CPSValueRepresenter$.apply(CPSValueRepresenter.scala:16)
	at scala.Function1$$anonfun$andThen$1.apply(Function1.scala:52)
	at scala.Function1$$anonfun$andThen$1.apply(Function1.scala:52)
	at scala.Function1$$anonfun$andThen$1.apply(Function1.scala:52)
	at scala.Function1$$anonfun$andThen$1.apply(Function1.scala:52)
	at l3.test.infrastructure.CompilerTest$class.l3$test$infrastructure$CompilerTest$$compileInner(CompilerTest.scala:20)
	at l3.test.infrastructure.CompilerTest$$anonfun$compileUsingPipelineAndRedirect$1.apply(CompilerTest.scala:31)
	at l3.test.infrastructure.SandboxedTest$$anon$1.run(SandboxedTest.scala:24)
	at java.security.AccessController.doPrivileged(Native Method)
	at l3.test.infrastructure.SandboxedTest.sandboxedTest(SandboxedTest.scala:34)
	at l3.test.infrastructure.SandboxedTest.sandboxedTestWithRedirectedIO(SandboxedTest.scala:45)
	at l3.test.infrastructure.CompilerTest$class.compileUsingPipelineAndRedirect(CompilerTest.scala:31)
	at l3.test.infrastructure.CPSTest.compileUsingPipelineAndRedirect(CPSTest.scala:11)
	at l3.test.infrastructure.CPSLowTest.testCPSLowProgramOutput(CPSLowTest.scala:42)
	at l3.test.CPSValueRepresentation_Blackbox$$anonfun$1.apply(CPSValueRepresentation_Blackbox.scala:9)
	at l3.test.CPSValueRepresentation_Blackbox$$anonfun$1.apply(CPSValueRepresentation_Blackbox.scala:9)
	at l3.test.ok.LibraryOKTests$$anonfun$compileAndInterpretWithLib$1.apply(LibraryOKTests.scala:17)
	at l3.test.ok.LibraryOKTests$$anonfun$compileAndInterpretWithLib$1.apply(LibraryOKTests.scala:17)
	at l3.test.ok.LibraryOKTests$class.testLibFunctions2(LibraryOKTests.scala:27)
	at l3.test.CPSValueRepresentation_Blackbox.testLibFunctions2(CPSValueRepresentation_Blackbox.scala:7)
	at sun.reflect.NativeMethodAccessorImpl.invoke0(Native Method)
	at sun.reflect.NativeMethodAccessorImpl.invoke(NativeMethodAccessorImpl.java:62)
	at sun.reflect.DelegatingMethodAccessorImpl.invoke(DelegatingMethodAccessorImpl.java:43)
	at java.lang.reflect.Method.invoke(Method.java:497)
	at org.junit.runners.model.FrameworkMethod$1.runReflectiveCall(FrameworkMethod.java:45)
	at org.junit.internal.runners.model.ReflectiveCallable.run(ReflectiveCallable.java:15)
	at org.junit.runners.model.FrameworkMethod.invokeExplosively(FrameworkMethod.java:42)
	at org.junit.internal.runners.statements.InvokeMethod.evaluate(InvokeMethod.java:20)
	at org.junit.runners.ParentRunner.runLeaf(ParentRunner.java:263)
	at org.junit.runners.BlockJUnit4ClassRunner.runChild(BlockJUnit4ClassRunner.java:68)
	at org.junit.runners.BlockJUnit4ClassRunner.runChild(BlockJUnit4ClassRunner.java:47)
	at org.junit.runners.ParentRunner$3.run(ParentRunner.java:231)
	at org.junit.runners.ParentRunner$1.schedule(ParentRunner.java:60)
	at org.junit.runners.ParentRunner.runChildren(ParentRunner.java:229)
	at org.junit.runners.ParentRunner.access$000(ParentRunner.java:50)
	at org.junit.runners.ParentRunner$2.evaluate(ParentRunner.java:222)
	at org.junit.runners.ParentRunner.run(ParentRunner.java:300)
	at org.junit.runners.Suite.runChild(Suite.java:128)
	at org.junit.runners.Suite.runChild(Suite.java:24)
	at org.junit.runners.ParentRunner$3.run(ParentRunner.java:231)
	at org.junit.runners.ParentRunner$1.schedule(ParentRunner.java:60)
	at org.junit.runners.ParentRunner.runChildren(ParentRunner.java:229)
	at org.junit.runners.ParentRunner.access$000(ParentRunner.java:50)
	at org.junit.runners.ParentRunner$2.evaluate(ParentRunner.java:222)
	at org.junit.runners.ParentRunner.run(ParentRunner.java:300)
	at org.junit.runner.JUnitCore.run(JUnitCore.java:157)
	at org.junit.runner.JUnitCore.run(JUnitCore.java:136)
	at com.novocode.junit.JUnitRunner.run(JUnitRunner.java:87)
	at sbt.RunnerWrapper$1.runRunner2(FrameworkWrapper.java:223)
	at sbt.RunnerWrapper$1.execute(FrameworkWrapper.java:236)
	at sbt.ForkMain$Run$2.call(ForkMain.java:296)
	at sbt.ForkMain$Run$2.call(ForkMain.java:286)
	at java.util.concurrent.FutureTask.run(FutureTask.java:266)
	at java.util.concurrent.ThreadPoolExecutor.runWorker(ThreadPoolExecutor.java:1142)
	at java.util.concurrent.ThreadPoolExecutor$Worker.run(ThreadPoolExecutor.java:617)
	at java.lang.Thread.run(Thread.java:745)
</failure>
                                               </testcase><testcase classname="l3.test.CPSValueRepresentation_Blackbox" name="testLibFunctions3" time="-0.001">
                                                 <failure message="scala.MatchError: LetP(v_4073,@block-set!,List(p, i_8637, fst),LetP(begin$8678,@id,List(v_4073),LetL(i_8638,1,LetP(v_4074,@block-set!,List(p, i_8638, snd),LetP(begin$8677,@id,List(v_4074),AppC(rc_10177,List(p))))))) (of class l3.CPSTreeModule$LetP)" type="sbt.ForkMain$ForkError">sbt.ForkMain$ForkError: scala.MatchError: LetP(v_4073,@block-set!,List(p, i_8637, fst),LetP(begin$8678,@id,List(v_4073),LetL(i_8638,1,LetP(v_4074,@block-set!,List(p, i_8638, snd),LetP(begin$8677,@id,List(v_4074),AppC(rc_10177,List(p))))))) (of class l3.CPSTreeModule$LetP)
	at l3.CPSValueRepresenter$.l3$CPSValueRepresenter$$transform(CPSValueRepresenter.scala:20)
	at l3.CPSValueRepresenter$.l3$CPSValueRepresenter$$transform(CPSValueRepresenter.scala:49)
	at l3.CPSValueRepresenter$.l3$CPSValueRepresenter$$transform(CPSValueRepresenter.scala:383)
	at l3.CPSValueRepresenter$$anonfun$l3$CPSValueRepresenter$$transform$10$$anonfun$apply$18.apply(CPSValueRepresenter.scala:266)
	at l3.CPSValueRepresenter$$anonfun$l3$CPSValueRepresenter$$transform$10$$anonfun$apply$18.apply(CPSValueRepresenter.scala:265)
	at l3.CPSValueRepresenter$.l3$CPSValueRepresenter$$tempLetP(CPSValueRepresenter.scala:447)
	at l3.CPSValueRepresenter$$anonfun$l3$CPSValueRepresenter$$transform$10.apply(CPSValueRepresenter.scala:265)
	at l3.CPSValueRepresenter$$anonfun$l3$CPSValueRepresenter$$transform$10.apply(CPSValueRepresenter.scala:264)
	at l3.CPSValueRepresenter$.l3$CPSValueRepresenter$$tempLetL(CPSValueRepresenter.scala:437)
	at l3.CPSValueRepresenter$.l3$CPSValueRepresenter$$transform(CPSValueRepresenter.scala:264)
	at l3.CPSValueRepresenter$.l3$CPSValueRepresenter$$transform(CPSValueRepresenter.scala:49)
	at l3.CPSValueRepresenter$$anonfun$l3$CPSValueRepresenter$$transform$1.apply(CPSValueRepresenter.scala:31)
	at l3.CPSValueRepresenter$$anonfun$l3$CPSValueRepresenter$$transform$1.apply(CPSValueRepresenter.scala:27)
	at scala.collection.TraversableLike$$anonfun$map$1.apply(TraversableLike.scala:245)
	at scala.collection.TraversableLike$$anonfun$map$1.apply(TraversableLike.scala:245)
	at scala.collection.immutable.List.foreach(List.scala:381)
	at scala.collection.TraversableLike$class.map(TraversableLike.scala:245)
	at scala.collection.immutable.List.map(List.scala:285)
	at l3.CPSValueRepresenter$.l3$CPSValueRepresenter$$transform(CPSValueRepresenter.scala:27)
	at l3.CPSValueRepresenter$.l3$CPSValueRepresenter$$transform(CPSValueRepresenter.scala:383)
	at l3.CPSValueRepresenter$.l3$CPSValueRepresenter$$transform(CPSValueRepresenter.scala:33)
	at l3.CPSValueRepresenter$.l3$CPSValueRepresenter$$transform(CPSValueRepresenter.scala:383)
	at l3.CPSValueRepresenter$.l3$CPSValueRepresenter$$transform(CPSValueRepresenter.scala:33)
	at l3.CPSValueRepresenter$.l3$CPSValueRepresenter$$transform(CPSValueRepresenter.scala:383)
	at l3.CPSValueRepresenter$.l3$CPSValueRepresenter$$transform(CPSValueRepresenter.scala:33)
	at l3.CPSValueRepresenter$.l3$CPSValueRepresenter$$transform(CPSValueRepresenter.scala:33)
	at l3.CPSValueRepresenter$.l3$CPSValueRepresenter$$transform(CPSValueRepresenter.scala:383)
	at l3.CPSValueRepresenter$.l3$CPSValueRepresenter$$transform(CPSValueRepresenter.scala:33)
	at l3.CPSValueRepresenter$.l3$CPSValueRepresenter$$transform(CPSValueRepresenter.scala:383)
	at l3.CPSValueRepresenter$.l3$CPSValueRepresenter$$transform(CPSValueRepresenter.scala:33)
	at l3.CPSValueRepresenter$.l3$CPSValueRepresenter$$transform(CPSValueRepresenter.scala:383)
	at l3.CPSValueRepresenter$.l3$CPSValueRepresenter$$transform(CPSValueRepresenter.scala:33)
	at l3.CPSValueRepresenter$.l3$CPSValueRepresenter$$transform(CPSValueRepresenter.scala:383)
	at l3.CPSValueRepresenter$.l3$CPSValueRepresenter$$transform(CPSValueRepresenter.scala:33)
	at l3.CPSValueRepresenter$.l3$CPSValueRepresenter$$transform(CPSValueRepresenter.scala:383)
	at l3.CPSValueRepresenter$.l3$CPSValueRepresenter$$transform(CPSValueRepresenter.scala:33)
	at l3.CPSValueRepresenter$.l3$CPSValueRepresenter$$transform(CPSValueRepresenter.scala:383)
	at l3.CPSValueRepresenter$.l3$CPSValueRepresenter$$transform(CPSValueRepresenter.scala:33)
	at l3.CPSValueRepresenter$.l3$CPSValueRepresenter$$transform(CPSValueRepresenter.scala:383)
	at l3.CPSValueRepresenter$.l3$CPSValueRepresenter$$transform(CPSValueRepresenter.scala:33)
	at l3.CPSValueRepresenter$.l3$CPSValueRepresenter$$transform(CPSValueRepresenter.scala:383)
	at l3.CPSValueRepresenter$.l3$CPSValueRepresenter$$transform(CPSValueRepresenter.scala:33)
	at l3.CPSValueRepresenter$.l3$CPSValueRepresenter$$transform(CPSValueRepresenter.scala:383)
	at l3.CPSValueRepresenter$.l3$CPSValueRepresenter$$transform(CPSValueRepresenter.scala:33)
	at l3.CPSValueRepresenter$.l3$CPSValueRepresenter$$transform(CPSValueRepresenter.scala:383)
	at l3.CPSValueRepresenter$.l3$CPSValueRepresenter$$transform(CPSValueRepresenter.scala:33)
	at l3.CPSValueRepresenter$.l3$CPSValueRepresenter$$transform(CPSValueRepresenter.scala:383)
	at l3.CPSValueRepresenter$.l3$CPSValueRepresenter$$transform(CPSValueRepresenter.scala:33)
	at l3.CPSValueRepresenter$.l3$CPSValueRepresenter$$transform(CPSValueRepresenter.scala:383)
	at l3.CPSValueRepresenter$.l3$CPSValueRepresenter$$transform(CPSValueRepresenter.scala:33)
	at l3.CPSValueRepresenter$.l3$CPSValueRepresenter$$transform(CPSValueRepresenter.scala:383)
	at l3.CPSValueRepresenter$.l3$CPSValueRepresenter$$transform(CPSValueRepresenter.scala:383)
	at l3.CPSValueRepresenter$.l3$CPSValueRepresenter$$transform(CPSValueRepresenter.scala:33)
	at l3.CPSValueRepresenter$.l3$CPSValueRepresenter$$transform(CPSValueRepresenter.scala:383)
	at l3.CPSValueRepresenter$.l3$CPSValueRepresenter$$transform(CPSValueRepresenter.scala:33)
	at l3.CPSValueRepresenter$.l3$CPSValueRepresenter$$transform(CPSValueRepresenter.scala:383)
	at l3.CPSValueRepresenter$.l3$CPSValueRepresenter$$transform(CPSValueRepresenter.scala:383)
	at l3.CPSValueRepresenter$.l3$CPSValueRepresenter$$transform(CPSValueRepresenter.scala:33)
	at l3.CPSValueRepresenter$.l3$CPSValueRepresenter$$transform(CPSValueRepresenter.scala:383)
	at l3.CPSValueRepresenter$.l3$CPSValueRepresenter$$transform(CPSValueRepresenter.scala:33)
	at l3.CPSValueRepresenter$.l3$CPSValueRepresenter$$transform(CPSValueRepresenter.scala:383)
	at l3.CPSValueRepresenter$.l3$CPSValueRepresenter$$transform(CPSValueRepresenter.scala:383)
	at l3.CPSValueRepresenter$.l3$CPSValueRepresenter$$transform(CPSValueRepresenter.scala:33)
	at l3.CPSValueRepresenter$.l3$CPSValueRepresenter$$transform(CPSValueRepresenter.scala:383)
	at l3.CPSValueRepresenter$.l3$CPSValueRepresenter$$transform(CPSValueRepresenter.scala:33)
	at l3.CPSValueRepresenter$.l3$CPSValueRepresenter$$transform(CPSValueRepresenter.scala:383)
	at l3.CPSValueRepresenter$.l3$CPSValueRepresenter$$transform(CPSValueRepresenter.scala:383)
	at l3.CPSValueRepresenter$.l3$CPSValueRepresenter$$transform(CPSValueRepresenter.scala:33)
	at l3.CPSValueRepresenter$.l3$CPSValueRepresenter$$transform(CPSValueRepresenter.scala:383)
	at l3.CPSValueRepresenter$.l3$CPSValueRepresenter$$transform(CPSValueRepresenter.scala:33)
	at l3.CPSValueRepresenter$.l3$CPSValueRepresenter$$transform(CPSValueRepresenter.scala:383)
	at l3.CPSValueRepresenter$.l3$CPSValueRepresenter$$transform(CPSValueRepresenter.scala:33)
	at l3.CPSValueRepresenter$.l3$CPSValueRepresenter$$transform(CPSValueRepresenter.scala:383)
	at l3.CPSValueRepresenter$.l3$CPSValueRepresenter$$transform(CPSValueRepresenter.scala:33)
	at l3.CPSValueRepresenter$.l3$CPSValueRepresenter$$transform(CPSValueRepresenter.scala:383)
	at l3.CPSValueRepresenter$.l3$CPSValueRepresenter$$transform(CPSValueRepresenter.scala:383)
	at l3.CPSValueRepresenter$.l3$CPSValueRepresenter$$transform(CPSValueRepresenter.scala:33)
	at l3.CPSValueRepresenter$.l3$CPSValueRepresenter$$transform(CPSValueRepresenter.scala:383)
	at l3.CPSValueRepresenter$.l3$CPSValueRepresenter$$transform(CPSValueRepresenter.scala:33)
	at l3.CPSValueRepresenter$.l3$CPSValueRepresenter$$transform(CPSValueRepresenter.scala:383)
	at l3.CPSValueRepresenter$.l3$CPSValueRepresenter$$transform(CPSValueRepresenter.scala:33)
	at l3.CPSValueRepresenter$.l3$CPSValueRepresenter$$transform(CPSValueRepresenter.scala:383)
	at l3.CPSValueRepresenter$.l3$CPSValueRepresenter$$transform(CPSValueRepresenter.scala:383)
	at l3.CPSValueRepresenter$.l3$CPSValueRepresenter$$transform(CPSValueRepresenter.scala:33)
	at l3.CPSValueRepresenter$.l3$CPSValueRepresenter$$transform(CPSValueRepresenter.scala:383)
	at l3.CPSValueRepresenter$.l3$CPSValueRepresenter$$transform(CPSValueRepresenter.scala:33)
	at l3.CPSValueRepresenter$.l3$CPSValueRepresenter$$transform(CPSValueRepresenter.scala:383)
	at l3.CPSValueRepresenter$.l3$CPSValueRepresenter$$transform(CPSValueRepresenter.scala:383)
	at l3.CPSValueRepresenter$.l3$CPSValueRepresenter$$transform(CPSValueRepresenter.scala:33)
	at l3.CPSValueRepresenter$.l3$CPSValueRepresenter$$transform(CPSValueRepresenter.scala:383)
	at l3.CPSValueRepresenter$.l3$CPSValueRepresenter$$transform(CPSValueRepresenter.scala:33)
	at l3.CPSValueRepresenter$.l3$CPSValueRepresenter$$transform(CPSValueRepresenter.scala:383)
	at l3.CPSValueRepresenter$.l3$CPSValueRepresenter$$transform(CPSValueRepresenter.scala:33)
	at l3.CPSValueRepresenter$.l3$CPSValueRepresenter$$transform(CPSValueRepresenter.scala:383)
	at l3.CPSValueRepresenter$.l3$CPSValueRepresenter$$transform(CPSValueRepresenter.scala:33)
	at l3.CPSValueRepresenter$.l3$CPSValueRepresenter$$transform(CPSValueRepresenter.scala:383)
	at l3.CPSValueRepresenter$.l3$CPSValueRepresenter$$transform(CPSValueRepresenter.scala:33)
	at l3.CPSValueRepresenter$.l3$CPSValueRepresenter$$transform(CPSValueRepresenter.scala:383)
	at l3.CPSValueRepresenter$.l3$CPSValueRepresenter$$transform(CPSValueRepresenter.scala:33)
	at l3.CPSValueRepresenter$.l3$CPSValueRepresenter$$transform(CPSValueRepresenter.scala:383)
	at l3.CPSValueRepresenter$.l3$CPSValueRepresenter$$transform(CPSValueRepresenter.scala:33)
	at l3.CPSValueRepresenter$.l3$CPSValueRepresenter$$transform(CPSValueRepresenter.scala:383)
	at l3.CPSValueRepresenter$$anonfun$l3$CPSValueRepresenter$$transform$14.apply(CPSValueRepresenter.scala:328)
	at l3.CPSValueRepresenter$$anonfun$l3$CPSValueRepresenter$$transform$14.apply(CPSValueRepresenter.scala:327)
	at l3.CPSValueRepresenter$.l3$CPSValueRepresenter$$tempLetL(CPSValueRepresenter.scala:437)
	at l3.CPSValueRepresenter$.l3$CPSValueRepresenter$$transform(CPSValueRepresenter.scala:327)
	at l3.CPSValueRepresenter$.l3$CPSValueRepresenter$$transform(CPSValueRepresenter.scala:52)
	at l3.CPSValueRepresenter$.l3$CPSValueRepresenter$$transform(CPSValueRepresenter.scala:383)
	at l3.CPSValueRepresenter$.l3$CPSValueRepresenter$$transform(CPSValueRepresenter.scala:33)
	at l3.CPSValueRepresenter$.l3$CPSValueRepresenter$$transform(CPSValueRepresenter.scala:383)
	at l3.CPSValueRepresenter$$anonfun$l3$CPSValueRepresenter$$transform$14.apply(CPSValueRepresenter.scala:328)
	at l3.CPSValueRepresenter$$anonfun$l3$CPSValueRepresenter$$transform$14.apply(CPSValueRepresenter.scala:327)
	at l3.CPSValueRepresenter$.l3$CPSValueRepresenter$$tempLetL(CPSValueRepresenter.scala:437)
	at l3.CPSValueRepresenter$.l3$CPSValueRepresenter$$transform(CPSValueRepresenter.scala:327)
	at l3.CPSValueRepresenter$.l3$CPSValueRepresenter$$transform(CPSValueRepresenter.scala:52)
	at l3.CPSValueRepresenter$.l3$CPSValueRepresenter$$transform(CPSValueRepresenter.scala:383)
	at l3.CPSValueRepresenter$.l3$CPSValueRepresenter$$transform(CPSValueRepresenter.scala:33)
	at l3.CPSValueRepresenter$.l3$CPSValueRepresenter$$transform(CPSValueRepresenter.scala:383)
	at l3.CPSValueRepresenter$$anonfun$l3$CPSValueRepresenter$$transform$14.apply(CPSValueRepresenter.scala:328)
	at l3.CPSValueRepresenter$$anonfun$l3$CPSValueRepresenter$$transform$14.apply(CPSValueRepresenter.scala:327)
	at l3.CPSValueRepresenter$.l3$CPSValueRepresenter$$tempLetL(CPSValueRepresenter.scala:437)
	at l3.CPSValueRepresenter$.l3$CPSValueRepresenter$$transform(CPSValueRepresenter.scala:327)
	at l3.CPSValueRepresenter$.l3$CPSValueRepresenter$$transform(CPSValueRepresenter.scala:52)
	at l3.CPSValueRepresenter$.l3$CPSValueRepresenter$$transform(CPSValueRepresenter.scala:383)
	at l3.CPSValueRepresenter$$anonfun$l3$CPSValueRepresenter$$transform$14.apply(CPSValueRepresenter.scala:328)
	at l3.CPSValueRepresenter$$anonfun$l3$CPSValueRepresenter$$transform$14.apply(CPSValueRepresenter.scala:327)
	at l3.CPSValueRepresenter$.l3$CPSValueRepresenter$$tempLetL(CPSValueRepresenter.scala:437)
	at l3.CPSValueRepresenter$.l3$CPSValueRepresenter$$transform(CPSValueRepresenter.scala:327)
	at l3.CPSValueRepresenter$.l3$CPSValueRepresenter$$transform(CPSValueRepresenter.scala:52)
	at l3.CPSValueRepresenter$.l3$CPSValueRepresenter$$transform(CPSValueRepresenter.scala:383)
	at l3.CPSValueRepresenter$.l3$CPSValueRepresenter$$transform(CPSValueRepresenter.scala:33)
	at l3.CPSValueRepresenter$.l3$CPSValueRepresenter$$transform(CPSValueRepresenter.scala:383)
	at l3.CPSValueRepresenter$.l3$CPSValueRepresenter$$transform(CPSValueRepresenter.scala:33)
	at l3.CPSValueRepresenter$.l3$CPSValueRepresenter$$transform(CPSValueRepresenter.scala:383)
	at l3.CPSValueRepresenter$.l3$CPSValueRepresenter$$transform(CPSValueRepresenter.scala:33)
	at l3.CPSValueRepresenter$.l3$CPSValueRepresenter$$transform(CPSValueRepresenter.scala:383)
	at l3.CPSValueRepresenter$.l3$CPSValueRepresenter$$transform(CPSValueRepresenter.scala:33)
	at l3.CPSValueRepresenter$.l3$CPSValueRepresenter$$transform(CPSValueRepresenter.scala:383)
	at l3.CPSValueRepresenter$.l3$CPSValueRepresenter$$transform(CPSValueRepresenter.scala:33)
	at l3.CPSValueRepresenter$.l3$CPSValueRepresenter$$transform(CPSValueRepresenter.scala:383)
	at l3.CPSValueRepresenter$.l3$CPSValueRepresenter$$transform(CPSValueRepresenter.scala:33)
	at l3.CPSValueRepresenter$.l3$CPSValueRepresenter$$transform(CPSValueRepresenter.scala:383)
	at l3.CPSValueRepresenter$.l3$CPSValueRepresenter$$transform(CPSValueRepresenter.scala:33)
	at l3.CPSValueRepresenter$.l3$CPSValueRepresenter$$transform(CPSValueRepresenter.scala:383)
	at l3.CPSValueRepresenter$$anonfun$l3$CPSValueRepresenter$$transform$15$$anonfun$apply$24.apply(CPSValueRepresenter.scala:337)
	at l3.CPSValueRepresenter$$anonfun$l3$CPSValueRepresenter$$transform$15$$anonfun$apply$24.apply(CPSValueRepresenter.scala:335)
	at l3.CPSValueRepresenter$.l3$CPSValueRepresenter$$tempLetP(CPSValueRepresenter.scala:447)
	at l3.CPSValueRepresenter$$anonfun$l3$CPSValueRepresenter$$transform$15.apply(CPSValueRepresenter.scala:335)
	at l3.CPSValueRepresenter$$anonfun$l3$CPSValueRepresenter$$transform$15.apply(CPSValueRepresenter.scala:334)
	at l3.CPSValueRepresenter$.l3$CPSValueRepresenter$$tempLetL(CPSValueRepresenter.scala:437)
	at l3.CPSValueRepresenter$.l3$CPSValueRepresenter$$transform(CPSValueRepresenter.scala:334)
	at l3.CPSValueRepresenter$.l3$CPSValueRepresenter$$transform(CPSValueRepresenter.scala:49)
	at l3.CPSValueRepresenter$.l3$CPSValueRepresenter$$transform(CPSValueRepresenter.scala:383)
	at l3.CPSValueRepresenter$.l3$CPSValueRepresenter$$transform(CPSValueRepresenter.scala:33)
	at l3.CPSValueRepresenter$.apply(CPSValueRepresenter.scala:18)
	at l3.CPSValueRepresenter$.apply(CPSValueRepresenter.scala:16)
	at scala.Function1$$anonfun$andThen$1.apply(Function1.scala:52)
	at scala.Function1$$anonfun$andThen$1.apply(Function1.scala:52)
	at scala.Function1$$anonfun$andThen$1.apply(Function1.scala:52)
	at scala.Function1$$anonfun$andThen$1.apply(Function1.scala:52)
	at l3.test.infrastructure.CompilerTest$class.l3$test$infrastructure$CompilerTest$$compileInner(CompilerTest.scala:20)
	at l3.test.infrastructure.CompilerTest$$anonfun$compileUsingPipelineAndRedirect$1.apply(CompilerTest.scala:31)
	at l3.test.infrastructure.SandboxedTest$$anon$1.run(SandboxedTest.scala:24)
	at java.security.AccessController.doPrivileged(Native Method)
	at l3.test.infrastructure.SandboxedTest.sandboxedTest(SandboxedTest.scala:34)
	at l3.test.infrastructure.SandboxedTest.sandboxedTestWithRedirectedIO(SandboxedTest.scala:45)
	at l3.test.infrastructure.CompilerTest$class.compileUsingPipelineAndRedirect(CompilerTest.scala:31)
	at l3.test.infrastructure.CPSTest.compileUsingPipelineAndRedirect(CPSTest.scala:11)
	at l3.test.infrastructure.CPSLowTest.testCPSLowProgramOutput(CPSLowTest.scala:42)
	at l3.test.CPSValueRepresentation_Blackbox$$anonfun$1.apply(CPSValueRepresentation_Blackbox.scala:9)
	at l3.test.CPSValueRepresentation_Blackbox$$anonfun$1.apply(CPSValueRepresentation_Blackbox.scala:9)
	at l3.test.ok.LibraryOKTests$$anonfun$compileAndInterpretWithLib$1.apply(LibraryOKTests.scala:17)
	at l3.test.ok.LibraryOKTests$$anonfun$compileAndInterpretWithLib$1.apply(LibraryOKTests.scala:17)
	at l3.test.ok.LibraryOKTests$class.testLibFunctions3(LibraryOKTests.scala:34)
	at l3.test.CPSValueRepresentation_Blackbox.testLibFunctions3(CPSValueRepresentation_Blackbox.scala:7)
	at sun.reflect.NativeMethodAccessorImpl.invoke0(Native Method)
	at sun.reflect.NativeMethodAccessorImpl.invoke(NativeMethodAccessorImpl.java:62)
	at sun.reflect.DelegatingMethodAccessorImpl.invoke(DelegatingMethodAccessorImpl.java:43)
	at java.lang.reflect.Method.invoke(Method.java:497)
	at org.junit.runners.model.FrameworkMethod$1.runReflectiveCall(FrameworkMethod.java:45)
	at org.junit.internal.runners.model.ReflectiveCallable.run(ReflectiveCallable.java:15)
	at org.junit.runners.model.FrameworkMethod.invokeExplosively(FrameworkMethod.java:42)
	at org.junit.internal.runners.statements.InvokeMethod.evaluate(InvokeMethod.java:20)
	at org.junit.runners.ParentRunner.runLeaf(ParentRunner.java:263)
	at org.junit.runners.BlockJUnit4ClassRunner.runChild(BlockJUnit4ClassRunner.java:68)
	at org.junit.runners.BlockJUnit4ClassRunner.runChild(BlockJUnit4ClassRunner.java:47)
	at org.junit.runners.ParentRunner$3.run(ParentRunner.java:231)
	at org.junit.runners.ParentRunner$1.schedule(ParentRunner.java:60)
	at org.junit.runners.ParentRunner.runChildren(ParentRunner.java:229)
	at org.junit.runners.ParentRunner.access$000(ParentRunner.java:50)
	at org.junit.runners.ParentRunner$2.evaluate(ParentRunner.java:222)
	at org.junit.runners.ParentRunner.run(ParentRunner.java:300)
	at org.junit.runners.Suite.runChild(Suite.java:128)
	at org.junit.runners.Suite.runChild(Suite.java:24)
	at org.junit.runners.ParentRunner$3.run(ParentRunner.java:231)
	at org.junit.runners.ParentRunner$1.schedule(ParentRunner.java:60)
	at org.junit.runners.ParentRunner.runChildren(ParentRunner.java:229)
	at org.junit.runners.ParentRunner.access$000(ParentRunner.java:50)
	at org.junit.runners.ParentRunner$2.evaluate(ParentRunner.java:222)
	at org.junit.runners.ParentRunner.run(ParentRunner.java:300)
	at org.junit.runner.JUnitCore.run(JUnitCore.java:157)
	at org.junit.runner.JUnitCore.run(JUnitCore.java:136)
	at com.novocode.junit.JUnitRunner.run(JUnitRunner.java:87)
	at sbt.RunnerWrapper$1.runRunner2(FrameworkWrapper.java:223)
	at sbt.RunnerWrapper$1.execute(FrameworkWrapper.java:236)
	at sbt.ForkMain$Run$2.call(ForkMain.java:296)
	at sbt.ForkMain$Run$2.call(ForkMain.java:286)
	at java.util.concurrent.FutureTask.run(FutureTask.java:266)
	at java.util.concurrent.ThreadPoolExecutor.runWorker(ThreadPoolExecutor.java:1142)
	at java.util.concurrent.ThreadPoolExecutor$Worker.run(ThreadPoolExecutor.java:617)
	at java.lang.Thread.run(Thread.java:745)
</failure>
                                               </testcase><testcase classname="l3.test.CPSValueRepresentation_Blackbox" name="testPrimitiveArithmetic1" time="-0.001">
                                                 
                                               </testcase><testcase classname="l3.test.CPSValueRepresentation_Blackbox" name="testPrimitiveArithmetic2" time="-0.001">
                                                 
                                               </testcase><testcase classname="l3.test.CPSValueRepresentation_Blackbox" name="testPrimitiveArithmetic3" time="-0.001">
                                                 
                                               </testcase><testcase classname="l3.test.CPSValueRepresentation_Blackbox" name="testPrimitiveArithmetic4" time="-0.001">
                                                 
                                               </testcase><testcase classname="l3.test.CPSValueRepresentation_Blackbox" name="testPrimitiveArithmetic5" time="-0.001">
                                                 
                                               </testcase><testcase classname="l3.test.CPSValueRepresentation_Blackbox" name="testPrimitiveArithmetic6" time="-0.001">
                                                 
                                               </testcase><testcase classname="l3.test.CPSValueRepresentation_Blackbox" name="testPrimitiveArithmetic7" time="-0.001">
                                                 
                                               </testcase><testcase classname="l3.test.CPSValueRepresentation_Blackbox" name="testPrimitiveArithmetic8" time="-0.001">
                                                 
                                               </testcase><testcase classname="l3.test.CPSValueRepresentation_Blackbox" name="testPrimitiveArithmetic9" time="-0.001">
                                                 
                                               </testcase><testcase classname="l3.test.CPSValueRepresentation_Blackbox" name="testPrimitiveArithmetic10" time="-0.001">
                                                 
                                               </testcase><testcase classname="l3.test.CPSValueRepresentation_Blackbox" name="testPrimitiveBlocks1" time="-0.001">
                                                 <failure message="scala.MatchError: LetP(v_4181,@block-set!,List(string$8816, i_8866, i_8867),LetP(begin$8818,@id,List(v_4181),LetL(i_8868,1,LetL(i_8869,'K',LetP(v_4182,@block-set!,List(string$8816, i_8868, i_8869),LetP(begin$8817,@id,List(v_4182),LetP(v,@id,List(string$8816),LetC(List(CntDef(ic_261,List(v_4185),LetP(v_4184,@char-&gt;int,List(v_4185),LetP(v_4183,@byte-write,List(v_4184),LetP(begin$8820,@id,List(v_4183),LetC(List(CntDef(ic_260,List(v_4188),LetP(v_4187,@char-&gt;int,List(v_4188),LetP(v_4186,@byte-write,List(v_4187),LetP(begin$8819,@id,List(v_4186),LetP(v_4190,@char-&gt;int,List(nl),LetP(v_4189,@byte-write,List(v_4190),LetL(c0_96,0,Halt(c0_96))))))))),LetC(List(CntDef(tc_2675,List(),LetL(i_8870,'O',AppC(ic_260,List(i_8870))))),LetC(List(CntDef(fc_2673,List(),LetL(i_8871,'K',AppC(ic_260,List(i_8871))))),LetL(i_8872,1,If(@block?,List(i_8872),tc_2675,fc_2673)))))))))),LetC(List(CntDef(tc_2676,List(),LetL(i_8873,'O',AppC(ic_261,List(i_8873))))),LetC(List(CntDef(fc_2674,List(),LetL(i_8874,'K',AppC(ic_261,List(i_8874))))),If(@block?,List(v),tc_2676,fc_2674))))))))))) (of class l3.CPSTreeModule$LetP)" type="sbt.ForkMain$ForkError">sbt.ForkMain$ForkError: scala.MatchError: LetP(v_4181,@block-set!,List(string$8816, i_8866, i_8867),LetP(begin$8818,@id,List(v_4181),LetL(i_8868,1,LetL(i_8869,'K',LetP(v_4182,@block-set!,List(string$8816, i_8868, i_8869),LetP(begin$8817,@id,List(v_4182),LetP(v,@id,List(string$8816),LetC(List(CntDef(ic_261,List(v_4185),LetP(v_4184,@char-&gt;int,List(v_4185),LetP(v_4183,@byte-write,List(v_4184),LetP(begin$8820,@id,List(v_4183),LetC(List(CntDef(ic_260,List(v_4188),LetP(v_4187,@char-&gt;int,List(v_4188),LetP(v_4186,@byte-write,List(v_4187),LetP(begin$8819,@id,List(v_4186),LetP(v_4190,@char-&gt;int,List(nl),LetP(v_4189,@byte-write,List(v_4190),LetL(c0_96,0,Halt(c0_96))))))))),LetC(List(CntDef(tc_2675,List(),LetL(i_8870,'O',AppC(ic_260,List(i_8870))))),LetC(List(CntDef(fc_2673,List(),LetL(i_8871,'K',AppC(ic_260,List(i_8871))))),LetL(i_8872,1,If(@block?,List(i_8872),tc_2675,fc_2673)))))))))),LetC(List(CntDef(tc_2676,List(),LetL(i_8873,'O',AppC(ic_261,List(i_8873))))),LetC(List(CntDef(fc_2674,List(),LetL(i_8874,'K',AppC(ic_261,List(i_8874))))),If(@block?,List(v),tc_2676,fc_2674))))))))))) (of class l3.CPSTreeModule$LetP)
	at l3.CPSValueRepresenter$.l3$CPSValueRepresenter$$transform(CPSValueRepresenter.scala:20)
	at l3.CPSValueRepresenter$.l3$CPSValueRepresenter$$transform(CPSValueRepresenter.scala:52)
	at l3.CPSValueRepresenter$.l3$CPSValueRepresenter$$transform(CPSValueRepresenter.scala:49)
	at l3.CPSValueRepresenter$.l3$CPSValueRepresenter$$transform(CPSValueRepresenter.scala:383)
	at l3.CPSValueRepresenter$$anonfun$l3$CPSValueRepresenter$$transform$10$$anonfun$apply$18.apply(CPSValueRepresenter.scala:266)
	at l3.CPSValueRepresenter$$anonfun$l3$CPSValueRepresenter$$transform$10$$anonfun$apply$18.apply(CPSValueRepresenter.scala:265)
	at l3.CPSValueRepresenter$.l3$CPSValueRepresenter$$tempLetP(CPSValueRepresenter.scala:447)
	at l3.CPSValueRepresenter$$anonfun$l3$CPSValueRepresenter$$transform$10.apply(CPSValueRepresenter.scala:265)
	at l3.CPSValueRepresenter$$anonfun$l3$CPSValueRepresenter$$transform$10.apply(CPSValueRepresenter.scala:264)
	at l3.CPSValueRepresenter$.l3$CPSValueRepresenter$$tempLetL(CPSValueRepresenter.scala:437)
	at l3.CPSValueRepresenter$.l3$CPSValueRepresenter$$transform(CPSValueRepresenter.scala:264)
	at l3.CPSValueRepresenter$.l3$CPSValueRepresenter$$transform(CPSValueRepresenter.scala:49)
	at l3.CPSValueRepresenter$.l3$CPSValueRepresenter$$transform(CPSValueRepresenter.scala:383)
	at l3.CPSValueRepresenter$$anonfun$l3$CPSValueRepresenter$$transform$15$$anonfun$apply$24.apply(CPSValueRepresenter.scala:337)
	at l3.CPSValueRepresenter$$anonfun$l3$CPSValueRepresenter$$transform$15$$anonfun$apply$24.apply(CPSValueRepresenter.scala:335)
	at l3.CPSValueRepresenter$.l3$CPSValueRepresenter$$tempLetP(CPSValueRepresenter.scala:447)
	at l3.CPSValueRepresenter$$anonfun$l3$CPSValueRepresenter$$transform$15.apply(CPSValueRepresenter.scala:335)
	at l3.CPSValueRepresenter$$anonfun$l3$CPSValueRepresenter$$transform$15.apply(CPSValueRepresenter.scala:334)
	at l3.CPSValueRepresenter$.l3$CPSValueRepresenter$$tempLetL(CPSValueRepresenter.scala:437)
	at l3.CPSValueRepresenter$.l3$CPSValueRepresenter$$transform(CPSValueRepresenter.scala:334)
	at l3.CPSValueRepresenter$.l3$CPSValueRepresenter$$transform(CPSValueRepresenter.scala:49)
	at l3.CPSValueRepresenter$.apply(CPSValueRepresenter.scala:18)
	at l3.CPSValueRepresenter$.apply(CPSValueRepresenter.scala:16)
	at scala.Function1$$anonfun$andThen$1.apply(Function1.scala:52)
	at scala.Function1$$anonfun$andThen$1.apply(Function1.scala:52)
	at scala.Function1$$anonfun$andThen$1.apply(Function1.scala:52)
	at scala.Function1$$anonfun$andThen$1.apply(Function1.scala:52)
	at l3.test.infrastructure.CompilerTest$class.l3$test$infrastructure$CompilerTest$$compileInner(CompilerTest.scala:20)
	at l3.test.infrastructure.CompilerTest$$anonfun$compileUsingPipelineAndRedirect$1.apply(CompilerTest.scala:31)
	at l3.test.infrastructure.SandboxedTest$$anon$1.run(SandboxedTest.scala:24)
	at java.security.AccessController.doPrivileged(Native Method)
	at l3.test.infrastructure.SandboxedTest.sandboxedTest(SandboxedTest.scala:34)
	at l3.test.infrastructure.SandboxedTest.sandboxedTestWithRedirectedIO(SandboxedTest.scala:45)
	at l3.test.infrastructure.CompilerTest$class.compileUsingPipelineAndRedirect(CompilerTest.scala:31)
	at l3.test.infrastructure.CPSTest.compileUsingPipelineAndRedirect(CPSTest.scala:11)
	at l3.test.infrastructure.CPSLowTest.testCPSLowProgramOutput(CPSLowTest.scala:42)
	at l3.test.CPSValueRepresentation_Blackbox$$anonfun$1.apply(CPSValueRepresentation_Blackbox.scala:9)
	at l3.test.CPSValueRepresentation_Blackbox$$anonfun$1.apply(CPSValueRepresentation_Blackbox.scala:9)
	at l3.test.ok.PrimitivesOKTests$class.testPrimitiveBlocks1(PrimitivesOKTests.scala:78)
	at l3.test.CPSValueRepresentation_Blackbox.testPrimitiveBlocks1(CPSValueRepresentation_Blackbox.scala:7)
	at sun.reflect.NativeMethodAccessorImpl.invoke0(Native Method)
	at sun.reflect.NativeMethodAccessorImpl.invoke(NativeMethodAccessorImpl.java:62)
	at sun.reflect.DelegatingMethodAccessorImpl.invoke(DelegatingMethodAccessorImpl.java:43)
	at java.lang.reflect.Method.invoke(Method.java:497)
	at org.junit.runners.model.FrameworkMethod$1.runReflectiveCall(FrameworkMethod.java:45)
	at org.junit.internal.runners.model.ReflectiveCallable.run(ReflectiveCallable.java:15)
	at org.junit.runners.model.FrameworkMethod.invokeExplosively(FrameworkMethod.java:42)
	at org.junit.internal.runners.statements.InvokeMethod.evaluate(InvokeMethod.java:20)
	at org.junit.runners.ParentRunner.runLeaf(ParentRunner.java:263)
	at org.junit.runners.BlockJUnit4ClassRunner.runChild(BlockJUnit4ClassRunner.java:68)
	at org.junit.runners.BlockJUnit4ClassRunner.runChild(BlockJUnit4ClassRunner.java:47)
	at org.junit.runners.ParentRunner$3.run(ParentRunner.java:231)
	at org.junit.runners.ParentRunner$1.schedule(ParentRunner.java:60)
	at org.junit.runners.ParentRunner.runChildren(ParentRunner.java:229)
	at org.junit.runners.ParentRunner.access$000(ParentRunner.java:50)
	at org.junit.runners.ParentRunner$2.evaluate(ParentRunner.java:222)
	at org.junit.runners.ParentRunner.run(ParentRunner.java:300)
	at org.junit.runners.Suite.runChild(Suite.java:128)
	at org.junit.runners.Suite.runChild(Suite.java:24)
	at org.junit.runners.ParentRunner$3.run(ParentRunner.java:231)
	at org.junit.runners.ParentRunner$1.schedule(ParentRunner.java:60)
	at org.junit.runners.ParentRunner.runChildren(ParentRunner.java:229)
	at org.junit.runners.ParentRunner.access$000(ParentRunner.java:50)
	at org.junit.runners.ParentRunner$2.evaluate(ParentRunner.java:222)
	at org.junit.runners.ParentRunner.run(ParentRunner.java:300)
	at org.junit.runner.JUnitCore.run(JUnitCore.java:157)
	at org.junit.runner.JUnitCore.run(JUnitCore.java:136)
	at com.novocode.junit.JUnitRunner.run(JUnitRunner.java:87)
	at sbt.RunnerWrapper$1.runRunner2(FrameworkWrapper.java:223)
	at sbt.RunnerWrapper$1.execute(FrameworkWrapper.java:236)
	at sbt.ForkMain$Run$2.call(ForkMain.java:296)
	at sbt.ForkMain$Run$2.call(ForkMain.java:286)
	at java.util.concurrent.FutureTask.run(FutureTask.java:266)
	at java.util.concurrent.ThreadPoolExecutor.runWorker(ThreadPoolExecutor.java:1142)
	at java.util.concurrent.ThreadPoolExecutor$Worker.run(ThreadPoolExecutor.java:617)
	at java.lang.Thread.run(Thread.java:745)
</failure>
                                               </testcase><testcase classname="l3.test.CPSValueRepresentation_Blackbox" name="testPrimitiveBlocks2" time="-0.001">
                                                 <failure message="scala.MatchError: LetP(v_4193,@block-set!,List(string$8821, i_8877, i_8878),LetP(begin$8823,@id,List(v_4193),LetL(i_8879,1,LetL(i_8880,'K',LetP(v_4194,@block-set!,List(string$8821, i_8879, i_8880),LetP(begin$8822,@id,List(v_4194),LetP(v,@id,List(string$8821),LetL(i_8881,0,LetP(v_4197,@block-get,List(v, i_8881),LetP(v_4196,@char-&gt;int,List(v_4197),LetP(v_4195,@byte-write,List(v_4196),LetP(begin$8825,@id,List(v_4195),LetL(i_8882,1,LetP(v_4200,@block-get,List(v, i_8882),LetP(v_4199,@char-&gt;int,List(v_4200),LetP(v_4198,@byte-write,List(v_4199),LetP(begin$8824,@id,List(v_4198),LetP(v_4202,@char-&gt;int,List(nl),LetP(v_4201,@byte-write,List(v_4202),LetL(c0_97,0,Halt(c0_97))))))))))))))))))))) (of class l3.CPSTreeModule$LetP)" type="sbt.ForkMain$ForkError">sbt.ForkMain$ForkError: scala.MatchError: LetP(v_4193,@block-set!,List(string$8821, i_8877, i_8878),LetP(begin$8823,@id,List(v_4193),LetL(i_8879,1,LetL(i_8880,'K',LetP(v_4194,@block-set!,List(string$8821, i_8879, i_8880),LetP(begin$8822,@id,List(v_4194),LetP(v,@id,List(string$8821),LetL(i_8881,0,LetP(v_4197,@block-get,List(v, i_8881),LetP(v_4196,@char-&gt;int,List(v_4197),LetP(v_4195,@byte-write,List(v_4196),LetP(begin$8825,@id,List(v_4195),LetL(i_8882,1,LetP(v_4200,@block-get,List(v, i_8882),LetP(v_4199,@char-&gt;int,List(v_4200),LetP(v_4198,@byte-write,List(v_4199),LetP(begin$8824,@id,List(v_4198),LetP(v_4202,@char-&gt;int,List(nl),LetP(v_4201,@byte-write,List(v_4202),LetL(c0_97,0,Halt(c0_97))))))))))))))))))))) (of class l3.CPSTreeModule$LetP)
	at l3.CPSValueRepresenter$.l3$CPSValueRepresenter$$transform(CPSValueRepresenter.scala:20)
	at l3.CPSValueRepresenter$.l3$CPSValueRepresenter$$transform(CPSValueRepresenter.scala:52)
	at l3.CPSValueRepresenter$.l3$CPSValueRepresenter$$transform(CPSValueRepresenter.scala:49)
	at l3.CPSValueRepresenter$.l3$CPSValueRepresenter$$transform(CPSValueRepresenter.scala:383)
	at l3.CPSValueRepresenter$$anonfun$l3$CPSValueRepresenter$$transform$10$$anonfun$apply$18.apply(CPSValueRepresenter.scala:266)
	at l3.CPSValueRepresenter$$anonfun$l3$CPSValueRepresenter$$transform$10$$anonfun$apply$18.apply(CPSValueRepresenter.scala:265)
	at l3.CPSValueRepresenter$.l3$CPSValueRepresenter$$tempLetP(CPSValueRepresenter.scala:447)
	at l3.CPSValueRepresenter$$anonfun$l3$CPSValueRepresenter$$transform$10.apply(CPSValueRepresenter.scala:265)
	at l3.CPSValueRepresenter$$anonfun$l3$CPSValueRepresenter$$transform$10.apply(CPSValueRepresenter.scala:264)
	at l3.CPSValueRepresenter$.l3$CPSValueRepresenter$$tempLetL(CPSValueRepresenter.scala:437)
	at l3.CPSValueRepresenter$.l3$CPSValueRepresenter$$transform(CPSValueRepresenter.scala:264)
	at l3.CPSValueRepresenter$.l3$CPSValueRepresenter$$transform(CPSValueRepresenter.scala:49)
	at l3.CPSValueRepresenter$.l3$CPSValueRepresenter$$transform(CPSValueRepresenter.scala:383)
	at l3.CPSValueRepresenter$$anonfun$l3$CPSValueRepresenter$$transform$15$$anonfun$apply$24.apply(CPSValueRepresenter.scala:337)
	at l3.CPSValueRepresenter$$anonfun$l3$CPSValueRepresenter$$transform$15$$anonfun$apply$24.apply(CPSValueRepresenter.scala:335)
	at l3.CPSValueRepresenter$.l3$CPSValueRepresenter$$tempLetP(CPSValueRepresenter.scala:447)
	at l3.CPSValueRepresenter$$anonfun$l3$CPSValueRepresenter$$transform$15.apply(CPSValueRepresenter.scala:335)
	at l3.CPSValueRepresenter$$anonfun$l3$CPSValueRepresenter$$transform$15.apply(CPSValueRepresenter.scala:334)
	at l3.CPSValueRepresenter$.l3$CPSValueRepresenter$$tempLetL(CPSValueRepresenter.scala:437)
	at l3.CPSValueRepresenter$.l3$CPSValueRepresenter$$transform(CPSValueRepresenter.scala:334)
	at l3.CPSValueRepresenter$.l3$CPSValueRepresenter$$transform(CPSValueRepresenter.scala:49)
	at l3.CPSValueRepresenter$.apply(CPSValueRepresenter.scala:18)
	at l3.CPSValueRepresenter$.apply(CPSValueRepresenter.scala:16)
	at scala.Function1$$anonfun$andThen$1.apply(Function1.scala:52)
	at scala.Function1$$anonfun$andThen$1.apply(Function1.scala:52)
	at scala.Function1$$anonfun$andThen$1.apply(Function1.scala:52)
	at scala.Function1$$anonfun$andThen$1.apply(Function1.scala:52)
	at l3.test.infrastructure.CompilerTest$class.l3$test$infrastructure$CompilerTest$$compileInner(CompilerTest.scala:20)
	at l3.test.infrastructure.CompilerTest$$anonfun$compileUsingPipelineAndRedirect$1.apply(CompilerTest.scala:31)
	at l3.test.infrastructure.SandboxedTest$$anon$1.run(SandboxedTest.scala:24)
	at java.security.AccessController.doPrivileged(Native Method)
	at l3.test.infrastructure.SandboxedTest.sandboxedTest(SandboxedTest.scala:34)
	at l3.test.infrastructure.SandboxedTest.sandboxedTestWithRedirectedIO(SandboxedTest.scala:45)
	at l3.test.infrastructure.CompilerTest$class.compileUsingPipelineAndRedirect(CompilerTest.scala:31)
	at l3.test.infrastructure.CPSTest.compileUsingPipelineAndRedirect(CPSTest.scala:11)
	at l3.test.infrastructure.CPSLowTest.testCPSLowProgramOutput(CPSLowTest.scala:42)
	at l3.test.CPSValueRepresentation_Blackbox$$anonfun$1.apply(CPSValueRepresentation_Blackbox.scala:9)
	at l3.test.CPSValueRepresentation_Blackbox$$anonfun$1.apply(CPSValueRepresentation_Blackbox.scala:9)
	at l3.test.ok.PrimitivesOKTests$class.testPrimitiveBlocks2(PrimitivesOKTests.scala:88)
	at l3.test.CPSValueRepresentation_Blackbox.testPrimitiveBlocks2(CPSValueRepresentation_Blackbox.scala:7)
	at sun.reflect.NativeMethodAccessorImpl.invoke0(Native Method)
	at sun.reflect.NativeMethodAccessorImpl.invoke(NativeMethodAccessorImpl.java:62)
	at sun.reflect.DelegatingMethodAccessorImpl.invoke(DelegatingMethodAccessorImpl.java:43)
	at java.lang.reflect.Method.invoke(Method.java:497)
	at org.junit.runners.model.FrameworkMethod$1.runReflectiveCall(FrameworkMethod.java:45)
	at org.junit.internal.runners.model.ReflectiveCallable.run(ReflectiveCallable.java:15)
	at org.junit.runners.model.FrameworkMethod.invokeExplosively(FrameworkMethod.java:42)
	at org.junit.internal.runners.statements.InvokeMethod.evaluate(InvokeMethod.java:20)
	at org.junit.runners.ParentRunner.runLeaf(ParentRunner.java:263)
	at org.junit.runners.BlockJUnit4ClassRunner.runChild(BlockJUnit4ClassRunner.java:68)
	at org.junit.runners.BlockJUnit4ClassRunner.runChild(BlockJUnit4ClassRunner.java:47)
	at org.junit.runners.ParentRunner$3.run(ParentRunner.java:231)
	at org.junit.runners.ParentRunner$1.schedule(ParentRunner.java:60)
	at org.junit.runners.ParentRunner.runChildren(ParentRunner.java:229)
	at org.junit.runners.ParentRunner.access$000(ParentRunner.java:50)
	at org.junit.runners.ParentRunner$2.evaluate(ParentRunner.java:222)
	at org.junit.runners.ParentRunner.run(ParentRunner.java:300)
	at org.junit.runners.Suite.runChild(Suite.java:128)
	at org.junit.runners.Suite.runChild(Suite.java:24)
	at org.junit.runners.ParentRunner$3.run(ParentRunner.java:231)
	at org.junit.runners.ParentRunner$1.schedule(ParentRunner.java:60)
	at org.junit.runners.ParentRunner.runChildren(ParentRunner.java:229)
	at org.junit.runners.ParentRunner.access$000(ParentRunner.java:50)
	at org.junit.runners.ParentRunner$2.evaluate(ParentRunner.java:222)
	at org.junit.runners.ParentRunner.run(ParentRunner.java:300)
	at org.junit.runner.JUnitCore.run(JUnitCore.java:157)
	at org.junit.runner.JUnitCore.run(JUnitCore.java:136)
	at com.novocode.junit.JUnitRunner.run(JUnitRunner.java:87)
	at sbt.RunnerWrapper$1.runRunner2(FrameworkWrapper.java:223)
	at sbt.RunnerWrapper$1.execute(FrameworkWrapper.java:236)
	at sbt.ForkMain$Run$2.call(ForkMain.java:296)
	at sbt.ForkMain$Run$2.call(ForkMain.java:286)
	at java.util.concurrent.FutureTask.run(FutureTask.java:266)
	at java.util.concurrent.ThreadPoolExecutor.runWorker(ThreadPoolExecutor.java:1142)
	at java.util.concurrent.ThreadPoolExecutor$Worker.run(ThreadPoolExecutor.java:617)
	at java.lang.Thread.run(Thread.java:745)
</failure>
                                               </testcase><testcase classname="l3.test.CPSValueRepresentation_Blackbox" name="testPrimitiveBlocks3" time="-0.001">
                                                 <failure message="scala.MatchError: LetP(v_4205,@block-set!,List(string$8826, i_8885, i_8886),LetP(begin$8828,@id,List(v_4205),LetL(i_8887,1,LetL(i_8888,'K',LetP(v_4206,@block-set!,List(string$8826, i_8887, i_8888),LetP(begin$8827,@id,List(v_4206),LetP(v,@id,List(string$8826),LetL(i_8889,0,LetL(i_8890,'K',LetP(v_4207,@block-set!,List(v, i_8889, i_8890),LetP(begin$8832,@id,List(v_4207),LetL(i_8891,1,LetL(i_8892,'O',LetP(v_4208,@block-set!,List(v, i_8891, i_8892),LetP(begin$8831,@id,List(v_4208),LetL(i_8893,1,LetP(v_4211,@block-get,List(v, i_8893),LetP(v_4210,@char-&gt;int,List(v_4211),LetP(v_4209,@byte-write,List(v_4210),LetP(begin$8830,@id,List(v_4209),LetL(i_8894,0,LetP(v_4214,@block-get,List(v, i_8894),LetP(v_4213,@char-&gt;int,List(v_4214),LetP(v_4212,@byte-write,List(v_4213),LetP(begin$8829,@id,List(v_4212),LetP(v_4216,@char-&gt;int,List(nl),LetP(v_4215,@byte-write,List(v_4216),LetL(c0_98,0,Halt(c0_98))))))))))))))))))))))))))))) (of class l3.CPSTreeModule$LetP)" type="sbt.ForkMain$ForkError">sbt.ForkMain$ForkError: scala.MatchError: LetP(v_4205,@block-set!,List(string$8826, i_8885, i_8886),LetP(begin$8828,@id,List(v_4205),LetL(i_8887,1,LetL(i_8888,'K',LetP(v_4206,@block-set!,List(string$8826, i_8887, i_8888),LetP(begin$8827,@id,List(v_4206),LetP(v,@id,List(string$8826),LetL(i_8889,0,LetL(i_8890,'K',LetP(v_4207,@block-set!,List(v, i_8889, i_8890),LetP(begin$8832,@id,List(v_4207),LetL(i_8891,1,LetL(i_8892,'O',LetP(v_4208,@block-set!,List(v, i_8891, i_8892),LetP(begin$8831,@id,List(v_4208),LetL(i_8893,1,LetP(v_4211,@block-get,List(v, i_8893),LetP(v_4210,@char-&gt;int,List(v_4211),LetP(v_4209,@byte-write,List(v_4210),LetP(begin$8830,@id,List(v_4209),LetL(i_8894,0,LetP(v_4214,@block-get,List(v, i_8894),LetP(v_4213,@char-&gt;int,List(v_4214),LetP(v_4212,@byte-write,List(v_4213),LetP(begin$8829,@id,List(v_4212),LetP(v_4216,@char-&gt;int,List(nl),LetP(v_4215,@byte-write,List(v_4216),LetL(c0_98,0,Halt(c0_98))))))))))))))))))))))))))))) (of class l3.CPSTreeModule$LetP)
	at l3.CPSValueRepresenter$.l3$CPSValueRepresenter$$transform(CPSValueRepresenter.scala:20)
[...]
	at l3.CPSValueRepresenter$.l3$CPSValueRepresenter$$transform(CPSValueRepresenter.scala:20)
	at l3.CPSValueRepresenter$.l3$CPSValueRepresenter$$transform(CPSValueRepresenter.scala:49)
	at l3.CPSValueRepresenter$.l3$CPSValueRepresenter$$transform(CPSValueRepresenter.scala:383)
	at l3.CPSValueRepresenter$$anonfun$l3$CPSValueRepresenter$$transform$10$$anonfun$apply$18.apply(CPSValueRepresenter.scala:266)
	at l3.CPSValueRepresenter$$anonfun$l3$CPSValueRepresenter$$transform$10$$anonfun$apply$18.apply(CPSValueRepresenter.scala:265)
	at l3.CPSValueRepresenter$.l3$CPSValueRepresenter$$tempLetP(CPSValueRepresenter.scala:447)
	at l3.CPSValueRepresenter$$anonfun$l3$CPSValueRepresenter$$transform$10.apply(CPSValueRepresenter.scala:265)
	at l3.CPSValueRepresenter$$anonfun$l3$CPSValueRepresenter$$transform$10.apply(CPSValueRepresenter.scala:264)
	at l3.CPSValueRepresenter$.l3$CPSValueRepresenter$$tempLetL(CPSValueRepresenter.scala:437)
	at l3.CPSValueRepresenter$.l3$CPSValueRepresenter$$transform(CPSValueRepresenter.scala:264)
	at l3.CPSValueRepresenter$.l3$CPSValueRepresenter$$transform(CPSValueRepresenter.scala:49)
	at l3.CPSValueRepresenter$$anonfun$l3$CPSValueRepresenter$$transform$1.apply(CPSValueRepresenter.scala:31)
	at l3.CPSValueRepresenter$$anonfun$l3$CPSValueRepresenter$$transform$1.apply(CPSValueRepresenter.scala:27)
	at scala.collection.TraversableLike$$anonfun$map$1.apply(TraversableLike.scala:245)
	at scala.collection.TraversableLike$$anonfun$map$1.apply(TraversableLike.scala:245)
	at scala.collection.immutable.List.foreach(List.scala:381)
	at scala.collection.TraversableLike$class.map(TraversableLike.scala:245)
	at scala.collection.immutable.List.map(List.scala:285)
	at l3.CPSValueRepresenter$.l3$CPSValueRepresenter$$transform(CPSValueRepresenter.scala:27)
	at l3.CPSValueRepresenter$.l3$CPSValueRepresenter$$transform(CPSValueRepresenter.scala:383)
	at l3.CPSValueRepresenter$.l3$CPSValueRepresenter$$transform(CPSValueRepresenter.scala:33)
	at l3.CPSValueRepresenter$.l3$CPSValueRepresenter$$transform(CPSValueRepresenter.scala:383)
	at l3.CPSValueRepresenter$.l3$CPSValueRepresenter$$transform(CPSValueRepresenter.scala:33)
	at l3.CPSValueRepresenter$.l3$CPSValueRepresenter$$transform(CPSValueRepresenter.scala:383)
	at l3.CPSValueRepresenter$.l3$CPSValueRepresenter$$transform(CPSValueRepresenter.scala:33)
	at l3.CPSValueRepresenter$.l3$CPSValueRepresenter$$transform(CPSValueRepresenter.scala:33)
	at l3.CPSValueRepresenter$.l3$CPSValueRepresenter$$transform(CPSValueRepresenter.scala:383)
	at l3.CPSValueRepresenter$.l3$CPSValueRepresenter$$transform(CPSValueRepresenter.scala:33)
	at l3.CPSValueRepresenter$.l3$CPSValueRepresenter$$transform(CPSValueRepresenter.scala:383)
	at l3.CPSValueRepresenter$.l3$CPSValueRepresenter$$transform(CPSValueRepresenter.scala:33)
	at l3.CPSValueRepresenter$.l3$CPSValueRepresenter$$transform(CPSValueRepresenter.scala:383)
	at l3.CPSValueRepresenter$.l3$CPSValueRepresenter$$transform(CPSValueRepresenter.scala:33)
	at l3.CPSValueRepresenter$.l3$CPSValueRepresenter$$transform(CPSValueRepresenter.scala:383)
	at l3.CPSValueRepresenter$.l3$CPSValueRepresenter$$transform(CPSValueRepresenter.scala:33)
	at l3.CPSValueRepresenter$.l3$CPSValueRepresenter$$transform(CPSValueRepresenter.scala:383)
	at l3.CPSValueRepresenter$.l3$CPSValueRepresenter$$transform(CPSValueRepresenter.scala:33)
	at l3.CPSValueRepresenter$.l3$CPSValueRepresenter$$transform(CPSValueRepresenter.scala:383)
	at l3.CPSValueRepresenter$.l3$CPSValueRepresenter$$transform(CPSValueRepresenter.scala:33)
	at l3.CPSValueRepresenter$.l3$CPSValueRepresenter$$transform(CPSValueRepresenter.scala:383)
	at l3.CPSValueRepresenter$.l3$CPSValueRepresenter$$transform(CPSValueRepresenter.scala:33)
	at l3.CPSValueRepresenter$.l3$CPSValueRepresenter$$transform(CPSValueRepresenter.scala:383)
	at l3.CPSValueRepresenter$.l3$CPSValueRepresenter$$transform(CPSValueRepresenter.scala:33)
	at l3.CPSValueRepresenter$.l3$CPSValueRepresenter$$transform(CPSValueRepresenter.scala:383)
	at l3.CPSValueRepresenter$.l3$CPSValueRepresenter$$transform(CPSValueRepresenter.scala:33)
	at l3.CPSValueRepresenter$.l3$CPSValueRepresenter$$transform(CPSValueRepresenter.scala:383)
	at l3.CPSValueRepresenter$.l3$CPSValueRepresenter$$transform(CPSValueRepresenter.scala:33)
	at l3.CPSValueRepresenter$.l3$CPSValueRepresenter$$transform(CPSValueRepresenter.scala:383)
	at l3.CPSValueRepresenter$.l3$CPSValueRepresenter$$transform(CPSValueRepresenter.scala:33)
	at l3.CPSValueRepresenter$.l3$CPSValueRepresenter$$transform(CPSValueRepresenter.scala:383)
	at l3.CPSValueRepresenter$.l3$CPSValueRepresenter$$transform(CPSValueRepresenter.scala:33)
	at l3.CPSValueRepresenter$.l3$CPSValueRepresenter$$transform(CPSValueRepresenter.scala:383)
	at l3.CPSValueRepresenter$.l3$CPSValueRepresenter$$transform(CPSValueRepresenter.scala:383)
	at l3.CPSValueRepresenter$.l3$CPSValueRepresenter$$transform(CPSValueRepresenter.scala:33)
	at l3.CPSValueRepresenter$.l3$CPSValueRepresenter$$transform(CPSValueRepresenter.scala:383)
	at l3.CPSValueRepresenter$.l3$CPSValueRepresenter$$transform(CPSValueRepresenter.scala:33)
	at l3.CPSValueRepresenter$.l3$CPSValueRepresenter$$transform(CPSValueRepresenter.scala:383)
	at l3.CPSValueRepresenter$.l3$CPSValueRepresenter$$transform(CPSValueRepresenter.scala:383)
	at l3.CPSValueRepresenter$.l3$CPSValueRepresenter$$transform(CPSValueRepresenter.scala:33)
	at l3.CPSValueRepresenter$.l3$CPSValueRepresenter$$transform(CPSValueRepresenter.scala:383)
	at l3.CPSValueRepresenter$.l3$CPSValueRepresenter$$transform(CPSValueRepresenter.scala:33)
	at l3.CPSValueRepresenter$.l3$CPSValueRepresenter$$transform(CPSValueRepresenter.scala:383)
	at l3.CPSValueRepresenter$.l3$CPSValueRepresenter$$transform(CPSValueRepresenter.scala:383)
	at l3.CPSValueRepresenter$.l3$CPSValueRepresenter$$transform(CPSValueRepresenter.scala:33)
	at l3.CPSValueRepresenter$.l3$CPSValueRepresenter$$transform(CPSValueRepresenter.scala:383)
	at l3.CPSValueRepresenter$.l3$CPSValueRepresenter$$transform(CPSValueRepresenter.scala:33)
	at l3.CPSValueRepresenter$.l3$CPSValueRepresenter$$transform(CPSValueRepresenter.scala:383)
	at l3.CPSValueRepresenter$.l3$CPSValueRepresenter$$transform(CPSValueRepresenter.scala:383)
	at l3.CPSValueRepresenter$.l3$CPSValueRepresenter$$transform(CPSValueRepresenter.scala:33)
	at l3.CPSValueRepresenter$.l3$CPSValueRepresenter$$transform(CPSValueRepresenter.scala:383)
	at l3.CPSValueRepresenter$.l3$CPSValueRepresenter$$transform(CPSValueRepresenter.scala:33)
	at l3.CPSValueRepresenter$.l3$CPSValueRepresenter$$transform(CPSValueRepresenter.scala:383)
	at l3.CPSValueRepresenter$.l3$CPSValueRepresenter$$transform(CPSValueRepresenter.scala:33)
	at l3.CPSValueRepresenter$.l3$CPSValueRepresenter$$transform(CPSValueRepresenter.scala:383)
	at l3.CPSValueRepresenter$.l3$CPSValueRepresenter$$transform(CPSValueRepresenter.scala:33)
	at l3.CPSValueRepresenter$.l3$CPSValueRepresenter$$transform(CPSValueRepresenter.scala:383)
	at l3.CPSValueRepresenter$.l3$CPSValueRepresenter$$transform(CPSValueRepresenter.scala:383)
	at l3.CPSValueRepresenter$.l3$CPSValueRepresenter$$transform(CPSValueRepresenter.scala:33)
	at l3.CPSValueRepresenter$.l3$CPSValueRepresenter$$transform(CPSValueRepresenter.scala:383)
	at l3.CPSValueRepresenter$.l3$CPSValueRepresenter$$transform(CPSValueRepresenter.scala:33)
	at l3.CPSValueRepresenter$.l3$CPSValueRepresenter$$transform(CPSValueRepresenter.scala:383)
	at l3.CPSValueRepresenter$.l3$CPSValueRepresenter$$transform(CPSValueRepresenter.scala:33)
	at l3.CPSValueRepresenter$.l3$CPSValueRepresenter$$transform(CPSValueRepresenter.scala:383)
	at l3.CPSValueRepresenter$.l3$CPSValueRepresenter$$transform(CPSValueRepresenter.scala:383)
	at l3.CPSValueRepresenter$.l3$CPSValueRepresenter$$transform(CPSValueRepresenter.scala:33)
	at l3.CPSValueRepresenter$.l3$CPSValueRepresenter$$transform(CPSValueRepresenter.scala:383)
	at l3.CPSValueRepresenter$.l3$CPSValueRepresenter$$transform(CPSValueRepresenter.scala:33)
	at l3.CPSValueRepresenter$.l3$CPSValueRepresenter$$transform(CPSValueRepresenter.scala:383)
	at l3.CPSValueRepresenter$.l3$CPSValueRepresenter$$transform(CPSValueRepresenter.scala:383)
	at l3.CPSValueRepresenter$.l3$CPSValueRepresenter$$transform(CPSValueRepresenter.scala:33)
	at l3.CPSValueRepresenter$.l3$CPSValueRepresenter$$transform(CPSValueRepresenter.scala:383)
	at l3.CPSValueRepresenter$.l3$CPSValueRepresenter$$transform(CPSValueRepresenter.scala:33)
	at l3.CPSValueRepresenter$.l3$CPSValueRepresenter$$transform(CPSValueRepresenter.scala:383)
	at l3.CPSValueRepresenter$.l3$CPSValueRepresenter$$transform(CPSValueRepresenter.scala:33)
	at l3.CPSValueRepresenter$.l3$CPSValueRepresenter$$transform(CPSValueRepresenter.scala:383)
	at l3.CPSValueRepresenter$.l3$CPSValueRepresenter$$transform(CPSValueRepresenter.scala:33)
	at l3.CPSValueRepresenter$.l3$CPSValueRepresenter$$transform(CPSValueRepresenter.scala:383)
	at l3.CPSValueRepresenter$.l3$CPSValueRepresenter$$transform(CPSValueRepresenter.scala:33)
	at l3.CPSValueRepresenter$.l3$CPSValueRepresenter$$transform(CPSValueRepresenter.scala:383)
	at l3.CPSValueRepresenter$.l3$CPSValueRepresenter$$transform(CPSValueRepresenter.scala:33)
	at l3.CPSValueRepresenter$.l3$CPSValueRepresenter$$transform(CPSValueRepresenter.scala:383)
	at l3.CPSValueRepresenter$.l3$CPSValueRepresenter$$transform(CPSValueRepresenter.scala:33)
	at l3.CPSValueRepresenter$.l3$CPSValueRepresenter$$transform(CPSValueRepresenter.scala:383)
	at l3.CPSValueRepresenter$$anonfun$l3$CPSValueRepresenter$$transform$14.apply(CPSValueRepresenter.scala:328)
	at l3.CPSValueRepresenter$$anonfun$l3$CPSValueRepresenter$$transform$14.apply(CPSValueRepresenter.scala:327)
	at l3.CPSValueRepresenter$.l3$CPSValueRepresenter$$tempLetL(CPSValueRepresenter.scala:437)
	at l3.CPSValueRepresenter$.l3$CPSValueRepresenter$$transform(CPSValueRepresenter.scala:327)
	at l3.CPSValueRepresenter$.l3$CPSValueRepresenter$$transform(CPSValueRepresenter.scala:52)
	at l3.CPSValueRepresenter$.l3$CPSValueRepresenter$$transform(CPSValueRepresenter.scala:383)
	at l3.CPSValueRepresenter$.l3$CPSValueRepresenter$$transform(CPSValueRepresenter.scala:33)
	at l3.CPSValueRepresenter$.l3$CPSValueRepresenter$$transform(CPSValueRepresenter.scala:383)
	at l3.CPSValueRepresenter$$anonfun$l3$CPSValueRepresenter$$transform$14.apply(CPSValueRepresenter.scala:328)
	at l3.CPSValueRepresenter$$anonfun$l3$CPSValueRepresenter$$transform$14.apply(CPSValueRepresenter.scala:327)
	at l3.CPSValueRepresenter$.l3$CPSValueRepresenter$$tempLetL(CPSValueRepresenter.scala:437)
	at l3.CPSValueRepresenter$.l3$CPSValueRepresenter$$transform(CPSValueRepresenter.scala:327)
	at l3.CPSValueRepresenter$.l3$CPSValueRepresenter$$transform(CPSValueRepresenter.scala:52)
	at l3.CPSValueRepresenter$.l3$CPSValueRepresenter$$transform(CPSValueRepresenter.scala:383)
	at l3.CPSValueRepresenter$.l3$CPSValueRepresenter$$transform(CPSValueRepresenter.scala:33)
	at l3.CPSValueRepresenter$.l3$CPSValueRepresenter$$transform(CPSValueRepresenter.scala:383)
	at l3.CPSValueRepresenter$$anonfun$l3$CPSValueRepresenter$$transform$14.apply(CPSValueRepresenter.scala:328)
	at l3.CPSValueRepresenter$$anonfun$l3$CPSValueRepresenter$$transform$14.apply(CPSValueRepresenter.scala:327)
	at l3.CPSValueRepresenter$.l3$CPSValueRepresenter$$tempLetL(CPSValueRepresenter.scala:437)
	at l3.CPSValueRepresenter$.l3$CPSValueRepresenter$$transform(CPSValueRepresenter.scala:327)
	at l3.CPSValueRepresenter$.l3$CPSValueRepresenter$$transform(CPSValueRepresenter.scala:52)
	at l3.CPSValueRepresenter$.l3$CPSValueRepresenter$$transform(CPSValueRepresenter.scala:383)
	at l3.CPSValueRepresenter$$anonfun$l3$CPSValueRepresenter$$transform$14.apply(CPSValueRepresenter.scala:328)
	at l3.CPSValueRepresenter$$anonfun$l3$CPSValueRepresenter$$transform$14.apply(CPSValueRepresenter.scala:327)
	at l3.CPSValueRepresenter$.l3$CPSValueRepresenter$$tempLetL(CPSValueRepresenter.scala:437)
	at l3.CPSValueRepresenter$.l3$CPSValueRepresenter$$transform(CPSValueRepresenter.scala:327)
	at l3.CPSValueRepresenter$.l3$CPSValueRepresenter$$transform(CPSValueRepresenter.scala:52)
	at l3.CPSValueRepresenter$.l3$CPSValueRepresenter$$transform(CPSValueRepresenter.scala:383)
	at l3.CPSValueRepresenter$.l3$CPSValueRepresenter$$transform(CPSValueRepresenter.scala:33)
	at l3.CPSValueRepresenter$.l3$CPSValueRepresenter$$transform(CPSValueRepresenter.scala:383)
	at l3.CPSValueRepresenter$.l3$CPSValueRepresenter$$transform(CPSValueRepresenter.scala:33)
	at l3.CPSValueRepresenter$.l3$CPSValueRepresenter$$transform(CPSValueRepresenter.scala:383)
	at l3.CPSValueRepresenter$.l3$CPSValueRepresenter$$transform(CPSValueRepresenter.scala:33)
	at l3.CPSValueRepresenter$.l3$CPSValueRepresenter$$transform(CPSValueRepresenter.scala:383)
	at l3.CPSValueRepresenter$.l3$CPSValueRepresenter$$transform(CPSValueRepresenter.scala:33)
	at l3.CPSValueRepresenter$.l3$CPSValueRepresenter$$transform(CPSValueRepresenter.scala:383)
	at l3.CPSValueRepresenter$.l3$CPSValueRepresenter$$transform(CPSValueRepresenter.scala:33)
	at l3.CPSValueRepresenter$.l3$CPSValueRepresenter$$transform(CPSValueRepresenter.scala:383)
	at l3.CPSValueRepresenter$.l3$CPSValueRepresenter$$transform(CPSValueRepresenter.scala:33)
	at l3.CPSValueRepresenter$.l3$CPSValueRepresenter$$transform(CPSValueRepresenter.scala:383)
	at l3.CPSValueRepresenter$.l3$CPSValueRepresenter$$transform(CPSValueRepresenter.scala:33)
	at l3.CPSValueRepresenter$.l3$CPSValueRepresenter$$transform(CPSValueRepresenter.scala:383)
	at l3.CPSValueRepresenter$$anonfun$l3$CPSValueRepresenter$$transform$15$$anonfun$apply$24.apply(CPSValueRepresenter.scala:337)
	at l3.CPSValueRepresenter$$anonfun$l3$CPSValueRepresenter$$transform$15$$anonfun$apply$24.apply(CPSValueRepresenter.scala:335)
	at l3.CPSValueRepresenter$.l3$CPSValueRepresenter$$tempLetP(CPSValueRepresenter.scala:447)
	at l3.CPSValueRepresenter$$anonfun$l3$CPSValueRepresenter$$transform$15.apply(CPSValueRepresenter.scala:335)
	at l3.CPSValueRepresenter$$anonfun$l3$CPSValueRepresenter$$transform$15.apply(CPSValueRepresenter.scala:334)
	at l3.CPSValueRepresenter$.l3$CPSValueRepresenter$$tempLetL(CPSValueRepresenter.scala:437)
	at l3.CPSValueRepresenter$.l3$CPSValueRepresenter$$transform(CPSValueRepresenter.scala:334)
	at l3.CPSValueRepresenter$.l3$CPSValueRepresenter$$transform(CPSValueRepresenter.scala:49)
	at l3.CPSValueRepresenter$.l3$CPSValueRepresenter$$transform(CPSValueRepresenter.scala:383)
	at l3.CPSValueRepresenter$.l3$CPSValueRepresenter$$transform(CPSValueRepresenter.scala:33)
	at l3.CPSValueRepresenter$.apply(CPSValueRepresenter.scala:18)
	at l3.CPSValueRepresenter$.apply(CPSValueRepresenter.scala:16)
	at scala.Function1$$anonfun$andThen$1.apply(Function1.scala:52)
	at scala.Function1$$anonfun$andThen$1.apply(Function1.scala:52)
	at scala.Function1$$anonfun$andThen$1.apply(Function1.scala:52)
	at scala.Function1$$anonfun$andThen$1.apply(Function1.scala:52)
	at l3.test.infrastructure.CompilerTest$class.l3$test$infrastructure$CompilerTest$$compileInner(CompilerTest.scala:20)
	at l3.test.infrastructure.CompilerTest$$anonfun$compileUsingPipelineAndRedirect$1.apply(CompilerTest.scala:31)
	at l3.test.infrastructure.SandboxedTest$$anon$1.run(SandboxedTest.scala:24)
	at java.security.AccessController.doPrivileged(Native Method)
	at l3.test.infrastructure.SandboxedTest.sandboxedTest(SandboxedTest.scala:34)
	at l3.test.infrastructure.SandboxedTest.sandboxedTestWithRedirectedIO(SandboxedTest.scala:45)
	at l3.test.infrastructure.CompilerTest$class.compileUsingPipelineAndRedirect(CompilerTest.scala:31)
	at l3.test.infrastructure.CPSTest.compileUsingPipelineAndRedirect(CPSTest.scala:11)
	at l3.test.infrastructure.CPSLowTest.testCPSLowProgramOutput(CPSLowTest.scala:42)
	at l3.test.CPSValueRepresentation_Blackbox$$anonfun$1.apply(CPSValueRepresentation_Blackbox.scala:9)
	at l3.test.CPSValueRepresentation_Blackbox$$anonfun$1.apply(CPSValueRepresentation_Blackbox.scala:9)
	at l3.test.ok.LibraryOKTests$$anonfun$compileAndInterpretWithLib$1.apply(LibraryOKTests.scala:17)
	at l3.test.ok.LibraryOKTests$$anonfun$compileAndInterpretWithLib$1.apply(LibraryOKTests.scala:17)
	at l3.test.ok.LibraryOKTests$class.testLibStrings4(LibraryOKTests.scala:168)
	at l3.test.CPSValueRepresentation_Blackbox.testLibStrings4(CPSValueRepresentation_Blackbox.scala:7)
	at sun.reflect.NativeMethodAccessorImpl.invoke0(Native Method)
	at sun.reflect.NativeMethodAccessorImpl.invoke(NativeMethodAccessorImpl.java:62)
	at sun.reflect.DelegatingMethodAccessorImpl.invoke(DelegatingMethodAccessorImpl.java:43)
	at java.lang.reflect.Method.invoke(Method.java:497)
	at org.junit.runners.model.FrameworkMethod$1.runReflectiveCall(FrameworkMethod.java:45)
	at org.junit.internal.runners.model.ReflectiveCallable.run(ReflectiveCallable.java:15)
	at org.junit.runners.model.FrameworkMethod.invokeExplosively(FrameworkMethod.java:42)
	at org.junit.internal.runners.statements.InvokeMethod.evaluate(InvokeMethod.java:20)
	at org.junit.runners.ParentRunner.runLeaf(ParentRunner.java:263)
	at org.junit.runners.BlockJUnit4ClassRunner.runChild(BlockJUnit4ClassRunner.java:68)
	at org.junit.runners.BlockJUnit4ClassRunner.runChild(BlockJUnit4ClassRunner.java:47)
	at org.junit.runners.ParentRunner$3.run(ParentRunner.java:231)
	at org.junit.runners.ParentRunner$1.schedule(ParentRunner.java:60)
	at org.junit.runners.ParentRunner.runChildren(ParentRunner.java:229)
	at org.junit.runners.ParentRunner.access$000(ParentRunner.java:50)
	at org.junit.runners.ParentRunner$2.evaluate(ParentRunner.java:222)
	at org.junit.runners.ParentRunner.run(ParentRunner.java:300)
	at org.junit.runners.Suite.runChild(Suite.java:128)
	at org.junit.runners.Suite.runChild(Suite.java:24)
	at org.junit.runners.ParentRunner$3.run(ParentRunner.java:231)
	at org.junit.runners.ParentRunner$1.schedule(ParentRunner.java:60)
	at org.junit.runners.ParentRunner.runChildren(ParentRunner.java:229)
	at org.junit.runners.ParentRunner.access$000(ParentRunner.java:50)
	at org.junit.runners.ParentRunner$2.evaluate(ParentRunner.java:222)
	at org.junit.runners.ParentRunner.run(ParentRunner.java:300)
	at org.junit.runner.JUnitCore.run(JUnitCore.java:157)
	at org.junit.runner.JUnitCore.run(JUnitCore.java:136)
	at com.novocode.junit.JUnitRunner.run(JUnitRunner.java:87)
	at sbt.RunnerWrapper$1.runRunner2(FrameworkWrapper.java:223)
	at sbt.RunnerWrapper$1.execute(FrameworkWrapper.java:236)
	at sbt.ForkMain$Run$2.call(ForkMain.java:296)
	at sbt.ForkMain$Run$2.call(ForkMain.java:286)
	at java.util.concurrent.FutureTask.run(FutureTask.java:266)
	at java.util.concurrent.ThreadPoolExecutor.runWorker(ThreadPoolExecutor.java:1142)
	at java.util.concurrent.ThreadPoolExecutor$Worker.run(ThreadPoolExecutor.java:617)
	at java.lang.Thread.run(Thread.java:745)
</failure>
                                               </testcase><testcase classname="l3.test.CPSValueRepresentation_Blackbox" name="testConditional1" time="-0.001">
                                                 
                                               </testcase><testcase classname="l3.test.CPSValueRepresentation_Blackbox" name="testConditional2" time="-0.001">
                                                 
                                               </testcase><testcase classname="l3.test.CPSValueRepresentation_Blackbox" name="testConditional3" time="-0.001">
                                                 
                                               </testcase><testcase classname="l3.test.CPSValueRepresentation_Blackbox" name="testConditional4" time="-0.001">
                                                 
                                               </testcase><testcase classname="l3.test.CPSValueRepresentation_Blackbox" name="testDesugaringIf" time="-0.001">
                                                 
                                               </testcase>
                     <system-out></system-out>
                     <system-err></system-err>
                   </testsuite>