<?xml version='1.0' encoding='UTF-8'?>
<testsuite hostname="localhost" name="l3.test.CPSValueRepresentation_Whitebox" tests="1" errors="0" failures="1" time="-0.001">
                     <properties>
[...]
</properties>
                     <testcase classname="l3.test.CPSValueRepresentation_Whitebox" name="testValueReprOnePlusTwo" time="-0.001">
                                                 <failure message="scala.MatchError: LetP(t_91191,@+,List(i_24024, i_24025),LetL(t_91192,1,LetP(v_12105,@-,List(t_91191, t_91192),LetL(c0_273,1,LetL(t_91193,1,LetP(t_91194,@&gt;&gt;,List(c0_273, t_91193),Halt(t_91194))))))) (of class l3.CPSTreeModule$LetP)" type="sbt.ForkMain$ForkError">sbt.ForkMain$ForkError: scala.MatchError: LetP(t_91191,@+,List(i_24024, i_24025),LetL(t_91192,1,LetP(v_12105,@-,List(t_91191, t_91192),LetL(c0_273,1,LetL(t_91193,1,LetP(t_91194,@&gt;&gt;,List(c0_273, t_91193),Halt(t_91194))))))) (of class l3.CPSTreeModule$LetP)
	at l3.CPSHoister$.hoist(CPSHoister.scala:9)
	at l3.CPSHoister$.hoist(CPSHoister.scala:11)
	at l3.CPSHoister$.hoist(CPSHoister.scala:11)
	at l3.CPSHoister$.apply(CPSHoister.scala:7)
	at l3.CPSHoister$.apply(CPSHoister.scala:5)
	at scala.Function1$$anonfun$andThen$1.apply(Function1.scala:52)
	at scala.Function1$$anonfun$andThen$1.apply(Function1.scala:52)
	at scala.Function1$$anonfun$andThen$1.apply(Function1.scala:52)
	at l3.test.infrastructure.CompilerTest$class.l3$test$infrastructure$CompilerTest$$compileInner(CompilerTest.scala:20)
	at l3.test.infrastructure.CompilerTest$$anonfun$compileUsingPipeline$1.apply(CompilerTest.scala:28)
	at l3.test.infrastructure.SandboxedTest$$anon$1.run(SandboxedTest.scala:24)
	at java.security.AccessController.doPrivileged(Native Method)
	at l3.test.infrastructure.SandboxedTest.sandboxedTest(SandboxedTest.scala:34)
	at l3.test.infrastructure.CompilerTest$class.compileUsingPipeline(CompilerTest.scala:28)
	at l3.test.infrastructure.CPSTest.compileUsingPipeline(CPSTest.scala:11)
	at l3.test.infrastructure.CPSLowTest.testCPSLowTreeEquality(CPSLowTest.scala:26)
	at l3.test.CPSValueRepresentation_Whitebox.testValueReprOnePlusTwo(CPSValueRepresentation_Whitebox.scala:15)
	at sun.reflect.NativeMethodAccessorImpl.invoke0(Native Method)
	at sun.reflect.NativeMethodAccessorImpl.invoke(NativeMethodAccessorImpl.java:62)
	at sun.reflect.DelegatingMethodAccessorImpl.invoke(DelegatingMethodAccessorImpl.java:43)
	at java.lang.reflect.Method.invoke(Method.java:497)
	at org.junit.runners.model.FrameworkMethod$1.runReflectiveCall(FrameworkMethod.java:45)
	at org.junit.internal.runners.model.ReflectiveCallable.run(ReflectiveCallable.java:15)
	at org.junit.runners.model.FrameworkMethod.invokeExplosively(FrameworkMethod.java:42)
	at org.junit.internal.runners.statements.InvokeMethod.evaluate(InvokeMethod.java:20)
	at org.junit.runners.ParentRunner.runLeaf(ParentRunner.java:263)
	at org.junit.runners.BlockJUnit4ClassRunner.runChild(BlockJUnit4ClassRunner.java:68)
	at org.junit.runners.BlockJUnit4ClassRunner.runChild(BlockJUnit4ClassRunner.java:47)
	at org.junit.runners.ParentRunner$3.run(ParentRunner.java:231)
	at org.junit.runners.ParentRunner$1.schedule(ParentRunner.java:60)
	at org.junit.runners.ParentRunner.runChildren(ParentRunner.java:229)
	at org.junit.runners.ParentRunner.access$000(ParentRunner.java:50)
	at org.junit.runners.ParentRunner$2.evaluate(ParentRunner.java:222)
	at org.junit.runners.ParentRunner.run(ParentRunner.java:300)
	at org.junit.runners.Suite.runChild(Suite.java:128)
	at org.junit.runners.Suite.runChild(Suite.java:24)
	at org.junit.runners.ParentRunner$3.run(ParentRunner.java:231)
	at org.junit.runners.ParentRunner$1.schedule(ParentRunner.java:60)
	at org.junit.runners.ParentRunner.runChildren(ParentRunner.java:229)
	at org.junit.runners.ParentRunner.access$000(ParentRunner.java:50)
	at org.junit.runners.ParentRunner$2.evaluate(ParentRunner.java:222)
	at org.junit.runners.ParentRunner.run(ParentRunner.java:300)
	at org.junit.runner.JUnitCore.run(JUnitCore.java:157)
	at org.junit.runner.JUnitCore.run(JUnitCore.java:136)
	at com.novocode.junit.JUnitRunner.run(JUnitRunner.java:87)
	at sbt.RunnerWrapper$1.runRunner2(FrameworkWrapper.java:223)
	at sbt.RunnerWrapper$1.execute(FrameworkWrapper.java:236)
	at sbt.ForkMain$Run$2.call(ForkMain.java:296)
	at sbt.ForkMain$Run$2.call(ForkMain.java:286)
	at java.util.concurrent.FutureTask.run(FutureTask.java:266)
	at java.util.concurrent.ThreadPoolExecutor.runWorker(ThreadPoolExecutor.java:1142)
	at java.util.concurrent.ThreadPoolExecutor$Worker.run(ThreadPoolExecutor.java:617)
	at java.lang.Thread.run(Thread.java:745)
</failure>
                                               </testcase>
                     <system-out></system-out>
                     <system-err></system-err>
                   </testsuite>