<?xml version='1.0' encoding='UTF-8'?>
<testsuite hostname="Prashant-PC" name="l3.test.CL3ToCPS_Whitebox_NonTail" tests="9" errors="0" failures="0" time="-0.009">
                     <properties>
[...]
</properties>
                     <testcase classname="l3.test.CL3ToCPS_Whitebox_NonTail" name="testNonTailLiteral" time="-0.001">
                                                 
                                               </testcase><testcase classname="l3.test.CL3ToCPS_Whitebox_NonTail" name="testNonTailMultiLet" time="-0.001">
                                                 
                                               </testcase><testcase classname="l3.test.CL3ToCPS_Whitebox_NonTail" name="testNonTailSingleLetRec" time="-0.001">
                                                 
                                               </testcase><testcase classname="l3.test.CL3ToCPS_Whitebox_NonTail" name="testNonTailMultiLetRec" time="-0.001">
                                                 
                                               </testcase><testcase classname="l3.test.CL3ToCPS_Whitebox_NonTail" name="testNonTailSingleLetRecAndApp" time="-0.001">
                                                 
                                               </testcase><testcase classname="l3.test.CL3ToCPS_Whitebox_NonTail" name="testNonTailMultiLetRecAndApp" time="-0.001">
                                                 
                                               </testcase><testcase classname="l3.test.CL3ToCPS_Whitebox_NonTail" name="testNonTailTestPrimitive" time="-0.001">
                                                 
                                               </testcase><testcase classname="l3.test.CL3ToCPS_Whitebox_NonTail" name="testNonTailValuePrimitive" time="-0.001">
                                                 
                                               </testcase><testcase classname="l3.test.CL3ToCPS_Whitebox_NonTail" name="testNonTailIf" time="-0.001">
                                                 
                                               </testcase>
                     <system-out></system-out>
                     <system-err></system-err>
                   </testsuite>