<?xml version='1.0' encoding='UTF-8'?>
<testsuite hostname="localhost" name="l3.test.CL3ToCPS_Blackbox" tests="73" errors="0" failures="0" time="-0.073">
                     <properties>
[...]
</properties>
                     <testcase classname="l3.test.CL3ToCPS_Blackbox" name="testAppOrder" time="-0.001">
                                                 
                                               </testcase><testcase classname="l3.test.CL3ToCPS_Blackbox" name="testLetrec" time="-0.001">
                                                 
                                               </testcase><testcase classname="l3.test.CL3ToCPS_Blackbox" name="testLibFunctions1" time="-0.001">
                                                 
                                               </testcase><testcase classname="l3.test.CL3ToCPS_Blackbox" name="testLibFunctions2" time="-0.001">
                                                 
                                               </testcase><testcase classname="l3.test.CL3ToCPS_Blackbox" name="testLibFunctions3" time="-0.001">
                                                 
                                               </testcase><testcase classname="l3.test.CL3ToCPS_Blackbox" name="testLibLists1" time="-0.001">
                                                 
                                               </testcase><testcase classname="l3.test.CL3ToCPS_Blackbox" name="testLibLists2" time="-0.001">
                                                 
                                               </testcase><testcase classname="l3.test.CL3ToCPS_Blackbox" name="testLibLists3" time="-0.001">
                                                 
                                               </testcase><testcase classname="l3.test.CL3ToCPS_Blackbox" name="testLibLists4" time="-0.001">
                                                 
                                               </testcase><testcase classname="l3.test.CL3ToCPS_Blackbox" name="testLibLists5" time="-0.001">
                                                 
                                               </testcase><testcase classname="l3.test.CL3ToCPS_Blackbox" name="testLibLists6" time="-0.001">
                                                 
                                               </testcase><testcase classname="l3.test.CL3ToCPS_Blackbox" name="testLibLists7" time="-0.001">
                                                 
                                               </testcase><testcase classname="l3.test.CL3ToCPS_Blackbox" name="testLibLists8" time="-0.001">
                                                 
                                               </testcase><testcase classname="l3.test.CL3ToCPS_Blackbox" name="testLibLists9" time="-0.001">
                                                 
                                               </testcase><testcase classname="l3.test.CL3ToCPS_Blackbox" name="testLibLists10" time="-0.001">
                                                 
                                               </testcase><testcase classname="l3.test.CL3ToCPS_Blackbox" name="testLibLists11" time="-0.001">
                                                 
                                               </testcase><testcase classname="l3.test.CL3ToCPS_Blackbox" name="testLibLists12" time="-0.001">
                                                 
                                               </testcase><testcase classname="l3.test.CL3ToCPS_Blackbox" name="testLibLists13" time="-0.001">
                                                 
                                               </testcase><testcase classname="l3.test.CL3ToCPS_Blackbox" name="testLibStrings1" time="-0.001">
                                                 
                                               </testcase><testcase classname="l3.test.CL3ToCPS_Blackbox" name="testLibStrings2" time="-0.001">
                                                 
                                               </testcase><testcase classname="l3.test.CL3ToCPS_Blackbox" name="testLibStrings3" time="-0.001">
                                                 
                                               </testcase><testcase classname="l3.test.CL3ToCPS_Blackbox" name="testLibStrings4" time="-0.001">
                                                 
                                               </testcase><testcase classname="l3.test.CL3ToCPS_Blackbox" name="testPrimitiveArithmetic1" time="-0.001">
                                                 
                                               </testcase><testcase classname="l3.test.CL3ToCPS_Blackbox" name="testPrimitiveArithmetic2" time="-0.001">
                                                 
                                               </testcase><testcase classname="l3.test.CL3ToCPS_Blackbox" name="testPrimitiveArithmetic3" time="-0.001">
                                                 
                                               </testcase><testcase classname="l3.test.CL3ToCPS_Blackbox" name="testPrimitiveArithmetic4" time="-0.001">
                                                 
                                               </testcase><testcase classname="l3.test.CL3ToCPS_Blackbox" name="testPrimitiveArithmetic5" time="-0.001">
                                                 
                                               </testcase><testcase classname="l3.test.CL3ToCPS_Blackbox" name="testPrimitiveArithmetic6" time="-0.001">
                                                 
                                               </testcase><testcase classname="l3.test.CL3ToCPS_Blackbox" name="testPrimitiveArithmetic7" time="-0.001">
                                                 
                                               </testcase><testcase classname="l3.test.CL3ToCPS_Blackbox" name="testPrimitiveArithmetic8" time="-0.001">
                                                 
                                               </testcase><testcase classname="l3.test.CL3ToCPS_Blackbox" name="testPrimitiveArithmetic9" time="-0.001">
                                                 
                                               </testcase><testcase classname="l3.test.CL3ToCPS_Blackbox" name="testPrimitiveArithmetic10" time="-0.001">
                                                 
                                               </testcase><testcase classname="l3.test.CL3ToCPS_Blackbox" name="testPrimitiveBlocks1" time="-0.001">
                                                 
                                               </testcase><testcase classname="l3.test.CL3ToCPS_Blackbox" name="testPrimitiveBlocks2" time="-0.001">
                                                 
                                               </testcase><testcase classname="l3.test.CL3ToCPS_Blackbox" name="testPrimitiveBlocks3" time="-0.001">
                                                 
                                               </testcase><testcase classname="l3.test.CL3ToCPS_Blackbox" name="testPrimitiveBlocks4" time="-0.001">
                                                 
                                               </testcase><testcase classname="l3.test.CL3ToCPS_Blackbox" name="testPrimitiveBlocks5" time="-0.001">
                                                 
                                               </testcase><testcase classname="l3.test.CL3ToCPS_Blackbox" name="testPrimitiveBlocks6" time="-0.001">
                                                 
                                               </testcase><testcase classname="l3.test.CL3ToCPS_Blackbox" name="testPrimitiveBlocks7" time="-0.001">
                                                 
                                               </testcase><testcase classname="l3.test.CL3ToCPS_Blackbox" name="testPrimitiveLogic1" time="-0.001">
                                                 
                                               </testcase><testcase classname="l3.test.CL3ToCPS_Blackbox" name="testPrimitiveLogic2" time="-0.001">
                                                 
                                               </testcase><testcase classname="l3.test.CL3ToCPS_Blackbox" name="testPrimitiveLogic3" time="-0.001">
                                                 
                                               </testcase><testcase classname="l3.test.CL3ToCPS_Blackbox" name="testPrimitiveLogic4" time="-0.001">
                                                 
                                               </testcase><testcase classname="l3.test.CL3ToCPS_Blackbox" name="testPrimitiveLogic5" time="-0.001">
                                                 
                                               </testcase><testcase classname="l3.test.CL3ToCPS_Blackbox" name="testPrimitiveLogic6" time="-0.001">
                                                 
                                               </testcase><testcase classname="l3.test.CL3ToCPS_Blackbox" name="testPrimitiveLogic7" time="-0.001">
                                                 
                                               </testcase><testcase classname="l3.test.CL3ToCPS_Blackbox" name="testPrimitiveLogic8" time="-0.001">
                                                 
                                               </testcase><testcase classname="l3.test.CL3ToCPS_Blackbox" name="testPrimitiveLogic9" time="-0.001">
                                                 
                                               </testcase><testcase classname="l3.test.CL3ToCPS_Blackbox" name="testPrimitiveLogic10" time="-0.001">
                                                 
                                               </testcase><testcase classname="l3.test.CL3ToCPS_Blackbox" name="testPrimitiveLogic11" time="-0.001">
                                                 
                                               </testcase><testcase classname="l3.test.CL3ToCPS_Blackbox" name="testPrimitiveLogic12" time="-0.001">
                                                 
                                               </testcase><testcase classname="l3.test.CL3ToCPS_Blackbox" name="testPrimitiveLogic13" time="-0.001">
                                                 
                                               </testcase><testcase classname="l3.test.CL3ToCPS_Blackbox" name="testPrimitiveLogic14" time="-0.001">
                                                 
                                               </testcase><testcase classname="l3.test.CL3ToCPS_Blackbox" name="testPrimitiveLogic15" time="-0.001">
                                                 
                                               </testcase><testcase classname="l3.test.CL3ToCPS_Blackbox" name="testPrimitiveLogic16" time="-0.001">
                                                 
                                               </testcase><testcase classname="l3.test.CL3ToCPS_Blackbox" name="testPrimitiveLogic17" time="-0.001">
                                                 
                                               </testcase><testcase classname="l3.test.CL3ToCPS_Blackbox" name="testPrimitiveLogic18" time="-0.001">
                                                 
                                               </testcase><testcase classname="l3.test.CL3ToCPS_Blackbox" name="testPrimitiveLogic19" time="-0.001">
                                                 
                                               </testcase><testcase classname="l3.test.CL3ToCPS_Blackbox" name="testPrimitiveLogic20" time="-0.001">
                                                 
                                               </testcase><testcase classname="l3.test.CL3ToCPS_Blackbox" name="testPrimitiveLogic21" time="-0.001">
                                                 
                                               </testcase><testcase classname="l3.test.CL3ToCPS_Blackbox" name="testPrimitiveLogic22" time="-0.001">
                                                 
                                               </testcase><testcase classname="l3.test.CL3ToCPS_Blackbox" name="testPrimitiveLogic23" time="-0.001">
                                                 
                                               </testcase><testcase classname="l3.test.CL3ToCPS_Blackbox" name="testConditional1" time="-0.001">
                                                 
                                               </testcase><testcase classname="l3.test.CL3ToCPS_Blackbox" name="testConditional2" time="-0.001">
                                                 
                                               </testcase><testcase classname="l3.test.CL3ToCPS_Blackbox" name="testConditional3" time="-0.001">
                                                 
                                               </testcase><testcase classname="l3.test.CL3ToCPS_Blackbox" name="testSideEffectingCondition" time="-0.001">
                                                 
                                               </testcase><testcase classname="l3.test.CL3ToCPS_Blackbox" name="testConditional4" time="-0.001">
                                                 
                                               </testcase><testcase classname="l3.test.CL3ToCPS_Blackbox" name="testDesugaringBegin" time="-0.001">
                                                 
                                               </testcase><testcase classname="l3.test.CL3ToCPS_Blackbox" name="testDesugaringCond" time="-0.001">
                                                 
                                               </testcase><testcase classname="l3.test.CL3ToCPS_Blackbox" name="testDesugaringIf" time="-0.001">
                                                 
                                               </testcase><testcase classname="l3.test.CL3ToCPS_Blackbox" name="testDesugaringLets" time="-0.001">
                                                 
                                               </testcase><testcase classname="l3.test.CL3ToCPS_Blackbox" name="testDesugaringRec" time="-0.001">
                                                 
                                               </testcase><testcase classname="l3.test.CL3ToCPS_Blackbox" name="testDesugaringStrings" time="-0.001">
                                                 
                                               </testcase>
                     <system-out></system-out>
                     <system-err></system-err>
                   </testsuite>