<?xml version='1.0' encoding='UTF-8'?>
<testsuite hostname="localhost" name="l3.test.CPSOptimizer_Greybox" tests="42" errors="0" failures="42" time="-0.042">
                     <properties>
[...]
</properties>
                     <testcase classname="l3.test.CPSOptimizer_Greybox" name="testEtaReduction" time="-0.001">
                                                 <failure message="scala.MatchError: LetF(ArrayBuffer(FunDef(f_1,rc_1,ArrayBuffer(x),AppC(rc_1,List(x))), FunDef(g_1,rc_2,ArrayBuffer(y),AppF(f_1,rc_2,ArrayBuffer(y))), FunDef(h_1,rc_3,ArrayBuffer(z),AppF(g_1,rc_3,ArrayBuffer(z)))),LetL(i_1,3,LetC(List(CntDef(rc_12,List(r_1),LetL(i_2,5,LetC(List(CntDef(rc_11,List(r_2),LetP(t_1,@+,List(r_1, r_2),LetL(t_2,1,LetP(v_8,@-,List(t_1, t_2),LetL(i_3,7,LetC(List(CntDef(rc_10,List(r_3),LetP(t_3,@+,List(v_8, r_3),LetL(t_4,1,LetP(v_7,@-,List(t_3, t_4),LetL(i_4,3,LetC(List(CntDef(rc_9,List(r_4),LetP(t_5,@+,List(v_7, r_4),LetL(t_6,1,LetP(v_6,@-,List(t_5, t_6),LetL(i_5,5,LetC(List(CntDef(rc_8,List(r_5),LetP(t_7,@+,List(v_6, r_5),LetL(t_8,1,LetP(v_5,@-,List(t_7, t_8),LetL(i_6,7,LetC(List(CntDef(rc_7,List(r_6),LetP(t_9,@+,List(v_5, r_6),LetL(t_10,1,LetP(v_4,@-,List(t_9, t_10),LetL(i_7,3,LetC(List(CntDef(rc_6,List(r_7),LetP(t_11,@+,List(v_4, r_7),LetL(t_12,1,LetP(v_3,@-,List(t_11, t_12),LetL(i_8,5,LetC(List(CntDef(rc_5,List(r_8),LetP(t_13,@+,List(v_3, r_8),LetL(t_14,1,LetP(v_2,@-,List(t_13, t_14),LetL(i_9,7,LetC(List(CntDef(rc_4,List(r_9),LetP(t_15,@+,List(v_2, r_9),LetL(t_16,1,LetP(v_1,@-,List(t_15, t_16),LetL(c0_1,1,LetL(t_17,1,LetP(t_18,@&gt;&gt;,List(c0_1, t_17),Halt(t_18))))))))),AppF(f_1,rc_4,ArrayBuffer(i_9))))))))),AppF(f_1,rc_5,ArrayBuffer(i_8))))))))),AppF(f_1,rc_6,ArrayBuffer(i_7))))))))),AppF(h_1,rc_7,ArrayBuffer(i_6))))))))),AppF(h_1,rc_8,ArrayBuffer(i_5))))))))),AppF(h_1,rc_9,ArrayBuffer(i_4))))))))),AppF(g_1,rc_10,ArrayBuffer(i_3))))))))),AppF(g_1,rc_11,ArrayBuffer(i_2)))))),AppF(g_1,rc_12,ArrayBuffer(i_1))))) (of class l3.CPSTreeModule$LetF)" type="sbt.ForkMain$ForkError">sbt.ForkMain$ForkError: scala.MatchError: LetF(ArrayBuffer(FunDef(f_1,rc_1,ArrayBuffer(x),AppC(rc_1,List(x))), FunDef(g_1,rc_2,ArrayBuffer(y),AppF(f_1,rc_2,ArrayBuffer(y))), FunDef(h_1,rc_3,ArrayBuffer(z),AppF(g_1,rc_3,ArrayBuffer(z)))),LetL(i_1,3,LetC(List(CntDef(rc_12,List(r_1),LetL(i_2,5,LetC(List(CntDef(rc_11,List(r_2),LetP(t_1,@+,List(r_1, r_2),LetL(t_2,1,LetP(v_8,@-,List(t_1, t_2),LetL(i_3,7,LetC(List(CntDef(rc_10,List(r_3),LetP(t_3,@+,List(v_8, r_3),LetL(t_4,1,LetP(v_7,@-,List(t_3, t_4),LetL(i_4,3,LetC(List(CntDef(rc_9,List(r_4),LetP(t_5,@+,List(v_7, r_4),LetL(t_6,1,LetP(v_6,@-,List(t_5, t_6),LetL(i_5,5,LetC(List(CntDef(rc_8,List(r_5),LetP(t_7,@+,List(v_6, r_5),LetL(t_8,1,LetP(v_5,@-,List(t_7, t_8),LetL(i_6,7,LetC(List(CntDef(rc_7,List(r_6),LetP(t_9,@+,List(v_5, r_6),LetL(t_10,1,LetP(v_4,@-,List(t_9, t_10),LetL(i_7,3,LetC(List(CntDef(rc_6,List(r_7),LetP(t_11,@+,List(v_4, r_7),LetL(t_12,1,LetP(v_3,@-,List(t_11, t_12),LetL(i_8,5,LetC(List(CntDef(rc_5,List(r_8),LetP(t_13,@+,List(v_3, r_8),LetL(t_14,1,LetP(v_2,@-,List(t_13, t_14),LetL(i_9,7,LetC(List(CntDef(rc_4,List(r_9),LetP(t_15,@+,List(v_2, r_9),LetL(t_16,1,LetP(v_1,@-,List(t_15, t_16),LetL(c0_1,1,LetL(t_17,1,LetP(t_18,@&gt;&gt;,List(c0_1, t_17),Halt(t_18))))))))),AppF(f_1,rc_4,ArrayBuffer(i_9))))))))),AppF(f_1,rc_5,ArrayBuffer(i_8))))))))),AppF(f_1,rc_6,ArrayBuffer(i_7))))))))),AppF(h_1,rc_7,ArrayBuffer(i_6))))))))),AppF(h_1,rc_8,ArrayBuffer(i_5))))))))),AppF(h_1,rc_9,ArrayBuffer(i_4))))))))),AppF(g_1,rc_10,ArrayBuffer(i_3))))))))),AppF(g_1,rc_11,ArrayBuffer(i_2)))))),AppF(g_1,rc_12,ArrayBuffer(i_1))))) (of class l3.CPSTreeModule$LetF)
	at l3.CPSHoister$.hoist(CPSHoister.scala:9)
	at l3.CPSHoister$.apply(CPSHoister.scala:7)
	at l3.CPSHoister$.apply(CPSHoister.scala:5)
	at scala.Function1$$anonfun$andThen$1.apply(Function1.scala:52)
	at scala.Function1$$anonfun$andThen$1.apply(Function1.scala:52)
	at scala.Function1$$anonfun$andThen$1.apply(Function1.scala:52)
	at scala.Function1$$anonfun$andThen$1.apply(Function1.scala:52)
	at l3.test.infrastructure.CompilerTest$class.l3$test$infrastructure$CompilerTest$$compileInner(CompilerTest.scala:20)
	at l3.test.infrastructure.CompilerTest$$anonfun$compileUsingPipelineAndRedirect$1.apply(CompilerTest.scala:31)
	at l3.test.infrastructure.SandboxedTest$$anon$1.run(SandboxedTest.scala:24)
	at java.security.AccessController.doPrivileged(Native Method)
	at l3.test.infrastructure.SandboxedTest.sandboxedTest(SandboxedTest.scala:34)
	at l3.test.infrastructure.SandboxedTest.sandboxedTestWithRedirectedIO(SandboxedTest.scala:45)
	at l3.test.infrastructure.CompilerTest$class.compileUsingPipelineAndRedirect(CompilerTest.scala:31)
	at l3.test.infrastructure.CPSTest.compileUsingPipelineAndRedirect(CPSTest.scala:11)
	at l3.test.infrastructure.CPSOptTest.testCPSOptStats(CPSOptTest.scala:62)
	at l3.test.infrastructure.CPSOptTest.testCPSOptEarly(CPSOptTest.scala:69)
	at l3.test.CPSOptimizer_Greybox.testEtaReduction(CPSOptimizer_Greybox.scala:14)
	at sun.reflect.NativeMethodAccessorImpl.invoke0(Native Method)
	at sun.reflect.NativeMethodAccessorImpl.invoke(NativeMethodAccessorImpl.java:62)
	at sun.reflect.DelegatingMethodAccessorImpl.invoke(DelegatingMethodAccessorImpl.java:43)
	at java.lang.reflect.Method.invoke(Method.java:497)
	at org.junit.runners.model.FrameworkMethod$1.runReflectiveCall(FrameworkMethod.java:45)
	at org.junit.internal.runners.model.ReflectiveCallable.run(ReflectiveCallable.java:15)
	at org.junit.runners.model.FrameworkMethod.invokeExplosively(FrameworkMethod.java:42)
	at org.junit.internal.runners.statements.InvokeMethod.evaluate(InvokeMethod.java:20)
	at org.junit.runners.ParentRunner.runLeaf(ParentRunner.java:263)
	at org.junit.runners.BlockJUnit4ClassRunner.runChild(BlockJUnit4ClassRunner.java:68)
	at org.junit.runners.BlockJUnit4ClassRunner.runChild(BlockJUnit4ClassRunner.java:47)
	at org.junit.runners.ParentRunner$3.run(ParentRunner.java:231)
	at org.junit.runners.ParentRunner$1.schedule(ParentRunner.java:60)
	at org.junit.runners.ParentRunner.runChildren(ParentRunner.java:229)
	at org.junit.runners.ParentRunner.access$000(ParentRunner.java:50)
	at org.junit.runners.ParentRunner$2.evaluate(ParentRunner.java:222)
	at org.junit.runners.ParentRunner.run(ParentRunner.java:300)
	at org.junit.runners.Suite.runChild(Suite.java:128)
	at org.junit.runners.Suite.runChild(Suite.java:24)
	at org.junit.runners.ParentRunner$3.run(ParentRunner.java:231)
	at org.junit.runners.ParentRunner$1.schedule(ParentRunner.java:60)
	at org.junit.runners.ParentRunner.runChildren(ParentRunner.java:229)
	at org.junit.runners.ParentRunner.access$000(ParentRunner.java:50)
	at org.junit.runners.ParentRunner$2.evaluate(ParentRunner.java:222)
	at org.junit.runners.ParentRunner.run(ParentRunner.java:300)
	at org.junit.runner.JUnitCore.run(JUnitCore.java:157)
	at org.junit.runner.JUnitCore.run(JUnitCore.java:136)
	at com.novocode.junit.JUnitRunner.run(JUnitRunner.java:87)
	at sbt.RunnerWrapper$1.runRunner2(FrameworkWrapper.java:223)
	at sbt.RunnerWrapper$1.execute(FrameworkWrapper.java:236)
	at sbt.ForkMain$Run$2.call(ForkMain.java:296)
	at sbt.ForkMain$Run$2.call(ForkMain.java:286)
	at java.util.concurrent.FutureTask.run(FutureTask.java:266)
	at java.util.concurrent.ThreadPoolExecutor.runWorker(ThreadPoolExecutor.java:1142)
	at java.util.concurrent.ThreadPoolExecutor$Worker.run(ThreadPoolExecutor.java:617)
	at java.lang.Thread.run(Thread.java:745)
</failure>
                                               </testcase><testcase classname="l3.test.CPSOptimizer_Greybox" name="testEtaReductionInfintelyRecursiveFunction" time="-0.001">
                                                 <failure message="scala.MatchError: LetF(ArrayBuffer(FunDef(f_2,rc_13,ArrayBuffer(x),AppF(g_2,rc_13,ArrayBuffer(x))), FunDef(g_2,rc_14,ArrayBuffer(x),AppF(f_2,rc_14,ArrayBuffer(x)))),LetC(List(CntDef(ic_1,List(v_9),LetL(c0_2,1,LetL(t_19,1,LetP(t_20,@&gt;&gt;,List(c0_2, t_19),Halt(t_20)))))),LetC(List(CntDef(tc_1,List(),LetL(i_10,7,AppF(g_2,ic_1,ArrayBuffer(i_10))))),LetC(List(CntDef(fc_1,List(),LetL(i_11,2,AppC(ic_1,List(i_11))))),LetP(t_21,@byte-read,List(),LetL(t_22,1,LetP(t_23,@&lt;&lt;,List(t_21, t_22),LetP(v_10,@|,List(t_23, t_22),LetL(i_12,-1,If(=,List(v_10, i_12),tc_1,fc_1)))))))))) (of class l3.CPSTreeModule$LetF)" type="sbt.ForkMain$ForkError">sbt.ForkMain$ForkError: scala.MatchError: LetF(ArrayBuffer(FunDef(f_2,rc_13,ArrayBuffer(x),AppF(g_2,rc_13,ArrayBuffer(x))), FunDef(g_2,rc_14,ArrayBuffer(x),AppF(f_2,rc_14,ArrayBuffer(x)))),LetC(List(CntDef(ic_1,List(v_9),LetL(c0_2,1,LetL(t_19,1,LetP(t_20,@&gt;&gt;,List(c0_2, t_19),Halt(t_20)))))),LetC(List(CntDef(tc_1,List(),LetL(i_10,7,AppF(g_2,ic_1,ArrayBuffer(i_10))))),LetC(List(CntDef(fc_1,List(),LetL(i_11,2,AppC(ic_1,List(i_11))))),LetP(t_21,@byte-read,List(),LetL(t_22,1,LetP(t_23,@&lt;&lt;,List(t_21, t_22),LetP(v_10,@|,List(t_23, t_22),LetL(i_12,-1,If(=,List(v_10, i_12),tc_1,fc_1)))))))))) (of class l3.CPSTreeModule$LetF)
	at l3.CPSHoister$.hoist(CPSHoister.scala:9)
	at l3.CPSHoister$.apply(CPSHoister.scala:7)
	at l3.CPSHoister$.apply(CPSHoister.scala:5)
	at scala.Function1$$anonfun$andThen$1.apply(Function1.scala:52)
	at scala.Function1$$anonfun$andThen$1.apply(Function1.scala:52)
	at scala.Function1$$anonfun$andThen$1.apply(Function1.scala:52)
	at scala.Function1$$anonfun$andThen$1.apply(Function1.scala:52)
	at l3.test.infrastructure.CompilerTest$class.l3$test$infrastructure$CompilerTest$$compileInner(CompilerTest.scala:20)
	at l3.test.infrastructure.CompilerTest$$anonfun$compileUsingPipelineAndRedirect$1.apply(CompilerTest.scala:31)
	at l3.test.infrastructure.SandboxedTest$$anon$1.run(SandboxedTest.scala:24)
	at java.security.AccessController.doPrivileged(Native Method)
	at l3.test.infrastructure.SandboxedTest.sandboxedTest(SandboxedTest.scala:34)
	at l3.test.infrastructure.SandboxedTest.sandboxedTestWithRedirectedIO(SandboxedTest.scala:45)
	at l3.test.infrastructure.CompilerTest$class.compileUsingPipelineAndRedirect(CompilerTest.scala:31)
	at l3.test.infrastructure.CPSTest.compileUsingPipelineAndRedirect(CPSTest.scala:11)
	at l3.test.infrastructure.CPSOptTest.testCPSOptStats(CPSOptTest.scala:62)
	at l3.test.infrastructure.CPSOptTest.testCPSOptEarly(CPSOptTest.scala:69)
	at l3.test.CPSOptimizer_Greybox.testEtaReductionInfintelyRecursiveFunction(CPSOptimizer_Greybox.scala:21)
	at sun.reflect.NativeMethodAccessorImpl.invoke0(Native Method)
	at sun.reflect.NativeMethodAccessorImpl.invoke(NativeMethodAccessorImpl.java:62)
	at sun.reflect.DelegatingMethodAccessorImpl.invoke(DelegatingMethodAccessorImpl.java:43)
	at java.lang.reflect.Method.invoke(Method.java:497)
	at org.junit.runners.model.FrameworkMethod$1.runReflectiveCall(FrameworkMethod.java:45)
	at org.junit.internal.runners.model.ReflectiveCallable.run(ReflectiveCallable.java:15)
	at org.junit.runners.model.FrameworkMethod.invokeExplosively(FrameworkMethod.java:42)
	at org.junit.internal.runners.statements.InvokeMethod.evaluate(InvokeMethod.java:20)
	at org.junit.runners.ParentRunner.runLeaf(ParentRunner.java:263)
	at org.junit.runners.BlockJUnit4ClassRunner.runChild(BlockJUnit4ClassRunner.java:68)
	at org.junit.runners.BlockJUnit4ClassRunner.runChild(BlockJUnit4ClassRunner.java:47)
	at org.junit.runners.ParentRunner$3.run(ParentRunner.java:231)
	at org.junit.runners.ParentRunner$1.schedule(ParentRunner.java:60)
	at org.junit.runners.ParentRunner.runChildren(ParentRunner.java:229)
	at org.junit.runners.ParentRunner.access$000(ParentRunner.java:50)
	at org.junit.runners.ParentRunner$2.evaluate(ParentRunner.java:222)
	at org.junit.runners.ParentRunner.run(ParentRunner.java:300)
	at org.junit.runners.Suite.runChild(Suite.java:128)
	at org.junit.runners.Suite.runChild(Suite.java:24)
	at org.junit.runners.ParentRunner$3.run(ParentRunner.java:231)
	at org.junit.runners.ParentRunner$1.schedule(ParentRunner.java:60)
	at org.junit.runners.ParentRunner.runChildren(ParentRunner.java:229)
	at org.junit.runners.ParentRunner.access$000(ParentRunner.java:50)
	at org.junit.runners.ParentRunner$2.evaluate(ParentRunner.java:222)
	at org.junit.runners.ParentRunner.run(ParentRunner.java:300)
	at org.junit.runner.JUnitCore.run(JUnitCore.java:157)
	at org.junit.runner.JUnitCore.run(JUnitCore.java:136)
	at com.novocode.junit.JUnitRunner.run(JUnitRunner.java:87)
	at sbt.RunnerWrapper$1.runRunner2(FrameworkWrapper.java:223)
	at sbt.RunnerWrapper$1.execute(FrameworkWrapper.java:236)
	at sbt.ForkMain$Run$2.call(ForkMain.java:296)
	at sbt.ForkMain$Run$2.call(ForkMain.java:286)
	at java.util.concurrent.FutureTask.run(FutureTask.java:266)
	at java.util.concurrent.ThreadPoolExecutor.runWorker(ThreadPoolExecutor.java:1142)
	at java.util.concurrent.ThreadPoolExecutor$Worker.run(ThreadPoolExecutor.java:617)
	at java.lang.Thread.run(Thread.java:745)
</failure>
                                               </testcase><testcase classname="l3.test.CPSOptimizer_Greybox" name="testDCEFunsSimple" time="-0.001">
                                                 <failure message="scala.MatchError: LetF(ArrayBuffer(FunDef(f_3,rc_15,ArrayBuffer(x),AppF(f_3,rc_15,ArrayBuffer(x)))),LetL(i_13,2,LetL(c0_3,1,LetL(t_24,1,LetP(t_25,@&gt;&gt;,List(c0_3, t_24),Halt(t_25)))))) (of class l3.CPSTreeModule$LetF)" type="sbt.ForkMain$ForkError">sbt.ForkMain$ForkError: scala.MatchError: LetF(ArrayBuffer(FunDef(f_3,rc_15,ArrayBuffer(x),AppF(f_3,rc_15,ArrayBuffer(x)))),LetL(i_13,2,LetL(c0_3,1,LetL(t_24,1,LetP(t_25,@&gt;&gt;,List(c0_3, t_24),Halt(t_25)))))) (of class l3.CPSTreeModule$LetF)
	at l3.CPSHoister$.hoist(CPSHoister.scala:9)
	at l3.CPSHoister$.apply(CPSHoister.scala:7)
	at l3.CPSHoister$.apply(CPSHoister.scala:5)
	at scala.Function1$$anonfun$andThen$1.apply(Function1.scala:52)
	at scala.Function1$$anonfun$andThen$1.apply(Function1.scala:52)
	at scala.Function1$$anonfun$andThen$1.apply(Function1.scala:52)
	at scala.Function1$$anonfun$andThen$1.apply(Function1.scala:52)
	at l3.test.infrastructure.CompilerTest$class.l3$test$infrastructure$CompilerTest$$compileInner(CompilerTest.scala:20)
	at l3.test.infrastructure.CompilerTest$$anonfun$compileUsingPipelineAndRedirect$1.apply(CompilerTest.scala:31)
	at l3.test.infrastructure.SandboxedTest$$anon$1.run(SandboxedTest.scala:24)
	at java.security.AccessController.doPrivileged(Native Method)
	at l3.test.infrastructure.SandboxedTest.sandboxedTest(SandboxedTest.scala:34)
	at l3.test.infrastructure.SandboxedTest.sandboxedTestWithRedirectedIO(SandboxedTest.scala:45)
	at l3.test.infrastructure.CompilerTest$class.compileUsingPipelineAndRedirect(CompilerTest.scala:31)
	at l3.test.infrastructure.CPSTest.compileUsingPipelineAndRedirect(CPSTest.scala:11)
	at l3.test.infrastructure.CPSOptTest.testCPSOptStats(CPSOptTest.scala:62)
	at l3.test.infrastructure.CPSOptTest.testCPSOptEarly(CPSOptTest.scala:69)
	at l3.test.CPSOptimizer_Greybox.testDCEFunsSimple(CPSOptimizer_Greybox.scala:25)
	at sun.reflect.NativeMethodAccessorImpl.invoke0(Native Method)
	at sun.reflect.NativeMethodAccessorImpl.invoke(NativeMethodAccessorImpl.java:62)
	at sun.reflect.DelegatingMethodAccessorImpl.invoke(DelegatingMethodAccessorImpl.java:43)
	at java.lang.reflect.Method.invoke(Method.java:497)
	at org.junit.runners.model.FrameworkMethod$1.runReflectiveCall(FrameworkMethod.java:45)
	at org.junit.internal.runners.model.ReflectiveCallable.run(ReflectiveCallable.java:15)
	at org.junit.runners.model.FrameworkMethod.invokeExplosively(FrameworkMethod.java:42)
	at org.junit.internal.runners.statements.InvokeMethod.evaluate(InvokeMethod.java:20)
	at org.junit.runners.ParentRunner.runLeaf(ParentRunner.java:263)
	at org.junit.runners.BlockJUnit4ClassRunner.runChild(BlockJUnit4ClassRunner.java:68)
	at org.junit.runners.BlockJUnit4ClassRunner.runChild(BlockJUnit4ClassRunner.java:47)
	at org.junit.runners.ParentRunner$3.run(ParentRunner.java:231)
	at org.junit.runners.ParentRunner$1.schedule(ParentRunner.java:60)
	at org.junit.runners.ParentRunner.runChildren(ParentRunner.java:229)
	at org.junit.runners.ParentRunner.access$000(ParentRunner.java:50)
	at org.junit.runners.ParentRunner$2.evaluate(ParentRunner.java:222)
	at org.junit.runners.ParentRunner.run(ParentRunner.java:300)
	at org.junit.runners.Suite.runChild(Suite.java:128)
	at org.junit.runners.Suite.runChild(Suite.java:24)
	at org.junit.runners.ParentRunner$3.run(ParentRunner.java:231)
	at org.junit.runners.ParentRunner$1.schedule(ParentRunner.java:60)
	at org.junit.runners.ParentRunner.runChildren(ParentRunner.java:229)
	at org.junit.runners.ParentRunner.access$000(ParentRunner.java:50)
	at org.junit.runners.ParentRunner$2.evaluate(ParentRunner.java:222)
	at org.junit.runners.ParentRunner.run(ParentRunner.java:300)
	at org.junit.runner.JUnitCore.run(JUnitCore.java:157)
	at org.junit.runner.JUnitCore.run(JUnitCore.java:136)
	at com.novocode.junit.JUnitRunner.run(JUnitRunner.java:87)
	at sbt.RunnerWrapper$1.runRunner2(FrameworkWrapper.java:223)
	at sbt.RunnerWrapper$1.execute(FrameworkWrapper.java:236)
	at sbt.ForkMain$Run$2.call(ForkMain.java:296)
	at sbt.ForkMain$Run$2.call(ForkMain.java:286)
	at java.util.concurrent.FutureTask.run(FutureTask.java:266)
	at java.util.concurrent.ThreadPoolExecutor.runWorker(ThreadPoolExecutor.java:1142)
	at java.util.concurrent.ThreadPoolExecutor$Worker.run(ThreadPoolExecutor.java:617)
	at java.lang.Thread.run(Thread.java:745)
</failure>
                                               </testcase><testcase classname="l3.test.CPSOptimizer_Greybox" name="testDCEFunsRecursive1" time="-0.001">
                                                 <failure message="scala.MatchError: LetF(ArrayBuffer(FunDef(f_4,rc_16,ArrayBuffer(x),LetC(List(CntDef(rc_17,List(r_10),LetL(i_14,3,LetP(t_26,@+,List(r_10, i_14),LetL(t_27,1,LetP(v_11,@-,List(t_26, t_27),AppC(rc_16,List(v_11)))))))),AppF(g_3,rc_17,ArrayBuffer(x)))), FunDef(g_3,rc_18,ArrayBuffer(y),LetC(List(CntDef(rc_19,List(r_11),LetL(i_15,3,LetP(t_28,@+,List(r_11, i_15),LetL(t_29,1,LetP(v_12,@-,List(t_28, t_29),AppC(rc_18,List(v_12)))))))),AppF(f_4,rc_19,ArrayBuffer(y))))),LetL(i_16,2,LetL(c0_4,1,LetL(t_30,1,LetP(t_31,@&gt;&gt;,List(c0_4, t_30),Halt(t_31)))))) (of class l3.CPSTreeModule$LetF)" type="sbt.ForkMain$ForkError">sbt.ForkMain$ForkError: scala.MatchError: LetF(ArrayBuffer(FunDef(f_4,rc_16,ArrayBuffer(x),LetC(List(CntDef(rc_17,List(r_10),LetL(i_14,3,LetP(t_26,@+,List(r_10, i_14),LetL(t_27,1,LetP(v_11,@-,List(t_26, t_27),AppC(rc_16,List(v_11)))))))),AppF(g_3,rc_17,ArrayBuffer(x)))), FunDef(g_3,rc_18,ArrayBuffer(y),LetC(List(CntDef(rc_19,List(r_11),LetL(i_15,3,LetP(t_28,@+,List(r_11, i_15),LetL(t_29,1,LetP(v_12,@-,List(t_28, t_29),AppC(rc_18,List(v_12)))))))),AppF(f_4,rc_19,ArrayBuffer(y))))),LetL(i_16,2,LetL(c0_4,1,LetL(t_30,1,LetP(t_31,@&gt;&gt;,List(c0_4, t_30),Halt(t_31)))))) (of class l3.CPSTreeModule$LetF)
	at l3.CPSHoister$.hoist(CPSHoister.scala:9)
	at l3.CPSHoister$.apply(CPSHoister.scala:7)
	at l3.CPSHoister$.apply(CPSHoister.scala:5)
	at scala.Function1$$anonfun$andThen$1.apply(Function1.scala:52)
	at scala.Function1$$anonfun$andThen$1.apply(Function1.scala:52)
	at scala.Function1$$anonfun$andThen$1.apply(Function1.scala:52)
	at scala.Function1$$anonfun$andThen$1.apply(Function1.scala:52)
	at l3.test.infrastructure.CompilerTest$class.l3$test$infrastructure$CompilerTest$$compileInner(CompilerTest.scala:20)
	at l3.test.infrastructure.CompilerTest$$anonfun$compileUsingPipelineAndRedirect$1.apply(CompilerTest.scala:31)
	at l3.test.infrastructure.SandboxedTest$$anon$1.run(SandboxedTest.scala:24)
	at java.security.AccessController.doPrivileged(Native Method)
	at l3.test.infrastructure.SandboxedTest.sandboxedTest(SandboxedTest.scala:34)
	at l3.test.infrastructure.SandboxedTest.sandboxedTestWithRedirectedIO(SandboxedTest.scala:45)
	at l3.test.infrastructure.CompilerTest$class.compileUsingPipelineAndRedirect(CompilerTest.scala:31)
	at l3.test.infrastructure.CPSTest.compileUsingPipelineAndRedirect(CPSTest.scala:11)
	at l3.test.infrastructure.CPSOptTest.testCPSOptStats(CPSOptTest.scala:62)
	at l3.test.infrastructure.CPSOptTest.testCPSOptEarly(CPSOptTest.scala:69)
	at l3.test.CPSOptimizer_Greybox.testDCEFunsRecursive1(CPSOptimizer_Greybox.scala:28)
	at sun.reflect.NativeMethodAccessorImpl.invoke0(Native Method)
	at sun.reflect.NativeMethodAccessorImpl.invoke(NativeMethodAccessorImpl.java:62)
	at sun.reflect.DelegatingMethodAccessorImpl.invoke(DelegatingMethodAccessorImpl.java:43)
	at java.lang.reflect.Method.invoke(Method.java:497)
	at org.junit.runners.model.FrameworkMethod$1.runReflectiveCall(FrameworkMethod.java:45)
	at org.junit.internal.runners.model.ReflectiveCallable.run(ReflectiveCallable.java:15)
	at org.junit.runners.model.FrameworkMethod.invokeExplosively(FrameworkMethod.java:42)
	at org.junit.internal.runners.statements.InvokeMethod.evaluate(InvokeMethod.java:20)
	at org.junit.runners.ParentRunner.runLeaf(ParentRunner.java:263)
	at org.junit.runners.BlockJUnit4ClassRunner.runChild(BlockJUnit4ClassRunner.java:68)
	at org.junit.runners.BlockJUnit4ClassRunner.runChild(BlockJUnit4ClassRunner.java:47)
	at org.junit.runners.ParentRunner$3.run(ParentRunner.java:231)
	at org.junit.runners.ParentRunner$1.schedule(ParentRunner.java:60)
	at org.junit.runners.ParentRunner.runChildren(ParentRunner.java:229)
	at org.junit.runners.ParentRunner.access$000(ParentRunner.java:50)
	at org.junit.runners.ParentRunner$2.evaluate(ParentRunner.java:222)
	at org.junit.runners.ParentRunner.run(ParentRunner.java:300)
	at org.junit.runners.Suite.runChild(Suite.java:128)
	at org.junit.runners.Suite.runChild(Suite.java:24)
	at org.junit.runners.ParentRunner$3.run(ParentRunner.java:231)
	at org.junit.runners.ParentRunner$1.schedule(ParentRunner.java:60)
	at org.junit.runners.ParentRunner.runChildren(ParentRunner.java:229)
	at org.junit.runners.ParentRunner.access$000(ParentRunner.java:50)
	at org.junit.runners.ParentRunner$2.evaluate(ParentRunner.java:222)
	at org.junit.runners.ParentRunner.run(ParentRunner.java:300)
	at org.junit.runner.JUnitCore.run(JUnitCore.java:157)
	at org.junit.runner.JUnitCore.run(JUnitCore.java:136)
	at com.novocode.junit.JUnitRunner.run(JUnitRunner.java:87)
	at sbt.RunnerWrapper$1.runRunner2(FrameworkWrapper.java:223)
	at sbt.RunnerWrapper$1.execute(FrameworkWrapper.java:236)
	at sbt.ForkMain$Run$2.call(ForkMain.java:296)
	at sbt.ForkMain$Run$2.call(ForkMain.java:286)
	at java.util.concurrent.FutureTask.run(FutureTask.java:266)
	at java.util.concurrent.ThreadPoolExecutor.runWorker(ThreadPoolExecutor.java:1142)
	at java.util.concurrent.ThreadPoolExecutor$Worker.run(ThreadPoolExecutor.java:617)
	at java.lang.Thread.run(Thread.java:745)
</failure>
                                               </testcase><testcase classname="l3.test.CPSOptimizer_Greybox" name="testDCEFunsRecursive2" time="-0.001">
                                                 <failure message="scala.MatchError: LetF(ArrayBuffer(FunDef(f_5,rc_20,ArrayBuffer(x),LetC(List(CntDef(rc_21,List(r_12),LetL(i_17,3,LetP(t_32,@+,List(r_12, i_17),LetL(t_33,1,LetP(v_13,@-,List(t_32, t_33),AppC(rc_20,List(v_13)))))))),AppF(g_4,rc_21,ArrayBuffer(x)))), FunDef(g_4,rc_22,ArrayBuffer(y),LetC(List(CntDef(rc_23,List(r_13),LetL(i_18,3,LetP(t_34,@+,List(r_13, i_18),LetL(t_35,1,LetP(v_14,@-,List(t_34, t_35),AppC(rc_22,List(v_14)))))))),AppF(f_5,rc_23,ArrayBuffer(y)))), FunDef(h_2,rc_24,ArrayBuffer(z),AppC(rc_24,List(z)))),LetL(i_19,2,LetL(c0_5,1,LetL(t_36,1,LetP(t_37,@&gt;&gt;,List(c0_5, t_36),Halt(t_37)))))) (of class l3.CPSTreeModule$LetF)" type="sbt.ForkMain$ForkError">sbt.ForkMain$ForkError: scala.MatchError: LetF(ArrayBuffer(FunDef(f_5,rc_20,ArrayBuffer(x),LetC(List(CntDef(rc_21,List(r_12),LetL(i_17,3,LetP(t_32,@+,List(r_12, i_17),LetL(t_33,1,LetP(v_13,@-,List(t_32, t_33),AppC(rc_20,List(v_13)))))))),AppF(g_4,rc_21,ArrayBuffer(x)))), FunDef(g_4,rc_22,ArrayBuffer(y),LetC(List(CntDef(rc_23,List(r_13),LetL(i_18,3,LetP(t_34,@+,List(r_13, i_18),LetL(t_35,1,LetP(v_14,@-,List(t_34, t_35),AppC(rc_22,List(v_14)))))))),AppF(f_5,rc_23,ArrayBuffer(y)))), FunDef(h_2,rc_24,ArrayBuffer(z),AppC(rc_24,List(z)))),LetL(i_19,2,LetL(c0_5,1,LetL(t_36,1,LetP(t_37,@&gt;&gt;,List(c0_5, t_36),Halt(t_37)))))) (of class l3.CPSTreeModule$LetF)
	at l3.CPSHoister$.hoist(CPSHoister.scala:9)
	at l3.CPSHoister$.apply(CPSHoister.scala:7)
	at l3.CPSHoister$.apply(CPSHoister.scala:5)
	at scala.Function1$$anonfun$andThen$1.apply(Function1.scala:52)
	at scala.Function1$$anonfun$andThen$1.apply(Function1.scala:52)
	at scala.Function1$$anonfun$andThen$1.apply(Function1.scala:52)
	at scala.Function1$$anonfun$andThen$1.apply(Function1.scala:52)
	at l3.test.infrastructure.CompilerTest$class.l3$test$infrastructure$CompilerTest$$compileInner(CompilerTest.scala:20)
	at l3.test.infrastructure.CompilerTest$$anonfun$compileUsingPipelineAndRedirect$1.apply(CompilerTest.scala:31)
	at l3.test.infrastructure.SandboxedTest$$anon$1.run(SandboxedTest.scala:24)
	at java.security.AccessController.doPrivileged(Native Method)
	at l3.test.infrastructure.SandboxedTest.sandboxedTest(SandboxedTest.scala:34)
	at l3.test.infrastructure.SandboxedTest.sandboxedTestWithRedirectedIO(SandboxedTest.scala:45)
	at l3.test.infrastructure.CompilerTest$class.compileUsingPipelineAndRedirect(CompilerTest.scala:31)
	at l3.test.infrastructure.CPSTest.compileUsingPipelineAndRedirect(CPSTest.scala:11)
	at l3.test.infrastructure.CPSOptTest.testCPSOptStats(CPSOptTest.scala:62)
	at l3.test.infrastructure.CPSOptTest.testCPSOptEarly(CPSOptTest.scala:69)
	at l3.test.CPSOptimizer_Greybox.testDCEFunsRecursive2(CPSOptimizer_Greybox.scala:31)
	at sun.reflect.NativeMethodAccessorImpl.invoke0(Native Method)
	at sun.reflect.NativeMethodAccessorImpl.invoke(NativeMethodAccessorImpl.java:62)
	at sun.reflect.DelegatingMethodAccessorImpl.invoke(DelegatingMethodAccessorImpl.java:43)
	at java.lang.reflect.Method.invoke(Method.java:497)
	at org.junit.runners.model.FrameworkMethod$1.runReflectiveCall(FrameworkMethod.java:45)
	at org.junit.internal.runners.model.ReflectiveCallable.run(ReflectiveCallable.java:15)
	at org.junit.runners.model.FrameworkMethod.invokeExplosively(FrameworkMethod.java:42)
	at org.junit.internal.runners.statements.InvokeMethod.evaluate(InvokeMethod.java:20)
	at org.junit.runners.ParentRunner.runLeaf(ParentRunner.java:263)
	at org.junit.runners.BlockJUnit4ClassRunner.runChild(BlockJUnit4ClassRunner.java:68)
	at org.junit.runners.BlockJUnit4ClassRunner.runChild(BlockJUnit4ClassRunner.java:47)
	at org.junit.runners.ParentRunner$3.run(ParentRunner.java:231)
	at org.junit.runners.ParentRunner$1.schedule(ParentRunner.java:60)
	at org.junit.runners.ParentRunner.runChildren(ParentRunner.java:229)
	at org.junit.runners.ParentRunner.access$000(ParentRunner.java:50)
	at org.junit.runners.ParentRunner$2.evaluate(ParentRunner.java:222)
	at org.junit.runners.ParentRunner.run(ParentRunner.java:300)
	at org.junit.runners.Suite.runChild(Suite.java:128)
	at org.junit.runners.Suite.runChild(Suite.java:24)
	at org.junit.runners.ParentRunner$3.run(ParentRunner.java:231)
	at org.junit.runners.ParentRunner$1.schedule(ParentRunner.java:60)
	at org.junit.runners.ParentRunner.runChildren(ParentRunner.java:229)
	at org.junit.runners.ParentRunner.access$000(ParentRunner.java:50)
	at org.junit.runners.ParentRunner$2.evaluate(ParentRunner.java:222)
	at org.junit.runners.ParentRunner.run(ParentRunner.java:300)
	at org.junit.runner.JUnitCore.run(JUnitCore.java:157)
	at org.junit.runner.JUnitCore.run(JUnitCore.java:136)
	at com.novocode.junit.JUnitRunner.run(JUnitRunner.java:87)
	at sbt.RunnerWrapper$1.runRunner2(FrameworkWrapper.java:223)
	at sbt.RunnerWrapper$1.execute(FrameworkWrapper.java:236)
	at sbt.ForkMain$Run$2.call(ForkMain.java:296)
	at sbt.ForkMain$Run$2.call(ForkMain.java:286)
	at java.util.concurrent.FutureTask.run(FutureTask.java:266)
	at java.util.concurrent.ThreadPoolExecutor.runWorker(ThreadPoolExecutor.java:1142)
	at java.util.concurrent.ThreadPoolExecutor$Worker.run(ThreadPoolExecutor.java:617)
	at java.lang.Thread.run(Thread.java:745)
</failure>
                                               </testcase><testcase classname="l3.test.CPSOptimizer_Greybox" name="testDCEFunsRecursive3WithEtaReduction" time="-0.001">
                                                 <failure message="scala.MatchError: LetF(ArrayBuffer(FunDef(f_6,rc_25,ArrayBuffer(x),LetC(List(CntDef(tc_2,List(),LetL(i_20,1,AppC(rc_25,List(i_20))))),LetC(List(CntDef(fc_2,List(),LetL(i_21,3,LetP(t_38,@-,List(x, i_21),LetL(t_39,1,LetP(v_15,@+,List(t_38, t_39),AppF(g_5,rc_25,ArrayBuffer(v_15)))))))),LetL(i_22,1,If(=,List(x, i_22),tc_2,fc_2))))), FunDef(g_5,rc_26,ArrayBuffer(y),AppF(f_6,rc_26,ArrayBuffer(y))), FunDef(h_3,rc_27,ArrayBuffer(z),AppC(rc_27,List(z)))),LetL(i_23,1,LetC(List(CntDef(rc_30,List(r_14),LetL(i_24,1,LetC(List(CntDef(rc_29,List(r_15),LetP(t_40,@+,List(r_14, r_15),LetL(t_41,1,LetP(v_17,@-,List(t_40, t_41),LetL(i_25,1,LetC(List(CntDef(rc_28,List(r_16),LetP(t_42,@+,List(v_17, r_16),LetL(t_43,1,LetP(v_16,@-,List(t_42, t_43),LetL(c0_6,1,LetL(t_44,1,LetP(t_45,@&gt;&gt;,List(c0_6, t_44),Halt(t_45))))))))),AppF(f_6,rc_28,ArrayBuffer(i_25))))))))),AppF(f_6,rc_29,ArrayBuffer(i_24)))))),AppF(f_6,rc_30,ArrayBuffer(i_23))))) (of class l3.CPSTreeModule$LetF)" type="sbt.ForkMain$ForkError">sbt.ForkMain$ForkError: scala.MatchError: LetF(ArrayBuffer(FunDef(f_6,rc_25,ArrayBuffer(x),LetC(List(CntDef(tc_2,List(),LetL(i_20,1,AppC(rc_25,List(i_20))))),LetC(List(CntDef(fc_2,List(),LetL(i_21,3,LetP(t_38,@-,List(x, i_21),LetL(t_39,1,LetP(v_15,@+,List(t_38, t_39),AppF(g_5,rc_25,ArrayBuffer(v_15)))))))),LetL(i_22,1,If(=,List(x, i_22),tc_2,fc_2))))), FunDef(g_5,rc_26,ArrayBuffer(y),AppF(f_6,rc_26,ArrayBuffer(y))), FunDef(h_3,rc_27,ArrayBuffer(z),AppC(rc_27,List(z)))),LetL(i_23,1,LetC(List(CntDef(rc_30,List(r_14),LetL(i_24,1,LetC(List(CntDef(rc_29,List(r_15),LetP(t_40,@+,List(r_14, r_15),LetL(t_41,1,LetP(v_17,@-,List(t_40, t_41),LetL(i_25,1,LetC(List(CntDef(rc_28,List(r_16),LetP(t_42,@+,List(v_17, r_16),LetL(t_43,1,LetP(v_16,@-,List(t_42, t_43),LetL(c0_6,1,LetL(t_44,1,LetP(t_45,@&gt;&gt;,List(c0_6, t_44),Halt(t_45))))))))),AppF(f_6,rc_28,ArrayBuffer(i_25))))))))),AppF(f_6,rc_29,ArrayBuffer(i_24)))))),AppF(f_6,rc_30,ArrayBuffer(i_23))))) (of class l3.CPSTreeModule$LetF)
	at l3.CPSHoister$.hoist(CPSHoister.scala:9)
	at l3.CPSHoister$.apply(CPSHoister.scala:7)
	at l3.CPSHoister$.apply(CPSHoister.scala:5)
	at scala.Function1$$anonfun$andThen$1.apply(Function1.scala:52)
	at scala.Function1$$anonfun$andThen$1.apply(Function1.scala:52)
	at scala.Function1$$anonfun$andThen$1.apply(Function1.scala:52)
	at scala.Function1$$anonfun$andThen$1.apply(Function1.scala:52)
	at l3.test.infrastructure.CompilerTest$class.l3$test$infrastructure$CompilerTest$$compileInner(CompilerTest.scala:20)
	at l3.test.infrastructure.CompilerTest$$anonfun$compileUsingPipelineAndRedirect$1.apply(CompilerTest.scala:31)
	at l3.test.infrastructure.SandboxedTest$$anon$1.run(SandboxedTest.scala:24)
	at java.security.AccessController.doPrivileged(Native Method)
	at l3.test.infrastructure.SandboxedTest.sandboxedTest(SandboxedTest.scala:34)
	at l3.test.infrastructure.SandboxedTest.sandboxedTestWithRedirectedIO(SandboxedTest.scala:45)
	at l3.test.infrastructure.CompilerTest$class.compileUsingPipelineAndRedirect(CompilerTest.scala:31)
	at l3.test.infrastructure.CPSTest.compileUsingPipelineAndRedirect(CPSTest.scala:11)
	at l3.test.infrastructure.CPSOptTest.testCPSOptStats(CPSOptTest.scala:62)
	at l3.test.infrastructure.CPSOptTest.testCPSOptEarly(CPSOptTest.scala:69)
	at l3.test.CPSOptimizer_Greybox.testDCEFunsRecursive3WithEtaReduction(CPSOptimizer_Greybox.scala:34)
	at sun.reflect.NativeMethodAccessorImpl.invoke0(Native Method)
	at sun.reflect.NativeMethodAccessorImpl.invoke(NativeMethodAccessorImpl.java:62)
	at sun.reflect.DelegatingMethodAccessorImpl.invoke(DelegatingMethodAccessorImpl.java:43)
	at java.lang.reflect.Method.invoke(Method.java:497)
	at org.junit.runners.model.FrameworkMethod$1.runReflectiveCall(FrameworkMethod.java:45)
	at org.junit.internal.runners.model.ReflectiveCallable.run(ReflectiveCallable.java:15)
	at org.junit.runners.model.FrameworkMethod.invokeExplosively(FrameworkMethod.java:42)
	at org.junit.internal.runners.statements.InvokeMethod.evaluate(InvokeMethod.java:20)
	at org.junit.runners.ParentRunner.runLeaf(ParentRunner.java:263)
	at org.junit.runners.BlockJUnit4ClassRunner.runChild(BlockJUnit4ClassRunner.java:68)
	at org.junit.runners.BlockJUnit4ClassRunner.runChild(BlockJUnit4ClassRunner.java:47)
	at org.junit.runners.ParentRunner$3.run(ParentRunner.java:231)
	at org.junit.runners.ParentRunner$1.schedule(ParentRunner.java:60)
	at org.junit.runners.ParentRunner.runChildren(ParentRunner.java:229)
	at org.junit.runners.ParentRunner.access$000(ParentRunner.java:50)
	at org.junit.runners.ParentRunner$2.evaluate(ParentRunner.java:222)
	at org.junit.runners.ParentRunner.run(ParentRunner.java:300)
	at org.junit.runners.Suite.runChild(Suite.java:128)
	at org.junit.runners.Suite.runChild(Suite.java:24)
	at org.junit.runners.ParentRunner$3.run(ParentRunner.java:231)
	at org.junit.runners.ParentRunner$1.schedule(ParentRunner.java:60)
	at org.junit.runners.ParentRunner.runChildren(ParentRunner.java:229)
	at org.junit.runners.ParentRunner.access$000(ParentRunner.java:50)
	at org.junit.runners.ParentRunner$2.evaluate(ParentRunner.java:222)
	at org.junit.runners.ParentRunner.run(ParentRunner.java:300)
	at org.junit.runner.JUnitCore.run(JUnitCore.java:157)
	at org.junit.runner.JUnitCore.run(JUnitCore.java:136)
	at com.novocode.junit.JUnitRunner.run(JUnitRunner.java:87)
	at sbt.RunnerWrapper$1.runRunner2(FrameworkWrapper.java:223)
	at sbt.RunnerWrapper$1.execute(FrameworkWrapper.java:236)
	at sbt.ForkMain$Run$2.call(ForkMain.java:296)
	at sbt.ForkMain$Run$2.call(ForkMain.java:286)
	at java.util.concurrent.FutureTask.run(FutureTask.java:266)
	at java.util.concurrent.ThreadPoolExecutor.runWorker(ThreadPoolExecutor.java:1142)
	at java.util.concurrent.ThreadPoolExecutor$Worker.run(ThreadPoolExecutor.java:617)
	at java.lang.Thread.run(Thread.java:745)
</failure>
                                               </testcase><testcase classname="l3.test.CPSOptimizer_Greybox" name="testDCELetLiteral" time="-0.001">
                                                 <failure message="scala.MatchError: LetP(u,@id,List(i_26),LetL(i_27,2,LetL(c0_7,1,LetL(t_46,1,LetP(t_47,@&gt;&gt;,List(c0_7, t_46),Halt(t_47)))))) (of class l3.CPSTreeModule$LetP)" type="sbt.ForkMain$ForkError">sbt.ForkMain$ForkError: scala.MatchError: LetP(u,@id,List(i_26),LetL(i_27,2,LetL(c0_7,1,LetL(t_46,1,LetP(t_47,@&gt;&gt;,List(c0_7, t_46),Halt(t_47)))))) (of class l3.CPSTreeModule$LetP)
	at l3.CPSHoister$.hoist(CPSHoister.scala:9)
	at l3.CPSHoister$.hoist(CPSHoister.scala:11)
	at l3.CPSHoister$.apply(CPSHoister.scala:7)
	at l3.CPSHoister$.apply(CPSHoister.scala:5)
	at scala.Function1$$anonfun$andThen$1.apply(Function1.scala:52)
	at scala.Function1$$anonfun$andThen$1.apply(Function1.scala:52)
	at scala.Function1$$anonfun$andThen$1.apply(Function1.scala:52)
	at scala.Function1$$anonfun$andThen$1.apply(Function1.scala:52)
	at l3.test.infrastructure.CompilerTest$class.l3$test$infrastructure$CompilerTest$$compileInner(CompilerTest.scala:20)
	at l3.test.infrastructure.CompilerTest$$anonfun$compileUsingPipelineAndRedirect$1.apply(CompilerTest.scala:31)
	at l3.test.infrastructure.SandboxedTest$$anon$1.run(SandboxedTest.scala:24)
	at java.security.AccessController.doPrivileged(Native Method)
	at l3.test.infrastructure.SandboxedTest.sandboxedTest(SandboxedTest.scala:34)
	at l3.test.infrastructure.SandboxedTest.sandboxedTestWithRedirectedIO(SandboxedTest.scala:45)
	at l3.test.infrastructure.CompilerTest$class.compileUsingPipelineAndRedirect(CompilerTest.scala:31)
	at l3.test.infrastructure.CPSTest.compileUsingPipelineAndRedirect(CPSTest.scala:11)
	at l3.test.infrastructure.CPSOptTest.testCPSOptStats(CPSOptTest.scala:62)
	at l3.test.infrastructure.CPSOptTest.testCPSBothSeq(CPSOptTest.scala:75)
	at l3.test.CPSOptimizer_Greybox.testDCELetLiteral(CPSOptimizer_Greybox.scala:37)
	at sun.reflect.NativeMethodAccessorImpl.invoke0(Native Method)
	at sun.reflect.NativeMethodAccessorImpl.invoke(NativeMethodAccessorImpl.java:62)
	at sun.reflect.DelegatingMethodAccessorImpl.invoke(DelegatingMethodAccessorImpl.java:43)
	at java.lang.reflect.Method.invoke(Method.java:497)
	at org.junit.runners.model.FrameworkMethod$1.runReflectiveCall(FrameworkMethod.java:45)
	at org.junit.internal.runners.model.ReflectiveCallable.run(ReflectiveCallable.java:15)
	at org.junit.runners.model.FrameworkMethod.invokeExplosively(FrameworkMethod.java:42)
	at org.junit.internal.runners.statements.InvokeMethod.evaluate(InvokeMethod.java:20)
	at org.junit.runners.ParentRunner.runLeaf(ParentRunner.java:263)
	at org.junit.runners.BlockJUnit4ClassRunner.runChild(BlockJUnit4ClassRunner.java:68)
	at org.junit.runners.BlockJUnit4ClassRunner.runChild(BlockJUnit4ClassRunner.java:47)
	at org.junit.runners.ParentRunner$3.run(ParentRunner.java:231)
	at org.junit.runners.ParentRunner$1.schedule(ParentRunner.java:60)
	at org.junit.runners.ParentRunner.runChildren(ParentRunner.java:229)
	at org.junit.runners.ParentRunner.access$000(ParentRunner.java:50)
	at org.junit.runners.ParentRunner$2.evaluate(ParentRunner.java:222)
	at org.junit.runners.ParentRunner.run(ParentRunner.java:300)
	at org.junit.runners.Suite.runChild(Suite.java:128)
	at org.junit.runners.Suite.runChild(Suite.java:24)
	at org.junit.runners.ParentRunner$3.run(ParentRunner.java:231)
	at org.junit.runners.ParentRunner$1.schedule(ParentRunner.java:60)
	at org.junit.runners.ParentRunner.runChildren(ParentRunner.java:229)
	at org.junit.runners.ParentRunner.access$000(ParentRunner.java:50)
	at org.junit.runners.ParentRunner$2.evaluate(ParentRunner.java:222)
	at org.junit.runners.ParentRunner.run(ParentRunner.java:300)
	at org.junit.runner.JUnitCore.run(JUnitCore.java:157)
	at org.junit.runner.JUnitCore.run(JUnitCore.java:136)
	at com.novocode.junit.JUnitRunner.run(JUnitRunner.java:87)
	at sbt.RunnerWrapper$1.runRunner2(FrameworkWrapper.java:223)
	at sbt.RunnerWrapper$1.execute(FrameworkWrapper.java:236)
	at sbt.ForkMain$Run$2.call(ForkMain.java:296)
	at sbt.ForkMain$Run$2.call(ForkMain.java:286)
	at java.util.concurrent.FutureTask.run(FutureTask.java:266)
	at java.util.concurrent.ThreadPoolExecutor.runWorker(ThreadPoolExecutor.java:1142)
	at java.util.concurrent.ThreadPoolExecutor$Worker.run(ThreadPoolExecutor.java:617)
	at java.lang.Thread.run(Thread.java:745)
</failure>
                                               </testcase><testcase classname="l3.test.CPSOptimizer_Greybox" name="testDCELetPrimitive" time="-0.001">
                                                 <failure message="scala.MatchError: LetP(t_49,@&lt;&lt;,List(i_28, t_48),LetP(v_18,@|,List(t_49, t_48),LetP(x,@id,List(v_18),LetL(i_29,2,LetL(c0_8,1,LetL(t_50,1,LetP(t_51,@&gt;&gt;,List(c0_8, t_50),Halt(t_51)))))))) (of class l3.CPSTreeModule$LetP)" type="sbt.ForkMain$ForkError">sbt.ForkMain$ForkError: scala.MatchError: LetP(t_49,@&lt;&lt;,List(i_28, t_48),LetP(v_18,@|,List(t_49, t_48),LetP(x,@id,List(v_18),LetL(i_29,2,LetL(c0_8,1,LetL(t_50,1,LetP(t_51,@&gt;&gt;,List(c0_8, t_50),Halt(t_51)))))))) (of class l3.CPSTreeModule$LetP)
	at l3.CPSHoister$.hoist(CPSHoister.scala:9)
	at l3.CPSHoister$.hoist(CPSHoister.scala:11)
	at l3.CPSHoister$.hoist(CPSHoister.scala:11)
	at l3.CPSHoister$.apply(CPSHoister.scala:7)
	at l3.CPSHoister$.apply(CPSHoister.scala:5)
	at scala.Function1$$anonfun$andThen$1.apply(Function1.scala:52)
	at scala.Function1$$anonfun$andThen$1.apply(Function1.scala:52)
	at scala.Function1$$anonfun$andThen$1.apply(Function1.scala:52)
	at scala.Function1$$anonfun$andThen$1.apply(Function1.scala:52)
	at l3.test.infrastructure.CompilerTest$class.l3$test$infrastructure$CompilerTest$$compileInner(CompilerTest.scala:20)
	at l3.test.infrastructure.CompilerTest$$anonfun$compileUsingPipelineAndRedirect$1.apply(CompilerTest.scala:31)
	at l3.test.infrastructure.SandboxedTest$$anon$1.run(SandboxedTest.scala:24)
	at java.security.AccessController.doPrivileged(Native Method)
	at l3.test.infrastructure.SandboxedTest.sandboxedTest(SandboxedTest.scala:34)
	at l3.test.infrastructure.SandboxedTest.sandboxedTestWithRedirectedIO(SandboxedTest.scala:45)
	at l3.test.infrastructure.CompilerTest$class.compileUsingPipelineAndRedirect(CompilerTest.scala:31)
	at l3.test.infrastructure.CPSTest.compileUsingPipelineAndRedirect(CPSTest.scala:11)
	at l3.test.infrastructure.CPSOptTest.testCPSOptStats(CPSOptTest.scala:62)
	at l3.test.infrastructure.CPSOptTest.testCPSOptEarly(CPSOptTest.scala:69)
	at l3.test.CPSOptimizer_Greybox.testDCELetPrimitive(CPSOptimizer_Greybox.scala:40)
	at sun.reflect.NativeMethodAccessorImpl.invoke0(Native Method)
	at sun.reflect.NativeMethodAccessorImpl.invoke(NativeMethodAccessorImpl.java:62)
	at sun.reflect.DelegatingMethodAccessorImpl.invoke(DelegatingMethodAccessorImpl.java:43)
	at java.lang.reflect.Method.invoke(Method.java:497)
	at org.junit.runners.model.FrameworkMethod$1.runReflectiveCall(FrameworkMethod.java:45)
	at org.junit.internal.runners.model.ReflectiveCallable.run(ReflectiveCallable.java:15)
	at org.junit.runners.model.FrameworkMethod.invokeExplosively(FrameworkMethod.java:42)
	at org.junit.internal.runners.statements.InvokeMethod.evaluate(InvokeMethod.java:20)
	at org.junit.runners.ParentRunner.runLeaf(ParentRunner.java:263)
	at org.junit.runners.BlockJUnit4ClassRunner.runChild(BlockJUnit4ClassRunner.java:68)
	at org.junit.runners.BlockJUnit4ClassRunner.runChild(BlockJUnit4ClassRunner.java:47)
	at org.junit.runners.ParentRunner$3.run(ParentRunner.java:231)
	at org.junit.runners.ParentRunner$1.schedule(ParentRunner.java:60)
	at org.junit.runners.ParentRunner.runChildren(ParentRunner.java:229)
	at org.junit.runners.ParentRunner.access$000(ParentRunner.java:50)
	at org.junit.runners.ParentRunner$2.evaluate(ParentRunner.java:222)
	at org.junit.runners.ParentRunner.run(ParentRunner.java:300)
	at org.junit.runners.Suite.runChild(Suite.java:128)
	at org.junit.runners.Suite.runChild(Suite.java:24)
	at org.junit.runners.ParentRunner$3.run(ParentRunner.java:231)
	at org.junit.runners.ParentRunner$1.schedule(ParentRunner.java:60)
	at org.junit.runners.ParentRunner.runChildren(ParentRunner.java:229)
	at org.junit.runners.ParentRunner.access$000(ParentRunner.java:50)
	at org.junit.runners.ParentRunner$2.evaluate(ParentRunner.java:222)
	at org.junit.runners.ParentRunner.run(ParentRunner.java:300)
	at org.junit.runner.JUnitCore.run(JUnitCore.java:157)
	at org.junit.runner.JUnitCore.run(JUnitCore.java:136)
	at com.novocode.junit.JUnitRunner.run(JUnitRunner.java:87)
	at sbt.RunnerWrapper$1.runRunner2(FrameworkWrapper.java:223)
	at sbt.RunnerWrapper$1.execute(FrameworkWrapper.java:236)
	at sbt.ForkMain$Run$2.call(ForkMain.java:296)
	at sbt.ForkMain$Run$2.call(ForkMain.java:286)
	at java.util.concurrent.FutureTask.run(FutureTask.java:266)
	at java.util.concurrent.ThreadPoolExecutor.runWorker(ThreadPoolExecutor.java:1142)
	at java.util.concurrent.ThreadPoolExecutor$Worker.run(ThreadPoolExecutor.java:617)
	at java.lang.Thread.run(Thread.java:745)
</failure>
                                               </testcase><testcase classname="l3.test.CPSOptimizer_Greybox" name="testFunInlining" time="-0.001">
                                                 <failure message="scala.MatchError: LetF(ArrayBuffer(FunDef(f_7,rc_31,ArrayBuffer(x),AppC(rc_31,List(x)))),LetL(i_30,3,LetC(List(CntDef(rc_32,List(r_17),LetL(c0_9,1,LetL(t_52,1,LetP(t_53,@&gt;&gt;,List(c0_9, t_52),Halt(t_53)))))),AppF(f_7,rc_32,ArrayBuffer(i_30))))) (of class l3.CPSTreeModule$LetF)" type="sbt.ForkMain$ForkError">sbt.ForkMain$ForkError: scala.MatchError: LetF(ArrayBuffer(FunDef(f_7,rc_31,ArrayBuffer(x),AppC(rc_31,List(x)))),LetL(i_30,3,LetC(List(CntDef(rc_32,List(r_17),LetL(c0_9,1,LetL(t_52,1,LetP(t_53,@&gt;&gt;,List(c0_9, t_52),Halt(t_53)))))),AppF(f_7,rc_32,ArrayBuffer(i_30))))) (of class l3.CPSTreeModule$LetF)
	at l3.CPSHoister$.hoist(CPSHoister.scala:9)
	at l3.CPSHoister$.apply(CPSHoister.scala:7)
	at l3.CPSHoister$.apply(CPSHoister.scala:5)
	at scala.Function1$$anonfun$andThen$1.apply(Function1.scala:52)
	at scala.Function1$$anonfun$andThen$1.apply(Function1.scala:52)
	at scala.Function1$$anonfun$andThen$1.apply(Function1.scala:52)
	at scala.Function1$$anonfun$andThen$1.apply(Function1.scala:52)
	at l3.test.infrastructure.CompilerTest$class.l3$test$infrastructure$CompilerTest$$compileInner(CompilerTest.scala:20)
	at l3.test.infrastructure.CompilerTest$$anonfun$compileUsingPipelineAndRedirect$1.apply(CompilerTest.scala:31)
	at l3.test.infrastructure.SandboxedTest$$anon$1.run(SandboxedTest.scala:24)
	at java.security.AccessController.doPrivileged(Native Method)
	at l3.test.infrastructure.SandboxedTest.sandboxedTest(SandboxedTest.scala:34)
	at l3.test.infrastructure.SandboxedTest.sandboxedTestWithRedirectedIO(SandboxedTest.scala:45)
	at l3.test.infrastructure.CompilerTest$class.compileUsingPipelineAndRedirect(CompilerTest.scala:31)
	at l3.test.infrastructure.CPSTest.compileUsingPipelineAndRedirect(CPSTest.scala:11)
	at l3.test.infrastructure.CPSOptTest.testCPSOptStats(CPSOptTest.scala:62)
	at l3.test.infrastructure.CPSOptTest.testCPSOptEarly(CPSOptTest.scala:69)
	at l3.test.CPSOptimizer_Greybox.testFunInlining(CPSOptimizer_Greybox.scala:45)
	at sun.reflect.NativeMethodAccessorImpl.invoke0(Native Method)
	at sun.reflect.NativeMethodAccessorImpl.invoke(NativeMethodAccessorImpl.java:62)
	at sun.reflect.DelegatingMethodAccessorImpl.invoke(DelegatingMethodAccessorImpl.java:43)
	at java.lang.reflect.Method.invoke(Method.java:497)
	at org.junit.runners.model.FrameworkMethod$1.runReflectiveCall(FrameworkMethod.java:45)
	at org.junit.internal.runners.model.ReflectiveCallable.run(ReflectiveCallable.java:15)
	at org.junit.runners.model.FrameworkMethod.invokeExplosively(FrameworkMethod.java:42)
	at org.junit.internal.runners.statements.InvokeMethod.evaluate(InvokeMethod.java:20)
	at org.junit.runners.ParentRunner.runLeaf(ParentRunner.java:263)
	at org.junit.runners.BlockJUnit4ClassRunner.runChild(BlockJUnit4ClassRunner.java:68)
	at org.junit.runners.BlockJUnit4ClassRunner.runChild(BlockJUnit4ClassRunner.java:47)
	at org.junit.runners.ParentRunner$3.run(ParentRunner.java:231)
	at org.junit.runners.ParentRunner$1.schedule(ParentRunner.java:60)
	at org.junit.runners.ParentRunner.runChildren(ParentRunner.java:229)
	at org.junit.runners.ParentRunner.access$000(ParentRunner.java:50)
	at org.junit.runners.ParentRunner$2.evaluate(ParentRunner.java:222)
	at org.junit.runners.ParentRunner.run(ParentRunner.java:300)
	at org.junit.runners.Suite.runChild(Suite.java:128)
	at org.junit.runners.Suite.runChild(Suite.java:24)
	at org.junit.runners.ParentRunner$3.run(ParentRunner.java:231)
	at org.junit.runners.ParentRunner$1.schedule(ParentRunner.java:60)
	at org.junit.runners.ParentRunner.runChildren(ParentRunner.java:229)
	at org.junit.runners.ParentRunner.access$000(ParentRunner.java:50)
	at org.junit.runners.ParentRunner$2.evaluate(ParentRunner.java:222)
	at org.junit.runners.ParentRunner.run(ParentRunner.java:300)
	at org.junit.runner.JUnitCore.run(JUnitCore.java:157)
	at org.junit.runner.JUnitCore.run(JUnitCore.java:136)
	at com.novocode.junit.JUnitRunner.run(JUnitRunner.java:87)
	at sbt.RunnerWrapper$1.runRunner2(FrameworkWrapper.java:223)
	at sbt.RunnerWrapper$1.execute(FrameworkWrapper.java:236)
	at sbt.ForkMain$Run$2.call(ForkMain.java:296)
	at sbt.ForkMain$Run$2.call(ForkMain.java:286)
	at java.util.concurrent.FutureTask.run(FutureTask.java:266)
	at java.util.concurrent.ThreadPoolExecutor.runWorker(ThreadPoolExecutor.java:1142)
	at java.util.concurrent.ThreadPoolExecutor$Worker.run(ThreadPoolExecutor.java:617)
	at java.lang.Thread.run(Thread.java:745)
</failure>
                                               </testcase><testcase classname="l3.test.CPSOptimizer_Greybox" name="testFunInliningInsideFunctionBodySameLetRec" time="-0.001">
                                                 <failure message="scala.MatchError: LetF(ArrayBuffer(FunDef(f_8,rc_33,ArrayBuffer(x),AppC(rc_33,List(x))), FunDef(g_6,rc_34,ArrayBuffer(x),AppF(f_8,rc_34,ArrayBuffer(x)))),LetL(i_31,3,LetC(List(CntDef(rc_35,List(r_18),LetL(c0_10,1,LetL(t_54,1,LetP(t_55,@&gt;&gt;,List(c0_10, t_54),Halt(t_55)))))),AppF(g_6,rc_35,ArrayBuffer(i_31))))) (of class l3.CPSTreeModule$LetF)" type="sbt.ForkMain$ForkError">sbt.ForkMain$ForkError: scala.MatchError: LetF(ArrayBuffer(FunDef(f_8,rc_33,ArrayBuffer(x),AppC(rc_33,List(x))), FunDef(g_6,rc_34,ArrayBuffer(x),AppF(f_8,rc_34,ArrayBuffer(x)))),LetL(i_31,3,LetC(List(CntDef(rc_35,List(r_18),LetL(c0_10,1,LetL(t_54,1,LetP(t_55,@&gt;&gt;,List(c0_10, t_54),Halt(t_55)))))),AppF(g_6,rc_35,ArrayBuffer(i_31))))) (of class l3.CPSTreeModule$LetF)
	at l3.CPSHoister$.hoist(CPSHoister.scala:9)
	at l3.CPSHoister$.apply(CPSHoister.scala:7)
	at l3.CPSHoister$.apply(CPSHoister.scala:5)
	at scala.Function1$$anonfun$andThen$1.apply(Function1.scala:52)
	at scala.Function1$$anonfun$andThen$1.apply(Function1.scala:52)
	at scala.Function1$$anonfun$andThen$1.apply(Function1.scala:52)
	at scala.Function1$$anonfun$andThen$1.apply(Function1.scala:52)
	at l3.test.infrastructure.CompilerTest$class.l3$test$infrastructure$CompilerTest$$compileInner(CompilerTest.scala:20)
	at l3.test.infrastructure.CompilerTest$$anonfun$compileUsingPipelineAndRedirect$1.apply(CompilerTest.scala:31)
	at l3.test.infrastructure.SandboxedTest$$anon$1.run(SandboxedTest.scala:24)
	at java.security.AccessController.doPrivileged(Native Method)
	at l3.test.infrastructure.SandboxedTest.sandboxedTest(SandboxedTest.scala:34)
	at l3.test.infrastructure.SandboxedTest.sandboxedTestWithRedirectedIO(SandboxedTest.scala:45)
	at l3.test.infrastructure.CompilerTest$class.compileUsingPipelineAndRedirect(CompilerTest.scala:31)
	at l3.test.infrastructure.CPSTest.compileUsingPipelineAndRedirect(CPSTest.scala:11)
	at l3.test.infrastructure.CPSOptTest.testCPSOptStats(CPSOptTest.scala:62)
	at l3.test.infrastructure.CPSOptTest.testCPSOptEarly(CPSOptTest.scala:69)
	at l3.test.CPSOptimizer_Greybox.testFunInliningInsideFunctionBodySameLetRec(CPSOptimizer_Greybox.scala:48)
	at sun.reflect.NativeMethodAccessorImpl.invoke0(Native Method)
	at sun.reflect.NativeMethodAccessorImpl.invoke(NativeMethodAccessorImpl.java:62)
	at sun.reflect.DelegatingMethodAccessorImpl.invoke(DelegatingMethodAccessorImpl.java:43)
	at java.lang.reflect.Method.invoke(Method.java:497)
	at org.junit.runners.model.FrameworkMethod$1.runReflectiveCall(FrameworkMethod.java:45)
	at org.junit.internal.runners.model.ReflectiveCallable.run(ReflectiveCallable.java:15)
	at org.junit.runners.model.FrameworkMethod.invokeExplosively(FrameworkMethod.java:42)
	at org.junit.internal.runners.statements.InvokeMethod.evaluate(InvokeMethod.java:20)
	at org.junit.runners.ParentRunner.runLeaf(ParentRunner.java:263)
	at org.junit.runners.BlockJUnit4ClassRunner.runChild(BlockJUnit4ClassRunner.java:68)
	at org.junit.runners.BlockJUnit4ClassRunner.runChild(BlockJUnit4ClassRunner.java:47)
	at org.junit.runners.ParentRunner$3.run(ParentRunner.java:231)
	at org.junit.runners.ParentRunner$1.schedule(ParentRunner.java:60)
	at org.junit.runners.ParentRunner.runChildren(ParentRunner.java:229)
	at org.junit.runners.ParentRunner.access$000(ParentRunner.java:50)
	at org.junit.runners.ParentRunner$2.evaluate(ParentRunner.java:222)
	at org.junit.runners.ParentRunner.run(ParentRunner.java:300)
	at org.junit.runners.Suite.runChild(Suite.java:128)
	at org.junit.runners.Suite.runChild(Suite.java:24)
	at org.junit.runners.ParentRunner$3.run(ParentRunner.java:231)
	at org.junit.runners.ParentRunner$1.schedule(ParentRunner.java:60)
	at org.junit.runners.ParentRunner.runChildren(ParentRunner.java:229)
	at org.junit.runners.ParentRunner.access$000(ParentRunner.java:50)
	at org.junit.runners.ParentRunner$2.evaluate(ParentRunner.java:222)
	at org.junit.runners.ParentRunner.run(ParentRunner.java:300)
	at org.junit.runner.JUnitCore.run(JUnitCore.java:157)
	at org.junit.runner.JUnitCore.run(JUnitCore.java:136)
	at com.novocode.junit.JUnitRunner.run(JUnitRunner.java:87)
	at sbt.RunnerWrapper$1.runRunner2(FrameworkWrapper.java:223)
	at sbt.RunnerWrapper$1.execute(FrameworkWrapper.java:236)
	at sbt.ForkMain$Run$2.call(ForkMain.java:296)
	at sbt.ForkMain$Run$2.call(ForkMain.java:286)
	at java.util.concurrent.FutureTask.run(FutureTask.java:266)
	at java.util.concurrent.ThreadPoolExecutor.runWorker(ThreadPoolExecutor.java:1142)
	at java.util.concurrent.ThreadPoolExecutor$Worker.run(ThreadPoolExecutor.java:617)
	at java.lang.Thread.run(Thread.java:745)
</failure>
                                               </testcase><testcase classname="l3.test.CPSOptimizer_Greybox" name="testFunInliningInsideFunctionBodyDifferentLetRecs" time="-0.001">
                                                 <failure message="scala.MatchError: LetF(ArrayBuffer(FunDef(f_9,rc_36,ArrayBuffer(x),AppC(rc_36,List(x)))),LetF(ArrayBuffer(FunDef(g_7,rc_37,ArrayBuffer(x),AppF(f_9,rc_37,ArrayBuffer(x)))),LetL(i_32,3,LetC(List(CntDef(rc_38,List(r_19),LetL(c0_11,1,LetL(t_56,1,LetP(t_57,@&gt;&gt;,List(c0_11, t_56),Halt(t_57)))))),AppF(g_7,rc_38,ArrayBuffer(i_32)))))) (of class l3.CPSTreeModule$LetF)" type="sbt.ForkMain$ForkError">sbt.ForkMain$ForkError: scala.MatchError: LetF(ArrayBuffer(FunDef(f_9,rc_36,ArrayBuffer(x),AppC(rc_36,List(x)))),LetF(ArrayBuffer(FunDef(g_7,rc_37,ArrayBuffer(x),AppF(f_9,rc_37,ArrayBuffer(x)))),LetL(i_32,3,LetC(List(CntDef(rc_38,List(r_19),LetL(c0_11,1,LetL(t_56,1,LetP(t_57,@&gt;&gt;,List(c0_11, t_56),Halt(t_57)))))),AppF(g_7,rc_38,ArrayBuffer(i_32)))))) (of class l3.CPSTreeModule$LetF)
	at l3.CPSHoister$.hoist(CPSHoister.scala:9)
	at l3.CPSHoister$.apply(CPSHoister.scala:7)
	at l3.CPSHoister$.apply(CPSHoister.scala:5)
	at scala.Function1$$anonfun$andThen$1.apply(Function1.scala:52)
	at scala.Function1$$anonfun$andThen$1.apply(Function1.scala:52)
	at scala.Function1$$anonfun$andThen$1.apply(Function1.scala:52)
	at scala.Function1$$anonfun$andThen$1.apply(Function1.scala:52)
	at l3.test.infrastructure.CompilerTest$class.l3$test$infrastructure$CompilerTest$$compileInner(CompilerTest.scala:20)
	at l3.test.infrastructure.CompilerTest$$anonfun$compileUsingPipelineAndRedirect$1.apply(CompilerTest.scala:31)
	at l3.test.infrastructure.SandboxedTest$$anon$1.run(SandboxedTest.scala:24)
	at java.security.AccessController.doPrivileged(Native Method)
	at l3.test.infrastructure.SandboxedTest.sandboxedTest(SandboxedTest.scala:34)
	at l3.test.infrastructure.SandboxedTest.sandboxedTestWithRedirectedIO(SandboxedTest.scala:45)
	at l3.test.infrastructure.CompilerTest$class.compileUsingPipelineAndRedirect(CompilerTest.scala:31)
	at l3.test.infrastructure.CPSTest.compileUsingPipelineAndRedirect(CPSTest.scala:11)
	at l3.test.infrastructure.CPSOptTest.testCPSOptStats(CPSOptTest.scala:62)
	at l3.test.infrastructure.CPSOptTest.testCPSOptEarly(CPSOptTest.scala:69)
	at l3.test.CPSOptimizer_Greybox.testFunInliningInsideFunctionBodyDifferentLetRecs(CPSOptimizer_Greybox.scala:51)
	at sun.reflect.NativeMethodAccessorImpl.invoke0(Native Method)
	at sun.reflect.NativeMethodAccessorImpl.invoke(NativeMethodAccessorImpl.java:62)
	at sun.reflect.DelegatingMethodAccessorImpl.invoke(DelegatingMethodAccessorImpl.java:43)
	at java.lang.reflect.Method.invoke(Method.java:497)
	at org.junit.runners.model.FrameworkMethod$1.runReflectiveCall(FrameworkMethod.java:45)
	at org.junit.internal.runners.model.ReflectiveCallable.run(ReflectiveCallable.java:15)
	at org.junit.runners.model.FrameworkMethod.invokeExplosively(FrameworkMethod.java:42)
	at org.junit.internal.runners.statements.InvokeMethod.evaluate(InvokeMethod.java:20)
	at org.junit.runners.ParentRunner.runLeaf(ParentRunner.java:263)
	at org.junit.runners.BlockJUnit4ClassRunner.runChild(BlockJUnit4ClassRunner.java:68)
	at org.junit.runners.BlockJUnit4ClassRunner.runChild(BlockJUnit4ClassRunner.java:47)
	at org.junit.runners.ParentRunner$3.run(ParentRunner.java:231)
	at org.junit.runners.ParentRunner$1.schedule(ParentRunner.java:60)
	at org.junit.runners.ParentRunner.runChildren(ParentRunner.java:229)
	at org.junit.runners.ParentRunner.access$000(ParentRunner.java:50)
	at org.junit.runners.ParentRunner$2.evaluate(ParentRunner.java:222)
	at org.junit.runners.ParentRunner.run(ParentRunner.java:300)
	at org.junit.runners.Suite.runChild(Suite.java:128)
	at org.junit.runners.Suite.runChild(Suite.java:24)
	at org.junit.runners.ParentRunner$3.run(ParentRunner.java:231)
	at org.junit.runners.ParentRunner$1.schedule(ParentRunner.java:60)
	at org.junit.runners.ParentRunner.runChildren(ParentRunner.java:229)
	at org.junit.runners.ParentRunner.access$000(ParentRunner.java:50)
	at org.junit.runners.ParentRunner$2.evaluate(ParentRunner.java:222)
	at org.junit.runners.ParentRunner.run(ParentRunner.java:300)
	at org.junit.runner.JUnitCore.run(JUnitCore.java:157)
	at org.junit.runner.JUnitCore.run(JUnitCore.java:136)
	at com.novocode.junit.JUnitRunner.run(JUnitRunner.java:87)
	at sbt.RunnerWrapper$1.runRunner2(FrameworkWrapper.java:223)
	at sbt.RunnerWrapper$1.execute(FrameworkWrapper.java:236)
	at sbt.ForkMain$Run$2.call(ForkMain.java:296)
	at sbt.ForkMain$Run$2.call(ForkMain.java:286)
	at java.util.concurrent.FutureTask.run(FutureTask.java:266)
	at java.util.concurrent.ThreadPoolExecutor.runWorker(ThreadPoolExecutor.java:1142)
	at java.util.concurrent.ThreadPoolExecutor$Worker.run(ThreadPoolExecutor.java:617)
	at java.lang.Thread.run(Thread.java:745)
</failure>
                                               </testcase><testcase classname="l3.test.CPSOptimizer_Greybox" name="testFunInliningCrasher" time="-0.001">
                                                 <failure message="scala.MatchError: LetF(ArrayBuffer(FunDef(f_10,rc_39,ArrayBuffer(x),LetC(List(CntDef(tc_3,List(),LetL(i_33,1,AppC(rc_39,List(i_33))))),LetC(List(CntDef(fc_3,List(),LetL(i_34,3,LetP(t_58,@-,List(x, i_34),LetL(t_59,1,LetP(v_19,@+,List(t_58, t_59),AppF(g_8,rc_39,ArrayBuffer(v_19)))))))),LetL(i_35,1,If(=,List(x, i_35),tc_3,fc_3))))), FunDef(g_8,rc_40,ArrayBuffer(y),AppF(f_10,rc_40,ArrayBuffer(y))), FunDef(h_4,rc_41,ArrayBuffer(z),AppC(rc_41,List(z)))),LetL(i_36,1,LetC(List(CntDef(rc_42,List(r_20),LetL(c0_12,1,LetL(t_60,1,LetP(t_61,@&gt;&gt;,List(c0_12, t_60),Halt(t_61)))))),AppF(f_10,rc_42,ArrayBuffer(i_36))))) (of class l3.CPSTreeModule$LetF)" type="sbt.ForkMain$ForkError">sbt.ForkMain$ForkError: scala.MatchError: LetF(ArrayBuffer(FunDef(f_10,rc_39,ArrayBuffer(x),LetC(List(CntDef(tc_3,List(),LetL(i_33,1,AppC(rc_39,List(i_33))))),LetC(List(CntDef(fc_3,List(),LetL(i_34,3,LetP(t_58,@-,List(x, i_34),LetL(t_59,1,LetP(v_19,@+,List(t_58, t_59),AppF(g_8,rc_39,ArrayBuffer(v_19)))))))),LetL(i_35,1,If(=,List(x, i_35),tc_3,fc_3))))), FunDef(g_8,rc_40,ArrayBuffer(y),AppF(f_10,rc_40,ArrayBuffer(y))), FunDef(h_4,rc_41,ArrayBuffer(z),AppC(rc_41,List(z)))),LetL(i_36,1,LetC(List(CntDef(rc_42,List(r_20),LetL(c0_12,1,LetL(t_60,1,LetP(t_61,@&gt;&gt;,List(c0_12, t_60),Halt(t_61)))))),AppF(f_10,rc_42,ArrayBuffer(i_36))))) (of class l3.CPSTreeModule$LetF)
	at l3.CPSHoister$.hoist(CPSHoister.scala:9)
	at l3.CPSHoister$.apply(CPSHoister.scala:7)
	at l3.CPSHoister$.apply(CPSHoister.scala:5)
	at scala.Function1$$anonfun$andThen$1.apply(Function1.scala:52)
	at scala.Function1$$anonfun$andThen$1.apply(Function1.scala:52)
	at scala.Function1$$anonfun$andThen$1.apply(Function1.scala:52)
	at scala.Function1$$anonfun$andThen$1.apply(Function1.scala:52)
	at l3.test.infrastructure.CompilerTest$class.l3$test$infrastructure$CompilerTest$$compileInner(CompilerTest.scala:20)
	at l3.test.infrastructure.CompilerTest$$anonfun$compileUsingPipelineAndRedirect$1.apply(CompilerTest.scala:31)
	at l3.test.infrastructure.SandboxedTest$$anon$1.run(SandboxedTest.scala:24)
	at java.security.AccessController.doPrivileged(Native Method)
	at l3.test.infrastructure.SandboxedTest.sandboxedTest(SandboxedTest.scala:34)
	at l3.test.infrastructure.SandboxedTest.sandboxedTestWithRedirectedIO(SandboxedTest.scala:45)
	at l3.test.infrastructure.CompilerTest$class.compileUsingPipelineAndRedirect(CompilerTest.scala:31)
	at l3.test.infrastructure.CPSTest.compileUsingPipelineAndRedirect(CPSTest.scala:11)
	at l3.test.infrastructure.CPSOptTest.testCPSOptStats(CPSOptTest.scala:62)
	at l3.test.infrastructure.CPSOptTest.testCPSOptEarly(CPSOptTest.scala:69)
	at l3.test.CPSOptimizer_Greybox.testFunInliningCrasher(CPSOptimizer_Greybox.scala:58)
	at sun.reflect.NativeMethodAccessorImpl.invoke0(Native Method)
	at sun.reflect.NativeMethodAccessorImpl.invoke(NativeMethodAccessorImpl.java:62)
	at sun.reflect.DelegatingMethodAccessorImpl.invoke(DelegatingMethodAccessorImpl.java:43)
	at java.lang.reflect.Method.invoke(Method.java:497)
	at org.junit.runners.model.FrameworkMethod$1.runReflectiveCall(FrameworkMethod.java:45)
	at org.junit.internal.runners.model.ReflectiveCallable.run(ReflectiveCallable.java:15)
	at org.junit.runners.model.FrameworkMethod.invokeExplosively(FrameworkMethod.java:42)
	at org.junit.internal.runners.statements.InvokeMethod.evaluate(InvokeMethod.java:20)
	at org.junit.runners.ParentRunner.runLeaf(ParentRunner.java:263)
	at org.junit.runners.BlockJUnit4ClassRunner.runChild(BlockJUnit4ClassRunner.java:68)
	at org.junit.runners.BlockJUnit4ClassRunner.runChild(BlockJUnit4ClassRunner.java:47)
	at org.junit.runners.ParentRunner$3.run(ParentRunner.java:231)
	at org.junit.runners.ParentRunner$1.schedule(ParentRunner.java:60)
	at org.junit.runners.ParentRunner.runChildren(ParentRunner.java:229)
	at org.junit.runners.ParentRunner.access$000(ParentRunner.java:50)
	at org.junit.runners.ParentRunner$2.evaluate(ParentRunner.java:222)
	at org.junit.runners.ParentRunner.run(ParentRunner.java:300)
	at org.junit.runners.Suite.runChild(Suite.java:128)
	at org.junit.runners.Suite.runChild(Suite.java:24)
	at org.junit.runners.ParentRunner$3.run(ParentRunner.java:231)
	at org.junit.runners.ParentRunner$1.schedule(ParentRunner.java:60)
	at org.junit.runners.ParentRunner.runChildren(ParentRunner.java:229)
	at org.junit.runners.ParentRunner.access$000(ParentRunner.java:50)
	at org.junit.runners.ParentRunner$2.evaluate(ParentRunner.java:222)
	at org.junit.runners.ParentRunner.run(ParentRunner.java:300)
	at org.junit.runner.JUnitCore.run(JUnitCore.java:157)
	at org.junit.runner.JUnitCore.run(JUnitCore.java:136)
	at com.novocode.junit.JUnitRunner.run(JUnitRunner.java:87)
	at sbt.RunnerWrapper$1.runRunner2(FrameworkWrapper.java:223)
	at sbt.RunnerWrapper$1.execute(FrameworkWrapper.java:236)
	at sbt.ForkMain$Run$2.call(ForkMain.java:296)
	at sbt.ForkMain$Run$2.call(ForkMain.java:286)
	at java.util.concurrent.FutureTask.run(FutureTask.java:266)
	at java.util.concurrent.ThreadPoolExecutor.runWorker(ThreadPoolExecutor.java:1142)
	at java.util.concurrent.ThreadPoolExecutor$Worker.run(ThreadPoolExecutor.java:617)
	at java.lang.Thread.run(Thread.java:745)
</failure>
                                               </testcase><testcase classname="l3.test.CPSOptimizer_Greybox" name="testFunInliningRecursiveTrick" time="-0.001">
                                                 <failure message="scala.MatchError: LetF(ArrayBuffer(FunDef(f_11,rc_43,ArrayBuffer(x),AppF(g_9,rc_43,ArrayBuffer(x))), FunDef(g_9,rc_44,ArrayBuffer(y),AppF(f_11,rc_44,ArrayBuffer(y))), FunDef(h_5,rc_45,ArrayBuffer(z),AppC(rc_45,List(z)))),LetL(i_37,7,LetC(List(CntDef(rc_46,List(r_21),LetL(c0_13,1,LetL(t_62,1,LetP(t_63,@&gt;&gt;,List(c0_13, t_62),Halt(t_63)))))),AppF(h_5,rc_46,ArrayBuffer(i_37))))) (of class l3.CPSTreeModule$LetF)" type="sbt.ForkMain$ForkError">sbt.ForkMain$ForkError: scala.MatchError: LetF(ArrayBuffer(FunDef(f_11,rc_43,ArrayBuffer(x),AppF(g_9,rc_43,ArrayBuffer(x))), FunDef(g_9,rc_44,ArrayBuffer(y),AppF(f_11,rc_44,ArrayBuffer(y))), FunDef(h_5,rc_45,ArrayBuffer(z),AppC(rc_45,List(z)))),LetL(i_37,7,LetC(List(CntDef(rc_46,List(r_21),LetL(c0_13,1,LetL(t_62,1,LetP(t_63,@&gt;&gt;,List(c0_13, t_62),Halt(t_63)))))),AppF(h_5,rc_46,ArrayBuffer(i_37))))) (of class l3.CPSTreeModule$LetF)
	at l3.CPSHoister$.hoist(CPSHoister.scala:9)
	at l3.CPSHoister$.apply(CPSHoister.scala:7)
	at l3.CPSHoister$.apply(CPSHoister.scala:5)
	at scala.Function1$$anonfun$andThen$1.apply(Function1.scala:52)
	at scala.Function1$$anonfun$andThen$1.apply(Function1.scala:52)
	at scala.Function1$$anonfun$andThen$1.apply(Function1.scala:52)
	at scala.Function1$$anonfun$andThen$1.apply(Function1.scala:52)
	at l3.test.infrastructure.CompilerTest$class.l3$test$infrastructure$CompilerTest$$compileInner(CompilerTest.scala:20)
	at l3.test.infrastructure.CompilerTest$$anonfun$compileUsingPipelineAndRedirect$1.apply(CompilerTest.scala:31)
	at l3.test.infrastructure.SandboxedTest$$anon$1.run(SandboxedTest.scala:24)
	at java.security.AccessController.doPrivileged(Native Method)
	at l3.test.infrastructure.SandboxedTest.sandboxedTest(SandboxedTest.scala:34)
	at l3.test.infrastructure.SandboxedTest.sandboxedTestWithRedirectedIO(SandboxedTest.scala:45)
	at l3.test.infrastructure.CompilerTest$class.compileUsingPipelineAndRedirect(CompilerTest.scala:31)
	at l3.test.infrastructure.CPSTest.compileUsingPipelineAndRedirect(CPSTest.scala:11)
	at l3.test.infrastructure.CPSOptTest.testCPSOptStats(CPSOptTest.scala:62)
	at l3.test.infrastructure.CPSOptTest.testCPSOptEarly(CPSOptTest.scala:69)
	at l3.test.CPSOptimizer_Greybox.testFunInliningRecursiveTrick(CPSOptimizer_Greybox.scala:61)
	at sun.reflect.NativeMethodAccessorImpl.invoke0(Native Method)
	at sun.reflect.NativeMethodAccessorImpl.invoke(NativeMethodAccessorImpl.java:62)
	at sun.reflect.DelegatingMethodAccessorImpl.invoke(DelegatingMethodAccessorImpl.java:43)
	at java.lang.reflect.Method.invoke(Method.java:497)
	at org.junit.runners.model.FrameworkMethod$1.runReflectiveCall(FrameworkMethod.java:45)
	at org.junit.internal.runners.model.ReflectiveCallable.run(ReflectiveCallable.java:15)
	at org.junit.runners.model.FrameworkMethod.invokeExplosively(FrameworkMethod.java:42)
	at org.junit.internal.runners.statements.InvokeMethod.evaluate(InvokeMethod.java:20)
	at org.junit.runners.ParentRunner.runLeaf(ParentRunner.java:263)
	at org.junit.runners.BlockJUnit4ClassRunner.runChild(BlockJUnit4ClassRunner.java:68)
	at org.junit.runners.BlockJUnit4ClassRunner.runChild(BlockJUnit4ClassRunner.java:47)
	at org.junit.runners.ParentRunner$3.run(ParentRunner.java:231)
	at org.junit.runners.ParentRunner$1.schedule(ParentRunner.java:60)
	at org.junit.runners.ParentRunner.runChildren(ParentRunner.java:229)
	at org.junit.runners.ParentRunner.access$000(ParentRunner.java:50)
	at org.junit.runners.ParentRunner$2.evaluate(ParentRunner.java:222)
	at org.junit.runners.ParentRunner.run(ParentRunner.java:300)
	at org.junit.runners.Suite.runChild(Suite.java:128)
	at org.junit.runners.Suite.runChild(Suite.java:24)
	at org.junit.runners.ParentRunner$3.run(ParentRunner.java:231)
	at org.junit.runners.ParentRunner$1.schedule(ParentRunner.java:60)
	at org.junit.runners.ParentRunner.runChildren(ParentRunner.java:229)
	at org.junit.runners.ParentRunner.access$000(ParentRunner.java:50)
	at org.junit.runners.ParentRunner$2.evaluate(ParentRunner.java:222)
	at org.junit.runners.ParentRunner.run(ParentRunner.java:300)
	at org.junit.runner.JUnitCore.run(JUnitCore.java:157)
	at org.junit.runner.JUnitCore.run(JUnitCore.java:136)
	at com.novocode.junit.JUnitRunner.run(JUnitRunner.java:87)
	at sbt.RunnerWrapper$1.runRunner2(FrameworkWrapper.java:223)
	at sbt.RunnerWrapper$1.execute(FrameworkWrapper.java:236)
	at sbt.ForkMain$Run$2.call(ForkMain.java:296)
	at sbt.ForkMain$Run$2.call(ForkMain.java:286)
	at java.util.concurrent.FutureTask.run(FutureTask.java:266)
	at java.util.concurrent.ThreadPoolExecutor.runWorker(ThreadPoolExecutor.java:1142)
	at java.util.concurrent.ThreadPoolExecutor$Worker.run(ThreadPoolExecutor.java:617)
	at java.lang.Thread.run(Thread.java:745)
</failure>
                                               </testcase><testcase classname="l3.test.CPSOptimizer_Greybox" name="testContInlining" time="-0.001">
                                                 <failure message="scala.MatchError: LetP(x,@id,List(i_38),LetL(c0_14,1,LetL(t_64,1,LetP(t_65,@&gt;&gt;,List(c0_14, t_64),Halt(t_65))))) (of class l3.CPSTreeModule$LetP)" type="sbt.ForkMain$ForkError">sbt.ForkMain$ForkError: scala.MatchError: LetP(x,@id,List(i_38),LetL(c0_14,1,LetL(t_64,1,LetP(t_65,@&gt;&gt;,List(c0_14, t_64),Halt(t_65))))) (of class l3.CPSTreeModule$LetP)
	at l3.CPSHoister$.hoist(CPSHoister.scala:9)
	at l3.CPSHoister$.hoist(CPSHoister.scala:11)
	at l3.CPSHoister$.apply(CPSHoister.scala:7)
	at l3.CPSHoister$.apply(CPSHoister.scala:5)
	at scala.Function1$$anonfun$andThen$1.apply(Function1.scala:52)
	at scala.Function1$$anonfun$andThen$1.apply(Function1.scala:52)
	at scala.Function1$$anonfun$andThen$1.apply(Function1.scala:52)
	at scala.Function1$$anonfun$andThen$1.apply(Function1.scala:52)
	at l3.test.infrastructure.CompilerTest$class.l3$test$infrastructure$CompilerTest$$compileInner(CompilerTest.scala:20)
	at l3.test.infrastructure.CompilerTest$$anonfun$compileUsingPipelineAndRedirect$1.apply(CompilerTest.scala:31)
	at l3.test.infrastructure.SandboxedTest$$anon$1.run(SandboxedTest.scala:24)
	at java.security.AccessController.doPrivileged(Native Method)
	at l3.test.infrastructure.SandboxedTest.sandboxedTest(SandboxedTest.scala:34)
	at l3.test.infrastructure.SandboxedTest.sandboxedTestWithRedirectedIO(SandboxedTest.scala:45)
	at l3.test.infrastructure.CompilerTest$class.compileUsingPipelineAndRedirect(CompilerTest.scala:31)
	at l3.test.infrastructure.CPSTest.compileUsingPipelineAndRedirect(CPSTest.scala:11)
	at l3.test.infrastructure.CPSOptTest.testCPSOptStats(CPSOptTest.scala:62)
	at l3.test.infrastructure.CPSOptTest.testCPSOptEarly(CPSOptTest.scala:69)
	at l3.test.CPSOptimizer_Greybox.testContInlining(CPSOptimizer_Greybox.scala:64)
	at sun.reflect.NativeMethodAccessorImpl.invoke0(Native Method)
	at sun.reflect.NativeMethodAccessorImpl.invoke(NativeMethodAccessorImpl.java:62)
	at sun.reflect.DelegatingMethodAccessorImpl.invoke(DelegatingMethodAccessorImpl.java:43)
	at java.lang.reflect.Method.invoke(Method.java:497)
	at org.junit.runners.model.FrameworkMethod$1.runReflectiveCall(FrameworkMethod.java:45)
	at org.junit.internal.runners.model.ReflectiveCallable.run(ReflectiveCallable.java:15)
	at org.junit.runners.model.FrameworkMethod.invokeExplosively(FrameworkMethod.java:42)
	at org.junit.internal.runners.statements.InvokeMethod.evaluate(InvokeMethod.java:20)
	at org.junit.runners.ParentRunner.runLeaf(ParentRunner.java:263)
	at org.junit.runners.BlockJUnit4ClassRunner.runChild(BlockJUnit4ClassRunner.java:68)
	at org.junit.runners.BlockJUnit4ClassRunner.runChild(BlockJUnit4ClassRunner.java:47)
	at org.junit.runners.ParentRunner$3.run(ParentRunner.java:231)
	at org.junit.runners.ParentRunner$1.schedule(ParentRunner.java:60)
	at org.junit.runners.ParentRunner.runChildren(ParentRunner.java:229)
	at org.junit.runners.ParentRunner.access$000(ParentRunner.java:50)
	at org.junit.runners.ParentRunner$2.evaluate(ParentRunner.java:222)
	at org.junit.runners.ParentRunner.run(ParentRunner.java:300)
	at org.junit.runners.Suite.runChild(Suite.java:128)
	at org.junit.runners.Suite.runChild(Suite.java:24)
	at org.junit.runners.ParentRunner$3.run(ParentRunner.java:231)
	at org.junit.runners.ParentRunner$1.schedule(ParentRunner.java:60)
	at org.junit.runners.ParentRunner.runChildren(ParentRunner.java:229)
	at org.junit.runners.ParentRunner.access$000(ParentRunner.java:50)
	at org.junit.runners.ParentRunner$2.evaluate(ParentRunner.java:222)
	at org.junit.runners.ParentRunner.run(ParentRunner.java:300)
	at org.junit.runner.JUnitCore.run(JUnitCore.java:157)
	at org.junit.runner.JUnitCore.run(JUnitCore.java:136)
	at com.novocode.junit.JUnitRunner.run(JUnitRunner.java:87)
	at sbt.RunnerWrapper$1.runRunner2(FrameworkWrapper.java:223)
	at sbt.RunnerWrapper$1.execute(FrameworkWrapper.java:236)
	at sbt.ForkMain$Run$2.call(ForkMain.java:296)
	at sbt.ForkMain$Run$2.call(ForkMain.java:286)
	at java.util.concurrent.FutureTask.run(FutureTask.java:266)
	at java.util.concurrent.ThreadPoolExecutor.runWorker(ThreadPoolExecutor.java:1142)
	at java.util.concurrent.ThreadPoolExecutor$Worker.run(ThreadPoolExecutor.java:617)
	at java.lang.Thread.run(Thread.java:745)
</failure>
                                               </testcase><testcase classname="l3.test.CPSOptimizer_Greybox" name="testContInliningInsideContBody" time="-0.001">
                                                 <failure message="scala.MatchError: LetP(x,@id,List(i_39),LetL(i_40,5,LetP(y,@id,List(i_40),LetP(t_66,@+,List(x, y),LetL(t_67,1,LetP(v_20,@-,List(t_66, t_67),LetL(c0_15,1,LetL(t_68,1,LetP(t_69,@&gt;&gt;,List(c0_15, t_68),Halt(t_69)))))))))) (of class l3.CPSTreeModule$LetP)" type="sbt.ForkMain$ForkError">sbt.ForkMain$ForkError: scala.MatchError: LetP(x,@id,List(i_39),LetL(i_40,5,LetP(y,@id,List(i_40),LetP(t_66,@+,List(x, y),LetL(t_67,1,LetP(v_20,@-,List(t_66, t_67),LetL(c0_15,1,LetL(t_68,1,LetP(t_69,@&gt;&gt;,List(c0_15, t_68),Halt(t_69)))))))))) (of class l3.CPSTreeModule$LetP)
	at l3.CPSHoister$.hoist(CPSHoister.scala:9)
	at l3.CPSHoister$.hoist(CPSHoister.scala:11)
	at l3.CPSHoister$.apply(CPSHoister.scala:7)
	at l3.CPSHoister$.apply(CPSHoister.scala:5)
	at scala.Function1$$anonfun$andThen$1.apply(Function1.scala:52)
	at scala.Function1$$anonfun$andThen$1.apply(Function1.scala:52)
	at scala.Function1$$anonfun$andThen$1.apply(Function1.scala:52)
	at scala.Function1$$anonfun$andThen$1.apply(Function1.scala:52)
	at l3.test.infrastructure.CompilerTest$class.l3$test$infrastructure$CompilerTest$$compileInner(CompilerTest.scala:20)
	at l3.test.infrastructure.CompilerTest$$anonfun$compileUsingPipelineAndRedirect$1.apply(CompilerTest.scala:31)
	at l3.test.infrastructure.SandboxedTest$$anon$1.run(SandboxedTest.scala:24)
	at java.security.AccessController.doPrivileged(Native Method)
	at l3.test.infrastructure.SandboxedTest.sandboxedTest(SandboxedTest.scala:34)
	at l3.test.infrastructure.SandboxedTest.sandboxedTestWithRedirectedIO(SandboxedTest.scala:45)
	at l3.test.infrastructure.CompilerTest$class.compileUsingPipelineAndRedirect(CompilerTest.scala:31)
	at l3.test.infrastructure.CPSTest.compileUsingPipelineAndRedirect(CPSTest.scala:11)
	at l3.test.infrastructure.CPSOptTest.testCPSOptStats(CPSOptTest.scala:62)
	at l3.test.infrastructure.CPSOptTest.testCPSOptEarly(CPSOptTest.scala:69)
	at l3.test.CPSOptimizer_Greybox.testContInliningInsideContBody(CPSOptimizer_Greybox.scala:67)
	at sun.reflect.NativeMethodAccessorImpl.invoke0(Native Method)
	at sun.reflect.NativeMethodAccessorImpl.invoke(NativeMethodAccessorImpl.java:62)
	at sun.reflect.DelegatingMethodAccessorImpl.invoke(DelegatingMethodAccessorImpl.java:43)
	at java.lang.reflect.Method.invoke(Method.java:497)
	at org.junit.runners.model.FrameworkMethod$1.runReflectiveCall(FrameworkMethod.java:45)
	at org.junit.internal.runners.model.ReflectiveCallable.run(ReflectiveCallable.java:15)
	at org.junit.runners.model.FrameworkMethod.invokeExplosively(FrameworkMethod.java:42)
	at org.junit.internal.runners.statements.InvokeMethod.evaluate(InvokeMethod.java:20)
	at org.junit.runners.ParentRunner.runLeaf(ParentRunner.java:263)
	at org.junit.runners.BlockJUnit4ClassRunner.runChild(BlockJUnit4ClassRunner.java:68)
	at org.junit.runners.BlockJUnit4ClassRunner.runChild(BlockJUnit4ClassRunner.java:47)
	at org.junit.runners.ParentRunner$3.run(ParentRunner.java:231)
	at org.junit.runners.ParentRunner$1.schedule(ParentRunner.java:60)
	at org.junit.runners.ParentRunner.runChildren(ParentRunner.java:229)
	at org.junit.runners.ParentRunner.access$000(ParentRunner.java:50)
	at org.junit.runners.ParentRunner$2.evaluate(ParentRunner.java:222)
	at org.junit.runners.ParentRunner.run(ParentRunner.java:300)
	at org.junit.runners.Suite.runChild(Suite.java:128)
	at org.junit.runners.Suite.runChild(Suite.java:24)
	at org.junit.runners.ParentRunner$3.run(ParentRunner.java:231)
	at org.junit.runners.ParentRunner$1.schedule(ParentRunner.java:60)
	at org.junit.runners.ParentRunner.runChildren(ParentRunner.java:229)
	at org.junit.runners.ParentRunner.access$000(ParentRunner.java:50)
	at org.junit.runners.ParentRunner$2.evaluate(ParentRunner.java:222)
	at org.junit.runners.ParentRunner.run(ParentRunner.java:300)
	at org.junit.runner.JUnitCore.run(JUnitCore.java:157)
	at org.junit.runner.JUnitCore.run(JUnitCore.java:136)
	at com.novocode.junit.JUnitRunner.run(JUnitRunner.java:87)
	at sbt.RunnerWrapper$1.runRunner2(FrameworkWrapper.java:223)
	at sbt.RunnerWrapper$1.execute(FrameworkWrapper.java:236)
	at sbt.ForkMain$Run$2.call(ForkMain.java:296)
	at sbt.ForkMain$Run$2.call(ForkMain.java:286)
	at java.util.concurrent.FutureTask.run(FutureTask.java:266)
	at java.util.concurrent.ThreadPoolExecutor.runWorker(ThreadPoolExecutor.java:1142)
	at java.util.concurrent.ThreadPoolExecutor$Worker.run(ThreadPoolExecutor.java:617)
	at java.lang.Thread.run(Thread.java:745)
</failure>
                                               </testcase><testcase classname="l3.test.CPSOptimizer_Greybox" name="testConstantFoldingIntP" time="-0.001">
                                                 <failure message="scala.MatchError: LetC(List(CntDef(ic_2,List(v_21),LetP(x,@id,List(v_21),LetL(i_41,2,LetL(c0_16,1,LetL(t_70,1,LetP(t_71,@&gt;&gt;,List(c0_16, t_70),Halt(t_71)))))))),LetC(List(CntDef(tc_4,List(),LetL(i_42,26,AppC(ic_2,List(i_42))))),LetC(List(CntDef(fc_4,List(),LetL(i_43,10,AppC(ic_2,List(i_43))))),LetL(i_44,3,LetL(t_72,1,LetP(t_73,@&amp;,List(i_44, t_72),LetL(t_74,1,If(=,List(t_73, t_74),tc_4,fc_4)))))))) (of class l3.CPSTreeModule$LetC)" type="sbt.ForkMain$ForkError">sbt.ForkMain$ForkError: scala.MatchError: LetC(List(CntDef(ic_2,List(v_21),LetP(x,@id,List(v_21),LetL(i_41,2,LetL(c0_16,1,LetL(t_70,1,LetP(t_71,@&gt;&gt;,List(c0_16, t_70),Halt(t_71)))))))),LetC(List(CntDef(tc_4,List(),LetL(i_42,26,AppC(ic_2,List(i_42))))),LetC(List(CntDef(fc_4,List(),LetL(i_43,10,AppC(ic_2,List(i_43))))),LetL(i_44,3,LetL(t_72,1,LetP(t_73,@&amp;,List(i_44, t_72),LetL(t_74,1,If(=,List(t_73, t_74),tc_4,fc_4)))))))) (of class l3.CPSTreeModule$LetC)
	at l3.CPSHoister$.hoist(CPSHoister.scala:9)
	at l3.CPSHoister$.apply(CPSHoister.scala:7)
	at l3.CPSHoister$.apply(CPSHoister.scala:5)
	at scala.Function1$$anonfun$andThen$1.apply(Function1.scala:52)
	at scala.Function1$$anonfun$andThen$1.apply(Function1.scala:52)
	at scala.Function1$$anonfun$andThen$1.apply(Function1.scala:52)
	at scala.Function1$$anonfun$andThen$1.apply(Function1.scala:52)
	at l3.test.infrastructure.CompilerTest$class.l3$test$infrastructure$CompilerTest$$compileInner(CompilerTest.scala:20)
	at l3.test.infrastructure.CompilerTest$$anonfun$compileUsingPipelineAndRedirect$1.apply(CompilerTest.scala:31)
	at l3.test.infrastructure.SandboxedTest$$anon$1.run(SandboxedTest.scala:24)
	at java.security.AccessController.doPrivileged(Native Method)
	at l3.test.infrastructure.SandboxedTest.sandboxedTest(SandboxedTest.scala:34)
	at l3.test.infrastructure.SandboxedTest.sandboxedTestWithRedirectedIO(SandboxedTest.scala:45)
	at l3.test.infrastructure.CompilerTest$class.compileUsingPipelineAndRedirect(CompilerTest.scala:31)
	at l3.test.infrastructure.CPSTest.compileUsingPipelineAndRedirect(CPSTest.scala:11)
	at l3.test.infrastructure.CPSOptTest.testCPSOptStats(CPSOptTest.scala:62)
	at l3.test.infrastructure.CPSOptTest.testCPSOptLate(CPSOptTest.scala:72)
	at l3.test.CPSOptimizer_Greybox.testConstantFoldingIntP(CPSOptimizer_Greybox.scala:76)
	at sun.reflect.NativeMethodAccessorImpl.invoke0(Native Method)
	at sun.reflect.NativeMethodAccessorImpl.invoke(NativeMethodAccessorImpl.java:62)
	at sun.reflect.DelegatingMethodAccessorImpl.invoke(DelegatingMethodAccessorImpl.java:43)
	at java.lang.reflect.Method.invoke(Method.java:497)
	at org.junit.runners.model.FrameworkMethod$1.runReflectiveCall(FrameworkMethod.java:45)
	at org.junit.internal.runners.model.ReflectiveCallable.run(ReflectiveCallable.java:15)
	at org.junit.runners.model.FrameworkMethod.invokeExplosively(FrameworkMethod.java:42)
	at org.junit.internal.runners.statements.InvokeMethod.evaluate(InvokeMethod.java:20)
[...]
	at sun.reflect.NativeMethodAccessorImpl.invoke(NativeMethodAccessorImpl.java:62)
	at sun.reflect.DelegatingMethodAccessorImpl.invoke(DelegatingMethodAccessorImpl.java:43)
	at java.lang.reflect.Method.invoke(Method.java:497)
	at org.junit.runners.model.FrameworkMethod$1.runReflectiveCall(FrameworkMethod.java:45)
	at org.junit.internal.runners.model.ReflectiveCallable.run(ReflectiveCallable.java:15)
	at org.junit.runners.model.FrameworkMethod.invokeExplosively(FrameworkMethod.java:42)
	at org.junit.internal.runners.statements.InvokeMethod.evaluate(InvokeMethod.java:20)
	at org.junit.runners.ParentRunner.runLeaf(ParentRunner.java:263)
	at org.junit.runners.BlockJUnit4ClassRunner.runChild(BlockJUnit4ClassRunner.java:68)
	at org.junit.runners.BlockJUnit4ClassRunner.runChild(BlockJUnit4ClassRunner.java:47)
	at org.junit.runners.ParentRunner$3.run(ParentRunner.java:231)
	at org.junit.runners.ParentRunner$1.schedule(ParentRunner.java:60)
	at org.junit.runners.ParentRunner.runChildren(ParentRunner.java:229)
	at org.junit.runners.ParentRunner.access$000(ParentRunner.java:50)
	at org.junit.runners.ParentRunner$2.evaluate(ParentRunner.java:222)
	at org.junit.runners.ParentRunner.run(ParentRunner.java:300)
	at org.junit.runners.Suite.runChild(Suite.java:128)
	at org.junit.runners.Suite.runChild(Suite.java:24)
	at org.junit.runners.ParentRunner$3.run(ParentRunner.java:231)
	at org.junit.runners.ParentRunner$1.schedule(ParentRunner.java:60)
	at org.junit.runners.ParentRunner.runChildren(ParentRunner.java:229)
	at org.junit.runners.ParentRunner.access$000(ParentRunner.java:50)
	at org.junit.runners.ParentRunner$2.evaluate(ParentRunner.java:222)
	at org.junit.runners.ParentRunner.run(ParentRunner.java:300)
	at org.junit.runner.JUnitCore.run(JUnitCore.java:157)
	at org.junit.runner.JUnitCore.run(JUnitCore.java:136)
	at com.novocode.junit.JUnitRunner.run(JUnitRunner.java:87)
	at sbt.RunnerWrapper$1.runRunner2(FrameworkWrapper.java:223)
	at sbt.RunnerWrapper$1.execute(FrameworkWrapper.java:236)
	at sbt.ForkMain$Run$2.call(ForkMain.java:296)
	at sbt.ForkMain$Run$2.call(ForkMain.java:286)
	at java.util.concurrent.FutureTask.run(FutureTask.java:266)
	at java.util.concurrent.ThreadPoolExecutor.runWorker(ThreadPoolExecutor.java:1142)
	at java.util.concurrent.ThreadPoolExecutor$Worker.run(ThreadPoolExecutor.java:617)
	at java.lang.Thread.run(Thread.java:745)
</failure>
                                               </testcase><testcase classname="l3.test.CPSOptimizer_Greybox" name="testFunInlingAndDCE" time="-0.001">
                                                 <failure message="scala.MatchError: LetF(ArrayBuffer(FunDef(f_12,rc_47,ArrayBuffer(x),AppC(rc_47,List(x))), FunDef(g_10,rc_48,ArrayBuffer(y, z),AppF(f_12,rc_48,ArrayBuffer(z)))),LetL(c0_41,1,LetL(t_299,1,LetP(t_300,@&gt;&gt;,List(c0_41, t_299),Halt(t_300))))) (of class l3.CPSTreeModule$LetF)" type="sbt.ForkMain$ForkError">sbt.ForkMain$ForkError: scala.MatchError: LetF(ArrayBuffer(FunDef(f_12,rc_47,ArrayBuffer(x),AppC(rc_47,List(x))), FunDef(g_10,rc_48,ArrayBuffer(y, z),AppF(f_12,rc_48,ArrayBuffer(z)))),LetL(c0_41,1,LetL(t_299,1,LetP(t_300,@&gt;&gt;,List(c0_41, t_299),Halt(t_300))))) (of class l3.CPSTreeModule$LetF)
	at l3.CPSHoister$.hoist(CPSHoister.scala:9)
	at l3.CPSHoister$.apply(CPSHoister.scala:7)
	at l3.CPSHoister$.apply(CPSHoister.scala:5)
	at scala.Function1$$anonfun$andThen$1.apply(Function1.scala:52)
	at scala.Function1$$anonfun$andThen$1.apply(Function1.scala:52)
	at scala.Function1$$anonfun$andThen$1.apply(Function1.scala:52)
	at scala.Function1$$anonfun$andThen$1.apply(Function1.scala:52)
	at l3.test.infrastructure.CompilerTest$class.l3$test$infrastructure$CompilerTest$$compileInner(CompilerTest.scala:20)
	at l3.test.infrastructure.CompilerTest$$anonfun$compileUsingPipelineAndRedirect$1.apply(CompilerTest.scala:31)
	at l3.test.infrastructure.SandboxedTest$$anon$1.run(SandboxedTest.scala:24)
	at java.security.AccessController.doPrivileged(Native Method)
	at l3.test.infrastructure.SandboxedTest.sandboxedTest(SandboxedTest.scala:34)
	at l3.test.infrastructure.SandboxedTest.sandboxedTestWithRedirectedIO(SandboxedTest.scala:45)
	at l3.test.infrastructure.CompilerTest$class.compileUsingPipelineAndRedirect(CompilerTest.scala:31)
	at l3.test.infrastructure.CPSTest.compileUsingPipelineAndRedirect(CPSTest.scala:11)
	at l3.test.infrastructure.CPSOptTest.testCPSOptStats(CPSOptTest.scala:62)
	at l3.test.infrastructure.CPSOptTest.testCPSOptEarly(CPSOptTest.scala:69)
	at l3.test.CPSOptimizer_Greybox.testFunInlingAndDCE(CPSOptimizer_Greybox.scala:183)
	at sun.reflect.NativeMethodAccessorImpl.invoke0(Native Method)
	at sun.reflect.NativeMethodAccessorImpl.invoke(NativeMethodAccessorImpl.java:62)
	at sun.reflect.DelegatingMethodAccessorImpl.invoke(DelegatingMethodAccessorImpl.java:43)
	at java.lang.reflect.Method.invoke(Method.java:497)
	at org.junit.runners.model.FrameworkMethod$1.runReflectiveCall(FrameworkMethod.java:45)
	at org.junit.internal.runners.model.ReflectiveCallable.run(ReflectiveCallable.java:15)
	at org.junit.runners.model.FrameworkMethod.invokeExplosively(FrameworkMethod.java:42)
	at org.junit.internal.runners.statements.InvokeMethod.evaluate(InvokeMethod.java:20)
	at org.junit.runners.ParentRunner.runLeaf(ParentRunner.java:263)
	at org.junit.runners.BlockJUnit4ClassRunner.runChild(BlockJUnit4ClassRunner.java:68)
	at org.junit.runners.BlockJUnit4ClassRunner.runChild(BlockJUnit4ClassRunner.java:47)
	at org.junit.runners.ParentRunner$3.run(ParentRunner.java:231)
	at org.junit.runners.ParentRunner$1.schedule(ParentRunner.java:60)
	at org.junit.runners.ParentRunner.runChildren(ParentRunner.java:229)
	at org.junit.runners.ParentRunner.access$000(ParentRunner.java:50)
	at org.junit.runners.ParentRunner$2.evaluate(ParentRunner.java:222)
	at org.junit.runners.ParentRunner.run(ParentRunner.java:300)
	at org.junit.runners.Suite.runChild(Suite.java:128)
	at org.junit.runners.Suite.runChild(Suite.java:24)
	at org.junit.runners.ParentRunner$3.run(ParentRunner.java:231)
	at org.junit.runners.ParentRunner$1.schedule(ParentRunner.java:60)
	at org.junit.runners.ParentRunner.runChildren(ParentRunner.java:229)
	at org.junit.runners.ParentRunner.access$000(ParentRunner.java:50)
	at org.junit.runners.ParentRunner$2.evaluate(ParentRunner.java:222)
	at org.junit.runners.ParentRunner.run(ParentRunner.java:300)
	at org.junit.runner.JUnitCore.run(JUnitCore.java:157)
	at org.junit.runner.JUnitCore.run(JUnitCore.java:136)
	at com.novocode.junit.JUnitRunner.run(JUnitRunner.java:87)
	at sbt.RunnerWrapper$1.runRunner2(FrameworkWrapper.java:223)
	at sbt.RunnerWrapper$1.execute(FrameworkWrapper.java:236)
	at sbt.ForkMain$Run$2.call(ForkMain.java:296)
	at sbt.ForkMain$Run$2.call(ForkMain.java:286)
	at java.util.concurrent.FutureTask.run(FutureTask.java:266)
	at java.util.concurrent.ThreadPoolExecutor.runWorker(ThreadPoolExecutor.java:1142)
	at java.util.concurrent.ThreadPoolExecutor$Worker.run(ThreadPoolExecutor.java:617)
	at java.lang.Thread.run(Thread.java:745)
</failure>
                                               </testcase><testcase classname="l3.test.CPSOptimizer_Greybox" name="testInliningConstantFoldingDCE" time="-0.001">
                                                 <failure message="scala.MatchError: LetF(List(FunDef(fun$14_1,rc_49,ArrayBuffer(c),LetL(t_301,1,LetP(t_302,@&gt;&gt;,List(c, t_301),LetP(v_98,@byte-write,List(t_302),AppC(rc_49,List(v_98)))))), FunDef(fun$14_1_1,ret_1,ArrayBuffer(env_1, c_1),AppF(fun$14_1,ret_1,ArrayBuffer(c_1)))),LetL(t_362,1,LetP(fun$14,@block-alloc-202,List(t_362),LetL(t_360,0,LetP(t_361,@block-set!,List(fun$14, t_360, fun$14_1_1),LetP(byte-write,@id,List(fun$14),LetF(List(FunDef(fun$16_1,rc_50,ArrayBuffer(f, g),LetF(List(FunDef(fun$15_1,rc_51,ArrayBuffer(g_11, f_13, x),LetC(List(CntDef(rc_52,List(r_22),LetL(t_303,0,LetP(t_304,@block-get,List(f_13, t_303),AppF(t_304,rc_51,List(f_13, r_22)))))),LetL(t_305,0,LetP(t_306,@block-get,List(g_11, t_305),AppF(t_306,rc_52,List(g_11, x)))))), FunDef(fun$15_1_1,ret_2,ArrayBuffer(env_2, x_1),LetL(t_308,1,LetP(g_12,@block-get,List(env_2, t_308),LetL(t_307,2,LetP(f_14,@block-get,List(env_2, t_307),AppF(fun$15_1,ret_2,ArrayBuffer(g_12, f_14, x_1)))))))),LetL(t_315,3,LetP(fun$15,@block-alloc-202,List(t_315),LetL(t_313,0,LetP(t_314,@block-set!,List(fun$15, t_313, fun$15_1_1),LetL(t_311,1,LetP(t_312,@block-set!,List(fun$15, t_311, g),LetL(t_309,2,LetP(t_310,@block-set!,List(fun$15, t_309, f),AppC(rc_50,List(fun$15)))))))))))), FunDef(fun$16_1_1,ret_3,ArrayBuffer(env_3, f_15, g_13),AppF(fun$16_1,ret_3,ArrayBuffer(f_15, g_13)))),LetL(t_359,1,LetP(fun$16,@block-alloc-202,List(t_359),LetL(t_357,0,LetP(t_358,@block-set!,List(fun$16, t_357, fun$16_1_1),LetP(function-compose,@id,List(fun$16),LetF(List(FunDef(fun$17_1,rc_53,ArrayBuffer(x, y),LetP(t_316,@+,List(x, y),LetL(t_317,1,LetP(v_99,@-,List(t_316, t_317),AppC(rc_53,List(v_99)))))), FunDef(fun$17_1_1,ret_4,ArrayBuffer(env_4, x_2, y_1),AppF(fun$17_1,ret_4,ArrayBuffer(x_2, y_1)))),LetL(t_356,1,LetP(fun$17,@block-alloc-202,List(t_356),LetL(t_354,0,LetP(t_355,@block-set!,List(fun$17, t_354, fun$17_1_1),LetP(+,@id,List(fun$17),LetF(List(FunDef(fun$18_1,rc_54,ArrayBuffer(+_1, x),LetL(i_88,3,LetL(t_318,0,LetP(t_319,@block-get,List(+_1, t_318),AppF(t_319,rc_54,List(+_1, x, i_88)))))), FunDef(fun$18_1_1,ret_5,ArrayBuffer(env_5, x_3),LetL(t_320,1,LetP(+_2,@block-get,List(env_5, t_320),AppF(fun$18_1,ret_5,ArrayBuffer(+_2, x_3)))))),LetL(t_353,2,LetP(fun$18,@block-alloc-202,List(t_353),LetL(t_351,0,LetP(t_352,@block-set!,List(fun$18, t_351, fun$18_1_1),LetL(t_349,1,LetP(t_350,@block-set!,List(fun$18, t_349, +),LetP(succ,@id,List(fun$18),LetF(List(FunDef(fun$19_1,rc_55,ArrayBuffer(+_3, x),LetL(t_321,0,LetP(t_322,@block-get,List(+_3, t_321),AppF(t_322,rc_55,List(+_3, x, x))))), FunDef(fun$19_1_1,ret_6,ArrayBuffer(env_6, x_4),LetL(t_323,1,LetP(+_4,@block-get,List(env_6, t_323),AppF(fun$19_1,ret_6,ArrayBuffer(+_4, x_4)))))),LetL(t_348,2,LetP(fun$19,@block-alloc-202,List(t_348),LetL(t_346,0,LetP(t_347,@block-set!,List(fun$19, t_346, fun$19_1_1),LetL(t_344,1,LetP(t_345,@block-set!,List(fun$19, t_344, +),LetP(twice,@id,List(fun$19),LetC(List(CntDef(rc_64,List(r_25),LetL(i_89,79,LetC(List(CntDef(rc_63,List(r_24),LetC(List(CntDef(rc_62,List(r_23),LetP(begin$21,@id,List(r_23),LetC(List(CntDef(rc_61,List(r_28),LetL(i_90,147,LetC(List(CntDef(rc_60,List(r_27),LetC(List(CntDef(rc_59,List(r_26),LetP(begin$20,@id,List(r_26),LetC(List(CntDef(rc_58,List(r_31),LetL(i_91,9,LetC(List(CntDef(rc_57,List(r_30),LetC(List(CntDef(rc_56,List(r_29),LetL(c0_42,1,LetL(t_324,1,LetP(t_325,@&gt;&gt;,List(c0_42, t_324),Halt(t_325)))))),LetL(t_326,0,LetP(t_327,@block-get,List(byte-write, t_326),AppF(t_327,rc_56,List(byte-write, r_30))))))),LetL(t_328,0,LetP(t_329,@block-get,List(r_31, t_328),AppF(t_329,rc_57,List(r_31, i_91)))))))),LetL(t_330,0,LetP(t_331,@block-get,List(function-compose, t_330),AppF(t_331,rc_58,List(function-compose, twice, succ)))))))),LetL(t_332,0,LetP(t_333,@block-get,List(byte-write, t_332),AppF(t_333,rc_59,List(byte-write, r_27))))))),LetL(t_334,0,LetP(t_335,@block-get,List(r_28, t_334),AppF(t_335,rc_60,List(r_28, i_90)))))))),LetL(t_336,0,LetP(t_337,@block-get,List(function-compose, t_336),AppF(t_337,rc_61,List(function-compose, succ, succ)))))))),LetL(t_338,0,LetP(t_339,@block-get,List(byte-write, t_338),AppF(t_339,rc_62,List(byte-write, r_24))))))),LetL(t_340,0,LetP(t_341,@block-get,List(r_25, t_340),AppF(t_341,rc_63,List(r_25, i_89)))))))),LetL(t_342,0,LetP(t_343,@block-get,List(function-compose, t_342),AppF(t_343,rc_64,List(function-compose, succ, twice))))))))))))))))))))))))))))))))))))))) (of class l3.CPSTreeModule$LetF)" type="sbt.ForkMain$ForkError">sbt.ForkMain$ForkError: scala.MatchError: LetF(List(FunDef(fun$14_1,rc_49,ArrayBuffer(c),LetL(t_301,1,LetP(t_302,@&gt;&gt;,List(c, t_301),LetP(v_98,@byte-write,List(t_302),AppC(rc_49,List(v_98)))))), FunDef(fun$14_1_1,ret_1,ArrayBuffer(env_1, c_1),AppF(fun$14_1,ret_1,ArrayBuffer(c_1)))),LetL(t_362,1,LetP(fun$14,@block-alloc-202,List(t_362),LetL(t_360,0,LetP(t_361,@block-set!,List(fun$14, t_360, fun$14_1_1),LetP(byte-write,@id,List(fun$14),LetF(List(FunDef(fun$16_1,rc_50,ArrayBuffer(f, g),LetF(List(FunDef(fun$15_1,rc_51,ArrayBuffer(g_11, f_13, x),LetC(List(CntDef(rc_52,List(r_22),LetL(t_303,0,LetP(t_304,@block-get,List(f_13, t_303),AppF(t_304,rc_51,List(f_13, r_22)))))),LetL(t_305,0,LetP(t_306,@block-get,List(g_11, t_305),AppF(t_306,rc_52,List(g_11, x)))))), FunDef(fun$15_1_1,ret_2,ArrayBuffer(env_2, x_1),LetL(t_308,1,LetP(g_12,@block-get,List(env_2, t_308),LetL(t_307,2,LetP(f_14,@block-get,List(env_2, t_307),AppF(fun$15_1,ret_2,ArrayBuffer(g_12, f_14, x_1)))))))),LetL(t_315,3,LetP(fun$15,@block-alloc-202,List(t_315),LetL(t_313,0,LetP(t_314,@block-set!,List(fun$15, t_313, fun$15_1_1),LetL(t_311,1,LetP(t_312,@block-set!,List(fun$15, t_311, g),LetL(t_309,2,LetP(t_310,@block-set!,List(fun$15, t_309, f),AppC(rc_50,List(fun$15)))))))))))), FunDef(fun$16_1_1,ret_3,ArrayBuffer(env_3, f_15, g_13),AppF(fun$16_1,ret_3,ArrayBuffer(f_15, g_13)))),LetL(t_359,1,LetP(fun$16,@block-alloc-202,List(t_359),LetL(t_357,0,LetP(t_358,@block-set!,List(fun$16, t_357, fun$16_1_1),LetP(function-compose,@id,List(fun$16),LetF(List(FunDef(fun$17_1,rc_53,ArrayBuffer(x, y),LetP(t_316,@+,List(x, y),LetL(t_317,1,LetP(v_99,@-,List(t_316, t_317),AppC(rc_53,List(v_99)))))), FunDef(fun$17_1_1,ret_4,ArrayBuffer(env_4, x_2, y_1),AppF(fun$17_1,ret_4,ArrayBuffer(x_2, y_1)))),LetL(t_356,1,LetP(fun$17,@block-alloc-202,List(t_356),LetL(t_354,0,LetP(t_355,@block-set!,List(fun$17, t_354, fun$17_1_1),LetP(+,@id,List(fun$17),LetF(List(FunDef(fun$18_1,rc_54,ArrayBuffer(+_1, x),LetL(i_88,3,LetL(t_318,0,LetP(t_319,@block-get,List(+_1, t_318),AppF(t_319,rc_54,List(+_1, x, i_88)))))), FunDef(fun$18_1_1,ret_5,ArrayBuffer(env_5, x_3),LetL(t_320,1,LetP(+_2,@block-get,List(env_5, t_320),AppF(fun$18_1,ret_5,ArrayBuffer(+_2, x_3)))))),LetL(t_353,2,LetP(fun$18,@block-alloc-202,List(t_353),LetL(t_351,0,LetP(t_352,@block-set!,List(fun$18, t_351, fun$18_1_1),LetL(t_349,1,LetP(t_350,@block-set!,List(fun$18, t_349, +),LetP(succ,@id,List(fun$18),LetF(List(FunDef(fun$19_1,rc_55,ArrayBuffer(+_3, x),LetL(t_321,0,LetP(t_322,@block-get,List(+_3, t_321),AppF(t_322,rc_55,List(+_3, x, x))))), FunDef(fun$19_1_1,ret_6,ArrayBuffer(env_6, x_4),LetL(t_323,1,LetP(+_4,@block-get,List(env_6, t_323),AppF(fun$19_1,ret_6,ArrayBuffer(+_4, x_4)))))),LetL(t_348,2,LetP(fun$19,@block-alloc-202,List(t_348),LetL(t_346,0,LetP(t_347,@block-set!,List(fun$19, t_346, fun$19_1_1),LetL(t_344,1,LetP(t_345,@block-set!,List(fun$19, t_344, +),LetP(twice,@id,List(fun$19),LetC(List(CntDef(rc_64,List(r_25),LetL(i_89,79,LetC(List(CntDef(rc_63,List(r_24),LetC(List(CntDef(rc_62,List(r_23),LetP(begin$21,@id,List(r_23),LetC(List(CntDef(rc_61,List(r_28),LetL(i_90,147,LetC(List(CntDef(rc_60,List(r_27),LetC(List(CntDef(rc_59,List(r_26),LetP(begin$20,@id,List(r_26),LetC(List(CntDef(rc_58,List(r_31),LetL(i_91,9,LetC(List(CntDef(rc_57,List(r_30),LetC(List(CntDef(rc_56,List(r_29),LetL(c0_42,1,LetL(t_324,1,LetP(t_325,@&gt;&gt;,List(c0_42, t_324),Halt(t_325)))))),LetL(t_326,0,LetP(t_327,@block-get,List(byte-write, t_326),AppF(t_327,rc_56,List(byte-write, r_30))))))),LetL(t_328,0,LetP(t_329,@block-get,List(r_31, t_328),AppF(t_329,rc_57,List(r_31, i_91)))))))),LetL(t_330,0,LetP(t_331,@block-get,List(function-compose, t_330),AppF(t_331,rc_58,List(function-compose, twice, succ)))))))),LetL(t_332,0,LetP(t_333,@block-get,List(byte-write, t_332),AppF(t_333,rc_59,List(byte-write, r_27))))))),LetL(t_334,0,LetP(t_335,@block-get,List(r_28, t_334),AppF(t_335,rc_60,List(r_28, i_90)))))))),LetL(t_336,0,LetP(t_337,@block-get,List(function-compose, t_336),AppF(t_337,rc_61,List(function-compose, succ, succ)))))))),LetL(t_338,0,LetP(t_339,@block-get,List(byte-write, t_338),AppF(t_339,rc_62,List(byte-write, r_24))))))),LetL(t_340,0,LetP(t_341,@block-get,List(r_25, t_340),AppF(t_341,rc_63,List(r_25, i_89)))))))),LetL(t_342,0,LetP(t_343,@block-get,List(function-compose, t_342),AppF(t_343,rc_64,List(function-compose, succ, twice))))))))))))))))))))))))))))))))))))))) (of class l3.CPSTreeModule$LetF)
	at l3.CPSHoister$.hoist(CPSHoister.scala:9)
	at l3.CPSHoister$.apply(CPSHoister.scala:7)
	at l3.CPSHoister$.apply(CPSHoister.scala:5)
	at scala.Function1$$anonfun$andThen$1.apply(Function1.scala:52)
	at scala.Function1$$anonfun$andThen$1.apply(Function1.scala:52)
	at scala.Function1$$anonfun$andThen$1.apply(Function1.scala:52)
	at scala.Function1$$anonfun$andThen$1.apply(Function1.scala:52)
	at l3.test.infrastructure.CompilerTest$class.l3$test$infrastructure$CompilerTest$$compileInner(CompilerTest.scala:20)
	at l3.test.infrastructure.CompilerTest$$anonfun$compileUsingPipeline$1.apply(CompilerTest.scala:28)
	at l3.test.infrastructure.SandboxedTest$$anon$1.run(SandboxedTest.scala:24)
	at java.security.AccessController.doPrivileged(Native Method)
	at l3.test.infrastructure.SandboxedTest.sandboxedTest(SandboxedTest.scala:34)
	at l3.test.infrastructure.CompilerTest$class.compileUsingPipeline(CompilerTest.scala:28)
	at l3.test.infrastructure.CPSTest.compileUsingPipeline(CPSTest.scala:11)
	at l3.test.infrastructure.CPSOptTest.testCPSOptTreeEquality(CPSOptTest.scala:44)
	at l3.test.CPSOptimizer_Greybox.testInliningConstantFoldingDCE(CPSOptimizer_Greybox.scala:187)
	at sun.reflect.NativeMethodAccessorImpl.invoke0(Native Method)
	at sun.reflect.NativeMethodAccessorImpl.invoke(NativeMethodAccessorImpl.java:62)
	at sun.reflect.DelegatingMethodAccessorImpl.invoke(DelegatingMethodAccessorImpl.java:43)
	at java.lang.reflect.Method.invoke(Method.java:497)
	at org.junit.runners.model.FrameworkMethod$1.runReflectiveCall(FrameworkMethod.java:45)
	at org.junit.internal.runners.model.ReflectiveCallable.run(ReflectiveCallable.java:15)
	at org.junit.runners.model.FrameworkMethod.invokeExplosively(FrameworkMethod.java:42)
	at org.junit.internal.runners.statements.InvokeMethod.evaluate(InvokeMethod.java:20)
	at org.junit.runners.ParentRunner.runLeaf(ParentRunner.java:263)
	at org.junit.runners.BlockJUnit4ClassRunner.runChild(BlockJUnit4ClassRunner.java:68)
	at org.junit.runners.BlockJUnit4ClassRunner.runChild(BlockJUnit4ClassRunner.java:47)
	at org.junit.runners.ParentRunner$3.run(ParentRunner.java:231)
	at org.junit.runners.ParentRunner$1.schedule(ParentRunner.java:60)
	at org.junit.runners.ParentRunner.runChildren(ParentRunner.java:229)
	at org.junit.runners.ParentRunner.access$000(ParentRunner.java:50)
	at org.junit.runners.ParentRunner$2.evaluate(ParentRunner.java:222)
	at org.junit.runners.ParentRunner.run(ParentRunner.java:300)
	at org.junit.runners.Suite.runChild(Suite.java:128)
	at org.junit.runners.Suite.runChild(Suite.java:24)
	at org.junit.runners.ParentRunner$3.run(ParentRunner.java:231)
	at org.junit.runners.ParentRunner$1.schedule(ParentRunner.java:60)
	at org.junit.runners.ParentRunner.runChildren(ParentRunner.java:229)
	at org.junit.runners.ParentRunner.access$000(ParentRunner.java:50)
	at org.junit.runners.ParentRunner$2.evaluate(ParentRunner.java:222)
	at org.junit.runners.ParentRunner.run(ParentRunner.java:300)
	at org.junit.runner.JUnitCore.run(JUnitCore.java:157)
	at org.junit.runner.JUnitCore.run(JUnitCore.java:136)
	at com.novocode.junit.JUnitRunner.run(JUnitRunner.java:87)
	at sbt.RunnerWrapper$1.runRunner2(FrameworkWrapper.java:223)
	at sbt.RunnerWrapper$1.execute(FrameworkWrapper.java:236)
	at sbt.ForkMain$Run$2.call(ForkMain.java:296)
	at sbt.ForkMain$Run$2.call(ForkMain.java:286)
	at java.util.concurrent.FutureTask.run(FutureTask.java:266)
	at java.util.concurrent.ThreadPoolExecutor.runWorker(ThreadPoolExecutor.java:1142)
	at java.util.concurrent.ThreadPoolExecutor$Worker.run(ThreadPoolExecutor.java:617)
	at java.lang.Thread.run(Thread.java:745)
</failure>
                                               </testcase>
                     <system-out></system-out>
                     <system-err></system-err>
                   </testsuite>