<?xml version='1.0' encoding='UTF-8'?>
<testsuite hostname="Prashants-MacBook-Pro.local" name="l3.test.CPSValueRepresentation_Blackbox" tests="73" errors="0" failures="23" time="-0.073">
                     <properties>
      <property name="jline.esc.timeout" value="0"/><property name="java.runtime.name" value="Java(TM) SE Runtime Environment"/><property name="sun.boot.library.path" value="/Library/Java/JavaVirtualMachines/jdk1.8.0_65.jdk/Contents/Home/jre/lib"/><property name="java.vm.version" value="25.65-b01"/><property name="gopherProxySet" value="false"/><property name="java.vm.vendor" value="Oracle Corporation"/><property name="java.vendor.url" value="http://java.oracle.com/"/><property name="path.separator" value=":"/><property name="java.vm.name" value="Java HotSpot(TM) 64-Bit Server VM"/><property name="file.encoding.pkg" value="sun.io"/><property name="user.country" value="US"/><property name="sun.java.launcher" value="SUN_STANDARD"/><property name="sun.os.patch.level" value="unknown"/><property name="java.vm.specification.name" value="Java Virtual Machine Specification"/><property name="user.dir" value="/Users/prashantravi/Documents/workspace/Compiler/Compilers/compiler"/><property name="java.runtime.version" value="1.8.0_65-b17"/><property name="java.awt.graphicsenv" value="sun.awt.CGraphicsEnvironment"/><property name="java.endorsed.dirs" value="/Library/Java/JavaVirtualMachines/jdk1.8.0_65.jdk/Contents/Home/jre/lib/endorsed"/><property name="os.arch" value="x86_64"/><property name="java.io.tmpdir" value="/var/folders/q_/k65fdxgj0l3_s032jc1ldw700000gn/T/"/><property name="line.separator" value="
"/><property name="java.vm.specification.vendor" value="Oracle Corporation"/><property name="os.name" value="Mac OS X"/><property name="sun.jnu.encoding" value="UTF-8"/><property name="java.library.path" value="/Users/prashantravi/Library/Java/Extensions:/Library/Java/Extensions:/Network/Library/Java/Extensions:/System/Library/Java/Extensions:/usr/lib/java:."/><property name="java.specification.name" value="Java Platform API Specification"/><property name="java.class.version" value="52.0"/><property name="sun.management.compiler" value="HotSpot 64-Bit Tiered Compilers"/><property name="os.version" value="10.10"/><property name="user.home" value="/Users/prashantravi"/><property name="user.timezone" value="America/Indiana/Indianapolis"/><property name="java.awt.printerjob" value="sun.lwawt.macosx.CPrinterJob"/><property name="file.encoding" value="UTF-8"/><property name="java.specification.version" value="1.8"/><property name="java.class.path" value="/usr/local/Cellar/sbt/0.13.7/libexec/sbt-launch.jar"/><property name="user.name" value="prashantravi"/><property name="jline.shutdownhook" value="false"/><property name="java.vm.specification.version" value="1.8"/><property name="sun.java.command" value="/usr/local/Cellar/sbt/0.13.7/libexec/sbt-launch.jar test"/><property name="java.home" value="/Library/Java/JavaVirtualMachines/jdk1.8.0_65.jdk/Contents/Home/jre"/><property name="sun.arch.data.model" value="64"/><property name="user.language" value="en"/><property name="java.specification.vendor" value="Oracle Corporation"/><property name="awt.toolkit" value="sun.lwawt.macosx.LWCToolkit"/><property name="java.vm.info" value="mixed mode"/><property name="java.version" value="1.8.0_65"/><property name="java.ext.dirs" value="/Users/prashantravi/Library/Java/Extensions:/Library/Java/JavaVirtualMachines/jdk1.8.0_65.jdk/Contents/Home/jre/lib/ext:/Library/Java/Extensions:/Network/Library/Java/Extensions:/System/Library/Java/Extensions:/usr/lib/java"/><property name="sun.boot.class.path" value="/Library/Java/JavaVirtualMachines/jdk1.8.0_65.jdk/Contents/Home/jre/lib/resources.jar:/Library/Java/JavaVirtualMachines/jdk1.8.0_65.jdk/Contents/Home/jre/lib/rt.jar:/Library/Java/JavaVirtualMachines/jdk1.8.0_65.jdk/Contents/Home/jre/lib/sunrsasign.jar:/Library/Java/JavaVirtualMachines/jdk1.8.0_65.jdk/Contents/Home/jre/lib/jsse.jar:/Library/Java/JavaVirtualMachines/jdk1.8.0_65.jdk/Contents/Home/jre/lib/jce.jar:/Library/Java/JavaVirtualMachines/jdk1.8.0_65.jdk/Contents/Home/jre/lib/charsets.jar:/Library/Java/JavaVirtualMachines/jdk1.8.0_65.jdk/Contents/Home/jre/lib/jfr.jar:/Library/Java/JavaVirtualMachines/jdk1.8.0_65.jdk/Contents/Home/jre/classes"/><property name="java.vendor" value="Oracle Corporation"/><property name="file.separator" value="/"/><property name="java.vendor.url.bug" value="http://bugreport.sun.com/bugreport/"/><property name="sun.io.unicode.encoding" value="UnicodeBig"/><property name="sun.cpu.endian" value="little"/><property name="sun.cpu.isalist" value=""/>
    </properties>
                     <testcase classname="l3.test.CPSValueRepresentation_Blackbox" name="testAppOrder" time="-0.001">
                                                 <failure message="java.lang.ArrayIndexOutOfBoundsException: 1" type="sbt.ForkMain$ForkError">sbt.ForkMain$ForkError: java.lang.ArrayIndexOutOfBoundsException: 1
	at l3.CPSInterpreterLow.evalValuePrim(CPSInterpreter.scala:222)
	at l3.CPSInterpreterLow.evalValuePrim(CPSInterpreter.scala:174)
	at l3.CPSInterpreter.eval(CPSInterpreter.scala:40)
	at l3.CPSInterpreter.apply(CPSInterpreter.scala:18)
	at l3.CPSInterpreterLow.apply(CPSInterpreter.scala:174)
	at scala.Function1$$anonfun$andThen$1.apply(Function1.scala:52)
	at l3.test.infrastructure.CompilerTest$class.l3$test$infrastructure$CompilerTest$$compileInner(CompilerTest.scala:20)
	at l3.test.infrastructure.CompilerTest$$anonfun$compileUsingPipelineAndRedirect$1.apply(CompilerTest.scala:31)
	at l3.test.infrastructure.SandboxedTest$$anon$1.run(SandboxedTest.scala:24)
	at java.security.AccessController.doPrivileged(Native Method)
	at l3.test.infrastructure.SandboxedTest.sandboxedTest(SandboxedTest.scala:34)
	at l3.test.infrastructure.SandboxedTest.sandboxedTestWithRedirectedIO(SandboxedTest.scala:45)
	at l3.test.infrastructure.CompilerTest$class.compileUsingPipelineAndRedirect(CompilerTest.scala:31)
	at l3.test.infrastructure.CPSTest.compileUsingPipelineAndRedirect(CPSTest.scala:11)
	at l3.test.infrastructure.CPSLowTest.testCPSLowProgramOutput(CPSLowTest.scala:42)
	at l3.test.CPSValueRepresentation_Blackbox$$anonfun$1.apply(CPSValueRepresentation_Blackbox.scala:9)
	at l3.test.CPSValueRepresentation_Blackbox$$anonfun$1.apply(CPSValueRepresentation_Blackbox.scala:9)
	at l3.test.ok.LibraryOKTests$$anonfun$compileAndInterpretWithLib$1.apply(LibraryOKTests.scala:17)
	at l3.test.ok.LibraryOKTests$$anonfun$compileAndInterpretWithLib$1.apply(LibraryOKTests.scala:17)
	at l3.test.ok.ConstructsOKTests$class.testAppOrder(ConstructsOKTests.scala:9)
	at l3.test.CPSValueRepresentation_Blackbox.testAppOrder(CPSValueRepresentation_Blackbox.scala:7)
	at sun.reflect.NativeMethodAccessorImpl.invoke0(Native Method)
	at sun.reflect.NativeMethodAccessorImpl.invoke(NativeMethodAccessorImpl.java:62)
	at sun.reflect.DelegatingMethodAccessorImpl.invoke(DelegatingMethodAccessorImpl.java:43)
	at java.lang.reflect.Method.invoke(Method.java:497)
	at org.junit.runners.model.FrameworkMethod$1.runReflectiveCall(FrameworkMethod.java:45)
	at org.junit.internal.runners.model.ReflectiveCallable.run(ReflectiveCallable.java:15)
	at org.junit.runners.model.FrameworkMethod.invokeExplosively(FrameworkMethod.java:42)
	at org.junit.internal.runners.statements.InvokeMethod.evaluate(InvokeMethod.java:20)
	at org.junit.runners.ParentRunner.runLeaf(ParentRunner.java:263)
	at org.junit.runners.BlockJUnit4ClassRunner.runChild(BlockJUnit4ClassRunner.java:68)
	at org.junit.runners.BlockJUnit4ClassRunner.runChild(BlockJUnit4ClassRunner.java:47)
	at org.junit.runners.ParentRunner$3.run(ParentRunner.java:231)
	at org.junit.runners.ParentRunner$1.schedule(ParentRunner.java:60)
	at org.junit.runners.ParentRunner.runChildren(ParentRunner.java:229)
	at org.junit.runners.ParentRunner.access$000(ParentRunner.java:50)
	at org.junit.runners.ParentRunner$2.evaluate(ParentRunner.java:222)
	at org.junit.runners.ParentRunner.run(ParentRunner.java:300)
	at org.junit.runners.Suite.runChild(Suite.java:128)
	at org.junit.runners.Suite.runChild(Suite.java:24)
	at org.junit.runners.ParentRunner$3.run(ParentRunner.java:231)
	at org.junit.runners.ParentRunner$1.schedule(ParentRunner.java:60)
	at org.junit.runners.ParentRunner.runChildren(ParentRunner.java:229)
	at org.junit.runners.ParentRunner.access$000(ParentRunner.java:50)
	at org.junit.runners.ParentRunner$2.evaluate(ParentRunner.java:222)
	at org.junit.runners.ParentRunner.run(ParentRunner.java:300)
	at org.junit.runner.JUnitCore.run(JUnitCore.java:157)
	at org.junit.runner.JUnitCore.run(JUnitCore.java:136)
	at com.novocode.junit.JUnitRunner.run(JUnitRunner.java:87)
	at sbt.RunnerWrapper$1.runRunner2(FrameworkWrapper.java:223)
	at sbt.RunnerWrapper$1.execute(FrameworkWrapper.java:236)
	at sbt.ForkMain$Run$2.call(ForkMain.java:296)
	at sbt.ForkMain$Run$2.call(ForkMain.java:286)
	at java.util.concurrent.FutureTask.run(FutureTask.java:266)
	at java.util.concurrent.ThreadPoolExecutor.runWorker(ThreadPoolExecutor.java:1142)
	at java.util.concurrent.ThreadPoolExecutor$Worker.run(ThreadPoolExecutor.java:617)
	at java.lang.Thread.run(Thread.java:745)
</failure>
                                               </testcase><testcase classname="l3.test.CPSValueRepresentation_Blackbox" name="testLetrec" time="-0.001">
                                                 <failure message="java.lang.ArrayIndexOutOfBoundsException: 1" type="sbt.ForkMain$ForkError">sbt.ForkMain$ForkError: java.lang.ArrayIndexOutOfBoundsException: 1
	at l3.CPSInterpreterLow.evalValuePrim(CPSInterpreter.scala:222)
	at l3.CPSInterpreterLow.evalValuePrim(CPSInterpreter.scala:174)
	at l3.CPSInterpreter.eval(CPSInterpreter.scala:40)
	at l3.CPSInterpreter.apply(CPSInterpreter.scala:18)
	at l3.CPSInterpreterLow.apply(CPSInterpreter.scala:174)
	at scala.Function1$$anonfun$andThen$1.apply(Function1.scala:52)
	at l3.test.infrastructure.CompilerTest$class.l3$test$infrastructure$CompilerTest$$compileInner(CompilerTest.scala:20)
	at l3.test.infrastructure.CompilerTest$$anonfun$compileUsingPipelineAndRedirect$1.apply(CompilerTest.scala:31)
	at l3.test.infrastructure.SandboxedTest$$anon$1.run(SandboxedTest.scala:24)
	at java.security.AccessController.doPrivileged(Native Method)
	at l3.test.infrastructure.SandboxedTest.sandboxedTest(SandboxedTest.scala:34)
	at l3.test.infrastructure.SandboxedTest.sandboxedTestWithRedirectedIO(SandboxedTest.scala:45)
	at l3.test.infrastructure.CompilerTest$class.compileUsingPipelineAndRedirect(CompilerTest.scala:31)
	at l3.test.infrastructure.CPSTest.compileUsingPipelineAndRedirect(CPSTest.scala:11)
	at l3.test.infrastructure.CPSLowTest.testCPSLowProgramOutput(CPSLowTest.scala:42)
	at l3.test.CPSValueRepresentation_Blackbox$$anonfun$1.apply(CPSValueRepresentation_Blackbox.scala:9)
	at l3.test.CPSValueRepresentation_Blackbox$$anonfun$1.apply(CPSValueRepresentation_Blackbox.scala:9)
	at l3.test.ok.LibraryOKTests$$anonfun$compileAndInterpretWithLib$1.apply(LibraryOKTests.scala:17)
	at l3.test.ok.LibraryOKTests$$anonfun$compileAndInterpretWithLib$1.apply(LibraryOKTests.scala:17)
	at l3.test.ok.ConstructsOKTests$class.testLetrec(ConstructsOKTests.scala:16)
	at l3.test.CPSValueRepresentation_Blackbox.testLetrec(CPSValueRepresentation_Blackbox.scala:7)
	at sun.reflect.NativeMethodAccessorImpl.invoke0(Native Method)
	at sun.reflect.NativeMethodAccessorImpl.invoke(NativeMethodAccessorImpl.java:62)
	at sun.reflect.DelegatingMethodAccessorImpl.invoke(DelegatingMethodAccessorImpl.java:43)
	at java.lang.reflect.Method.invoke(Method.java:497)
	at org.junit.runners.model.FrameworkMethod$1.runReflectiveCall(FrameworkMethod.java:45)
	at org.junit.internal.runners.model.ReflectiveCallable.run(ReflectiveCallable.java:15)
	at org.junit.runners.model.FrameworkMethod.invokeExplosively(FrameworkMethod.java:42)
	at org.junit.internal.runners.statements.InvokeMethod.evaluate(InvokeMethod.java:20)
	at org.junit.runners.ParentRunner.runLeaf(ParentRunner.java:263)
	at org.junit.runners.BlockJUnit4ClassRunner.runChild(BlockJUnit4ClassRunner.java:68)
	at org.junit.runners.BlockJUnit4ClassRunner.runChild(BlockJUnit4ClassRunner.java:47)
	at org.junit.runners.ParentRunner$3.run(ParentRunner.java:231)
	at org.junit.runners.ParentRunner$1.schedule(ParentRunner.java:60)
	at org.junit.runners.ParentRunner.runChildren(ParentRunner.java:229)
	at org.junit.runners.ParentRunner.access$000(ParentRunner.java:50)
	at org.junit.runners.ParentRunner$2.evaluate(ParentRunner.java:222)
	at org.junit.runners.ParentRunner.run(ParentRunner.java:300)
	at org.junit.runners.Suite.runChild(Suite.java:128)
	at org.junit.runners.Suite.runChild(Suite.java:24)
	at org.junit.runners.ParentRunner$3.run(ParentRunner.java:231)
	at org.junit.runners.ParentRunner$1.schedule(ParentRunner.java:60)
	at org.junit.runners.ParentRunner.runChildren(ParentRunner.java:229)
	at org.junit.runners.ParentRunner.access$000(ParentRunner.java:50)
	at org.junit.runners.ParentRunner$2.evaluate(ParentRunner.java:222)
	at org.junit.runners.ParentRunner.run(ParentRunner.java:300)
	at org.junit.runner.JUnitCore.run(JUnitCore.java:157)
	at org.junit.runner.JUnitCore.run(JUnitCore.java:136)
	at com.novocode.junit.JUnitRunner.run(JUnitRunner.java:87)
	at sbt.RunnerWrapper$1.runRunner2(FrameworkWrapper.java:223)
	at sbt.RunnerWrapper$1.execute(FrameworkWrapper.java:236)
	at sbt.ForkMain$Run$2.call(ForkMain.java:296)
	at sbt.ForkMain$Run$2.call(ForkMain.java:286)
	at java.util.concurrent.FutureTask.run(FutureTask.java:266)
	at java.util.concurrent.ThreadPoolExecutor.runWorker(ThreadPoolExecutor.java:1142)
	at java.util.concurrent.ThreadPoolExecutor$Worker.run(ThreadPoolExecutor.java:617)
	at java.lang.Thread.run(Thread.java:745)
</failure>
                                               </testcase><testcase classname="l3.test.CPSValueRepresentation_Blackbox" name="testLibFunctions1" time="-0.001">
                                                 <failure message="java.lang.ArrayIndexOutOfBoundsException: 1" type="sbt.ForkMain$ForkError">sbt.ForkMain$ForkError: java.lang.ArrayIndexOutOfBoundsException: 1
	at l3.CPSInterpreterLow.evalValuePrim(CPSInterpreter.scala:222)
	at l3.CPSInterpreterLow.evalValuePrim(CPSInterpreter.scala:174)
	at l3.CPSInterpreter.eval(CPSInterpreter.scala:40)
	at l3.CPSInterpreter.apply(CPSInterpreter.scala:18)
	at l3.CPSInterpreterLow.apply(CPSInterpreter.scala:174)
	at scala.Function1$$anonfun$andThen$1.apply(Function1.scala:52)
	at l3.test.infrastructure.CompilerTest$class.l3$test$infrastructure$CompilerTest$$compileInner(CompilerTest.scala:20)
	at l3.test.infrastructure.CompilerTest$$anonfun$compileUsingPipelineAndRedirect$1.apply(CompilerTest.scala:31)
	at l3.test.infrastructure.SandboxedTest$$anon$1.run(SandboxedTest.scala:24)
	at java.security.AccessController.doPrivileged(Native Method)
	at l3.test.infrastructure.SandboxedTest.sandboxedTest(SandboxedTest.scala:34)
	at l3.test.infrastructure.SandboxedTest.sandboxedTestWithRedirectedIO(SandboxedTest.scala:45)
	at l3.test.infrastructure.CompilerTest$class.compileUsingPipelineAndRedirect(CompilerTest.scala:31)
	at l3.test.infrastructure.CPSTest.compileUsingPipelineAndRedirect(CPSTest.scala:11)
	at l3.test.infrastructure.CPSLowTest.testCPSLowProgramOutput(CPSLowTest.scala:42)
	at l3.test.CPSValueRepresentation_Blackbox$$anonfun$1.apply(CPSValueRepresentation_Blackbox.scala:9)
	at l3.test.CPSValueRepresentation_Blackbox$$anonfun$1.apply(CPSValueRepresentation_Blackbox.scala:9)
	at l3.test.ok.LibraryOKTests$$anonfun$compileAndInterpretWithLib$1.apply(LibraryOKTests.scala:17)
	at l3.test.ok.LibraryOKTests$$anonfun$compileAndInterpretWithLib$1.apply(LibraryOKTests.scala:17)
	at l3.test.ok.LibraryOKTests$class.testLibFunctions1(LibraryOKTests.scala:20)
	at l3.test.CPSValueRepresentation_Blackbox.testLibFunctions1(CPSValueRepresentation_Blackbox.scala:7)
	at sun.reflect.NativeMethodAccessorImpl.invoke0(Native Method)
	at sun.reflect.NativeMethodAccessorImpl.invoke(NativeMethodAccessorImpl.java:62)
	at sun.reflect.DelegatingMethodAccessorImpl.invoke(DelegatingMethodAccessorImpl.java:43)
	at java.lang.reflect.Method.invoke(Method.java:497)
	at org.junit.runners.model.FrameworkMethod$1.runReflectiveCall(FrameworkMethod.java:45)
	at org.junit.internal.runners.model.ReflectiveCallable.run(ReflectiveCallable.java:15)
	at org.junit.runners.model.FrameworkMethod.invokeExplosively(FrameworkMethod.java:42)
	at org.junit.internal.runners.statements.InvokeMethod.evaluate(InvokeMethod.java:20)
	at org.junit.runners.ParentRunner.runLeaf(ParentRunner.java:263)
	at org.junit.runners.BlockJUnit4ClassRunner.runChild(BlockJUnit4ClassRunner.java:68)
	at org.junit.runners.BlockJUnit4ClassRunner.runChild(BlockJUnit4ClassRunner.java:47)
	at org.junit.runners.ParentRunner$3.run(ParentRunner.java:231)
	at org.junit.runners.ParentRunner$1.schedule(ParentRunner.java:60)
	at org.junit.runners.ParentRunner.runChildren(ParentRunner.java:229)
	at org.junit.runners.ParentRunner.access$000(ParentRunner.java:50)
	at org.junit.runners.ParentRunner$2.evaluate(ParentRunner.java:222)
	at org.junit.runners.ParentRunner.run(ParentRunner.java:300)
	at org.junit.runners.Suite.runChild(Suite.java:128)
	at org.junit.runners.Suite.runChild(Suite.java:24)
	at org.junit.runners.ParentRunner$3.run(ParentRunner.java:231)
	at org.junit.runners.ParentRunner$1.schedule(ParentRunner.java:60)
	at org.junit.runners.ParentRunner.runChildren(ParentRunner.java:229)
	at org.junit.runners.ParentRunner.access$000(ParentRunner.java:50)
	at org.junit.runners.ParentRunner$2.evaluate(ParentRunner.java:222)
	at org.junit.runners.ParentRunner.run(ParentRunner.java:300)
	at org.junit.runner.JUnitCore.run(JUnitCore.java:157)
	at org.junit.runner.JUnitCore.run(JUnitCore.java:136)
	at com.novocode.junit.JUnitRunner.run(JUnitRunner.java:87)
	at sbt.RunnerWrapper$1.runRunner2(FrameworkWrapper.java:223)
	at sbt.RunnerWrapper$1.execute(FrameworkWrapper.java:236)
	at sbt.ForkMain$Run$2.call(ForkMain.java:296)
	at sbt.ForkMain$Run$2.call(ForkMain.java:286)
	at java.util.concurrent.FutureTask.run(FutureTask.java:266)
	at java.util.concurrent.ThreadPoolExecutor.runWorker(ThreadPoolExecutor.java:1142)
	at java.util.concurrent.ThreadPoolExecutor$Worker.run(ThreadPoolExecutor.java:617)
	at java.lang.Thread.run(Thread.java:745)
</failure>
                                               </testcase><testcase classname="l3.test.CPSValueRepresentation_Blackbox" name="testLibFunctions2" time="-0.001">
                                                 <failure message="java.lang.ArrayIndexOutOfBoundsException: 1" type="sbt.ForkMain$ForkError">sbt.ForkMain$ForkError: java.lang.ArrayIndexOutOfBoundsException: 1
	at l3.CPSInterpreterLow.evalValuePrim(CPSInterpreter.scala:222)
	at l3.CPSInterpreterLow.evalValuePrim(CPSInterpreter.scala:174)
	at l3.CPSInterpreter.eval(CPSInterpreter.scala:40)
	at l3.CPSInterpreter.apply(CPSInterpreter.scala:18)
	at l3.CPSInterpreterLow.apply(CPSInterpreter.scala:174)
	at scala.Function1$$anonfun$andThen$1.apply(Function1.scala:52)
	at l3.test.infrastructure.CompilerTest$class.l3$test$infrastructure$CompilerTest$$compileInner(CompilerTest.scala:20)
	at l3.test.infrastructure.CompilerTest$$anonfun$compileUsingPipelineAndRedirect$1.apply(CompilerTest.scala:31)
	at l3.test.infrastructure.SandboxedTest$$anon$1.run(SandboxedTest.scala:24)
	at java.security.AccessController.doPrivileged(Native Method)
	at l3.test.infrastructure.SandboxedTest.sandboxedTest(SandboxedTest.scala:34)
	at l3.test.infrastructure.SandboxedTest.sandboxedTestWithRedirectedIO(SandboxedTest.scala:45)
	at l3.test.infrastructure.CompilerTest$class.compileUsingPipelineAndRedirect(CompilerTest.scala:31)
	at l3.test.infrastructure.CPSTest.compileUsingPipelineAndRedirect(CPSTest.scala:11)
	at l3.test.infrastructure.CPSLowTest.testCPSLowProgramOutput(CPSLowTest.scala:42)
	at l3.test.CPSValueRepresentation_Blackbox$$anonfun$1.apply(CPSValueRepresentation_Blackbox.scala:9)
	at l3.test.CPSValueRepresentation_Blackbox$$anonfun$1.apply(CPSValueRepresentation_Blackbox.scala:9)
	at l3.test.ok.LibraryOKTests$$anonfun$compileAndInterpretWithLib$1.apply(LibraryOKTests.scala:17)
	at l3.test.ok.LibraryOKTests$$anonfun$compileAndInterpretWithLib$1.apply(LibraryOKTests.scala:17)
	at l3.test.ok.LibraryOKTests$class.testLibFunctions2(LibraryOKTests.scala:27)
	at l3.test.CPSValueRepresentation_Blackbox.testLibFunctions2(CPSValueRepresentation_Blackbox.scala:7)
	at sun.reflect.NativeMethodAccessorImpl.invoke0(Native Method)
	at sun.reflect.NativeMethodAccessorImpl.invoke(NativeMethodAccessorImpl.java:62)
	at sun.reflect.DelegatingMethodAccessorImpl.invoke(DelegatingMethodAccessorImpl.java:43)
	at java.lang.reflect.Method.invoke(Method.java:497)
	at org.junit.runners.model.FrameworkMethod$1.runReflectiveCall(FrameworkMethod.java:45)
	at org.junit.internal.runners.model.ReflectiveCallable.run(ReflectiveCallable.java:15)
	at org.junit.runners.model.FrameworkMethod.invokeExplosively(FrameworkMethod.java:42)
	at org.junit.internal.runners.statements.InvokeMethod.evaluate(InvokeMethod.java:20)
	at org.junit.runners.ParentRunner.runLeaf(ParentRunner.java:263)
	at org.junit.runners.BlockJUnit4ClassRunner.runChild(BlockJUnit4ClassRunner.java:68)
	at org.junit.runners.BlockJUnit4ClassRunner.runChild(BlockJUnit4ClassRunner.java:47)
	at org.junit.runners.ParentRunner$3.run(ParentRunner.java:231)
	at org.junit.runners.ParentRunner$1.schedule(ParentRunner.java:60)
	at org.junit.runners.ParentRunner.runChildren(ParentRunner.java:229)
	at org.junit.runners.ParentRunner.access$000(ParentRunner.java:50)
	at org.junit.runners.ParentRunner$2.evaluate(ParentRunner.java:222)
	at org.junit.runners.ParentRunner.run(ParentRunner.java:300)
	at org.junit.runners.Suite.runChild(Suite.java:128)
	at org.junit.runners.Suite.runChild(Suite.java:24)
	at org.junit.runners.ParentRunner$3.run(ParentRunner.java:231)
	at org.junit.runners.ParentRunner$1.schedule(ParentRunner.java:60)
	at org.junit.runners.ParentRunner.runChildren(ParentRunner.java:229)
	at org.junit.runners.ParentRunner.access$000(ParentRunner.java:50)
	at org.junit.runners.ParentRunner$2.evaluate(ParentRunner.java:222)
	at org.junit.runners.ParentRunner.run(ParentRunner.java:300)
	at org.junit.runner.JUnitCore.run(JUnitCore.java:157)
	at org.junit.runner.JUnitCore.run(JUnitCore.java:136)
	at com.novocode.junit.JUnitRunner.run(JUnitRunner.java:87)
	at sbt.RunnerWrapper$1.runRunner2(FrameworkWrapper.java:223)
	at sbt.RunnerWrapper$1.execute(FrameworkWrapper.java:236)
	at sbt.ForkMain$Run$2.call(ForkMain.java:296)
	at sbt.ForkMain$Run$2.call(ForkMain.java:286)
	at java.util.concurrent.FutureTask.run(FutureTask.java:266)
	at java.util.concurrent.ThreadPoolExecutor.runWorker(ThreadPoolExecutor.java:1142)
	at java.util.concurrent.ThreadPoolExecutor$Worker.run(ThreadPoolExecutor.java:617)
	at java.lang.Thread.run(Thread.java:745)
</failure>
                                               </testcase><testcase classname="l3.test.CPSValueRepresentation_Blackbox" name="testLibFunctions3" time="-0.001">
                                                 <failure message="java.lang.ArrayIndexOutOfBoundsException: 1" type="sbt.ForkMain$ForkError">sbt.ForkMain$ForkError: java.lang.ArrayIndexOutOfBoundsException: 1
	at l3.CPSInterpreterLow.evalValuePrim(CPSInterpreter.scala:222)
	at l3.CPSInterpreterLow.evalValuePrim(CPSInterpreter.scala:174)
	at l3.CPSInterpreter.eval(CPSInterpreter.scala:40)
	at l3.CPSInterpreter.apply(CPSInterpreter.scala:18)
	at l3.CPSInterpreterLow.apply(CPSInterpreter.scala:174)
	at scala.Function1$$anonfun$andThen$1.apply(Function1.scala:52)
	at l3.test.infrastructure.CompilerTest$class.l3$test$infrastructure$CompilerTest$$compileInner(CompilerTest.scala:20)
	at l3.test.infrastructure.CompilerTest$$anonfun$compileUsingPipelineAndRedirect$1.apply(CompilerTest.scala:31)
	at l3.test.infrastructure.SandboxedTest$$anon$1.run(SandboxedTest.scala:24)
	at java.security.AccessController.doPrivileged(Native Method)
	at l3.test.infrastructure.SandboxedTest.sandboxedTest(SandboxedTest.scala:34)
	at l3.test.infrastructure.SandboxedTest.sandboxedTestWithRedirectedIO(SandboxedTest.scala:45)
	at l3.test.infrastructure.CompilerTest$class.compileUsingPipelineAndRedirect(CompilerTest.scala:31)
	at l3.test.infrastructure.CPSTest.compileUsingPipelineAndRedirect(CPSTest.scala:11)
	at l3.test.infrastructure.CPSLowTest.testCPSLowProgramOutput(CPSLowTest.scala:42)
	at l3.test.CPSValueRepresentation_Blackbox$$anonfun$1.apply(CPSValueRepresentation_Blackbox.scala:9)
	at l3.test.CPSValueRepresentation_Blackbox$$anonfun$1.apply(CPSValueRepresentation_Blackbox.scala:9)
	at l3.test.ok.LibraryOKTests$$anonfun$compileAndInterpretWithLib$1.apply(LibraryOKTests.scala:17)
	at l3.test.ok.LibraryOKTests$$anonfun$compileAndInterpretWithLib$1.apply(LibraryOKTests.scala:17)
	at l3.test.ok.LibraryOKTests$class.testLibFunctions3(LibraryOKTests.scala:34)
	at l3.test.CPSValueRepresentation_Blackbox.testLibFunctions3(CPSValueRepresentation_Blackbox.scala:7)
	at sun.reflect.NativeMethodAccessorImpl.invoke0(Native Method)
	at sun.reflect.NativeMethodAccessorImpl.invoke(NativeMethodAccessorImpl.java:62)
	at sun.reflect.DelegatingMethodAccessorImpl.invoke(DelegatingMethodAccessorImpl.java:43)
	at java.lang.reflect.Method.invoke(Method.java:497)
	at org.junit.runners.model.FrameworkMethod$1.runReflectiveCall(FrameworkMethod.java:45)
	at org.junit.internal.runners.model.ReflectiveCallable.run(ReflectiveCallable.java:15)
	at org.junit.runners.model.FrameworkMethod.invokeExplosively(FrameworkMethod.java:42)
	at org.junit.internal.runners.statements.InvokeMethod.evaluate(InvokeMethod.java:20)
	at org.junit.runners.ParentRunner.runLeaf(ParentRunner.java:263)
	at org.junit.runners.BlockJUnit4ClassRunner.runChild(BlockJUnit4ClassRunner.java:68)
	at org.junit.runners.BlockJUnit4ClassRunner.runChild(BlockJUnit4ClassRunner.java:47)
	at org.junit.runners.ParentRunner$3.run(ParentRunner.java:231)
	at org.junit.runners.ParentRunner$1.schedule(ParentRunner.java:60)
	at org.junit.runners.ParentRunner.runChildren(ParentRunner.java:229)
	at org.junit.runners.ParentRunner.access$000(ParentRunner.java:50)
	at org.junit.runners.ParentRunner$2.evaluate(ParentRunner.java:222)
	at org.junit.runners.ParentRunner.run(ParentRunner.java:300)
	at org.junit.runners.Suite.runChild(Suite.java:128)
	at org.junit.runners.Suite.runChild(Suite.java:24)
	at org.junit.runners.ParentRunner$3.run(ParentRunner.java:231)
	at org.junit.runners.ParentRunner$1.schedule(ParentRunner.java:60)
	at org.junit.runners.ParentRunner.runChildren(ParentRunner.java:229)
	at org.junit.runners.ParentRunner.access$000(ParentRunner.java:50)
	at org.junit.runners.ParentRunner$2.evaluate(ParentRunner.java:222)
	at org.junit.runners.ParentRunner.run(ParentRunner.java:300)
	at org.junit.runner.JUnitCore.run(JUnitCore.java:157)
	at org.junit.runner.JUnitCore.run(JUnitCore.java:136)
	at com.novocode.junit.JUnitRunner.run(JUnitRunner.java:87)
	at sbt.RunnerWrapper$1.runRunner2(FrameworkWrapper.java:223)
	at sbt.RunnerWrapper$1.execute(FrameworkWrapper.java:236)
	at sbt.ForkMain$Run$2.call(ForkMain.java:296)
	at sbt.ForkMain$Run$2.call(ForkMain.java:286)
	at java.util.concurrent.FutureTask.run(FutureTask.java:266)
	at java.util.concurrent.ThreadPoolExecutor.runWorker(ThreadPoolExecutor.java:1142)
	at java.util.concurrent.ThreadPoolExecutor$Worker.run(ThreadPoolExecutor.java:617)
	at java.lang.Thread.run(Thread.java:745)
</failure>
                                               </testcase><testcase classname="l3.test.CPSValueRepresentation_Blackbox" name="testLibLists1" time="-0.001">
                                                 <failure message="java.lang.ArrayIndexOutOfBoundsException: 1" type="sbt.ForkMain$ForkError">sbt.ForkMain$ForkError: java.lang.ArrayIndexOutOfBoundsException: 1
	at l3.CPSInterpreterLow.evalValuePrim(CPSInterpreter.scala:222)
	at l3.CPSInterpreterLow.evalValuePrim(CPSInterpreter.scala:174)
	at l3.CPSInterpreter.eval(CPSInterpreter.scala:40)
	at l3.CPSInterpreter.apply(CPSInterpreter.scala:18)
	at l3.CPSInterpreterLow.apply(CPSInterpreter.scala:174)
	at scala.Function1$$anonfun$andThen$1.apply(Function1.scala:52)
	at l3.test.infrastructure.CompilerTest$class.l3$test$infrastructure$CompilerTest$$compileInner(CompilerTest.scala:20)
	at l3.test.infrastructure.CompilerTest$$anonfun$compileUsingPipelineAndRedirect$1.apply(CompilerTest.scala:31)
	at l3.test.infrastructure.SandboxedTest$$anon$1.run(SandboxedTest.scala:24)
	at java.security.AccessController.doPrivileged(Native Method)
	at l3.test.infrastructure.SandboxedTest.sandboxedTest(SandboxedTest.scala:34)
	at l3.test.infrastructure.SandboxedTest.sandboxedTestWithRedirectedIO(SandboxedTest.scala:45)
	at l3.test.infrastructure.CompilerTest$class.compileUsingPipelineAndRedirect(CompilerTest.scala:31)
	at l3.test.infrastructure.CPSTest.compileUsingPipelineAndRedirect(CPSTest.scala:11)
	at l3.test.infrastructure.CPSLowTest.testCPSLowProgramOutput(CPSLowTest.scala:42)
	at l3.test.CPSValueRepresentation_Blackbox$$anonfun$1.apply(CPSValueRepresentation_Blackbox.scala:9)
	at l3.test.CPSValueRepresentation_Blackbox$$anonfun$1.apply(CPSValueRepresentation_Blackbox.scala:9)
	at l3.test.ok.LibraryOKTests$$anonfun$compileAndInterpretWithLib$1.apply(LibraryOKTests.scala:17)
	at l3.test.ok.LibraryOKTests$$anonfun$compileAndInterpretWithLib$1.apply(LibraryOKTests.scala:17)
	at l3.test.ok.LibraryOKTests$class.testLibLists1(LibraryOKTests.scala:43)
	at l3.test.CPSValueRepresentation_Blackbox.testLibLists1(CPSValueRepresentation_Blackbox.scala:7)
	at sun.reflect.NativeMethodAccessorImpl.invoke0(Native Method)
	at sun.reflect.NativeMethodAccessorImpl.invoke(NativeMethodAccessorImpl.java:62)
	at sun.reflect.DelegatingMethodAccessorImpl.invoke(DelegatingMethodAccessorImpl.java:43)
	at java.lang.reflect.Method.invoke(Method.java:497)
	at org.junit.runners.model.FrameworkMethod$1.runReflectiveCall(FrameworkMethod.java:45)
	at org.junit.internal.runners.model.ReflectiveCallable.run(ReflectiveCallable.java:15)
	at org.junit.runners.model.FrameworkMethod.invokeExplosively(FrameworkMethod.java:42)
	at org.junit.internal.runners.statements.InvokeMethod.evaluate(InvokeMethod.java:20)
	at org.junit.runners.ParentRunner.runLeaf(ParentRunner.java:263)
	at org.junit.runners.BlockJUnit4ClassRunner.runChild(BlockJUnit4ClassRunner.java:68)
	at org.junit.runners.BlockJUnit4ClassRunner.runChild(BlockJUnit4ClassRunner.java:47)
	at org.junit.runners.ParentRunner$3.run(ParentRunner.java:231)
	at org.junit.runners.ParentRunner$1.schedule(ParentRunner.java:60)
	at org.junit.runners.ParentRunner.runChildren(ParentRunner.java:229)
	at org.junit.runners.ParentRunner.access$000(ParentRunner.java:50)
	at org.junit.runners.ParentRunner$2.evaluate(ParentRunner.java:222)
	at org.junit.runners.ParentRunner.run(ParentRunner.java:300)
	at org.junit.runners.Suite.runChild(Suite.java:128)
	at org.junit.runners.Suite.runChild(Suite.java:24)
	at org.junit.runners.ParentRunner$3.run(ParentRunner.java:231)
	at org.junit.runners.ParentRunner$1.schedule(ParentRunner.java:60)
	at org.junit.runners.ParentRunner.runChildren(ParentRunner.java:229)
	at org.junit.runners.ParentRunner.access$000(ParentRunner.java:50)
	at org.junit.runners.ParentRunner$2.evaluate(ParentRunner.java:222)
	at org.junit.runners.ParentRunner.run(ParentRunner.java:300)
	at org.junit.runner.JUnitCore.run(JUnitCore.java:157)
	at org.junit.runner.JUnitCore.run(JUnitCore.java:136)
	at com.novocode.junit.JUnitRunner.run(JUnitRunner.java:87)
	at sbt.RunnerWrapper$1.runRunner2(FrameworkWrapper.java:223)
	at sbt.RunnerWrapper$1.execute(FrameworkWrapper.java:236)
	at sbt.ForkMain$Run$2.call(ForkMain.java:296)
	at sbt.ForkMain$Run$2.call(ForkMain.java:286)
	at java.util.concurrent.FutureTask.run(FutureTask.java:266)
	at java.util.concurrent.ThreadPoolExecutor.runWorker(ThreadPoolExecutor.java:1142)
	at java.util.concurrent.ThreadPoolExecutor$Worker.run(ThreadPoolExecutor.java:617)
	at java.lang.Thread.run(Thread.java:745)
</failure>
                                               </testcase><testcase classname="l3.test.CPSValueRepresentation_Blackbox" name="testLibLists2" time="-0.001">
                                                 <failure message="java.lang.ArrayIndexOutOfBoundsException: 1" type="sbt.ForkMain$ForkError">sbt.ForkMain$ForkError: java.lang.ArrayIndexOutOfBoundsException: 1
	at l3.CPSInterpreterLow.evalValuePrim(CPSInterpreter.scala:222)
	at l3.CPSInterpreterLow.evalValuePrim(CPSInterpreter.scala:174)
	at l3.CPSInterpreter.eval(CPSInterpreter.scala:40)
	at l3.CPSInterpreter.apply(CPSInterpreter.scala:18)
	at l3.CPSInterpreterLow.apply(CPSInterpreter.scala:174)
	at scala.Function1$$anonfun$andThen$1.apply(Function1.scala:52)
	at l3.test.infrastructure.CompilerTest$class.l3$test$infrastructure$CompilerTest$$compileInner(CompilerTest.scala:20)
	at l3.test.infrastructure.CompilerTest$$anonfun$compileUsingPipelineAndRedirect$1.apply(CompilerTest.scala:31)
	at l3.test.infrastructure.SandboxedTest$$anon$1.run(SandboxedTest.scala:24)
	at java.security.AccessController.doPrivileged(Native Method)
	at l3.test.infrastructure.SandboxedTest.sandboxedTest(SandboxedTest.scala:34)
	at l3.test.infrastructure.SandboxedTest.sandboxedTestWithRedirectedIO(SandboxedTest.scala:45)
	at l3.test.infrastructure.CompilerTest$class.compileUsingPipelineAndRedirect(CompilerTest.scala:31)
	at l3.test.infrastructure.CPSTest.compileUsingPipelineAndRedirect(CPSTest.scala:11)
	at l3.test.infrastructure.CPSLowTest.testCPSLowProgramOutput(CPSLowTest.scala:42)
	at l3.test.CPSValueRepresentation_Blackbox$$anonfun$1.apply(CPSValueRepresentation_Blackbox.scala:9)
	at l3.test.CPSValueRepresentation_Blackbox$$anonfun$1.apply(CPSValueRepresentation_Blackbox.scala:9)
	at l3.test.ok.LibraryOKTests$$anonfun$compileAndInterpretWithLib$1.apply(LibraryOKTests.scala:17)
	at l3.test.ok.LibraryOKTests$$anonfun$compileAndInterpretWithLib$1.apply(LibraryOKTests.scala:17)
	at l3.test.ok.LibraryOKTests$class.testLibLists2(LibraryOKTests.scala:50)
	at l3.test.CPSValueRepresentation_Blackbox.testLibLists2(CPSValueRepresentation_Blackbox.scala:7)
	at sun.reflect.NativeMethodAccessorImpl.invoke0(Native Method)
	at sun.reflect.NativeMethodAccessorImpl.invoke(NativeMethodAccessorImpl.java:62)
	at sun.reflect.DelegatingMethodAccessorImpl.invoke(DelegatingMethodAccessorImpl.java:43)
	at java.lang.reflect.Method.invoke(Method.java:497)
	at org.junit.runners.model.FrameworkMethod$1.runReflectiveCall(FrameworkMethod.java:45)
	at org.junit.internal.runners.model.ReflectiveCallable.run(ReflectiveCallable.java:15)
	at org.junit.runners.model.FrameworkMethod.invokeExplosively(FrameworkMethod.java:42)
	at org.junit.internal.runners.statements.InvokeMethod.evaluate(InvokeMethod.java:20)
	at org.junit.runners.ParentRunner.runLeaf(ParentRunner.java:263)
	at org.junit.runners.BlockJUnit4ClassRunner.runChild(BlockJUnit4ClassRunner.java:68)
	at org.junit.runners.BlockJUnit4ClassRunner.runChild(BlockJUnit4ClassRunner.java:47)
	at org.junit.runners.ParentRunner$3.run(ParentRunner.java:231)
	at org.junit.runners.ParentRunner$1.schedule(ParentRunner.java:60)
	at org.junit.runners.ParentRunner.runChildren(ParentRunner.java:229)
	at org.junit.runners.ParentRunner.access$000(ParentRunner.java:50)
	at org.junit.runners.ParentRunner$2.evaluate(ParentRunner.java:222)
	at org.junit.runners.ParentRunner.run(ParentRunner.java:300)
	at org.junit.runners.Suite.runChild(Suite.java:128)
	at org.junit.runners.Suite.runChild(Suite.java:24)
	at org.junit.runners.ParentRunner$3.run(ParentRunner.java:231)
	at org.junit.runners.ParentRunner$1.schedule(ParentRunner.java:60)
	at org.junit.runners.ParentRunner.runChildren(ParentRunner.java:229)
	at org.junit.runners.ParentRunner.access$000(ParentRunner.java:50)
	at org.junit.runners.ParentRunner$2.evaluate(ParentRunner.java:222)
	at org.junit.runners.ParentRunner.run(ParentRunner.java:300)
	at org.junit.runner.JUnitCore.run(JUnitCore.java:157)
	at org.junit.runner.JUnitCore.run(JUnitCore.java:136)
	at com.novocode.junit.JUnitRunner.run(JUnitRunner.java:87)
	at sbt.RunnerWrapper$1.runRunner2(FrameworkWrapper.java:223)
	at sbt.RunnerWrapper$1.execute(FrameworkWrapper.java:236)
	at sbt.ForkMain$Run$2.call(ForkMain.java:296)
	at sbt.ForkMain$Run$2.call(ForkMain.java:286)
	at java.util.concurrent.FutureTask.run(FutureTask.java:266)
	at java.util.concurrent.ThreadPoolExecutor.runWorker(ThreadPoolExecutor.java:1142)
	at java.util.concurrent.ThreadPoolExecutor$Worker.run(ThreadPoolExecutor.java:617)
	at java.lang.Thread.run(Thread.java:745)
</failure>
                                               </testcase><testcase classname="l3.test.CPSValueRepresentation_Blackbox" name="testLibLists3" time="-0.001">
                                                 <failure message="java.lang.ArrayIndexOutOfBoundsException: 1" type="sbt.ForkMain$ForkError">sbt.ForkMain$ForkError: java.lang.ArrayIndexOutOfBoundsException: 1
	at l3.CPSInterpreterLow.evalValuePrim(CPSInterpreter.scala:222)
	at l3.CPSInterpreterLow.evalValuePrim(CPSInterpreter.scala:174)
	at l3.CPSInterpreter.eval(CPSInterpreter.scala:40)
	at l3.CPSInterpreter.apply(CPSInterpreter.scala:18)
	at l3.CPSInterpreterLow.apply(CPSInterpreter.scala:174)
	at scala.Function1$$anonfun$andThen$1.apply(Function1.scala:52)
	at l3.test.infrastructure.CompilerTest$class.l3$test$infrastructure$CompilerTest$$compileInner(CompilerTest.scala:20)
	at l3.test.infrastructure.CompilerTest$$anonfun$compileUsingPipelineAndRedirect$1.apply(CompilerTest.scala:31)
	at l3.test.infrastructure.SandboxedTest$$anon$1.run(SandboxedTest.scala:24)
	at java.security.AccessController.doPrivileged(Native Method)
	at l3.test.infrastructure.SandboxedTest.sandboxedTest(SandboxedTest.scala:34)
	at l3.test.infrastructure.SandboxedTest.sandboxedTestWithRedirectedIO(SandboxedTest.scala:45)
	at l3.test.infrastructure.CompilerTest$class.compileUsingPipelineAndRedirect(CompilerTest.scala:31)
	at l3.test.infrastructure.CPSTest.compileUsingPipelineAndRedirect(CPSTest.scala:11)
	at l3.test.infrastructure.CPSLowTest.testCPSLowProgramOutput(CPSLowTest.scala:42)
	at l3.test.CPSValueRepresentation_Blackbox$$anonfun$1.apply(CPSValueRepresentation_Blackbox.scala:9)
	at l3.test.CPSValueRepresentation_Blackbox$$anonfun$1.apply(CPSValueRepresentation_Blackbox.scala:9)
	at l3.test.ok.LibraryOKTests$$anonfun$compileAndInterpretWithLib$1.apply(LibraryOKTests.scala:17)
	at l3.test.ok.LibraryOKTests$$anonfun$compileAndInterpretWithLib$1.apply(LibraryOKTests.scala:17)
	at l3.test.ok.LibraryOKTests$class.testLibLists3(LibraryOKTests.scala:58)
	at l3.test.CPSValueRepresentation_Blackbox.testLibLists3(CPSValueRepresentation_Blackbox.scala:7)
	at sun.reflect.NativeMethodAccessorImpl.invoke0(Native Method)
	at sun.reflect.NativeMethodAccessorImpl.invoke(NativeMethodAccessorImpl.java:62)
	at sun.reflect.DelegatingMethodAccessorImpl.invoke(DelegatingMethodAccessorImpl.java:43)
	at java.lang.reflect.Method.invoke(Method.java:497)
	at org.junit.runners.model.FrameworkMethod$1.runReflectiveCall(FrameworkMethod.java:45)
	at org.junit.internal.runners.model.ReflectiveCallable.run(ReflectiveCallable.java:15)
	at org.junit.runners.model.FrameworkMethod.invokeExplosively(FrameworkMethod.java:42)
	at org.junit.internal.runners.statements.InvokeMethod.evaluate(InvokeMethod.java:20)
	at org.junit.runners.ParentRunner.runLeaf(ParentRunner.java:263)
	at org.junit.runners.BlockJUnit4ClassRunner.runChild(BlockJUnit4ClassRunner.java:68)
	at org.junit.runners.BlockJUnit4ClassRunner.runChild(BlockJUnit4ClassRunner.java:47)
	at org.junit.runners.ParentRunner$3.run(ParentRunner.java:231)
	at org.junit.runners.ParentRunner$1.schedule(ParentRunner.java:60)
	at org.junit.runners.ParentRunner.runChildren(ParentRunner.java:229)
	at org.junit.runners.ParentRunner.access$000(ParentRunner.java:50)
	at org.junit.runners.ParentRunner$2.evaluate(ParentRunner.java:222)
	at org.junit.runners.ParentRunner.run(ParentRunner.java:300)
	at org.junit.runners.Suite.runChild(Suite.java:128)
	at org.junit.runners.Suite.runChild(Suite.java:24)
	at org.junit.runners.ParentRunner$3.run(ParentRunner.java:231)
	at org.junit.runners.ParentRunner$1.schedule(ParentRunner.java:60)
	at org.junit.runners.ParentRunner.runChildren(ParentRunner.java:229)
	at org.junit.runners.ParentRunner.access$000(ParentRunner.java:50)
	at org.junit.runners.ParentRunner$2.evaluate(ParentRunner.java:222)
	at org.junit.runners.ParentRunner.run(ParentRunner.java:300)
	at org.junit.runner.JUnitCore.run(JUnitCore.java:157)
	at org.junit.runner.JUnitCore.run(JUnitCore.java:136)
	at com.novocode.junit.JUnitRunner.run(JUnitRunner.java:87)
	at sbt.RunnerWrapper$1.runRunner2(FrameworkWrapper.java:223)
	at sbt.RunnerWrapper$1.execute(FrameworkWrapper.java:236)
	at sbt.ForkMain$Run$2.call(ForkMain.java:296)
	at sbt.ForkMain$Run$2.call(ForkMain.java:286)
	at java.util.concurrent.FutureTask.run(FutureTask.java:266)
	at java.util.concurrent.ThreadPoolExecutor.runWorker(ThreadPoolExecutor.java:1142)
	at java.util.concurrent.ThreadPoolExecutor$Worker.run(ThreadPoolExecutor.java:617)
	at java.lang.Thread.run(Thread.java:745)
</failure>
                                               </testcase><testcase classname="l3.test.CPSValueRepresentation_Blackbox" name="testLibLists4" time="-0.001">
                                                 <failure message="java.lang.ArrayIndexOutOfBoundsException: 1" type="sbt.ForkMain$ForkError">sbt.ForkMain$ForkError: java.lang.ArrayIndexOutOfBoundsException: 1
	at l3.CPSInterpreterLow.evalValuePrim(CPSInterpreter.scala:222)
	at l3.CPSInterpreterLow.evalValuePrim(CPSInterpreter.scala:174)
	at l3.CPSInterpreter.eval(CPSInterpreter.scala:40)
	at l3.CPSInterpreter.apply(CPSInterpreter.scala:18)
	at l3.CPSInterpreterLow.apply(CPSInterpreter.scala:174)
	at scala.Function1$$anonfun$andThen$1.apply(Function1.scala:52)
	at l3.test.infrastructure.CompilerTest$class.l3$test$infrastructure$CompilerTest$$compileInner(CompilerTest.scala:20)
	at l3.test.infrastructure.CompilerTest$$anonfun$compileUsingPipelineAndRedirect$1.apply(CompilerTest.scala:31)
	at l3.test.infrastructure.SandboxedTest$$anon$1.run(SandboxedTest.scala:24)
	at java.security.AccessController.doPrivileged(Native Method)
	at l3.test.infrastructure.SandboxedTest.sandboxedTest(SandboxedTest.scala:34)
	at l3.test.infrastructure.SandboxedTest.sandboxedTestWithRedirectedIO(SandboxedTest.scala:45)
	at l3.test.infrastructure.CompilerTest$class.compileUsingPipelineAndRedirect(CompilerTest.scala:31)
	at l3.test.infrastructure.CPSTest.compileUsingPipelineAndRedirect(CPSTest.scala:11)
	at l3.test.infrastructure.CPSLowTest.testCPSLowProgramOutput(CPSLowTest.scala:42)
	at l3.test.CPSValueRepresentation_Blackbox$$anonfun$1.apply(CPSValueRepresentation_Blackbox.scala:9)
	at l3.test.CPSValueRepresentation_Blackbox$$anonfun$1.apply(CPSValueRepresentation_Blackbox.scala:9)
	at l3.test.ok.LibraryOKTests$$anonfun$compileAndInterpretWithLib$1.apply(LibraryOKTests.scala:17)
	at l3.test.ok.LibraryOKTests$$anonfun$compileAndInterpretWithLib$1.apply(LibraryOKTests.scala:17)
	at l3.test.ok.LibraryOKTests$class.testLibLists4(LibraryOKTests.scala:64)
	at l3.test.CPSValueRepresentation_Blackbox.testLibLists4(CPSValueRepresentation_Blackbox.scala:7)
	at sun.reflect.NativeMethodAccessorImpl.invoke0(Native Method)
	at sun.reflect.NativeMethodAccessorImpl.invoke(NativeMethodAccessorImpl.java:62)
	at sun.reflect.DelegatingMethodAccessorImpl.invoke(DelegatingMethodAccessorImpl.java:43)
	at java.lang.reflect.Method.invoke(Method.java:497)
	at org.junit.runners.model.FrameworkMethod$1.runReflectiveCall(FrameworkMethod.java:45)
	at org.junit.internal.runners.model.ReflectiveCallable.run(ReflectiveCallable.java:15)
	at org.junit.runners.model.FrameworkMethod.invokeExplosively(FrameworkMethod.java:42)
	at org.junit.internal.runners.statements.InvokeMethod.evaluate(InvokeMethod.java:20)
	at org.junit.runners.ParentRunner.runLeaf(ParentRunner.java:263)
	at org.junit.runners.BlockJUnit4ClassRunner.runChild(BlockJUnit4ClassRunner.java:68)
	at org.junit.runners.BlockJUnit4ClassRunner.runChild(BlockJUnit4ClassRunner.java:47)
	at org.junit.runners.ParentRunner$3.run(ParentRunner.java:231)
	at org.junit.runners.ParentRunner$1.schedule(ParentRunner.java:60)
	at org.junit.runners.ParentRunner.runChildren(ParentRunner.java:229)
	at org.junit.runners.ParentRunner.access$000(ParentRunner.java:50)
	at org.junit.runners.ParentRunner$2.evaluate(ParentRunner.java:222)
	at org.junit.runners.ParentRunner.run(ParentRunner.java:300)
	at org.junit.runners.Suite.runChild(Suite.java:128)
	at org.junit.runners.Suite.runChild(Suite.java:24)
	at org.junit.runners.ParentRunner$3.run(ParentRunner.java:231)
	at org.junit.runners.ParentRunner$1.schedule(ParentRunner.java:60)
	at org.junit.runners.ParentRunner.runChildren(ParentRunner.java:229)
	at org.junit.runners.ParentRunner.access$000(ParentRunner.java:50)
	at org.junit.runners.ParentRunner$2.evaluate(ParentRunner.java:222)
	at org.junit.runners.ParentRunner.run(ParentRunner.java:300)
	at org.junit.runner.JUnitCore.run(JUnitCore.java:157)
	at org.junit.runner.JUnitCore.run(JUnitCore.java:136)
	at com.novocode.junit.JUnitRunner.run(JUnitRunner.java:87)
	at sbt.RunnerWrapper$1.runRunner2(FrameworkWrapper.java:223)
	at sbt.RunnerWrapper$1.execute(FrameworkWrapper.java:236)
	at sbt.ForkMain$Run$2.call(ForkMain.java:296)
	at sbt.ForkMain$Run$2.call(ForkMain.java:286)
	at java.util.concurrent.FutureTask.run(FutureTask.java:266)
	at java.util.concurrent.ThreadPoolExecutor.runWorker(ThreadPoolExecutor.java:1142)
	at java.util.concurrent.ThreadPoolExecutor$Worker.run(ThreadPoolExecutor.java:617)
	at java.lang.Thread.run(Thread.java:745)
</failure>
                                               </testcase><testcase classname="l3.test.CPSValueRepresentation_Blackbox" name="testLibLists5" time="-0.001">
                                                 <failure message="java.lang.ArrayIndexOutOfBoundsException: 1" type="sbt.ForkMain$ForkError">sbt.ForkMain$ForkError: java.lang.ArrayIndexOutOfBoundsException: 1
	at l3.CPSInterpreterLow.evalValuePrim(CPSInterpreter.scala:222)
	at l3.CPSInterpreterLow.evalValuePrim(CPSInterpreter.scala:174)
	at l3.CPSInterpreter.eval(CPSInterpreter.scala:40)
	at l3.CPSInterpreter.apply(CPSInterpreter.scala:18)
	at l3.CPSInterpreterLow.apply(CPSInterpreter.scala:174)
	at scala.Function1$$anonfun$andThen$1.apply(Function1.scala:52)
	at l3.test.infrastructure.CompilerTest$class.l3$test$infrastructure$CompilerTest$$compileInner(CompilerTest.scala:20)
	at l3.test.infrastructure.CompilerTest$$anonfun$compileUsingPipelineAndRedirect$1.apply(CompilerTest.scala:31)
	at l3.test.infrastructure.SandboxedTest$$anon$1.run(SandboxedTest.scala:24)
	at java.security.AccessController.doPrivileged(Native Method)
	at l3.test.infrastructure.SandboxedTest.sandboxedTest(SandboxedTest.scala:34)
	at l3.test.infrastructure.SandboxedTest.sandboxedTestWithRedirectedIO(SandboxedTest.scala:45)
	at l3.test.infrastructure.CompilerTest$class.compileUsingPipelineAndRedirect(CompilerTest.scala:31)
	at l3.test.infrastructure.CPSTest.compileUsingPipelineAndRedirect(CPSTest.scala:11)
	at l3.test.infrastructure.CPSLowTest.testCPSLowProgramOutput(CPSLowTest.scala:42)
	at l3.test.CPSValueRepresentation_Blackbox$$anonfun$1.apply(CPSValueRepresentation_Blackbox.scala:9)
	at l3.test.CPSValueRepresentation_Blackbox$$anonfun$1.apply(CPSValueRepresentation_Blackbox.scala:9)
	at l3.test.ok.LibraryOKTests$$anonfun$compileAndInterpretWithLib$1.apply(LibraryOKTests.scala:17)
	at l3.test.ok.LibraryOKTests$$anonfun$compileAndInterpretWithLib$1.apply(LibraryOKTests.scala:17)
	at l3.test.ok.LibraryOKTests$class.testLibLists5(LibraryOKTests.scala:71)
	at l3.test.CPSValueRepresentation_Blackbox.testLibLists5(CPSValueRepresentation_Blackbox.scala:7)
	at sun.reflect.NativeMethodAccessorImpl.invoke0(Native Method)
	at sun.reflect.NativeMethodAccessorImpl.invoke(NativeMethodAccessorImpl.java:62)
	at sun.reflect.DelegatingMethodAccessorImpl.invoke(DelegatingMethodAccessorImpl.java:43)
	at java.lang.reflect.Method.invoke(Method.java:497)
	at org.junit.runners.model.FrameworkMethod$1.runReflectiveCall(FrameworkMethod.java:45)
	at org.junit.internal.runners.model.ReflectiveCallable.run(ReflectiveCallable.java:15)
	at org.junit.runners.model.FrameworkMethod.invokeExplosively(FrameworkMethod.java:42)
	at org.junit.internal.runners.statements.InvokeMethod.evaluate(InvokeMethod.java:20)
	at org.junit.runners.ParentRunner.runLeaf(ParentRunner.java:263)
	at org.junit.runners.BlockJUnit4ClassRunner.runChild(BlockJUnit4ClassRunner.java:68)
	at org.junit.runners.BlockJUnit4ClassRunner.runChild(BlockJUnit4ClassRunner.java:47)
	at org.junit.runners.ParentRunner$3.run(ParentRunner.java:231)
	at org.junit.runners.ParentRunner$1.schedule(ParentRunner.java:60)
	at org.junit.runners.ParentRunner.runChildren(ParentRunner.java:229)
	at org.junit.runners.ParentRunner.access$000(ParentRunner.java:50)
	at org.junit.runners.ParentRunner$2.evaluate(ParentRunner.java:222)
	at org.junit.runners.ParentRunner.run(ParentRunner.java:300)
	at org.junit.runners.Suite.runChild(Suite.java:128)
	at org.junit.runners.Suite.runChild(Suite.java:24)
	at org.junit.runners.ParentRunner$3.run(ParentRunner.java:231)
	at org.junit.runners.ParentRunner$1.schedule(ParentRunner.java:60)
	at org.junit.runners.ParentRunner.runChildren(ParentRunner.java:229)
	at org.junit.runners.ParentRunner.access$000(ParentRunner.java:50)
	at org.junit.runners.ParentRunner$2.evaluate(ParentRunner.java:222)
	at org.junit.runners.ParentRunner.run(ParentRunner.java:300)
	at org.junit.runner.JUnitCore.run(JUnitCore.java:157)
	at org.junit.runner.JUnitCore.run(JUnitCore.java:136)
	at com.novocode.junit.JUnitRunner.run(JUnitRunner.java:87)
	at sbt.RunnerWrapper$1.runRunner2(FrameworkWrapper.java:223)
	at sbt.RunnerWrapper$1.execute(FrameworkWrapper.java:236)
	at sbt.ForkMain$Run$2.call(ForkMain.java:296)
	at sbt.ForkMain$Run$2.call(ForkMain.java:286)
	at java.util.concurrent.FutureTask.run(FutureTask.java:266)
	at java.util.concurrent.ThreadPoolExecutor.runWorker(ThreadPoolExecutor.java:1142)
	at java.util.concurrent.ThreadPoolExecutor$Worker.run(ThreadPoolExecutor.java:617)
	at java.lang.Thread.run(Thread.java:745)
</failure>
                                               </testcase><testcase classname="l3.test.CPSValueRepresentation_Blackbox" name="testLibLists6" time="-0.001">
                                                 <failure message="java.lang.ArrayIndexOutOfBoundsException: 1" type="sbt.ForkMain$ForkError">sbt.ForkMain$ForkError: java.lang.ArrayIndexOutOfBoundsException: 1
	at l3.CPSInterpreterLow.evalValuePrim(CPSInterpreter.scala:222)
	at l3.CPSInterpreterLow.evalValuePrim(CPSInterpreter.scala:174)
	at l3.CPSInterpreter.eval(CPSInterpreter.scala:40)
	at l3.CPSInterpreter.apply(CPSInterpreter.scala:18)
	at l3.CPSInterpreterLow.apply(CPSInterpreter.scala:174)
	at scala.Function1$$anonfun$andThen$1.apply(Function1.scala:52)
	at l3.test.infrastructure.CompilerTest$class.l3$test$infrastructure$CompilerTest$$compileInner(CompilerTest.scala:20)
	at l3.test.infrastructure.CompilerTest$$anonfun$compileUsingPipelineAndRedirect$1.apply(CompilerTest.scala:31)
	at l3.test.infrastructure.SandboxedTest$$anon$1.run(SandboxedTest.scala:24)
	at java.security.AccessController.doPrivileged(Native Method)
	at l3.test.infrastructure.SandboxedTest.sandboxedTest(SandboxedTest.scala:34)
	at l3.test.infrastructure.SandboxedTest.sandboxedTestWithRedirectedIO(SandboxedTest.scala:45)
	at l3.test.infrastructure.CompilerTest$class.compileUsingPipelineAndRedirect(CompilerTest.scala:31)
	at l3.test.infrastructure.CPSTest.compileUsingPipelineAndRedirect(CPSTest.scala:11)
	at l3.test.infrastructure.CPSLowTest.testCPSLowProgramOutput(CPSLowTest.scala:42)
	at l3.test.CPSValueRepresentation_Blackbox$$anonfun$1.apply(CPSValueRepresentation_Blackbox.scala:9)
	at l3.test.CPSValueRepresentation_Blackbox$$anonfun$1.apply(CPSValueRepresentation_Blackbox.scala:9)
	at l3.test.ok.LibraryOKTests$$anonfun$compileAndInterpretWithLib$1.apply(LibraryOKTests.scala:17)
	at l3.test.ok.LibraryOKTests$$anonfun$compileAndInterpretWithLib$1.apply(LibraryOKTests.scala:17)
	at l3.test.ok.LibraryOKTests$class.testLibLists6(LibraryOKTests.scala:83)
	at l3.test.CPSValueRepresentation_Blackbox.testLibLists6(CPSValueRepresentation_Blackbox.scala:7)
	at sun.reflect.NativeMethodAccessorImpl.invoke0(Native Method)
	at sun.reflect.NativeMethodAccessorImpl.invoke(NativeMethodAccessorImpl.java:62)
	at sun.reflect.DelegatingMethodAccessorImpl.invoke(DelegatingMethodAccessorImpl.java:43)
	at java.lang.reflect.Method.invoke(Method.java:497)
	at org.junit.runners.model.FrameworkMethod$1.runReflectiveCall(FrameworkMethod.java:45)
	at org.junit.internal.runners.model.ReflectiveCallable.run(ReflectiveCallable.java:15)
	at org.junit.runners.model.FrameworkMethod.invokeExplosively(FrameworkMethod.java:42)
	at org.junit.internal.runners.statements.InvokeMethod.evaluate(InvokeMethod.java:20)
	at org.junit.runners.ParentRunner.runLeaf(ParentRunner.java:263)
	at org.junit.runners.BlockJUnit4ClassRunner.runChild(BlockJUnit4ClassRunner.java:68)
	at org.junit.runners.BlockJUnit4ClassRunner.runChild(BlockJUnit4ClassRunner.java:47)
	at org.junit.runners.ParentRunner$3.run(ParentRunner.java:231)
	at org.junit.runners.ParentRunner$1.schedule(ParentRunner.java:60)
	at org.junit.runners.ParentRunner.runChildren(ParentRunner.java:229)
	at org.junit.runners.ParentRunner.access$000(ParentRunner.java:50)
	at org.junit.runners.ParentRunner$2.evaluate(ParentRunner.java:222)
	at org.junit.runners.ParentRunner.run(ParentRunner.java:300)
	at org.junit.runners.Suite.runChild(Suite.java:128)
	at org.junit.runners.Suite.runChild(Suite.java:24)
	at org.junit.runners.ParentRunner$3.run(ParentRunner.java:231)
	at org.junit.runners.ParentRunner$1.schedule(ParentRunner.java:60)
	at org.junit.runners.ParentRunner.runChildren(ParentRunner.java:229)
	at org.junit.runners.ParentRunner.access$000(ParentRunner.java:50)
	at org.junit.runners.ParentRunner$2.evaluate(ParentRunner.java:222)
	at org.junit.runners.ParentRunner.run(ParentRunner.java:300)
	at org.junit.runner.JUnitCore.run(JUnitCore.java:157)
	at org.junit.runner.JUnitCore.run(JUnitCore.java:136)
	at com.novocode.junit.JUnitRunner.run(JUnitRunner.java:87)
	at sbt.RunnerWrapper$1.runRunner2(FrameworkWrapper.java:223)
	at sbt.RunnerWrapper$1.execute(FrameworkWrapper.java:236)
	at sbt.ForkMain$Run$2.call(ForkMain.java:296)
	at sbt.ForkMain$Run$2.call(ForkMain.java:286)
	at java.util.concurrent.FutureTask.run(FutureTask.java:266)
	at java.util.concurrent.ThreadPoolExecutor.runWorker(ThreadPoolExecutor.java:1142)
	at java.util.concurrent.ThreadPoolExecutor$Worker.run(ThreadPoolExecutor.java:617)
	at java.lang.Thread.run(Thread.java:745)
</failure>
                                               </testcase><testcase classname="l3.test.CPSValueRepresentation_Blackbox" name="testLibLists7" time="-0.001">
                                                 <failure message="java.lang.ArrayIndexOutOfBoundsException: 1" type="sbt.ForkMain$ForkError">sbt.ForkMain$ForkError: java.lang.ArrayIndexOutOfBoundsException: 1
	at l3.CPSInterpreterLow.evalValuePrim(CPSInterpreter.scala:222)
	at l3.CPSInterpreterLow.evalValuePrim(CPSInterpreter.scala:174)
	at l3.CPSInterpreter.eval(CPSInterpreter.scala:40)
	at l3.CPSInterpreter.apply(CPSInterpreter.scala:18)
	at l3.CPSInterpreterLow.apply(CPSInterpreter.scala:174)
	at scala.Function1$$anonfun$andThen$1.apply(Function1.scala:52)
	at l3.test.infrastructure.CompilerTest$class.l3$test$infrastructure$CompilerTest$$compileInner(CompilerTest.scala:20)
	at l3.test.infrastructure.CompilerTest$$anonfun$compileUsingPipelineAndRedirect$1.apply(CompilerTest.scala:31)
	at l3.test.infrastructure.SandboxedTest$$anon$1.run(SandboxedTest.scala:24)
	at java.security.AccessController.doPrivileged(Native Method)
	at l3.test.infrastructure.SandboxedTest.sandboxedTest(SandboxedTest.scala:34)
	at l3.test.infrastructure.SandboxedTest.sandboxedTestWithRedirectedIO(SandboxedTest.scala:45)
	at l3.test.infrastructure.CompilerTest$class.compileUsingPipelineAndRedirect(CompilerTest.scala:31)
	at l3.test.infrastructure.CPSTest.compileUsingPipelineAndRedirect(CPSTest.scala:11)
	at l3.test.infrastructure.CPSLowTest.testCPSLowProgramOutput(CPSLowTest.scala:42)
	at l3.test.CPSValueRepresentation_Blackbox$$anonfun$1.apply(CPSValueRepresentation_Blackbox.scala:9)
	at l3.test.CPSValueRepresentation_Blackbox$$anonfun$1.apply(CPSValueRepresentation_Blackbox.scala:9)
	at l3.test.ok.LibraryOKTests$$anonfun$compileAndInterpretWithLib$1.apply(LibraryOKTests.scala:17)
	at l3.test.ok.LibraryOKTests$$anonfun$compileAndInterpretWithLib$1.apply(LibraryOKTests.scala:17)
	at l3.test.ok.LibraryOKTests$class.testLibLists7(LibraryOKTests.scala:95)
	at l3.test.CPSValueRepresentation_Blackbox.testLibLists7(CPSValueRepresentation_Blackbox.scala:7)
	at sun.reflect.NativeMethodAccessorImpl.invoke0(Native Method)
	at sun.reflect.NativeMethodAccessorImpl.invoke(NativeMethodAccessorImpl.java:62)
	at sun.reflect.DelegatingMethodAccessorImpl.invoke(DelegatingMethodAccessorImpl.java:43)
	at java.lang.reflect.Method.invoke(Method.java:497)
	at org.junit.runners.model.FrameworkMethod$1.runReflectiveCall(FrameworkMethod.java:45)
	at org.junit.internal.runners.model.ReflectiveCallable.run(ReflectiveCallable.java:15)
	at org.junit.runners.model.FrameworkMethod.invokeExplosively(FrameworkMethod.java:42)
	at org.junit.internal.runners.statements.InvokeMethod.evaluate(InvokeMethod.java:20)
	at org.junit.runners.ParentRunner.runLeaf(ParentRunner.java:263)
	at org.junit.runners.BlockJUnit4ClassRunner.runChild(BlockJUnit4ClassRunner.java:68)
	at org.junit.runners.BlockJUnit4ClassRunner.runChild(BlockJUnit4ClassRunner.java:47)
	at org.junit.runners.ParentRunner$3.run(ParentRunner.java:231)
	at org.junit.runners.ParentRunner$1.schedule(ParentRunner.java:60)
	at org.junit.runners.ParentRunner.runChildren(ParentRunner.java:229)
	at org.junit.runners.ParentRunner.access$000(ParentRunner.java:50)
	at org.junit.runners.ParentRunner$2.evaluate(ParentRunner.java:222)
	at org.junit.runners.ParentRunner.run(ParentRunner.java:300)
	at org.junit.runners.Suite.runChild(Suite.java:128)
	at org.junit.runners.Suite.runChild(Suite.java:24)
	at org.junit.runners.ParentRunner$3.run(ParentRunner.java:231)
	at org.junit.runners.ParentRunner$1.schedule(ParentRunner.java:60)
	at org.junit.runners.ParentRunner.runChildren(ParentRunner.java:229)
	at org.junit.runners.ParentRunner.access$000(ParentRunner.java:50)
	at org.junit.runners.ParentRunner$2.evaluate(ParentRunner.java:222)
	at org.junit.runners.ParentRunner.run(ParentRunner.java:300)
	at org.junit.runner.JUnitCore.run(JUnitCore.java:157)
	at org.junit.runner.JUnitCore.run(JUnitCore.java:136)
	at com.novocode.junit.JUnitRunner.run(JUnitRunner.java:87)
	at sbt.RunnerWrapper$1.runRunner2(FrameworkWrapper.java:223)
	at sbt.RunnerWrapper$1.execute(FrameworkWrapper.java:236)
	at sbt.ForkMain$Run$2.call(ForkMain.java:296)
	at sbt.ForkMain$Run$2.call(ForkMain.java:286)
	at java.util.concurrent.FutureTask.run(FutureTask.java:266)
	at java.util.concurrent.ThreadPoolExecutor.runWorker(ThreadPoolExecutor.java:1142)
	at java.util.concurrent.ThreadPoolExecutor$Worker.run(ThreadPoolExecutor.java:617)
	at java.lang.Thread.run(Thread.java:745)
</failure>
                                               </testcase><testcase classname="l3.test.CPSValueRepresentation_Blackbox" name="testLibLists8" time="-0.001">
                                                 <failure message="java.lang.ArrayIndexOutOfBoundsException: 1" type="sbt.ForkMain$ForkError">sbt.ForkMain$ForkError: java.lang.ArrayIndexOutOfBoundsException: 1
	at l3.CPSInterpreterLow.evalValuePrim(CPSInterpreter.scala:222)
	at l3.CPSInterpreterLow.evalValuePrim(CPSInterpreter.scala:174)
	at l3.CPSInterpreter.eval(CPSInterpreter.scala:40)
	at l3.CPSInterpreter.apply(CPSInterpreter.scala:18)
	at l3.CPSInterpreterLow.apply(CPSInterpreter.scala:174)
	at scala.Function1$$anonfun$andThen$1.apply(Function1.scala:52)
	at l3.test.infrastructure.CompilerTest$class.l3$test$infrastructure$CompilerTest$$compileInner(CompilerTest.scala:20)
	at l3.test.infrastructure.CompilerTest$$anonfun$compileUsingPipelineAndRedirect$1.apply(CompilerTest.scala:31)
	at l3.test.infrastructure.SandboxedTest$$anon$1.run(SandboxedTest.scala:24)
	at java.security.AccessController.doPrivileged(Native Method)
	at l3.test.infrastructure.SandboxedTest.sandboxedTest(SandboxedTest.scala:34)
	at l3.test.infrastructure.SandboxedTest.sandboxedTestWithRedirectedIO(SandboxedTest.scala:45)
	at l3.test.infrastructure.CompilerTest$class.compileUsingPipelineAndRedirect(CompilerTest.scala:31)
	at l3.test.infrastructure.CPSTest.compileUsingPipelineAndRedirect(CPSTest.scala:11)
	at l3.test.infrastructure.CPSLowTest.testCPSLowProgramOutput(CPSLowTest.scala:42)
	at l3.test.CPSValueRepresentation_Blackbox$$anonfun$1.apply(CPSValueRepresentation_Blackbox.scala:9)
	at l3.test.CPSValueRepresentation_Blackbox$$anonfun$1.apply(CPSValueRepresentation_Blackbox.scala:9)
	at l3.test.ok.LibraryOKTests$$anonfun$compileAndInterpretWithLib$1.apply(LibraryOKTests.scala:17)
	at l3.test.ok.LibraryOKTests$$anonfun$compileAndInterpretWithLib$1.apply(LibraryOKTests.scala:17)
	at l3.test.ok.LibraryOKTests$class.testLibLists8(LibraryOKTests.scala:102)
	at l3.test.CPSValueRepresentation_Blackbox.testLibLists8(CPSValueRepresentation_Blackbox.scala:7)
	at sun.reflect.NativeMethodAccessorImpl.invoke0(Native Method)
	at sun.reflect.NativeMethodAccessorImpl.invoke(NativeMethodAccessorImpl.java:62)
	at sun.reflect.DelegatingMethodAccessorImpl.invoke(DelegatingMethodAccessorImpl.java:43)
	at java.lang.reflect.Method.invoke(Method.java:497)
	at org.junit.runners.model.FrameworkMethod$1.runReflectiveCall(FrameworkMethod.java:45)
	at org.junit.internal.runners.model.ReflectiveCallable.run(ReflectiveCallable.java:15)
	at org.junit.runners.model.FrameworkMethod.invokeExplosively(FrameworkMethod.java:42)
	at org.junit.internal.runners.statements.InvokeMethod.evaluate(InvokeMethod.java:20)
	at org.junit.runners.ParentRunner.runLeaf(ParentRunner.java:263)
	at org.junit.runners.BlockJUnit4ClassRunner.runChild(BlockJUnit4ClassRunner.java:68)
	at org.junit.runners.BlockJUnit4ClassRunner.runChild(BlockJUnit4ClassRunner.java:47)
	at org.junit.runners.ParentRunner$3.run(ParentRunner.java:231)
	at org.junit.runners.ParentRunner$1.schedule(ParentRunner.java:60)
	at org.junit.runners.ParentRunner.runChildren(ParentRunner.java:229)
	at org.junit.runners.ParentRunner.access$000(ParentRunner.java:50)
	at org.junit.runners.ParentRunner$2.evaluate(ParentRunner.java:222)
	at org.junit.runners.ParentRunner.run(ParentRunner.java:300)
	at org.junit.runners.Suite.runChild(Suite.java:128)
	at org.junit.runners.Suite.runChild(Suite.java:24)
	at org.junit.runners.ParentRunner$3.run(ParentRunner.java:231)
	at org.junit.runners.ParentRunner$1.schedule(ParentRunner.java:60)
	at org.junit.runners.ParentRunner.runChildren(ParentRunner.java:229)
	at org.junit.runners.ParentRunner.access$000(ParentRunner.java:50)
	at org.junit.runners.ParentRunner$2.evaluate(ParentRunner.java:222)
	at org.junit.runners.ParentRunner.run(ParentRunner.java:300)
	at org.junit.runner.JUnitCore.run(JUnitCore.java:157)
	at org.junit.runner.JUnitCore.run(JUnitCore.java:136)
	at com.novocode.junit.JUnitRunner.run(JUnitRunner.java:87)
	at sbt.RunnerWrapper$1.runRunner2(FrameworkWrapper.java:223)
	at sbt.RunnerWrapper$1.execute(FrameworkWrapper.java:236)
	at sbt.ForkMain$Run$2.call(ForkMain.java:296)
	at sbt.ForkMain$Run$2.call(ForkMain.java:286)
	at java.util.concurrent.FutureTask.run(FutureTask.java:266)
	at java.util.concurrent.ThreadPoolExecutor.runWorker(ThreadPoolExecutor.java:1142)
	at java.util.concurrent.ThreadPoolExecutor$Worker.run(ThreadPoolExecutor.java:617)
	at java.lang.Thread.run(Thread.java:745)
</failure>
                                               </testcase><testcase classname="l3.test.CPSValueRepresentation_Blackbox" name="testLibLists9" time="-0.001">
                                                 <failure message="java.lang.ArrayIndexOutOfBoundsException: 1" type="sbt.ForkMain$ForkError">sbt.ForkMain$ForkError: java.lang.ArrayIndexOutOfBoundsException: 1
	at l3.CPSInterpreterLow.evalValuePrim(CPSInterpreter.scala:222)
	at l3.CPSInterpreterLow.evalValuePrim(CPSInterpreter.scala:174)
	at l3.CPSInterpreter.eval(CPSInterpreter.scala:40)
	at l3.CPSInterpreter.apply(CPSInterpreter.scala:18)
	at l3.CPSInterpreterLow.apply(CPSInterpreter.scala:174)
	at scala.Function1$$anonfun$andThen$1.apply(Function1.scala:52)
	at l3.test.infrastructure.CompilerTest$class.l3$test$infrastructure$CompilerTest$$compileInner(CompilerTest.scala:20)
	at l3.test.infrastructure.CompilerTest$$anonfun$compileUsingPipelineAndRedirect$1.apply(CompilerTest.scala:31)
	at l3.test.infrastructure.SandboxedTest$$anon$1.run(SandboxedTest.scala:24)
	at java.security.AccessController.doPrivileged(Native Method)
	at l3.test.infrastructure.SandboxedTest.sandboxedTest(SandboxedTest.scala:34)
	at l3.test.infrastructure.SandboxedTest.sandboxedTestWithRedirectedIO(SandboxedTest.scala:45)
	at l3.test.infrastructure.CompilerTest$class.compileUsingPipelineAndRedirect(CompilerTest.scala:31)
	at l3.test.infrastructure.CPSTest.compileUsingPipelineAndRedirect(CPSTest.scala:11)
	at l3.test.infrastructure.CPSLowTest.testCPSLowProgramOutput(CPSLowTest.scala:42)
	at l3.test.CPSValueRepresentation_Blackbox$$anonfun$1.apply(CPSValueRepresentation_Blackbox.scala:9)
	at l3.test.CPSValueRepresentation_Blackbox$$anonfun$1.apply(CPSValueRepresentation_Blackbox.scala:9)
	at l3.test.ok.LibraryOKTests$$anonfun$compileAndInterpretWithLib$1.apply(LibraryOKTests.scala:17)
	at l3.test.ok.LibraryOKTests$$anonfun$compileAndInterpretWithLib$1.apply(LibraryOKTests.scala:17)
	at l3.test.ok.LibraryOKTests$class.testLibLists9(LibraryOKTests.scala:111)
	at l3.test.CPSValueRepresentation_Blackbox.testLibLists9(CPSValueRepresentation_Blackbox.scala:7)
	at sun.reflect.NativeMethodAccessorImpl.invoke0(Native Method)
	at sun.reflect.NativeMethodAccessorImpl.invoke(NativeMethodAccessorImpl.java:62)
	at sun.reflect.DelegatingMethodAccessorImpl.invoke(DelegatingMethodAccessorImpl.java:43)
	at java.lang.reflect.Method.invoke(Method.java:497)
	at org.junit.runners.model.FrameworkMethod$1.runReflectiveCall(FrameworkMethod.java:45)
	at org.junit.internal.runners.model.ReflectiveCallable.run(ReflectiveCallable.java:15)
	at org.junit.runners.model.FrameworkMethod.invokeExplosively(FrameworkMethod.java:42)
	at org.junit.internal.runners.statements.InvokeMethod.evaluate(InvokeMethod.java:20)
	at org.junit.runners.ParentRunner.runLeaf(ParentRunner.java:263)
	at org.junit.runners.BlockJUnit4ClassRunner.runChild(BlockJUnit4ClassRunner.java:68)
	at org.junit.runners.BlockJUnit4ClassRunner.runChild(BlockJUnit4ClassRunner.java:47)
	at org.junit.runners.ParentRunner$3.run(ParentRunner.java:231)
	at org.junit.runners.ParentRunner$1.schedule(ParentRunner.java:60)
	at org.junit.runners.ParentRunner.runChildren(ParentRunner.java:229)
	at org.junit.runners.ParentRunner.access$000(ParentRunner.java:50)
	at org.junit.runners.ParentRunner$2.evaluate(ParentRunner.java:222)
	at org.junit.runners.ParentRunner.run(ParentRunner.java:300)
	at org.junit.runners.Suite.runChild(Suite.java:128)
	at org.junit.runners.Suite.runChild(Suite.java:24)
	at org.junit.runners.ParentRunner$3.run(ParentRunner.java:231)
	at org.junit.runners.ParentRunner$1.schedule(ParentRunner.java:60)
	at org.junit.runners.ParentRunner.runChildren(ParentRunner.java:229)
	at org.junit.runners.ParentRunner.access$000(ParentRunner.java:50)
	at org.junit.runners.ParentRunner$2.evaluate(ParentRunner.java:222)
	at org.junit.runners.ParentRunner.run(ParentRunner.java:300)
	at org.junit.runner.JUnitCore.run(JUnitCore.java:157)
	at org.junit.runner.JUnitCore.run(JUnitCore.java:136)
	at com.novocode.junit.JUnitRunner.run(JUnitRunner.java:87)
	at sbt.RunnerWrapper$1.runRunner2(FrameworkWrapper.java:223)
	at sbt.RunnerWrapper$1.execute(FrameworkWrapper.java:236)
	at sbt.ForkMain$Run$2.call(ForkMain.java:296)
	at sbt.ForkMain$Run$2.call(ForkMain.java:286)
	at java.util.concurrent.FutureTask.run(FutureTask.java:266)
	at java.util.concurrent.ThreadPoolExecutor.runWorker(ThreadPoolExecutor.java:1142)
	at java.util.concurrent.ThreadPoolExecutor$Worker.run(ThreadPoolExecutor.java:617)
	at java.lang.Thread.run(Thread.java:745)
</failure>
                                               </testcase><testcase classname="l3.test.CPSValueRepresentation_Blackbox" name="testLibLists10" time="-0.001">
                                                 <failure message="java.lang.ArrayIndexOutOfBoundsException: 1" type="sbt.ForkMain$ForkError">sbt.ForkMain$ForkError: java.lang.ArrayIndexOutOfBoundsException: 1
	at l3.CPSInterpreterLow.evalValuePrim(CPSInterpreter.scala:222)
	at l3.CPSInterpreterLow.evalValuePrim(CPSInterpreter.scala:174)
	at l3.CPSInterpreter.eval(CPSInterpreter.scala:40)
	at l3.CPSInterpreter.apply(CPSInterpreter.scala:18)
	at l3.CPSInterpreterLow.apply(CPSInterpreter.scala:174)
	at scala.Function1$$anonfun$andThen$1.apply(Function1.scala:52)
	at l3.test.infrastructure.CompilerTest$class.l3$test$infrastructure$CompilerTest$$compileInner(CompilerTest.scala:20)
	at l3.test.infrastructure.CompilerTest$$anonfun$compileUsingPipelineAndRedirect$1.apply(CompilerTest.scala:31)
	at l3.test.infrastructure.SandboxedTest$$anon$1.run(SandboxedTest.scala:24)
	at java.security.AccessController.doPrivileged(Native Method)
	at l3.test.infrastructure.SandboxedTest.sandboxedTest(SandboxedTest.scala:34)
	at l3.test.infrastructure.SandboxedTest.sandboxedTestWithRedirectedIO(SandboxedTest.scala:45)
	at l3.test.infrastructure.CompilerTest$class.compileUsingPipelineAndRedirect(CompilerTest.scala:31)
	at l3.test.infrastructure.CPSTest.compileUsingPipelineAndRedirect(CPSTest.scala:11)
	at l3.test.infrastructure.CPSLowTest.testCPSLowProgramOutput(CPSLowTest.scala:42)
	at l3.test.CPSValueRepresentation_Blackbox$$anonfun$1.apply(CPSValueRepresentation_Blackbox.scala:9)
	at l3.test.CPSValueRepresentation_Blackbox$$anonfun$1.apply(CPSValueRepresentation_Blackbox.scala:9)
	at l3.test.ok.LibraryOKTests$$anonfun$compileAndInterpretWithLib$1.apply(LibraryOKTests.scala:17)
	at l3.test.ok.LibraryOKTests$$anonfun$compileAndInterpretWithLib$1.apply(LibraryOKTests.scala:17)
	at l3.test.ok.LibraryOKTests$class.testLibLists10(LibraryOKTests.scala:118)
	at l3.test.CPSValueRepresentation_Blackbox.testLibLists10(CPSValueRepresentation_Blackbox.scala:7)
	at sun.reflect.NativeMethodAccessorImpl.invoke0(Native Method)
	at sun.reflect.NativeMethodAccessorImpl.invoke(NativeMethodAccessorImpl.java:62)
	at sun.reflect.DelegatingMethodAccessorImpl.invoke(DelegatingMethodAccessorImpl.java:43)
	at java.lang.reflect.Method.invoke(Method.java:497)
	at org.junit.runners.model.FrameworkMethod$1.runReflectiveCall(FrameworkMethod.java:45)
	at org.junit.internal.runners.model.ReflectiveCallable.run(ReflectiveCallable.java:15)
	at org.junit.runners.model.FrameworkMethod.invokeExplosively(FrameworkMethod.java:42)
	at org.junit.internal.runners.statements.InvokeMethod.evaluate(InvokeMethod.java:20)
	at org.junit.runners.ParentRunner.runLeaf(ParentRunner.java:263)
	at org.junit.runners.BlockJUnit4ClassRunner.runChild(BlockJUnit4ClassRunner.java:68)
	at org.junit.runners.BlockJUnit4ClassRunner.runChild(BlockJUnit4ClassRunner.java:47)
	at org.junit.runners.ParentRunner$3.run(ParentRunner.java:231)
	at org.junit.runners.ParentRunner$1.schedule(ParentRunner.java:60)
	at org.junit.runners.ParentRunner.runChildren(ParentRunner.java:229)
	at org.junit.runners.ParentRunner.access$000(ParentRunner.java:50)
	at org.junit.runners.ParentRunner$2.evaluate(ParentRunner.java:222)
	at org.junit.runners.ParentRunner.run(ParentRunner.java:300)
	at org.junit.runners.Suite.runChild(Suite.java:128)
	at org.junit.runners.Suite.runChild(Suite.java:24)
	at org.junit.runners.ParentRunner$3.run(ParentRunner.java:231)
	at org.junit.runners.ParentRunner$1.schedule(ParentRunner.java:60)
	at org.junit.runners.ParentRunner.runChildren(ParentRunner.java:229)
	at org.junit.runners.ParentRunner.access$000(ParentRunner.java:50)
	at org.junit.runners.ParentRunner$2.evaluate(ParentRunner.java:222)
	at org.junit.runners.ParentRunner.run(ParentRunner.java:300)
	at org.junit.runner.JUnitCore.run(JUnitCore.java:157)
	at org.junit.runner.JUnitCore.run(JUnitCore.java:136)
	at com.novocode.junit.JUnitRunner.run(JUnitRunner.java:87)
	at sbt.RunnerWrapper$1.runRunner2(FrameworkWrapper.java:223)
	at sbt.RunnerWrapper$1.execute(FrameworkWrapper.java:236)
	at sbt.ForkMain$Run$2.call(ForkMain.java:296)
	at sbt.ForkMain$Run$2.call(ForkMain.java:286)
	at java.util.concurrent.FutureTask.run(FutureTask.java:266)
	at java.util.concurrent.ThreadPoolExecutor.runWorker(ThreadPoolExecutor.java:1142)
	at java.util.concurrent.ThreadPoolExecutor$Worker.run(ThreadPoolExecutor.java:617)
	at java.lang.Thread.run(Thread.java:745)
</failure>
                                               </testcase><testcase classname="l3.test.CPSValueRepresentation_Blackbox" name="testLibLists11" time="-0.001">
                                                 <failure message="java.lang.ArrayIndexOutOfBoundsException: 1" type="sbt.ForkMain$ForkError">sbt.ForkMain$ForkError: java.lang.ArrayIndexOutOfBoundsException: 1
	at l3.CPSInterpreterLow.evalValuePrim(CPSInterpreter.scala:222)
	at l3.CPSInterpreterLow.evalValuePrim(CPSInterpreter.scala:174)
	at l3.CPSInterpreter.eval(CPSInterpreter.scala:40)
	at l3.CPSInterpreter.apply(CPSInterpreter.scala:18)
	at l3.CPSInterpreterLow.apply(CPSInterpreter.scala:174)
	at scala.Function1$$anonfun$andThen$1.apply(Function1.scala:52)
	at l3.test.infrastructure.CompilerTest$class.l3$test$infrastructure$CompilerTest$$compileInner(CompilerTest.scala:20)
	at l3.test.infrastructure.CompilerTest$$anonfun$compileUsingPipelineAndRedirect$1.apply(CompilerTest.scala:31)
	at l3.test.infrastructure.SandboxedTest$$anon$1.run(SandboxedTest.scala:24)
	at java.security.AccessController.doPrivileged(Native Method)
	at l3.test.infrastructure.SandboxedTest.sandboxedTest(SandboxedTest.scala:34)
	at l3.test.infrastructure.SandboxedTest.sandboxedTestWithRedirectedIO(SandboxedTest.scala:45)
	at l3.test.infrastructure.CompilerTest$class.compileUsingPipelineAndRedirect(CompilerTest.scala:31)
	at l3.test.infrastructure.CPSTest.compileUsingPipelineAndRedirect(CPSTest.scala:11)
	at l3.test.infrastructure.CPSLowTest.testCPSLowProgramOutput(CPSLowTest.scala:42)
	at l3.test.CPSValueRepresentation_Blackbox$$anonfun$1.apply(CPSValueRepresentation_Blackbox.scala:9)
	at l3.test.CPSValueRepresentation_Blackbox$$anonfun$1.apply(CPSValueRepresentation_Blackbox.scala:9)
	at l3.test.ok.LibraryOKTests$$anonfun$compileAndInterpretWithLib$1.apply(LibraryOKTests.scala:17)
	at l3.test.ok.LibraryOKTests$$anonfun$compileAndInterpretWithLib$1.apply(LibraryOKTests.scala:17)
	at l3.test.ok.LibraryOKTests$class.testLibLists11(LibraryOKTests.scala:124)
	at l3.test.CPSValueRepresentation_Blackbox.testLibLists11(CPSValueRepresentation_Blackbox.scala:7)
	at sun.reflect.NativeMethodAccessorImpl.invoke0(Native Method)
	at sun.reflect.NativeMethodAccessorImpl.invoke(NativeMethodAccessorImpl.java:62)
	at sun.reflect.DelegatingMethodAccessorImpl.invoke(DelegatingMethodAccessorImpl.java:43)
	at java.lang.reflect.Method.invoke(Method.java:497)
	at org.junit.runners.model.FrameworkMethod$1.runReflectiveCall(FrameworkMethod.java:45)
	at org.junit.internal.runners.model.ReflectiveCallable.run(ReflectiveCallable.java:15)
	at org.junit.runners.model.FrameworkMethod.invokeExplosively(FrameworkMethod.java:42)
	at org.junit.internal.runners.statements.InvokeMethod.evaluate(InvokeMethod.java:20)
	at org.junit.runners.ParentRunner.runLeaf(ParentRunner.java:263)
	at org.junit.runners.BlockJUnit4ClassRunner.runChild(BlockJUnit4ClassRunner.java:68)
	at org.junit.runners.BlockJUnit4ClassRunner.runChild(BlockJUnit4ClassRunner.java:47)
	at org.junit.runners.ParentRunner$3.run(ParentRunner.java:231)
	at org.junit.runners.ParentRunner$1.schedule(ParentRunner.java:60)
	at org.junit.runners.ParentRunner.runChildren(ParentRunner.java:229)
	at org.junit.runners.ParentRunner.access$000(ParentRunner.java:50)
	at org.junit.runners.ParentRunner$2.evaluate(ParentRunner.java:222)
	at org.junit.runners.ParentRunner.run(ParentRunner.java:300)
	at org.junit.runners.Suite.runChild(Suite.java:128)
	at org.junit.runners.Suite.runChild(Suite.java:24)
	at org.junit.runners.ParentRunner$3.run(ParentRunner.java:231)
	at org.junit.runners.ParentRunner$1.schedule(ParentRunner.java:60)
	at org.junit.runners.ParentRunner.runChildren(ParentRunner.java:229)
	at org.junit.runners.ParentRunner.access$000(ParentRunner.java:50)
	at org.junit.runners.ParentRunner$2.evaluate(ParentRunner.java:222)
	at org.junit.runners.ParentRunner.run(ParentRunner.java:300)
	at org.junit.runner.JUnitCore.run(JUnitCore.java:157)
	at org.junit.runner.JUnitCore.run(JUnitCore.java:136)
	at com.novocode.junit.JUnitRunner.run(JUnitRunner.java:87)
	at sbt.RunnerWrapper$1.runRunner2(FrameworkWrapper.java:223)
	at sbt.RunnerWrapper$1.execute(FrameworkWrapper.java:236)
	at sbt.ForkMain$Run$2.call(ForkMain.java:296)
	at sbt.ForkMain$Run$2.call(ForkMain.java:286)
	at java.util.concurrent.FutureTask.run(FutureTask.java:266)
	at java.util.concurrent.ThreadPoolExecutor.runWorker(ThreadPoolExecutor.java:1142)
	at java.util.concurrent.ThreadPoolExecutor$Worker.run(ThreadPoolExecutor.java:617)
	at java.lang.Thread.run(Thread.java:745)
</failure>
                                               </testcase><testcase classname="l3.test.CPSValueRepresentation_Blackbox" name="testLibLists12" time="-0.001">
                                                 <failure message="java.lang.ArrayIndexOutOfBoundsException: 1" type="sbt.ForkMain$ForkError">sbt.ForkMain$ForkError: java.lang.ArrayIndexOutOfBoundsException: 1
	at l3.CPSInterpreterLow.evalValuePrim(CPSInterpreter.scala:222)
	at l3.CPSInterpreterLow.evalValuePrim(CPSInterpreter.scala:174)
	at l3.CPSInterpreter.eval(CPSInterpreter.scala:40)
	at l3.CPSInterpreter.apply(CPSInterpreter.scala:18)
	at l3.CPSInterpreterLow.apply(CPSInterpreter.scala:174)
	at scala.Function1$$anonfun$andThen$1.apply(Function1.scala:52)
	at l3.test.infrastructure.CompilerTest$class.l3$test$infrastructure$CompilerTest$$compileInner(CompilerTest.scala:20)
	at l3.test.infrastructure.CompilerTest$$anonfun$compileUsingPipelineAndRedirect$1.apply(CompilerTest.scala:31)
	at l3.test.infrastructure.SandboxedTest$$anon$1.run(SandboxedTest.scala:24)
	at java.security.AccessController.doPrivileged(Native Method)
	at l3.test.infrastructure.SandboxedTest.sandboxedTest(SandboxedTest.scala:34)
	at l3.test.infrastructure.SandboxedTest.sandboxedTestWithRedirectedIO(SandboxedTest.scala:45)
	at l3.test.infrastructure.CompilerTest$class.compileUsingPipelineAndRedirect(CompilerTest.scala:31)
	at l3.test.infrastructure.CPSTest.compileUsingPipelineAndRedirect(CPSTest.scala:11)
	at l3.test.infrastructure.CPSLowTest.testCPSLowProgramOutput(CPSLowTest.scala:42)
	at l3.test.CPSValueRepresentation_Blackbox$$anonfun$1.apply(CPSValueRepresentation_Blackbox.scala:9)
	at l3.test.CPSValueRepresentation_Blackbox$$anonfun$1.apply(CPSValueRepresentation_Blackbox.scala:9)
	at l3.test.ok.LibraryOKTests$$anonfun$compileAndInterpretWithLib$1.apply(LibraryOKTests.scala:17)
	at l3.test.ok.LibraryOKTests$$anonfun$compileAndInterpretWithLib$1.apply(LibraryOKTests.scala:17)
	at l3.test.ok.LibraryOKTests$class.testLibLists12(LibraryOKTests.scala:134)
	at l3.test.CPSValueRepresentation_Blackbox.testLibLists12(CPSValueRepresentation_Blackbox.scala:7)
	at sun.reflect.NativeMethodAccessorImpl.invoke0(Native Method)
	at sun.reflect.NativeMethodAccessorImpl.invoke(NativeMethodAccessorImpl.java:62)
	at sun.reflect.DelegatingMethodAccessorImpl.invoke(DelegatingMethodAccessorImpl.java:43)
	at java.lang.reflect.Method.invoke(Method.java:497)
	at org.junit.runners.model.FrameworkMethod$1.runReflectiveCall(FrameworkMethod.java:45)
	at org.junit.internal.runners.model.ReflectiveCallable.run(ReflectiveCallable.java:15)
	at org.junit.runners.model.FrameworkMethod.invokeExplosively(FrameworkMethod.java:42)
	at org.junit.internal.runners.statements.InvokeMethod.evaluate(InvokeMethod.java:20)
	at org.junit.runners.ParentRunner.runLeaf(ParentRunner.java:263)
	at org.junit.runners.BlockJUnit4ClassRunner.runChild(BlockJUnit4ClassRunner.java:68)
	at org.junit.runners.BlockJUnit4ClassRunner.runChild(BlockJUnit4ClassRunner.java:47)
	at org.junit.runners.ParentRunner$3.run(ParentRunner.java:231)
	at org.junit.runners.ParentRunner$1.schedule(ParentRunner.java:60)
	at org.junit.runners.ParentRunner.runChildren(ParentRunner.java:229)
	at org.junit.runners.ParentRunner.access$000(ParentRunner.java:50)
	at org.junit.runners.ParentRunner$2.evaluate(ParentRunner.java:222)
	at org.junit.runners.ParentRunner.run(ParentRunner.java:300)
	at org.junit.runners.Suite.runChild(Suite.java:128)
	at org.junit.runners.Suite.runChild(Suite.java:24)
	at org.junit.runners.ParentRunner$3.run(ParentRunner.java:231)
	at org.junit.runners.ParentRunner$1.schedule(ParentRunner.java:60)
	at org.junit.runners.ParentRunner.runChildren(ParentRunner.java:229)
	at org.junit.runners.ParentRunner.access$000(ParentRunner.java:50)
	at org.junit.runners.ParentRunner$2.evaluate(ParentRunner.java:222)
	at org.junit.runners.ParentRunner.run(ParentRunner.java:300)
	at org.junit.runner.JUnitCore.run(JUnitCore.java:157)
	at org.junit.runner.JUnitCore.run(JUnitCore.java:136)
	at com.novocode.junit.JUnitRunner.run(JUnitRunner.java:87)
	at sbt.RunnerWrapper$1.runRunner2(FrameworkWrapper.java:223)
	at sbt.RunnerWrapper$1.execute(FrameworkWrapper.java:236)
	at sbt.ForkMain$Run$2.call(ForkMain.java:296)
	at sbt.ForkMain$Run$2.call(ForkMain.java:286)
	at java.util.concurrent.FutureTask.run(FutureTask.java:266)
	at java.util.concurrent.ThreadPoolExecutor.runWorker(ThreadPoolExecutor.java:1142)
	at java.util.concurrent.ThreadPoolExecutor$Worker.run(ThreadPoolExecutor.java:617)
	at java.lang.Thread.run(Thread.java:745)
</failure>
                                               </testcase><testcase classname="l3.test.CPSValueRepresentation_Blackbox" name="testLibLists13" time="-0.001">
                                                 <failure message="java.lang.ArrayIndexOutOfBoundsException: 1" type="sbt.ForkMain$ForkError">sbt.ForkMain$ForkError: java.lang.ArrayIndexOutOfBoundsException: 1
	at l3.CPSInterpreterLow.evalValuePrim(CPSInterpreter.scala:222)
	at l3.CPSInterpreterLow.evalValuePrim(CPSInterpreter.scala:174)
	at l3.CPSInterpreter.eval(CPSInterpreter.scala:40)
	at l3.CPSInterpreter.apply(CPSInterpreter.scala:18)
	at l3.CPSInterpreterLow.apply(CPSInterpreter.scala:174)
	at scala.Function1$$anonfun$andThen$1.apply(Function1.scala:52)
	at l3.test.infrastructure.CompilerTest$class.l3$test$infrastructure$CompilerTest$$compileInner(CompilerTest.scala:20)
	at l3.test.infrastructure.CompilerTest$$anonfun$compileUsingPipelineAndRedirect$1.apply(CompilerTest.scala:31)
	at l3.test.infrastructure.SandboxedTest$$anon$1.run(SandboxedTest.scala:24)
	at java.security.AccessController.doPrivileged(Native Method)
	at l3.test.infrastructure.SandboxedTest.sandboxedTest(SandboxedTest.scala:34)
	at l3.test.infrastructure.SandboxedTest.sandboxedTestWithRedirectedIO(SandboxedTest.scala:45)
	at l3.test.infrastructure.CompilerTest$class.compileUsingPipelineAndRedirect(CompilerTest.scala:31)
	at l3.test.infrastructure.CPSTest.compileUsingPipelineAndRedirect(CPSTest.scala:11)
	at l3.test.infrastructure.CPSLowTest.testCPSLowProgramOutput(CPSLowTest.scala:42)
	at l3.test.CPSValueRepresentation_Blackbox$$anonfun$1.apply(CPSValueRepresentation_Blackbox.scala:9)
	at l3.test.CPSValueRepresentation_Blackbox$$anonfun$1.apply(CPSValueRepresentation_Blackbox.scala:9)
	at l3.test.ok.LibraryOKTests$$anonfun$compileAndInterpretWithLib$1.apply(LibraryOKTests.scala:17)
	at l3.test.ok.LibraryOKTests$$anonfun$compileAndInterpretWithLib$1.apply(LibraryOKTests.scala:17)
	at l3.test.ok.LibraryOKTests$class.testLibLists13(LibraryOKTests.scala:140)
	at l3.test.CPSValueRepresentation_Blackbox.testLibLists13(CPSValueRepresentation_Blackbox.scala:7)
	at sun.reflect.NativeMethodAccessorImpl.invoke0(Native Method)
	at sun.reflect.NativeMethodAccessorImpl.invoke(NativeMethodAccessorImpl.java:62)
	at sun.reflect.DelegatingMethodAccessorImpl.invoke(DelegatingMethodAccessorImpl.java:43)
	at java.lang.reflect.Method.invoke(Method.java:497)
	at org.junit.runners.model.FrameworkMethod$1.runReflectiveCall(FrameworkMethod.java:45)
	at org.junit.internal.runners.model.ReflectiveCallable.run(ReflectiveCallable.java:15)
	at org.junit.runners.model.FrameworkMethod.invokeExplosively(FrameworkMethod.java:42)
	at org.junit.internal.runners.statements.InvokeMethod.evaluate(InvokeMethod.java:20)
	at org.junit.runners.ParentRunner.runLeaf(ParentRunner.java:263)
	at org.junit.runners.BlockJUnit4ClassRunner.runChild(BlockJUnit4ClassRunner.java:68)
	at org.junit.runners.BlockJUnit4ClassRunner.runChild(BlockJUnit4ClassRunner.java:47)
	at org.junit.runners.ParentRunner$3.run(ParentRunner.java:231)
	at org.junit.runners.ParentRunner$1.schedule(ParentRunner.java:60)
	at org.junit.runners.ParentRunner.runChildren(ParentRunner.java:229)
	at org.junit.runners.ParentRunner.access$000(ParentRunner.java:50)
	at org.junit.runners.ParentRunner$2.evaluate(ParentRunner.java:222)
	at org.junit.runners.ParentRunner.run(ParentRunner.java:300)
	at org.junit.runners.Suite.runChild(Suite.java:128)
	at org.junit.runners.Suite.runChild(Suite.java:24)
	at org.junit.runners.ParentRunner$3.run(ParentRunner.java:231)
	at org.junit.runners.ParentRunner$1.schedule(ParentRunner.java:60)
	at org.junit.runners.ParentRunner.runChildren(ParentRunner.java:229)
	at org.junit.runners.ParentRunner.access$000(ParentRunner.java:50)
	at org.junit.runners.ParentRunner$2.evaluate(ParentRunner.java:222)
	at org.junit.runners.ParentRunner.run(ParentRunner.java:300)
	at org.junit.runner.JUnitCore.run(JUnitCore.java:157)
	at org.junit.runner.JUnitCore.run(JUnitCore.java:136)
	at com.novocode.junit.JUnitRunner.run(JUnitRunner.java:87)
	at sbt.RunnerWrapper$1.runRunner2(FrameworkWrapper.java:223)
	at sbt.RunnerWrapper$1.execute(FrameworkWrapper.java:236)
	at sbt.ForkMain$Run$2.call(ForkMain.java:296)
	at sbt.ForkMain$Run$2.call(ForkMain.java:286)
	at java.util.concurrent.FutureTask.run(FutureTask.java:266)
	at java.util.concurrent.ThreadPoolExecutor.runWorker(ThreadPoolExecutor.java:1142)
	at java.util.concurrent.ThreadPoolExecutor$Worker.run(ThreadPoolExecutor.java:617)
	at java.lang.Thread.run(Thread.java:745)
</failure>
                                               </testcase><testcase classname="l3.test.CPSValueRepresentation_Blackbox" name="testLibStrings1" time="-0.001">
                                                 <failure message="java.lang.ArrayIndexOutOfBoundsException: 1" type="sbt.ForkMain$ForkError">sbt.ForkMain$ForkError: java.lang.ArrayIndexOutOfBoundsException: 1
	at l3.CPSInterpreterLow.evalValuePrim(CPSInterpreter.scala:222)
	at l3.CPSInterpreterLow.evalValuePrim(CPSInterpreter.scala:174)
	at l3.CPSInterpreter.eval(CPSInterpreter.scala:40)
	at l3.CPSInterpreter.apply(CPSInterpreter.scala:18)
	at l3.CPSInterpreterLow.apply(CPSInterpreter.scala:174)
	at scala.Function1$$anonfun$andThen$1.apply(Function1.scala:52)
	at l3.test.infrastructure.CompilerTest$class.l3$test$infrastructure$CompilerTest$$compileInner(CompilerTest.scala:20)
	at l3.test.infrastructure.CompilerTest$$anonfun$compileUsingPipelineAndRedirect$1.apply(CompilerTest.scala:31)
	at l3.test.infrastructure.SandboxedTest$$anon$1.run(SandboxedTest.scala:24)
	at java.security.AccessController.doPrivileged(Native Method)
	at l3.test.infrastructure.SandboxedTest.sandboxedTest(SandboxedTest.scala:34)
	at l3.test.infrastructure.SandboxedTest.sandboxedTestWithRedirectedIO(SandboxedTest.scala:45)
	at l3.test.infrastructure.CompilerTest$class.compileUsingPipelineAndRedirect(CompilerTest.scala:31)
	at l3.test.infrastructure.CPSTest.compileUsingPipelineAndRedirect(CPSTest.scala:11)
	at l3.test.infrastructure.CPSLowTest.testCPSLowProgramOutput(CPSLowTest.scala:42)
	at l3.test.CPSValueRepresentation_Blackbox$$anonfun$1.apply(CPSValueRepresentation_Blackbox.scala:9)
	at l3.test.CPSValueRepresentation_Blackbox$$anonfun$1.apply(CPSValueRepresentation_Blackbox.scala:9)
	at l3.test.ok.LibraryOKTests$$anonfun$compileAndInterpretWithLib$1.apply(LibraryOKTests.scala:17)
	at l3.test.ok.LibraryOKTests$$anonfun$compileAndInterpretWithLib$1.apply(LibraryOKTests.scala:17)
	at l3.test.ok.LibraryOKTests$class.testLibStrings1(LibraryOKTests.scala:147)
	at l3.test.CPSValueRepresentation_Blackbox.testLibStrings1(CPSValueRepresentation_Blackbox.scala:7)
	at sun.reflect.NativeMethodAccessorImpl.invoke0(Native Method)
	at sun.reflect.NativeMethodAccessorImpl.invoke(NativeMethodAccessorImpl.java:62)
	at sun.reflect.DelegatingMethodAccessorImpl.invoke(DelegatingMethodAccessorImpl.java:43)
	at java.lang.reflect.Method.invoke(Method.java:497)
	at org.junit.runners.model.FrameworkMethod$1.runReflectiveCall(FrameworkMethod.java:45)
	at org.junit.internal.runners.model.ReflectiveCallable.run(ReflectiveCallable.java:15)
	at org.junit.runners.model.FrameworkMethod.invokeExplosively(FrameworkMethod.java:42)
	at org.junit.internal.runners.statements.InvokeMethod.evaluate(InvokeMethod.java:20)
	at org.junit.runners.ParentRunner.runLeaf(ParentRunner.java:263)
	at org.junit.runners.BlockJUnit4ClassRunner.runChild(BlockJUnit4ClassRunner.java:68)
	at org.junit.runners.BlockJUnit4ClassRunner.runChild(BlockJUnit4ClassRunner.java:47)
	at org.junit.runners.ParentRunner$3.run(ParentRunner.java:231)
	at org.junit.runners.ParentRunner$1.schedule(ParentRunner.java:60)
	at org.junit.runners.ParentRunner.runChildren(ParentRunner.java:229)
	at org.junit.runners.ParentRunner.access$000(ParentRunner.java:50)
	at org.junit.runners.ParentRunner$2.evaluate(ParentRunner.java:222)
	at org.junit.runners.ParentRunner.run(ParentRunner.java:300)
	at org.junit.runners.Suite.runChild(Suite.java:128)
	at org.junit.runners.Suite.runChild(Suite.java:24)
	at org.junit.runners.ParentRunner$3.run(ParentRunner.java:231)
	at org.junit.runners.ParentRunner$1.schedule(ParentRunner.java:60)
	at org.junit.runners.ParentRunner.runChildren(ParentRunner.java:229)
	at org.junit.runners.ParentRunner.access$000(ParentRunner.java:50)
	at org.junit.runners.ParentRunner$2.evaluate(ParentRunner.java:222)
	at org.junit.runners.ParentRunner.run(ParentRunner.java:300)
	at org.junit.runner.JUnitCore.run(JUnitCore.java:157)
	at org.junit.runner.JUnitCore.run(JUnitCore.java:136)
	at com.novocode.junit.JUnitRunner.run(JUnitRunner.java:87)
	at sbt.RunnerWrapper$1.runRunner2(FrameworkWrapper.java:223)
	at sbt.RunnerWrapper$1.execute(FrameworkWrapper.java:236)
	at sbt.ForkMain$Run$2.call(ForkMain.java:296)
	at sbt.ForkMain$Run$2.call(ForkMain.java:286)
	at java.util.concurrent.FutureTask.run(FutureTask.java:266)
	at java.util.concurrent.ThreadPoolExecutor.runWorker(ThreadPoolExecutor.java:1142)
	at java.util.concurrent.ThreadPoolExecutor$Worker.run(ThreadPoolExecutor.java:617)
	at java.lang.Thread.run(Thread.java:745)
</failure>
                                               </testcase><testcase classname="l3.test.CPSValueRepresentation_Blackbox" name="testLibStrings2" time="-0.001">
                                                 <failure message="java.lang.ArrayIndexOutOfBoundsException: 1" type="sbt.ForkMain$ForkError">sbt.ForkMain$ForkError: java.lang.ArrayIndexOutOfBoundsException: 1
	at l3.CPSInterpreterLow.evalValuePrim(CPSInterpreter.scala:222)
	at l3.CPSInterpreterLow.evalValuePrim(CPSInterpreter.scala:174)
	at l3.CPSInterpreter.eval(CPSInterpreter.scala:40)
	at l3.CPSInterpreter.apply(CPSInterpreter.scala:18)
	at l3.CPSInterpreterLow.apply(CPSInterpreter.scala:174)
	at scala.Function1$$anonfun$andThen$1.apply(Function1.scala:52)
	at l3.test.infrastructure.CompilerTest$class.l3$test$infrastructure$CompilerTest$$compileInner(CompilerTest.scala:20)
	at l3.test.infrastructure.CompilerTest$$anonfun$compileUsingPipelineAndRedirect$1.apply(CompilerTest.scala:31)
	at l3.test.infrastructure.SandboxedTest$$anon$1.run(SandboxedTest.scala:24)
	at java.security.AccessController.doPrivileged(Native Method)
	at l3.test.infrastructure.SandboxedTest.sandboxedTest(SandboxedTest.scala:34)
	at l3.test.infrastructure.SandboxedTest.sandboxedTestWithRedirectedIO(SandboxedTest.scala:45)
	at l3.test.infrastructure.CompilerTest$class.compileUsingPipelineAndRedirect(CompilerTest.scala:31)
	at l3.test.infrastructure.CPSTest.compileUsingPipelineAndRedirect(CPSTest.scala:11)
	at l3.test.infrastructure.CPSLowTest.testCPSLowProgramOutput(CPSLowTest.scala:42)
	at l3.test.CPSValueRepresentation_Blackbox$$anonfun$1.apply(CPSValueRepresentation_Blackbox.scala:9)
	at l3.test.CPSValueRepresentation_Blackbox$$anonfun$1.apply(CPSValueRepresentation_Blackbox.scala:9)
	at l3.test.ok.LibraryOKTests$$anonfun$compileAndInterpretWithLib$1.apply(LibraryOKTests.scala:17)
	at l3.test.ok.LibraryOKTests$$anonfun$compileAndInterpretWithLib$1.apply(LibraryOKTests.scala:17)
	at l3.test.ok.LibraryOKTests$class.testLibStrings2(LibraryOKTests.scala:154)
	at l3.test.CPSValueRepresentation_Blackbox.testLibStrings2(CPSValueRepresentation_Blackbox.scala:7)
	at sun.reflect.NativeMethodAccessorImpl.invoke0(Native Method)
	at sun.reflect.NativeMethodAccessorImpl.invoke(NativeMethodAccessorImpl.java:62)
	at sun.reflect.DelegatingMethodAccessorImpl.invoke(DelegatingMethodAccessorImpl.java:43)
	at java.lang.reflect.Method.invoke(Method.java:497)
	at org.junit.runners.model.FrameworkMethod$1.runReflectiveCall(FrameworkMethod.java:45)
	at org.junit.internal.runners.model.ReflectiveCallable.run(ReflectiveCallable.java:15)
	at org.junit.runners.model.FrameworkMethod.invokeExplosively(FrameworkMethod.java:42)
	at org.junit.internal.runners.statements.InvokeMethod.evaluate(InvokeMethod.java:20)
	at org.junit.runners.ParentRunner.runLeaf(ParentRunner.java:263)
	at org.junit.runners.BlockJUnit4ClassRunner.runChild(BlockJUnit4ClassRunner.java:68)
	at org.junit.runners.BlockJUnit4ClassRunner.runChild(BlockJUnit4ClassRunner.java:47)
	at org.junit.runners.ParentRunner$3.run(ParentRunner.java:231)
	at org.junit.runners.ParentRunner$1.schedule(ParentRunner.java:60)
	at org.junit.runners.ParentRunner.runChildren(ParentRunner.java:229)
	at org.junit.runners.ParentRunner.access$000(ParentRunner.java:50)
	at org.junit.runners.ParentRunner$2.evaluate(ParentRunner.java:222)
	at org.junit.runners.ParentRunner.run(ParentRunner.java:300)
	at org.junit.runners.Suite.runChild(Suite.java:128)
	at org.junit.runners.Suite.runChild(Suite.java:24)
	at org.junit.runners.ParentRunner$3.run(ParentRunner.java:231)
	at org.junit.runners.ParentRunner$1.schedule(ParentRunner.java:60)
	at org.junit.runners.ParentRunner.runChildren(ParentRunner.java:229)
	at org.junit.runners.ParentRunner.access$000(ParentRunner.java:50)
	at org.junit.runners.ParentRunner$2.evaluate(ParentRunner.java:222)
	at org.junit.runners.ParentRunner.run(ParentRunner.java:300)
	at org.junit.runner.JUnitCore.run(JUnitCore.java:157)
	at org.junit.runner.JUnitCore.run(JUnitCore.java:136)
	at com.novocode.junit.JUnitRunner.run(JUnitRunner.java:87)
	at sbt.RunnerWrapper$1.runRunner2(FrameworkWrapper.java:223)
	at sbt.RunnerWrapper$1.execute(FrameworkWrapper.java:236)
	at sbt.ForkMain$Run$2.call(ForkMain.java:296)
	at sbt.ForkMain$Run$2.call(ForkMain.java:286)
	at java.util.concurrent.FutureTask.run(FutureTask.java:266)
	at java.util.concurrent.ThreadPoolExecutor.runWorker(ThreadPoolExecutor.java:1142)
	at java.util.concurrent.ThreadPoolExecutor$Worker.run(ThreadPoolExecutor.java:617)
	at java.lang.Thread.run(Thread.java:745)
</failure>
                                               </testcase><testcase classname="l3.test.CPSValueRepresentation_Blackbox" name="testLibStrings3" time="-0.001">
                                                 <failure message="java.lang.ArrayIndexOutOfBoundsException: 1" type="sbt.ForkMain$ForkError">sbt.ForkMain$ForkError: java.lang.ArrayIndexOutOfBoundsException: 1
	at l3.CPSInterpreterLow.evalValuePrim(CPSInterpreter.scala:222)
	at l3.CPSInterpreterLow.evalValuePrim(CPSInterpreter.scala:174)
	at l3.CPSInterpreter.eval(CPSInterpreter.scala:40)
	at l3.CPSInterpreter.apply(CPSInterpreter.scala:18)
	at l3.CPSInterpreterLow.apply(CPSInterpreter.scala:174)
	at scala.Function1$$anonfun$andThen$1.apply(Function1.scala:52)
	at l3.test.infrastructure.CompilerTest$class.l3$test$infrastructure$CompilerTest$$compileInner(CompilerTest.scala:20)
	at l3.test.infrastructure.CompilerTest$$anonfun$compileUsingPipelineAndRedirect$1.apply(CompilerTest.scala:31)
	at l3.test.infrastructure.SandboxedTest$$anon$1.run(SandboxedTest.scala:24)
	at java.security.AccessController.doPrivileged(Native Method)
	at l3.test.infrastructure.SandboxedTest.sandboxedTest(SandboxedTest.scala:34)
	at l3.test.infrastructure.SandboxedTest.sandboxedTestWithRedirectedIO(SandboxedTest.scala:45)
	at l3.test.infrastructure.CompilerTest$class.compileUsingPipelineAndRedirect(CompilerTest.scala:31)
	at l3.test.infrastructure.CPSTest.compileUsingPipelineAndRedirect(CPSTest.scala:11)
	at l3.test.infrastructure.CPSLowTest.testCPSLowProgramOutput(CPSLowTest.scala:42)
	at l3.test.CPSValueRepresentation_Blackbox$$anonfun$1.apply(CPSValueRepresentation_Blackbox.scala:9)
	at l3.test.CPSValueRepresentation_Blackbox$$anonfun$1.apply(CPSValueRepresentation_Blackbox.scala:9)
	at l3.test.ok.LibraryOKTests$$anonfun$compileAndInterpretWithLib$1.apply(LibraryOKTests.scala:17)
	at l3.test.ok.LibraryOKTests$$anonfun$compileAndInterpretWithLib$1.apply(LibraryOKTests.scala:17)
	at l3.test.ok.LibraryOKTests$class.testLibStrings3(LibraryOKTests.scala:160)
	at l3.test.CPSValueRepresentation_Blackbox.testLibStrings3(CPSValueRepresentation_Blackbox.scala:7)
	at sun.reflect.NativeMethodAccessorImpl.invoke0(Native Method)
	at sun.reflect.NativeMethodAccessorImpl.invoke(NativeMethodAccessorImpl.java:62)
	at sun.reflect.DelegatingMethodAccessorImpl.invoke(DelegatingMethodAccessorImpl.java:43)
	at java.lang.reflect.Method.invoke(Method.java:497)
	at org.junit.runners.model.FrameworkMethod$1.runReflectiveCall(FrameworkMethod.java:45)
	at org.junit.internal.runners.model.ReflectiveCallable.run(ReflectiveCallable.java:15)
	at org.junit.runners.model.FrameworkMethod.invokeExplosively(FrameworkMethod.java:42)
	at org.junit.internal.runners.statements.InvokeMethod.evaluate(InvokeMethod.java:20)
	at org.junit.runners.ParentRunner.runLeaf(ParentRunner.java:263)
	at org.junit.runners.BlockJUnit4ClassRunner.runChild(BlockJUnit4ClassRunner.java:68)
	at org.junit.runners.BlockJUnit4ClassRunner.runChild(BlockJUnit4ClassRunner.java:47)
	at org.junit.runners.ParentRunner$3.run(ParentRunner.java:231)
	at org.junit.runners.ParentRunner$1.schedule(ParentRunner.java:60)
	at org.junit.runners.ParentRunner.runChildren(ParentRunner.java:229)
	at org.junit.runners.ParentRunner.access$000(ParentRunner.java:50)
	at org.junit.runners.ParentRunner$2.evaluate(ParentRunner.java:222)
	at org.junit.runners.ParentRunner.run(ParentRunner.java:300)
	at org.junit.runners.Suite.runChild(Suite.java:128)
	at org.junit.runners.Suite.runChild(Suite.java:24)
	at org.junit.runners.ParentRunner$3.run(ParentRunner.java:231)
	at org.junit.runners.ParentRunner$1.schedule(ParentRunner.java:60)
	at org.junit.runners.ParentRunner.runChildren(ParentRunner.java:229)
	at org.junit.runners.ParentRunner.access$000(ParentRunner.java:50)
	at org.junit.runners.ParentRunner$2.evaluate(ParentRunner.java:222)
	at org.junit.runners.ParentRunner.run(ParentRunner.java:300)
	at org.junit.runner.JUnitCore.run(JUnitCore.java:157)
	at org.junit.runner.JUnitCore.run(JUnitCore.java:136)
	at com.novocode.junit.JUnitRunner.run(JUnitRunner.java:87)
	at sbt.RunnerWrapper$1.runRunner2(FrameworkWrapper.java:223)
	at sbt.RunnerWrapper$1.execute(FrameworkWrapper.java:236)
	at sbt.ForkMain$Run$2.call(ForkMain.java:296)
	at sbt.ForkMain$Run$2.call(ForkMain.java:286)
	at java.util.concurrent.FutureTask.run(FutureTask.java:266)
	at java.util.concurrent.ThreadPoolExecutor.runWorker(ThreadPoolExecutor.java:1142)
	at java.util.concurrent.ThreadPoolExecutor$Worker.run(ThreadPoolExecutor.java:617)
	at java.lang.Thread.run(Thread.java:745)
</failure>
                                               </testcase><testcase classname="l3.test.CPSValueRepresentation_Blackbox" name="testLibStrings4" time="-0.001">
                                                 <failure message="java.lang.ArrayIndexOutOfBoundsException: 1" type="sbt.ForkMain$ForkError">sbt.ForkMain$ForkError: java.lang.ArrayIndexOutOfBoundsException: 1
	at l3.CPSInterpreterLow.evalValuePrim(CPSInterpreter.scala:222)
	at l3.CPSInterpreterLow.evalValuePrim(CPSInterpreter.scala:174)
	at l3.CPSInterpreter.eval(CPSInterpreter.scala:40)
	at l3.CPSInterpreter.apply(CPSInterpreter.scala:18)
	at l3.CPSInterpreterLow.apply(CPSInterpreter.scala:174)
	at scala.Function1$$anonfun$andThen$1.apply(Function1.scala:52)
	at l3.test.infrastructure.CompilerTest$class.l3$test$infrastructure$CompilerTest$$compileInner(CompilerTest.scala:20)
	at l3.test.infrastructure.CompilerTest$$anonfun$compileUsingPipelineAndRedirect$1.apply(CompilerTest.scala:31)
	at l3.test.infrastructure.SandboxedTest$$anon$1.run(SandboxedTest.scala:24)
	at java.security.AccessController.doPrivileged(Native Method)
	at l3.test.infrastructure.SandboxedTest.sandboxedTest(SandboxedTest.scala:34)
	at l3.test.infrastructure.SandboxedTest.sandboxedTestWithRedirectedIO(SandboxedTest.scala:45)
	at l3.test.infrastructure.CompilerTest$class.compileUsingPipelineAndRedirect(CompilerTest.scala:31)
	at l3.test.infrastructure.CPSTest.compileUsingPipelineAndRedirect(CPSTest.scala:11)
	at l3.test.infrastructure.CPSLowTest.testCPSLowProgramOutput(CPSLowTest.scala:42)
	at l3.test.CPSValueRepresentation_Blackbox$$anonfun$1.apply(CPSValueRepresentation_Blackbox.scala:9)
	at l3.test.CPSValueRepresentation_Blackbox$$anonfun$1.apply(CPSValueRepresentation_Blackbox.scala:9)
	at l3.test.ok.LibraryOKTests$$anonfun$compileAndInterpretWithLib$1.apply(LibraryOKTests.scala:17)
	at l3.test.ok.LibraryOKTests$$anonfun$compileAndInterpretWithLib$1.apply(LibraryOKTests.scala:17)
	at l3.test.ok.LibraryOKTests$class.testLibStrings4(LibraryOKTests.scala:168)
	at l3.test.CPSValueRepresentation_Blackbox.testLibStrings4(CPSValueRepresentation_Blackbox.scala:7)
	at sun.reflect.NativeMethodAccessorImpl.invoke0(Native Method)
	at sun.reflect.NativeMethodAccessorImpl.invoke(NativeMethodAccessorImpl.java:62)
	at sun.reflect.DelegatingMethodAccessorImpl.invoke(DelegatingMethodAccessorImpl.java:43)
	at java.lang.reflect.Method.invoke(Method.java:497)
	at org.junit.runners.model.FrameworkMethod$1.runReflectiveCall(FrameworkMethod.java:45)
	at org.junit.internal.runners.model.ReflectiveCallable.run(ReflectiveCallable.java:15)
	at org.junit.runners.model.FrameworkMethod.invokeExplosively(FrameworkMethod.java:42)
	at org.junit.internal.runners.statements.InvokeMethod.evaluate(InvokeMethod.java:20)
	at org.junit.runners.ParentRunner.runLeaf(ParentRunner.java:263)
	at org.junit.runners.BlockJUnit4ClassRunner.runChild(BlockJUnit4ClassRunner.java:68)
	at org.junit.runners.BlockJUnit4ClassRunner.runChild(BlockJUnit4ClassRunner.java:47)
	at org.junit.runners.ParentRunner$3.run(ParentRunner.java:231)
	at org.junit.runners.ParentRunner$1.schedule(ParentRunner.java:60)
	at org.junit.runners.ParentRunner.runChildren(ParentRunner.java:229)
	at org.junit.runners.ParentRunner.access$000(ParentRunner.java:50)
	at org.junit.runners.ParentRunner$2.evaluate(ParentRunner.java:222)
	at org.junit.runners.ParentRunner.run(ParentRunner.java:300)
	at org.junit.runners.Suite.runChild(Suite.java:128)
	at org.junit.runners.Suite.runChild(Suite.java:24)
	at org.junit.runners.ParentRunner$3.run(ParentRunner.java:231)
	at org.junit.runners.ParentRunner$1.schedule(ParentRunner.java:60)
	at org.junit.runners.ParentRunner.runChildren(ParentRunner.java:229)
	at org.junit.runners.ParentRunner.access$000(ParentRunner.java:50)
	at org.junit.runners.ParentRunner$2.evaluate(ParentRunner.java:222)
	at org.junit.runners.ParentRunner.run(ParentRunner.java:300)
	at org.junit.runner.JUnitCore.run(JUnitCore.java:157)
	at org.junit.runner.JUnitCore.run(JUnitCore.java:136)
	at com.novocode.junit.JUnitRunner.run(JUnitRunner.java:87)
	at sbt.RunnerWrapper$1.runRunner2(FrameworkWrapper.java:223)
	at sbt.RunnerWrapper$1.execute(FrameworkWrapper.java:236)
	at sbt.ForkMain$Run$2.call(ForkMain.java:296)
	at sbt.ForkMain$Run$2.call(ForkMain.java:286)
	at java.util.concurrent.FutureTask.run(FutureTask.java:266)
	at java.util.concurrent.ThreadPoolExecutor.runWorker(ThreadPoolExecutor.java:1142)
	at java.util.concurrent.ThreadPoolExecutor$Worker.run(ThreadPoolExecutor.java:617)
	at java.lang.Thread.run(Thread.java:745)
</failure>
                                               </testcase><testcase classname="l3.test.CPSValueRepresentation_Blackbox" name="testPrimitiveArithmetic1" time="-0.001">
                                                 
                                               </testcase><testcase classname="l3.test.CPSValueRepresentation_Blackbox" name="testPrimitiveArithmetic2" time="-0.001">
                                                 
                                               </testcase><testcase classname="l3.test.CPSValueRepresentation_Blackbox" name="testPrimitiveArithmetic3" time="-0.001">
                                                 
                                               </testcase><testcase classname="l3.test.CPSValueRepresentation_Blackbox" name="testPrimitiveArithmetic4" time="-0.001">
                                                 
                                               </testcase><testcase classname="l3.test.CPSValueRepresentation_Blackbox" name="testPrimitiveArithmetic5" time="-0.001">
                                                 
                                               </testcase><testcase classname="l3.test.CPSValueRepresentation_Blackbox" name="testPrimitiveArithmetic6" time="-0.001">
                                                 
                                               </testcase><testcase classname="l3.test.CPSValueRepresentation_Blackbox" name="testPrimitiveArithmetic7" time="-0.001">
                                                 
                                               </testcase><testcase classname="l3.test.CPSValueRepresentation_Blackbox" name="testPrimitiveArithmetic8" time="-0.001">
                                                 
                                               </testcase><testcase classname="l3.test.CPSValueRepresentation_Blackbox" name="testPrimitiveArithmetic9" time="-0.001">
                                                 
                                               </testcase><testcase classname="l3.test.CPSValueRepresentation_Blackbox" name="testPrimitiveArithmetic10" time="-0.001">
                                                 
                                               </testcase><testcase classname="l3.test.CPSValueRepresentation_Blackbox" name="testPrimitiveBlocks1" time="-0.001">
                                                 
                                               </testcase><testcase classname="l3.test.CPSValueRepresentation_Blackbox" name="testPrimitiveBlocks2" time="-0.001">
                                                 
                                               </testcase><testcase classname="l3.test.CPSValueRepresentation_Blackbox" name="testPrimitiveBlocks3" time="-0.001">
                                                 
                                               </testcase><testcase classname="l3.test.CPSValueRepresentation_Blackbox" name="testPrimitiveBlocks4" time="-0.001">
                                                 
                                               </testcase><testcase classname="l3.test.CPSValueRepresentation_Blackbox" name="testPrimitiveBlocks5" time="-0.001">
                                                 
                                               </testcase><testcase classname="l3.test.CPSValueRepresentation_Blackbox" name="testPrimitiveBlocks6" time="-0.001">
                                                 
                                               </testcase><testcase classname="l3.test.CPSValueRepresentation_Blackbox" name="testPrimitiveBlocks7" time="-0.001">
                                                 
                                               </testcase><testcase classname="l3.test.CPSValueRepresentation_Blackbox" name="testPrimitiveLogic1" time="-0.001">
                                                 
                                               </testcase><testcase classname="l3.test.CPSValueRepresentation_Blackbox" name="testPrimitiveLogic2" time="-0.001">
                                                 
                                               </testcase><testcase classname="l3.test.CPSValueRepresentation_Blackbox" name="testPrimitiveLogic3" time="-0.001">
                                                 
                                               </testcase><testcase classname="l3.test.CPSValueRepresentation_Blackbox" name="testPrimitiveLogic4" time="-0.001">
                                                 
                                               </testcase><testcase classname="l3.test.CPSValueRepresentation_Blackbox" name="testPrimitiveLogic5" time="-0.001">
                                                 
                                               </testcase><testcase classname="l3.test.CPSValueRepresentation_Blackbox" name="testPrimitiveLogic6" time="-0.001">
                                                 
                                               </testcase><testcase classname="l3.test.CPSValueRepresentation_Blackbox" name="testPrimitiveLogic7" time="-0.001">
                                                 
                                               </testcase><testcase classname="l3.test.CPSValueRepresentation_Blackbox" name="testPrimitiveLogic8" time="-0.001">
                                                 
                                               </testcase><testcase classname="l3.test.CPSValueRepresentation_Blackbox" name="testPrimitiveLogic9" time="-0.001">
                                                 
                                               </testcase><testcase classname="l3.test.CPSValueRepresentation_Blackbox" name="testPrimitiveLogic10" time="-0.001">
                                                 
                                               </testcase><testcase classname="l3.test.CPSValueRepresentation_Blackbox" name="testPrimitiveLogic11" time="-0.001">
                                                 
                                               </testcase><testcase classname="l3.test.CPSValueRepresentation_Blackbox" name="testPrimitiveLogic12" time="-0.001">
                                                 
                                               </testcase><testcase classname="l3.test.CPSValueRepresentation_Blackbox" name="testPrimitiveLogic13" time="-0.001">
                                                 
                                               </testcase><testcase classname="l3.test.CPSValueRepresentation_Blackbox" name="testPrimitiveLogic14" time="-0.001">
                                                 
                                               </testcase><testcase classname="l3.test.CPSValueRepresentation_Blackbox" name="testPrimitiveLogic15" time="-0.001">
                                                 
                                               </testcase><testcase classname="l3.test.CPSValueRepresentation_Blackbox" name="testPrimitiveLogic16" time="-0.001">
                                                 
                                               </testcase><testcase classname="l3.test.CPSValueRepresentation_Blackbox" name="testPrimitiveLogic17" time="-0.001">
                                                 
                                               </testcase><testcase classname="l3.test.CPSValueRepresentation_Blackbox" name="testPrimitiveLogic18" time="-0.001">
                                                 
                                               </testcase><testcase classname="l3.test.CPSValueRepresentation_Blackbox" name="testPrimitiveLogic19" time="-0.001">
                                                 
                                               </testcase><testcase classname="l3.test.CPSValueRepresentation_Blackbox" name="testPrimitiveLogic20" time="-0.001">
                                                 
                                               </testcase><testcase classname="l3.test.CPSValueRepresentation_Blackbox" name="testPrimitiveLogic21" time="-0.001">
                                                 
                                               </testcase><testcase classname="l3.test.CPSValueRepresentation_Blackbox" name="testPrimitiveLogic22" time="-0.001">
                                                 
                                               </testcase><testcase classname="l3.test.CPSValueRepresentation_Blackbox" name="testPrimitiveLogic23" time="-0.001">
                                                 
                                               </testcase><testcase classname="l3.test.CPSValueRepresentation_Blackbox" name="testConditional1" time="-0.001">
                                                 
                                               </testcase><testcase classname="l3.test.CPSValueRepresentation_Blackbox" name="testConditional2" time="-0.001">
                                                 
                                               </testcase><testcase classname="l3.test.CPSValueRepresentation_Blackbox" name="testConditional3" time="-0.001">
                                                 
                                               </testcase><testcase classname="l3.test.CPSValueRepresentation_Blackbox" name="testSideEffectingCondition" time="-0.001">
                                                 
                                               </testcase><testcase classname="l3.test.CPSValueRepresentation_Blackbox" name="testConditional4" time="-0.001">
                                                 
                                               </testcase><testcase classname="l3.test.CPSValueRepresentation_Blackbox" name="testDesugaringBegin" time="-0.001">
                                                 
                                               </testcase><testcase classname="l3.test.CPSValueRepresentation_Blackbox" name="testDesugaringCond" time="-0.001">
                                                 
                                               </testcase><testcase classname="l3.test.CPSValueRepresentation_Blackbox" name="testDesugaringIf" time="-0.001">
                                                 
                                               </testcase><testcase classname="l3.test.CPSValueRepresentation_Blackbox" name="testDesugaringLets" time="-0.001">
                                                 
                                               </testcase><testcase classname="l3.test.CPSValueRepresentation_Blackbox" name="testDesugaringRec" time="-0.001">
                                                 <failure message="java.util.NoSuchElementException: key not found: x_s_name_9429" type="sbt.ForkMain$ForkError">sbt.ForkMain$ForkError: java.util.NoSuchElementException: key not found: x_s_name_9429
	at scala.collection.MapLike$class.default(MapLike.scala:228)
	at scala.collection.AbstractMap.default(Map.scala:59)
	at scala.collection.MapLike$class.apply(MapLike.scala:141)
	at scala.collection.AbstractMap.apply(Map.scala:59)
	at scala.PartialFunction$class.applyOrElse(PartialFunction.scala:123)
	at scala.collection.AbstractMap.applyOrElse(Map.scala:59)
	at scala.PartialFunction$OrElse.apply(PartialFunction.scala:167)
	at scala.PartialFunction$class.applyOrElse(PartialFunction.scala:123)
	at scala.collection.AbstractMap.applyOrElse(Map.scala:59)
	at scala.PartialFunction$OrElse.apply(PartialFunction.scala:167)
	at scala.collection.TraversableLike$$anonfun$map$1.apply(TraversableLike.scala:245)
	at scala.collection.TraversableLike$$anonfun$map$1.apply(TraversableLike.scala:245)
	at scala.collection.immutable.List.foreach(List.scala:381)
	at scala.collection.TraversableLike$class.map(TraversableLike.scala:245)
	at scala.collection.immutable.List.map(List.scala:285)
	at l3.CPSInterpreter.eval(CPSInterpreter.scala:40)
	at l3.CPSInterpreter.apply(CPSInterpreter.scala:18)
	at l3.CPSInterpreterLow.apply(CPSInterpreter.scala:174)
	at scala.Function1$$anonfun$andThen$1.apply(Function1.scala:52)
	at l3.test.infrastructure.CompilerTest$class.l3$test$infrastructure$CompilerTest$$compileInner(CompilerTest.scala:20)
	at l3.test.infrastructure.CompilerTest$$anonfun$compileUsingPipelineAndRedirect$1.apply(CompilerTest.scala:31)
	at l3.test.infrastructure.SandboxedTest$$anon$1.run(SandboxedTest.scala:24)
	at java.security.AccessController.doPrivileged(Native Method)
	at l3.test.infrastructure.SandboxedTest.sandboxedTest(SandboxedTest.scala:34)
	at l3.test.infrastructure.SandboxedTest.sandboxedTestWithRedirectedIO(SandboxedTest.scala:45)
	at l3.test.infrastructure.CompilerTest$class.compileUsingPipelineAndRedirect(CompilerTest.scala:31)
	at l3.test.infrastructure.CPSTest.compileUsingPipelineAndRedirect(CPSTest.scala:11)
	at l3.test.infrastructure.CPSLowTest.testCPSLowProgramOutput(CPSLowTest.scala:42)
	at l3.test.CPSValueRepresentation_Blackbox$$anonfun$1.apply(CPSValueRepresentation_Blackbox.scala:9)
	at l3.test.CPSValueRepresentation_Blackbox$$anonfun$1.apply(CPSValueRepresentation_Blackbox.scala:9)
	at l3.test.ok.DesugaringOKTests$class.testDesugaringRec(DesugaringOKTests.scala:54)
	at l3.test.CPSValueRepresentation_Blackbox.testDesugaringRec(CPSValueRepresentation_Blackbox.scala:7)
	at sun.reflect.NativeMethodAccessorImpl.invoke0(Native Method)
	at sun.reflect.NativeMethodAccessorImpl.invoke(NativeMethodAccessorImpl.java:62)
	at sun.reflect.DelegatingMethodAccessorImpl.invoke(DelegatingMethodAccessorImpl.java:43)
	at java.lang.reflect.Method.invoke(Method.java:497)
	at org.junit.runners.model.FrameworkMethod$1.runReflectiveCall(FrameworkMethod.java:45)
	at org.junit.internal.runners.model.ReflectiveCallable.run(ReflectiveCallable.java:15)
	at org.junit.runners.model.FrameworkMethod.invokeExplosively(FrameworkMethod.java:42)
	at org.junit.internal.runners.statements.InvokeMethod.evaluate(InvokeMethod.java:20)
	at org.junit.runners.ParentRunner.runLeaf(ParentRunner.java:263)
	at org.junit.runners.BlockJUnit4ClassRunner.runChild(BlockJUnit4ClassRunner.java:68)
	at org.junit.runners.BlockJUnit4ClassRunner.runChild(BlockJUnit4ClassRunner.java:47)
	at org.junit.runners.ParentRunner$3.run(ParentRunner.java:231)
	at org.junit.runners.ParentRunner$1.schedule(ParentRunner.java:60)
	at org.junit.runners.ParentRunner.runChildren(ParentRunner.java:229)
	at org.junit.runners.ParentRunner.access$000(ParentRunner.java:50)
	at org.junit.runners.ParentRunner$2.evaluate(ParentRunner.java:222)
	at org.junit.runners.ParentRunner.run(ParentRunner.java:300)
	at org.junit.runners.Suite.runChild(Suite.java:128)
	at org.junit.runners.Suite.runChild(Suite.java:24)
	at org.junit.runners.ParentRunner$3.run(ParentRunner.java:231)
	at org.junit.runners.ParentRunner$1.schedule(ParentRunner.java:60)
	at org.junit.runners.ParentRunner.runChildren(ParentRunner.java:229)
	at org.junit.runners.ParentRunner.access$000(ParentRunner.java:50)
	at org.junit.runners.ParentRunner$2.evaluate(ParentRunner.java:222)
	at org.junit.runners.ParentRunner.run(ParentRunner.java:300)
	at org.junit.runner.JUnitCore.run(JUnitCore.java:157)
	at org.junit.runner.JUnitCore.run(JUnitCore.java:136)
	at com.novocode.junit.JUnitRunner.run(JUnitRunner.java:87)
	at sbt.RunnerWrapper$1.runRunner2(FrameworkWrapper.java:223)
	at sbt.RunnerWrapper$1.execute(FrameworkWrapper.java:236)
	at sbt.ForkMain$Run$2.call(ForkMain.java:296)
	at sbt.ForkMain$Run$2.call(ForkMain.java:286)
	at java.util.concurrent.FutureTask.run(FutureTask.java:266)
	at java.util.concurrent.ThreadPoolExecutor.runWorker(ThreadPoolExecutor.java:1142)
	at java.util.concurrent.ThreadPoolExecutor$Worker.run(ThreadPoolExecutor.java:617)
	at java.lang.Thread.run(Thread.java:745)
</failure>
                                               </testcase><testcase classname="l3.test.CPSValueRepresentation_Blackbox" name="testDesugaringStrings" time="-0.001">
                                                 
                                               </testcase>
                     <system-out></system-out>
                     <system-err></system-err>
                   </testsuite>