<?xml version='1.0' encoding='UTF-8'?>
<testsuite hostname="Prashant-PC" name="l3.test.CPSOptimizer_Greybox" tests="42" errors="0" failures="35" time="-0.042">
                     <properties>
      <property name="jline.esc.timeout" value="0"/><property name="java.runtime.name" value="Java(TM) SE Runtime Environment"/><property name="sun.boot.library.path" value="C:\Program Files\Java\jdk1.8.0_51\jre\bin"/><property name="java.vm.version" value="25.51-b03"/><property name="java.vm.vendor" value="Oracle Corporation"/><property name="java.vendor.url" value="http://java.oracle.com/"/><property name="path.separator" value=";"/><property name="java.vm.name" value="Java HotSpot(TM) 64-Bit Server VM"/><property name="file.encoding.pkg" value="sun.io"/><property name="user.country" value="US"/><property name="user.script" value=""/><property name="sun.java.launcher" value="SUN_STANDARD"/><property name="sun.os.patch.level" value="Service Pack 1"/><property name="java.vm.specification.name" value="Java Virtual Machine Specification"/><property name="user.dir" value="C:\Users\Prashant\Documents\Compilers\proj4\compiler"/><property name="java.runtime.version" value="1.8.0_51-b16"/><property name="java.awt.graphicsenv" value="sun.awt.Win32GraphicsEnvironment"/><property name="java.endorsed.dirs" value="C:\Program Files\Java\jdk1.8.0_51\jre\lib\endorsed"/><property name="os.arch" value="amd64"/><property name="java.io.tmpdir" value="C:\Users\Prashant\AppData\Local\Temp\"/><property name="line.separator" value="
"/><property name="java.vm.specification.vendor" value="Oracle Corporation"/><property name="user.variant" value=""/><property name="os.name" value="Windows 7"/><property name="sun.jnu.encoding" value="Cp1252"/><property name="java.library.path" value="C:\Program Files\Java\jdk1.8.0_51\bin;C:\Windows\Sun\Java\bin;C:\Windows\system32;C:\Windows;C:\Users\Prashant\Downloads\cmder\bin;C:\Program Files\Git\bin;C:\Program Files\Git\usr\bin;C:\Program Files\Git\share\vim\vim74;C:\Users\Prashant\Downloads\cmder\vendor\conemu-maximus5\ConEmu\Scripts;C:\Users\Prashant\Downloads\cmder\vendor\conemu-maximus5;C:\Users\Prashant\Downloads\cmder\vendor\conemu-maximus5\ConEmu;C:\Program Files\NVIDIA GPU Computing Toolkit\CUDA\v7.5\bin;C:\Program Files\NVIDIA GPU Computing Toolkit\CUDA\v7.5\libnvvp;C:\ProgramData\Oracle\Java\javapath;C:\Windows\system32;C:\Windows;C:\Windows\System32\Wbem;C:\Windows\System32\WindowsPowerShell\v1.0\;C:\Program Files\Broadcom\Broadcom 802.11 Network Adapter\Driver;C:\Program Files\WIDCOMM\Bluetooth Software\;C:\Program Files\WIDCOMM\Bluetooth Software\syswow64;C:\Program Files\nodejs\;C:\cygwin64\bin;C:\Users\Prashant\Downloads\apache-ant-1.9.6-bin\apache-ant-1.9.6\bin;C:\Users\Prashant\Downloads\dos2unix-7.3.1-win32\bin;C:\Program Files (x86)\sbt\\bin;C:\Go\bin;C:\Program Files (x86)\Skype\Phone\;C:\Program Files\Git\cmd;C:\Program Files (x86)\NVIDIA Corporation\PhysX\Common;C:\Windows\system32\config\systemprofile\.dnx\bin;C:\Program Files\Microsoft DNX\Dnvm\;C:\Program Files\Microsoft SQL Server\130\Tools\Binn\;C:\Program Files\MySQL\MySQL Utilities 1.6\;C:\Program Files\NVIDIA GPU Computing Toolkit\CUDA\v7.5\bin;C:\Program Files\NVIDIA GPU Computing Toolkit\CUDA\v7.5\libnvvp;C:\ProgramData\Oracle\Java\javapath;C:\Windows\system32;C:\Windows;C:\Windows\System32\Wbem;C:\Windows\System32\WindowsPowerShell\v1.0\;C:\Program Files\Broadcom\Broadcom 802.11 Network Adapter\Driver;C:\Program Files\WIDCOMM\Bluetooth Software\;C:\Program Files\WIDCOMM\Bluetooth Software\syswow64;C:\Program Files\nodejs\;C:\cygwin64\bin;C:\Users\Prashant\Downloads\apache-ant-1.9.6-bin\apache-ant-1.9.6\bin;C:\Users\Prashant\Downloads\dos2unix-7.3.1-win32\bin;C:\Program Files (x86)\sbt\\bin;C:\Go\bin;C:\Program Files (x86)\Skype\Phone\;C:\Program Files\Git\cmd;C:\Program Files (x86)\NVIDIA Corporation\PhysX\Common;C:\Users\Prashant\.dnx\bin;C:\Program Files\Microsoft DNX\Dnvm\;C:\Program Files\Microsoft SQL Server\130\Tools\Binn\;C:\Program Files\MySQL\MySQL Utilities 1.6\;C:\MinGW\bin;C:\Users\Prashant\AppData\Roaming\npm;C:\Users\Prashant\AppData\Local\Programs\Python\Python35-32;C:\Use;C:\Users\Prashant\Downloads\cmder;."/><property name="java.specification.name" value="Java Platform API Specification"/><property name="java.class.version" value="52.0"/><property name="sun.management.compiler" value="HotSpot 64-Bit Tiered Compilers"/><property name="os.version" value="6.1"/><property name="user.home" value="C:\Users\Prashant"/><property name="user.timezone" value="America/Indianapolis"/><property name="java.awt.printerjob" value="sun.awt.windows.WPrinterJob"/><property name="file.encoding" value="Cp1252"/><property name="java.specification.version" value="1.8"/><property name="sbt.log.format" value="true"/><property name="java.class.path" value="C:\Program Files (x86)\sbt\bin\sbt-launch.jar"/><property name="user.name" value="Prashant"/><property name="jline.shutdownhook" value="false"/><property name="java.vm.specification.version" value="1.8"/><property name="sun.java.command" value="xsbt.boot.Boot test"/><property name="java.home" value="C:\Program Files\Java\jdk1.8.0_51\jre"/><property name="sun.arch.data.model" value="64"/><property name="user.language" value="en"/><property name="java.specification.vendor" value="Oracle Corporation"/><property name="awt.toolkit" value="sun.awt.windows.WToolkit"/><property name="java.vm.info" value="mixed mode"/><property name="java.version" value="1.8.0_51"/><property name="java.ext.dirs" value="C:\Program Files\Java\jdk1.8.0_51\jre\lib\ext;C:\Windows\Sun\Java\lib\ext"/><property name="sun.boot.class.path" value="C:\Program Files\Java\jdk1.8.0_51\jre\lib\resources.jar;C:\Program Files\Java\jdk1.8.0_51\jre\lib\rt.jar;C:\Program Files\Java\jdk1.8.0_51\jre\lib\sunrsasign.jar;C:\Program Files\Java\jdk1.8.0_51\jre\lib\jsse.jar;C:\Program Files\Java\jdk1.8.0_51\jre\lib\jce.jar;C:\Program Files\Java\jdk1.8.0_51\jre\lib\charsets.jar;C:\Program Files\Java\jdk1.8.0_51\jre\lib\jfr.jar;C:\Program Files\Java\jdk1.8.0_51\jre\classes"/><property name="java.vendor" value="Oracle Corporation"/><property name="sun.stderr.encoding" value="cp437"/><property name="file.separator" value="\"/><property name="java.vendor.url.bug" value="http://bugreport.sun.com/bugreport/"/><property name="sun.io.unicode.encoding" value="UnicodeLittle"/><property name="sun.cpu.endian" value="little"/><property name="sun.stdout.encoding" value="cp437"/><property name="sun.desktop" value="windows"/><property name="sun.cpu.isalist" value="amd64"/>
    </properties>
                     <testcase classname="l3.test.CPSOptimizer_Greybox" name="testEtaReduction" time="-0.001">
                                                 <failure message="java.lang.AssertionError: assertion failed: Checks failed for: 

      (letrec ((f (fun (x) x)) (g (fun (y) (f y))) (h (fun (z) (g z))))
        (@ + (@ + (@ + (@ + (@ + (@ + (@ + (@ + (g 1) (g 2))
        (g 3)) (h 1)) (h 2)) (h 3)) (f 1)) (f 2)) (f 3)))
    
Statistics:
Instruction Stats
=================
      18  AppF
      11  LetL
       9  AppC
       9  LetC
       1  LetF
       1  Halt
       1  LetP

Value Primitives Stats
======================
       1  CPSArithShiftR$

Functions defined: 3
Continuations defined: 9
" type="sbt.ForkMain$ForkError">sbt.ForkMain$ForkError: java.lang.AssertionError: assertion failed: Checks failed for: 

      (letrec ((f (fun (x) x)) (g (fun (y) (f y))) (h (fun (z) (g z))))
        (@ + (@ + (@ + (@ + (@ + (@ + (@ + (@ + (g 1) (g 2))
        (g 3)) (h 1)) (h 2)) (h 3)) (f 1)) (f 2)) (f 3)))
    
Statistics:
Instruction Stats
=================
      18  AppF
      11  LetL
       9  AppC
       9  LetC
       1  LetF
       1  Halt
       1  LetP

Value Primitives Stats
======================
       1  CPSArithShiftR$

Functions defined: 3
Continuations defined: 9

	at scala.Predef$.assert(Predef.scala:165)
	at l3.test.infrastructure.CPSOptTest.testCPSOptStats(CPSOptTest.scala:65)
	at l3.test.infrastructure.CPSOptTest.testCPSOptEarly(CPSOptTest.scala:69)
	at l3.test.CPSOptimizer_Greybox.testEtaReduction(CPSOptimizer_Greybox.scala:14)
	at sun.reflect.NativeMethodAccessorImpl.invoke0(Native Method)
	at sun.reflect.NativeMethodAccessorImpl.invoke(NativeMethodAccessorImpl.java:62)
	at sun.reflect.DelegatingMethodAccessorImpl.invoke(DelegatingMethodAccessorImpl.java:43)
	at java.lang.reflect.Method.invoke(Method.java:497)
	at org.junit.runners.model.FrameworkMethod$1.runReflectiveCall(FrameworkMethod.java:45)
	at org.junit.internal.runners.model.ReflectiveCallable.run(ReflectiveCallable.java:15)
	at org.junit.runners.model.FrameworkMethod.invokeExplosively(FrameworkMethod.java:42)
	at org.junit.internal.runners.statements.InvokeMethod.evaluate(InvokeMethod.java:20)
	at org.junit.runners.ParentRunner.runLeaf(ParentRunner.java:263)
	at org.junit.runners.BlockJUnit4ClassRunner.runChild(BlockJUnit4ClassRunner.java:68)
	at org.junit.runners.BlockJUnit4ClassRunner.runChild(BlockJUnit4ClassRunner.java:47)
	at org.junit.runners.ParentRunner$3.run(ParentRunner.java:231)
	at org.junit.runners.ParentRunner$1.schedule(ParentRunner.java:60)
	at org.junit.runners.ParentRunner.runChildren(ParentRunner.java:229)
	at org.junit.runners.ParentRunner.access$000(ParentRunner.java:50)
	at org.junit.runners.ParentRunner$2.evaluate(ParentRunner.java:222)
	at org.junit.runners.ParentRunner.run(ParentRunner.java:300)
	at org.junit.runners.Suite.runChild(Suite.java:128)
	at org.junit.runners.Suite.runChild(Suite.java:24)
	at org.junit.runners.ParentRunner$3.run(ParentRunner.java:231)
	at org.junit.runners.ParentRunner$1.schedule(ParentRunner.java:60)
	at org.junit.runners.ParentRunner.runChildren(ParentRunner.java:229)
	at org.junit.runners.ParentRunner.access$000(ParentRunner.java:50)
	at org.junit.runners.ParentRunner$2.evaluate(ParentRunner.java:222)
	at org.junit.runners.ParentRunner.run(ParentRunner.java:300)
	at org.junit.runner.JUnitCore.run(JUnitCore.java:157)
	at org.junit.runner.JUnitCore.run(JUnitCore.java:136)
	at com.novocode.junit.JUnitRunner.run(JUnitRunner.java:87)
	at sbt.RunnerWrapper$1.runRunner2(FrameworkWrapper.java:223)
	at sbt.RunnerWrapper$1.execute(FrameworkWrapper.java:236)
	at sbt.ForkMain$Run$2.call(ForkMain.java:296)
	at sbt.ForkMain$Run$2.call(ForkMain.java:286)
	at java.util.concurrent.FutureTask.run(FutureTask.java:266)
	at java.util.concurrent.ThreadPoolExecutor.runWorker(ThreadPoolExecutor.java:1142)
	at java.util.concurrent.ThreadPoolExecutor$Worker.run(ThreadPoolExecutor.java:617)
	at java.lang.Thread.run(Thread.java:745)
</failure>
                                               </testcase><testcase classname="l3.test.CPSOptimizer_Greybox" name="testContInlining" time="-0.001">
                                                 
                                               </testcase><testcase classname="l3.test.CPSOptimizer_Greybox" name="testFunInlining" time="-0.001">
                                                 <failure message="java.lang.AssertionError: assertion failed: Checks failed for: 
(letrec ((f (fun (x) x))) (f 1))
Statistics:
Instruction Stats
=================
       3  LetL
       1  AppC
       1  AppF
       1  LetF
       1  LetC
       1  Halt
       1  LetP

Value Primitives Stats
======================
       1  CPSArithShiftR$

Functions defined: 1
Continuations defined: 1
" type="sbt.ForkMain$ForkError">sbt.ForkMain$ForkError: java.lang.AssertionError: assertion failed: Checks failed for: 
(letrec ((f (fun (x) x))) (f 1))
Statistics:
Instruction Stats
=================
       3  LetL
       1  AppC
       1  AppF
       1  LetF
       1  LetC
       1  Halt
       1  LetP

Value Primitives Stats
======================
       1  CPSArithShiftR$

Functions defined: 1
Continuations defined: 1

	at scala.Predef$.assert(Predef.scala:165)
	at l3.test.infrastructure.CPSOptTest.testCPSOptStats(CPSOptTest.scala:65)
	at l3.test.infrastructure.CPSOptTest.testCPSOptEarly(CPSOptTest.scala:69)
	at l3.test.CPSOptimizer_Greybox.testFunInlining(CPSOptimizer_Greybox.scala:45)
	at sun.reflect.NativeMethodAccessorImpl.invoke0(Native Method)
	at sun.reflect.NativeMethodAccessorImpl.invoke(NativeMethodAccessorImpl.java:62)
	at sun.reflect.DelegatingMethodAccessorImpl.invoke(DelegatingMethodAccessorImpl.java:43)
	at java.lang.reflect.Method.invoke(Method.java:497)
	at org.junit.runners.model.FrameworkMethod$1.runReflectiveCall(FrameworkMethod.java:45)
	at org.junit.internal.runners.model.ReflectiveCallable.run(ReflectiveCallable.java:15)
	at org.junit.runners.model.FrameworkMethod.invokeExplosively(FrameworkMethod.java:42)
	at org.junit.internal.runners.statements.InvokeMethod.evaluate(InvokeMethod.java:20)
	at org.junit.runners.ParentRunner.runLeaf(ParentRunner.java:263)
	at org.junit.runners.BlockJUnit4ClassRunner.runChild(BlockJUnit4ClassRunner.java:68)
	at org.junit.runners.BlockJUnit4ClassRunner.runChild(BlockJUnit4ClassRunner.java:47)
	at org.junit.runners.ParentRunner$3.run(ParentRunner.java:231)
	at org.junit.runners.ParentRunner$1.schedule(ParentRunner.java:60)
	at org.junit.runners.ParentRunner.runChildren(ParentRunner.java:229)
	at org.junit.runners.ParentRunner.access$000(ParentRunner.java:50)
	at org.junit.runners.ParentRunner$2.evaluate(ParentRunner.java:222)
	at org.junit.runners.ParentRunner.run(ParentRunner.java:300)
	at org.junit.runners.Suite.runChild(Suite.java:128)
	at org.junit.runners.Suite.runChild(Suite.java:24)
	at org.junit.runners.ParentRunner$3.run(ParentRunner.java:231)
	at org.junit.runners.ParentRunner$1.schedule(ParentRunner.java:60)
	at org.junit.runners.ParentRunner.runChildren(ParentRunner.java:229)
	at org.junit.runners.ParentRunner.access$000(ParentRunner.java:50)
	at org.junit.runners.ParentRunner$2.evaluate(ParentRunner.java:222)
	at org.junit.runners.ParentRunner.run(ParentRunner.java:300)
	at org.junit.runner.JUnitCore.run(JUnitCore.java:157)
	at org.junit.runner.JUnitCore.run(JUnitCore.java:136)
	at com.novocode.junit.JUnitRunner.run(JUnitRunner.java:87)
	at sbt.RunnerWrapper$1.runRunner2(FrameworkWrapper.java:223)
	at sbt.RunnerWrapper$1.execute(FrameworkWrapper.java:236)
	at sbt.ForkMain$Run$2.call(ForkMain.java:296)
	at sbt.ForkMain$Run$2.call(ForkMain.java:286)
	at java.util.concurrent.FutureTask.run(FutureTask.java:266)
	at java.util.concurrent.ThreadPoolExecutor.runWorker(ThreadPoolExecutor.java:1142)
	at java.util.concurrent.ThreadPoolExecutor$Worker.run(ThreadPoolExecutor.java:617)
	at java.lang.Thread.run(Thread.java:745)
</failure>
                                               </testcase><testcase classname="l3.test.CPSOptimizer_Greybox" name="testEtaReductionInfintelyRecursiveFunction" time="-0.001">
                                                 <failure message="java.lang.AssertionError: assertion failed: Checks failed for: 
(letrec ((f (fun (x) (g x))) (g (fun (x) (f x)))) (if (@ = (@byte-read) -1) (g 3) #u))
Statistics:
Instruction Stats
=================
       5  LetL
       4  LetP
       3  LetC
       1  AppC
       1  LetF
       1  If
       1  Halt

Value Primitives Stats
======================
       1  CPSArithShiftL$
       1  CPSByteRead$
       1  CPSArithShiftR$
       1  CPSOr$

Logic Primitives Stats
======================
       1  CPSEq$

Functions defined: 2
Continuations defined: 3
" type="sbt.ForkMain$ForkError">sbt.ForkMain$ForkError: java.lang.AssertionError: assertion failed: Checks failed for: 
(letrec ((f (fun (x) (g x))) (g (fun (x) (f x)))) (if (@ = (@byte-read) -1) (g 3) #u))
Statistics:
Instruction Stats
=================
       5  LetL
       4  LetP
       3  LetC
       1  AppC
       1  LetF
       1  If
       1  Halt

Value Primitives Stats
======================
       1  CPSArithShiftL$
       1  CPSByteRead$
       1  CPSArithShiftR$
       1  CPSOr$

Logic Primitives Stats
======================
       1  CPSEq$

Functions defined: 2
Continuations defined: 3

	at scala.Predef$.assert(Predef.scala:165)
	at l3.test.infrastructure.CPSOptTest.testCPSOptStats(CPSOptTest.scala:65)
	at l3.test.infrastructure.CPSOptTest.testCPSOptEarly(CPSOptTest.scala:69)
	at l3.test.CPSOptimizer_Greybox.testEtaReductionInfintelyRecursiveFunction(CPSOptimizer_Greybox.scala:21)
	at sun.reflect.NativeMethodAccessorImpl.invoke0(Native Method)
	at sun.reflect.NativeMethodAccessorImpl.invoke(NativeMethodAccessorImpl.java:62)
	at sun.reflect.DelegatingMethodAccessorImpl.invoke(DelegatingMethodAccessorImpl.java:43)
	at java.lang.reflect.Method.invoke(Method.java:497)
	at org.junit.runners.model.FrameworkMethod$1.runReflectiveCall(FrameworkMethod.java:45)
	at org.junit.internal.runners.model.ReflectiveCallable.run(ReflectiveCallable.java:15)
	at org.junit.runners.model.FrameworkMethod.invokeExplosively(FrameworkMethod.java:42)
	at org.junit.internal.runners.statements.InvokeMethod.evaluate(InvokeMethod.java:20)
	at org.junit.runners.ParentRunner.runLeaf(ParentRunner.java:263)
	at org.junit.runners.BlockJUnit4ClassRunner.runChild(BlockJUnit4ClassRunner.java:68)
	at org.junit.runners.BlockJUnit4ClassRunner.runChild(BlockJUnit4ClassRunner.java:47)
	at org.junit.runners.ParentRunner$3.run(ParentRunner.java:231)
	at org.junit.runners.ParentRunner$1.schedule(ParentRunner.java:60)
	at org.junit.runners.ParentRunner.runChildren(ParentRunner.java:229)
	at org.junit.runners.ParentRunner.access$000(ParentRunner.java:50)
	at org.junit.runners.ParentRunner$2.evaluate(ParentRunner.java:222)
	at org.junit.runners.ParentRunner.run(ParentRunner.java:300)
	at org.junit.runners.Suite.runChild(Suite.java:128)
	at org.junit.runners.Suite.runChild(Suite.java:24)
	at org.junit.runners.ParentRunner$3.run(ParentRunner.java:231)
	at org.junit.runners.ParentRunner$1.schedule(ParentRunner.java:60)
	at org.junit.runners.ParentRunner.runChildren(ParentRunner.java:229)
	at org.junit.runners.ParentRunner.access$000(ParentRunner.java:50)
	at org.junit.runners.ParentRunner$2.evaluate(ParentRunner.java:222)
	at org.junit.runners.ParentRunner.run(ParentRunner.java:300)
	at org.junit.runner.JUnitCore.run(JUnitCore.java:157)
	at org.junit.runner.JUnitCore.run(JUnitCore.java:136)
	at com.novocode.junit.JUnitRunner.run(JUnitRunner.java:87)
	at sbt.RunnerWrapper$1.runRunner2(FrameworkWrapper.java:223)
	at sbt.RunnerWrapper$1.execute(FrameworkWrapper.java:236)
	at sbt.ForkMain$Run$2.call(ForkMain.java:296)
	at sbt.ForkMain$Run$2.call(ForkMain.java:286)
	at java.util.concurrent.FutureTask.run(FutureTask.java:266)
	at java.util.concurrent.ThreadPoolExecutor.runWorker(ThreadPoolExecutor.java:1142)
	at java.util.concurrent.ThreadPoolExecutor$Worker.run(ThreadPoolExecutor.java:617)
	at java.lang.Thread.run(Thread.java:745)
</failure>
                                               </testcase><testcase classname="l3.test.CPSOptimizer_Greybox" name="testDCEFunsRecursive3WithEtaReduction" time="-0.001">
                                                 <failure message="java.lang.AssertionError: assertion failed: Checks failed for: 
(letrec ((f (fun (x) (if (@ = x 0) 0 (g (@ - x 1))))) (g (fun (y) (f y))) (h (fun (z) z))) (@ + (@ + (f 0) (f 0)) (f 0)))
Statistics:
Instruction Stats
=================
      11  LetL
       9  LetC
       3  AppC
       3  AppF
       3  If
       1  LetF
       1  Halt
       1  LetP

Value Primitives Stats
======================
       1  CPSArithShiftR$

Logic Primitives Stats
======================
       3  CPSEq$

Functions defined: 2
Continuations defined: 9
" type="sbt.ForkMain$ForkError">sbt.ForkMain$ForkError: java.lang.AssertionError: assertion failed: Checks failed for: 
(letrec ((f (fun (x) (if (@ = x 0) 0 (g (@ - x 1))))) (g (fun (y) (f y))) (h (fun (z) z))) (@ + (@ + (f 0) (f 0)) (f 0)))
Statistics:
Instruction Stats
=================
      11  LetL
       9  LetC
       3  AppC
       3  AppF
       3  If
       1  LetF
       1  Halt
       1  LetP

Value Primitives Stats
======================
       1  CPSArithShiftR$

Logic Primitives Stats
======================
       3  CPSEq$

Functions defined: 2
Continuations defined: 9

	at scala.Predef$.assert(Predef.scala:165)
	at l3.test.infrastructure.CPSOptTest.testCPSOptStats(CPSOptTest.scala:65)
	at l3.test.infrastructure.CPSOptTest.testCPSOptEarly(CPSOptTest.scala:69)
	at l3.test.CPSOptimizer_Greybox.testDCEFunsRecursive3WithEtaReduction(CPSOptimizer_Greybox.scala:34)
	at sun.reflect.NativeMethodAccessorImpl.invoke0(Native Method)
	at sun.reflect.NativeMethodAccessorImpl.invoke(NativeMethodAccessorImpl.java:62)
	at sun.reflect.DelegatingMethodAccessorImpl.invoke(DelegatingMethodAccessorImpl.java:43)
	at java.lang.reflect.Method.invoke(Method.java:497)
	at org.junit.runners.model.FrameworkMethod$1.runReflectiveCall(FrameworkMethod.java:45)
	at org.junit.internal.runners.model.ReflectiveCallable.run(ReflectiveCallable.java:15)
	at org.junit.runners.model.FrameworkMethod.invokeExplosively(FrameworkMethod.java:42)
	at org.junit.internal.runners.statements.InvokeMethod.evaluate(InvokeMethod.java:20)
	at org.junit.runners.ParentRunner.runLeaf(ParentRunner.java:263)
	at org.junit.runners.BlockJUnit4ClassRunner.runChild(BlockJUnit4ClassRunner.java:68)
	at org.junit.runners.BlockJUnit4ClassRunner.runChild(BlockJUnit4ClassRunner.java:47)
	at org.junit.runners.ParentRunner$3.run(ParentRunner.java:231)
	at org.junit.runners.ParentRunner$1.schedule(ParentRunner.java:60)
	at org.junit.runners.ParentRunner.runChildren(ParentRunner.java:229)
	at org.junit.runners.ParentRunner.access$000(ParentRunner.java:50)
	at org.junit.runners.ParentRunner$2.evaluate(ParentRunner.java:222)
	at org.junit.runners.ParentRunner.run(ParentRunner.java:300)
	at org.junit.runners.Suite.runChild(Suite.java:128)
	at org.junit.runners.Suite.runChild(Suite.java:24)
	at org.junit.runners.ParentRunner$3.run(ParentRunner.java:231)
	at org.junit.runners.ParentRunner$1.schedule(ParentRunner.java:60)
	at org.junit.runners.ParentRunner.runChildren(ParentRunner.java:229)
	at org.junit.runners.ParentRunner.access$000(ParentRunner.java:50)
	at org.junit.runners.ParentRunner$2.evaluate(ParentRunner.java:222)
	at org.junit.runners.ParentRunner.run(ParentRunner.java:300)
	at org.junit.runner.JUnitCore.run(JUnitCore.java:157)
	at org.junit.runner.JUnitCore.run(JUnitCore.java:136)
	at com.novocode.junit.JUnitRunner.run(JUnitRunner.java:87)
	at sbt.RunnerWrapper$1.runRunner2(FrameworkWrapper.java:223)
	at sbt.RunnerWrapper$1.execute(FrameworkWrapper.java:236)
	at sbt.ForkMain$Run$2.call(ForkMain.java:296)
	at sbt.ForkMain$Run$2.call(ForkMain.java:286)
	at java.util.concurrent.FutureTask.run(FutureTask.java:266)
	at java.util.concurrent.ThreadPoolExecutor.runWorker(ThreadPoolExecutor.java:1142)
	at java.util.concurrent.ThreadPoolExecutor$Worker.run(ThreadPoolExecutor.java:617)
	at java.lang.Thread.run(Thread.java:745)
</failure>
                                               </testcase><testcase classname="l3.test.CPSOptimizer_Greybox" name="testFunInliningInsideFunctionBodySameLetRec" time="-0.001">
                                                 <failure message="java.lang.AssertionError: assertion failed: Checks failed for: 
(letrec ((f (fun (x) x)) (g (fun (x) (f x)))) (g 1))
Statistics:
Instruction Stats
=================
       3  LetL
       2  AppF
       1  AppC
       1  LetF
       1  LetC
       1  Halt
       1  LetP

Value Primitives Stats
======================
       1  CPSArithShiftR$

Functions defined: 2
Continuations defined: 1
" type="sbt.ForkMain$ForkError">sbt.ForkMain$ForkError: java.lang.AssertionError: assertion failed: Checks failed for: 
(letrec ((f (fun (x) x)) (g (fun (x) (f x)))) (g 1))
Statistics:
Instruction Stats
=================
       3  LetL
       2  AppF
       1  AppC
       1  LetF
       1  LetC
       1  Halt
       1  LetP

Value Primitives Stats
======================
       1  CPSArithShiftR$

Functions defined: 2
Continuations defined: 1

	at scala.Predef$.assert(Predef.scala:165)
	at l3.test.infrastructure.CPSOptTest.testCPSOptStats(CPSOptTest.scala:65)
	at l3.test.infrastructure.CPSOptTest.testCPSOptEarly(CPSOptTest.scala:69)
	at l3.test.CPSOptimizer_Greybox.testFunInliningInsideFunctionBodySameLetRec(CPSOptimizer_Greybox.scala:48)
	at sun.reflect.NativeMethodAccessorImpl.invoke0(Native Method)
	at sun.reflect.NativeMethodAccessorImpl.invoke(NativeMethodAccessorImpl.java:62)
	at sun.reflect.DelegatingMethodAccessorImpl.invoke(DelegatingMethodAccessorImpl.java:43)
	at java.lang.reflect.Method.invoke(Method.java:497)
	at org.junit.runners.model.FrameworkMethod$1.runReflectiveCall(FrameworkMethod.java:45)
	at org.junit.internal.runners.model.ReflectiveCallable.run(ReflectiveCallable.java:15)
	at org.junit.runners.model.FrameworkMethod.invokeExplosively(FrameworkMethod.java:42)
	at org.junit.internal.runners.statements.InvokeMethod.evaluate(InvokeMethod.java:20)
	at org.junit.runners.ParentRunner.runLeaf(ParentRunner.java:263)
	at org.junit.runners.BlockJUnit4ClassRunner.runChild(BlockJUnit4ClassRunner.java:68)
	at org.junit.runners.BlockJUnit4ClassRunner.runChild(BlockJUnit4ClassRunner.java:47)
	at org.junit.runners.ParentRunner$3.run(ParentRunner.java:231)
	at org.junit.runners.ParentRunner$1.schedule(ParentRunner.java:60)
	at org.junit.runners.ParentRunner.runChildren(ParentRunner.java:229)
	at org.junit.runners.ParentRunner.access$000(ParentRunner.java:50)
	at org.junit.runners.ParentRunner$2.evaluate(ParentRunner.java:222)
	at org.junit.runners.ParentRunner.run(ParentRunner.java:300)
	at org.junit.runners.Suite.runChild(Suite.java:128)
	at org.junit.runners.Suite.runChild(Suite.java:24)
	at org.junit.runners.ParentRunner$3.run(ParentRunner.java:231)
	at org.junit.runners.ParentRunner$1.schedule(ParentRunner.java:60)
	at org.junit.runners.ParentRunner.runChildren(ParentRunner.java:229)
	at org.junit.runners.ParentRunner.access$000(ParentRunner.java:50)
	at org.junit.runners.ParentRunner$2.evaluate(ParentRunner.java:222)
	at org.junit.runners.ParentRunner.run(ParentRunner.java:300)
	at org.junit.runner.JUnitCore.run(JUnitCore.java:157)
	at org.junit.runner.JUnitCore.run(JUnitCore.java:136)
	at com.novocode.junit.JUnitRunner.run(JUnitRunner.java:87)
	at sbt.RunnerWrapper$1.runRunner2(FrameworkWrapper.java:223)
	at sbt.RunnerWrapper$1.execute(FrameworkWrapper.java:236)
	at sbt.ForkMain$Run$2.call(ForkMain.java:296)
	at sbt.ForkMain$Run$2.call(ForkMain.java:286)
	at java.util.concurrent.FutureTask.run(FutureTask.java:266)
	at java.util.concurrent.ThreadPoolExecutor.runWorker(ThreadPoolExecutor.java:1142)
	at java.util.concurrent.ThreadPoolExecutor$Worker.run(ThreadPoolExecutor.java:617)
	at java.lang.Thread.run(Thread.java:745)
</failure>
                                               </testcase><testcase classname="l3.test.CPSOptimizer_Greybox" name="testCommonSubexpressionEliminationSimpleBlockTag" time="-0.001">
                                                 <failure message="java.lang.AssertionError: assertion failed: Checks failed for: 
(let ((b (@ block-alloc-3 2))) (@byte-write (@ + (@ block-tag b) (@ block-tag b))))
Statistics:
Instruction Stats
=================
      14  LetP
       8  LetL
       1  LetF
       1  Halt

Value Primitives Stats
======================
       3  CPSArithShiftR$
       2  CPSArithShiftL$
       2  CPSBlockTag$
       2  CPSOr$
       1  CPSByteWrite$
       1  CPSAdd$
       1  CPSId$
       1  CPSBlockAlloc
       1  CPSSub$

Functions defined: 0
Continuations defined: 0
" type="sbt.ForkMain$ForkError">sbt.ForkMain$ForkError: java.lang.AssertionError: assertion failed: Checks failed for: 
(let ((b (@ block-alloc-3 2))) (@byte-write (@ + (@ block-tag b) (@ block-tag b))))
Statistics:
Instruction Stats
=================
      14  LetP
       8  LetL
       1  LetF
       1  Halt

Value Primitives Stats
======================
       3  CPSArithShiftR$
       2  CPSArithShiftL$
       2  CPSBlockTag$
       2  CPSOr$
       1  CPSByteWrite$
       1  CPSAdd$
       1  CPSId$
       1  CPSBlockAlloc
       1  CPSSub$

Functions defined: 0
Continuations defined: 0

	at scala.Predef$.assert(Predef.scala:165)
	at l3.test.infrastructure.CPSOptTest.testCPSOptStats(CPSOptTest.scala:65)
	at l3.test.infrastructure.CPSOptTest.testCPSBothSeq(CPSOptTest.scala:75)
	at l3.test.CPSOptimizer_Greybox.testCommonSubexpressionEliminationSimpleBlockTag(CPSOptimizer_Greybox.scala:175)
	at sun.reflect.NativeMethodAccessorImpl.invoke0(Native Method)
	at sun.reflect.NativeMethodAccessorImpl.invoke(NativeMethodAccessorImpl.java:62)
	at sun.reflect.DelegatingMethodAccessorImpl.invoke(DelegatingMethodAccessorImpl.java:43)
	at java.lang.reflect.Method.invoke(Method.java:497)
	at org.junit.runners.model.FrameworkMethod$1.runReflectiveCall(FrameworkMethod.java:45)
	at org.junit.internal.runners.model.ReflectiveCallable.run(ReflectiveCallable.java:15)
	at org.junit.runners.model.FrameworkMethod.invokeExplosively(FrameworkMethod.java:42)
	at org.junit.internal.runners.statements.InvokeMethod.evaluate(InvokeMethod.java:20)
	at org.junit.runners.ParentRunner.runLeaf(ParentRunner.java:263)
	at org.junit.runners.BlockJUnit4ClassRunner.runChild(BlockJUnit4ClassRunner.java:68)
	at org.junit.runners.BlockJUnit4ClassRunner.runChild(BlockJUnit4ClassRunner.java:47)
	at org.junit.runners.ParentRunner$3.run(ParentRunner.java:231)
	at org.junit.runners.ParentRunner$1.schedule(ParentRunner.java:60)
	at org.junit.runners.ParentRunner.runChildren(ParentRunner.java:229)
	at org.junit.runners.ParentRunner.access$000(ParentRunner.java:50)
	at org.junit.runners.ParentRunner$2.evaluate(ParentRunner.java:222)
	at org.junit.runners.ParentRunner.run(ParentRunner.java:300)
	at org.junit.runners.Suite.runChild(Suite.java:128)
	at org.junit.runners.Suite.runChild(Suite.java:24)
	at org.junit.runners.ParentRunner$3.run(ParentRunner.java:231)
	at org.junit.runners.ParentRunner$1.schedule(ParentRunner.java:60)
	at org.junit.runners.ParentRunner.runChildren(ParentRunner.java:229)
	at org.junit.runners.ParentRunner.access$000(ParentRunner.java:50)
	at org.junit.runners.ParentRunner$2.evaluate(ParentRunner.java:222)
	at org.junit.runners.ParentRunner.run(ParentRunner.java:300)
	at org.junit.runner.JUnitCore.run(JUnitCore.java:157)
	at org.junit.runner.JUnitCore.run(JUnitCore.java:136)
	at com.novocode.junit.JUnitRunner.run(JUnitRunner.java:87)
	at sbt.RunnerWrapper$1.runRunner2(FrameworkWrapper.java:223)
	at sbt.RunnerWrapper$1.execute(FrameworkWrapper.java:236)
	at sbt.ForkMain$Run$2.call(ForkMain.java:296)
	at sbt.ForkMain$Run$2.call(ForkMain.java:286)
	at java.util.concurrent.FutureTask.run(FutureTask.java:266)
	at java.util.concurrent.ThreadPoolExecutor.runWorker(ThreadPoolExecutor.java:1142)
	at java.util.concurrent.ThreadPoolExecutor$Worker.run(ThreadPoolExecutor.java:617)
	at java.lang.Thread.run(Thread.java:745)
</failure>
                                               </testcase><testcase classname="l3.test.CPSOptimizer_Greybox" name="testFunInliningInsideFunctionBodyDifferentLetRecs" time="-0.001">
                                                 <failure message="java.lang.AssertionError: assertion failed: Checks failed for: 
(letrec ((f (fun (x) x))) (letrec ((g (fun (x) (f x)))) (g 1)))
Statistics:
Instruction Stats
=================
       3  LetL
       2  AppF
       1  AppC
       1  LetF
       1  LetC
       1  Halt
       1  LetP

Value Primitives Stats
======================
       1  CPSArithShiftR$

Functions defined: 2
Continuations defined: 1
" type="sbt.ForkMain$ForkError">sbt.ForkMain$ForkError: java.lang.AssertionError: assertion failed: Checks failed for: 
(letrec ((f (fun (x) x))) (letrec ((g (fun (x) (f x)))) (g 1)))
Statistics:
Instruction Stats
=================
       3  LetL
       2  AppF
       1  AppC
       1  LetF
       1  LetC
       1  Halt
       1  LetP

Value Primitives Stats
======================
       1  CPSArithShiftR$

Functions defined: 2
Continuations defined: 1

	at scala.Predef$.assert(Predef.scala:165)
	at l3.test.infrastructure.CPSOptTest.testCPSOptStats(CPSOptTest.scala:65)
	at l3.test.infrastructure.CPSOptTest.testCPSOptEarly(CPSOptTest.scala:69)
	at l3.test.CPSOptimizer_Greybox.testFunInliningInsideFunctionBodyDifferentLetRecs(CPSOptimizer_Greybox.scala:51)
	at sun.reflect.NativeMethodAccessorImpl.invoke0(Native Method)
	at sun.reflect.NativeMethodAccessorImpl.invoke(NativeMethodAccessorImpl.java:62)
	at sun.reflect.DelegatingMethodAccessorImpl.invoke(DelegatingMethodAccessorImpl.java:43)
	at java.lang.reflect.Method.invoke(Method.java:497)
	at org.junit.runners.model.FrameworkMethod$1.runReflectiveCall(FrameworkMethod.java:45)
	at org.junit.internal.runners.model.ReflectiveCallable.run(ReflectiveCallable.java:15)
	at org.junit.runners.model.FrameworkMethod.invokeExplosively(FrameworkMethod.java:42)
	at org.junit.internal.runners.statements.InvokeMethod.evaluate(InvokeMethod.java:20)
	at org.junit.runners.ParentRunner.runLeaf(ParentRunner.java:263)
	at org.junit.runners.BlockJUnit4ClassRunner.runChild(BlockJUnit4ClassRunner.java:68)
	at org.junit.runners.BlockJUnit4ClassRunner.runChild(BlockJUnit4ClassRunner.java:47)
	at org.junit.runners.ParentRunner$3.run(ParentRunner.java:231)
	at org.junit.runners.ParentRunner$1.schedule(ParentRunner.java:60)
	at org.junit.runners.ParentRunner.runChildren(ParentRunner.java:229)
	at org.junit.runners.ParentRunner.access$000(ParentRunner.java:50)
	at org.junit.runners.ParentRunner$2.evaluate(ParentRunner.java:222)
	at org.junit.runners.ParentRunner.run(ParentRunner.java:300)
	at org.junit.runners.Suite.runChild(Suite.java:128)
	at org.junit.runners.Suite.runChild(Suite.java:24)
	at org.junit.runners.ParentRunner$3.run(ParentRunner.java:231)
	at org.junit.runners.ParentRunner$1.schedule(ParentRunner.java:60)
	at org.junit.runners.ParentRunner.runChildren(ParentRunner.java:229)
	at org.junit.runners.ParentRunner.access$000(ParentRunner.java:50)
	at org.junit.runners.ParentRunner$2.evaluate(ParentRunner.java:222)
	at org.junit.runners.ParentRunner.run(ParentRunner.java:300)
	at org.junit.runner.JUnitCore.run(JUnitCore.java:157)
	at org.junit.runner.JUnitCore.run(JUnitCore.java:136)
	at com.novocode.junit.JUnitRunner.run(JUnitRunner.java:87)
	at sbt.RunnerWrapper$1.runRunner2(FrameworkWrapper.java:223)
	at sbt.RunnerWrapper$1.execute(FrameworkWrapper.java:236)
	at sbt.ForkMain$Run$2.call(ForkMain.java:296)
	at sbt.ForkMain$Run$2.call(ForkMain.java:286)
	at java.util.concurrent.FutureTask.run(FutureTask.java:266)
	at java.util.concurrent.ThreadPoolExecutor.runWorker(ThreadPoolExecutor.java:1142)
	at java.util.concurrent.ThreadPoolExecutor$Worker.run(ThreadPoolExecutor.java:617)
	at java.lang.Thread.run(Thread.java:745)
</failure>
                                               </testcase><testcase classname="l3.test.CPSOptimizer_Greybox" name="testCommonSubexpressionEliminationComplexBlockTag" time="-0.001">
                                                 <failure message="java.lang.AssertionError: assertion failed: Checks failed for: 
(let ((b (@ block-alloc-3 300)) (p (@byte-write (@byte-read)))) (@byte-write (@ + (@ + p (@ block-tag b)) (@ + p (@ block-tag b)))))
Statistics:
Instruction Stats
=================
      24  LetP
      12  LetL
       1  LetF
       1  Halt

Value Primitives Stats
======================
       4  CPSArithShiftR$
       3  CPSArithShiftL$
       3  CPSAdd$
       3  CPSOr$
       3  CPSSub$
       2  CPSBlockTag$
       2  CPSByteWrite$
       2  CPSId$
       1  CPSByteRead$
       1  CPSBlockAlloc

Functions defined: 0
Continuations defined: 0
" type="sbt.ForkMain$ForkError">sbt.ForkMain$ForkError: java.lang.AssertionError: assertion failed: Checks failed for: 
(let ((b (@ block-alloc-3 300)) (p (@byte-write (@byte-read)))) (@byte-write (@ + (@ + p (@ block-tag b)) (@ + p (@ block-tag b)))))
Statistics:
Instruction Stats
=================
      24  LetP
      12  LetL
       1  LetF
       1  Halt

Value Primitives Stats
======================
       4  CPSArithShiftR$
       3  CPSArithShiftL$
       3  CPSAdd$
       3  CPSOr$
       3  CPSSub$
       2  CPSBlockTag$
       2  CPSByteWrite$
       2  CPSId$
       1  CPSByteRead$
       1  CPSBlockAlloc

Functions defined: 0
Continuations defined: 0

	at scala.Predef$.assert(Predef.scala:165)
	at l3.test.infrastructure.CPSOptTest.testCPSOptStats(CPSOptTest.scala:65)
	at l3.test.infrastructure.CPSOptTest.testCPSBothSeq(CPSOptTest.scala:75)
	at l3.test.CPSOptimizer_Greybox.testCommonSubexpressionEliminationComplexBlockTag(CPSOptimizer_Greybox.scala:178)
	at sun.reflect.NativeMethodAccessorImpl.invoke0(Native Method)
	at sun.reflect.NativeMethodAccessorImpl.invoke(NativeMethodAccessorImpl.java:62)
	at sun.reflect.DelegatingMethodAccessorImpl.invoke(DelegatingMethodAccessorImpl.java:43)
	at java.lang.reflect.Method.invoke(Method.java:497)
	at org.junit.runners.model.FrameworkMethod$1.runReflectiveCall(FrameworkMethod.java:45)
	at org.junit.internal.runners.model.ReflectiveCallable.run(ReflectiveCallable.java:15)
	at org.junit.runners.model.FrameworkMethod.invokeExplosively(FrameworkMethod.java:42)
	at org.junit.internal.runners.statements.InvokeMethod.evaluate(InvokeMethod.java:20)
	at org.junit.runners.ParentRunner.runLeaf(ParentRunner.java:263)
	at org.junit.runners.BlockJUnit4ClassRunner.runChild(BlockJUnit4ClassRunner.java:68)
	at org.junit.runners.BlockJUnit4ClassRunner.runChild(BlockJUnit4ClassRunner.java:47)
	at org.junit.runners.ParentRunner$3.run(ParentRunner.java:231)
	at org.junit.runners.ParentRunner$1.schedule(ParentRunner.java:60)
	at org.junit.runners.ParentRunner.runChildren(ParentRunner.java:229)
	at org.junit.runners.ParentRunner.access$000(ParentRunner.java:50)
	at org.junit.runners.ParentRunner$2.evaluate(ParentRunner.java:222)
	at org.junit.runners.ParentRunner.run(ParentRunner.java:300)
	at org.junit.runners.Suite.runChild(Suite.java:128)
	at org.junit.runners.Suite.runChild(Suite.java:24)
	at org.junit.runners.ParentRunner$3.run(ParentRunner.java:231)
	at org.junit.runners.ParentRunner$1.schedule(ParentRunner.java:60)
	at org.junit.runners.ParentRunner.runChildren(ParentRunner.java:229)
	at org.junit.runners.ParentRunner.access$000(ParentRunner.java:50)
	at org.junit.runners.ParentRunner$2.evaluate(ParentRunner.java:222)
	at org.junit.runners.ParentRunner.run(ParentRunner.java:300)
	at org.junit.runner.JUnitCore.run(JUnitCore.java:157)
	at org.junit.runner.JUnitCore.run(JUnitCore.java:136)
	at com.novocode.junit.JUnitRunner.run(JUnitRunner.java:87)
	at sbt.RunnerWrapper$1.runRunner2(FrameworkWrapper.java:223)
	at sbt.RunnerWrapper$1.execute(FrameworkWrapper.java:236)
	at sbt.ForkMain$Run$2.call(ForkMain.java:296)
	at sbt.ForkMain$Run$2.call(ForkMain.java:286)
	at java.util.concurrent.FutureTask.run(FutureTask.java:266)
	at java.util.concurrent.ThreadPoolExecutor.runWorker(ThreadPoolExecutor.java:1142)
	at java.util.concurrent.ThreadPoolExecutor$Worker.run(ThreadPoolExecutor.java:617)
	at java.lang.Thread.run(Thread.java:745)
</failure>
                                               </testcase><testcase classname="l3.test.CPSOptimizer_Greybox" name="testDCEFunsSimple" time="-0.001">
                                                 
                                               </testcase><testcase classname="l3.test.CPSOptimizer_Greybox" name="testDCEFunsRecursive1" time="-0.001">
                                                 
                                               </testcase><testcase classname="l3.test.CPSOptimizer_Greybox" name="testDCEFunsRecursive2" time="-0.001">
                                                 
                                               </testcase><testcase classname="l3.test.CPSOptimizer_Greybox" name="testDCELetLiteral" time="-0.001">
                                                 <failure message="java.lang.AssertionError: assertion failed: Checks failed for: 
(let ((u 1)) #u)
Statistics:
Instruction Stats
=================
       2  LetL
       1  LetF
       1  Halt
       1  LetP

Value Primitives Stats
======================
       1  CPSArithShiftR$

Functions defined: 0
Continuations defined: 0
" type="sbt.ForkMain$ForkError">sbt.ForkMain$ForkError: java.lang.AssertionError: assertion failed: Checks failed for: 
(let ((u 1)) #u)
Statistics:
Instruction Stats
=================
       2  LetL
       1  LetF
       1  Halt
       1  LetP

Value Primitives Stats
======================
       1  CPSArithShiftR$

Functions defined: 0
Continuations defined: 0

	at scala.Predef$.assert(Predef.scala:165)
	at l3.test.infrastructure.CPSOptTest.testCPSOptStats(CPSOptTest.scala:65)
	at l3.test.infrastructure.CPSOptTest.testCPSBothSeq(CPSOptTest.scala:75)
	at l3.test.CPSOptimizer_Greybox.testDCELetLiteral(CPSOptimizer_Greybox.scala:37)
	at sun.reflect.NativeMethodAccessorImpl.invoke0(Native Method)
	at sun.reflect.NativeMethodAccessorImpl.invoke(NativeMethodAccessorImpl.java:62)
	at sun.reflect.DelegatingMethodAccessorImpl.invoke(DelegatingMethodAccessorImpl.java:43)
	at java.lang.reflect.Method.invoke(Method.java:497)
	at org.junit.runners.model.FrameworkMethod$1.runReflectiveCall(FrameworkMethod.java:45)
	at org.junit.internal.runners.model.ReflectiveCallable.run(ReflectiveCallable.java:15)
	at org.junit.runners.model.FrameworkMethod.invokeExplosively(FrameworkMethod.java:42)
	at org.junit.internal.runners.statements.InvokeMethod.evaluate(InvokeMethod.java:20)
	at org.junit.runners.ParentRunner.runLeaf(ParentRunner.java:263)
	at org.junit.runners.BlockJUnit4ClassRunner.runChild(BlockJUnit4ClassRunner.java:68)
	at org.junit.runners.BlockJUnit4ClassRunner.runChild(BlockJUnit4ClassRunner.java:47)
	at org.junit.runners.ParentRunner$3.run(ParentRunner.java:231)
	at org.junit.runners.ParentRunner$1.schedule(ParentRunner.java:60)
	at org.junit.runners.ParentRunner.runChildren(ParentRunner.java:229)
	at org.junit.runners.ParentRunner.access$000(ParentRunner.java:50)
	at org.junit.runners.ParentRunner$2.evaluate(ParentRunner.java:222)
	at org.junit.runners.ParentRunner.run(ParentRunner.java:300)
	at org.junit.runners.Suite.runChild(Suite.java:128)
	at org.junit.runners.Suite.runChild(Suite.java:24)
	at org.junit.runners.ParentRunner$3.run(ParentRunner.java:231)
	at org.junit.runners.ParentRunner$1.schedule(ParentRunner.java:60)
	at org.junit.runners.ParentRunner.runChildren(ParentRunner.java:229)
	at org.junit.runners.ParentRunner.access$000(ParentRunner.java:50)
	at org.junit.runners.ParentRunner$2.evaluate(ParentRunner.java:222)
	at org.junit.runners.ParentRunner.run(ParentRunner.java:300)
	at org.junit.runner.JUnitCore.run(JUnitCore.java:157)
	at org.junit.runner.JUnitCore.run(JUnitCore.java:136)
	at com.novocode.junit.JUnitRunner.run(JUnitRunner.java:87)
	at sbt.RunnerWrapper$1.runRunner2(FrameworkWrapper.java:223)
	at sbt.RunnerWrapper$1.execute(FrameworkWrapper.java:236)
	at sbt.ForkMain$Run$2.call(ForkMain.java:296)
	at sbt.ForkMain$Run$2.call(ForkMain.java:286)
	at java.util.concurrent.FutureTask.run(FutureTask.java:266)
	at java.util.concurrent.ThreadPoolExecutor.runWorker(ThreadPoolExecutor.java:1142)
	at java.util.concurrent.ThreadPoolExecutor$Worker.run(ThreadPoolExecutor.java:617)
	at java.lang.Thread.run(Thread.java:745)
</failure>
                                               </testcase><testcase classname="l3.test.CPSOptimizer_Greybox" name="testDCELetPrimitive" time="-0.001">
                                                 
                                               </testcase><testcase classname="l3.test.CPSOptimizer_Greybox" name="testFunInliningCrasher" time="-0.001">
                                                 <failure message="java.lang.AssertionError: assertion failed: Checks failed for: 
(letrec ((f (fun (x) (if (@ = x 0) 0 (g (@ - x 1))))) (g (fun (y) (f y))) (h (fun (z) z))) (f 0))
Statistics:
Instruction Stats
=================
       5  LetL
       3  LetC
       1  AppC
       1  AppF
       1  LetF
       1  If
       1  Halt
       1  LetP

Value Primitives Stats
======================
       1  CPSArithShiftR$

Logic Primitives Stats
======================
       1  CPSEq$

Functions defined: 2
Continuations defined: 3
" type="sbt.ForkMain$ForkError">sbt.ForkMain$ForkError: java.lang.AssertionError: assertion failed: Checks failed for: 
(letrec ((f (fun (x) (if (@ = x 0) 0 (g (@ - x 1))))) (g (fun (y) (f y))) (h (fun (z) z))) (f 0))
Statistics:
Instruction Stats
=================
       5  LetL
       3  LetC
       1  AppC
       1  AppF
       1  LetF
       1  If
       1  Halt
       1  LetP

Value Primitives Stats
======================
       1  CPSArithShiftR$

Logic Primitives Stats
======================
       1  CPSEq$

Functions defined: 2
Continuations defined: 3

	at scala.Predef$.assert(Predef.scala:165)
	at l3.test.infrastructure.CPSOptTest.testCPSOptStats(CPSOptTest.scala:65)
	at l3.test.infrastructure.CPSOptTest.testCPSOptEarly(CPSOptTest.scala:69)
	at l3.test.CPSOptimizer_Greybox.testFunInliningCrasher(CPSOptimizer_Greybox.scala:58)
	at sun.reflect.NativeMethodAccessorImpl.invoke0(Native Method)
	at sun.reflect.NativeMethodAccessorImpl.invoke(NativeMethodAccessorImpl.java:62)
	at sun.reflect.DelegatingMethodAccessorImpl.invoke(DelegatingMethodAccessorImpl.java:43)
	at java.lang.reflect.Method.invoke(Method.java:497)
	at org.junit.runners.model.FrameworkMethod$1.runReflectiveCall(FrameworkMethod.java:45)
	at org.junit.internal.runners.model.ReflectiveCallable.run(ReflectiveCallable.java:15)
	at org.junit.runners.model.FrameworkMethod.invokeExplosively(FrameworkMethod.java:42)
	at org.junit.internal.runners.statements.InvokeMethod.evaluate(InvokeMethod.java:20)
	at org.junit.runners.ParentRunner.runLeaf(ParentRunner.java:263)
	at org.junit.runners.BlockJUnit4ClassRunner.runChild(BlockJUnit4ClassRunner.java:68)
	at org.junit.runners.BlockJUnit4ClassRunner.runChild(BlockJUnit4ClassRunner.java:47)
	at org.junit.runners.ParentRunner$3.run(ParentRunner.java:231)
	at org.junit.runners.ParentRunner$1.schedule(ParentRunner.java:60)
	at org.junit.runners.ParentRunner.runChildren(ParentRunner.java:229)
	at org.junit.runners.ParentRunner.access$000(ParentRunner.java:50)
	at org.junit.runners.ParentRunner$2.evaluate(ParentRunner.java:222)
	at org.junit.runners.ParentRunner.run(ParentRunner.java:300)
	at org.junit.runners.Suite.runChild(Suite.java:128)
	at org.junit.runners.Suite.runChild(Suite.java:24)
	at org.junit.runners.ParentRunner$3.run(ParentRunner.java:231)
	at org.junit.runners.ParentRunner$1.schedule(ParentRunner.java:60)
	at org.junit.runners.ParentRunner.runChildren(ParentRunner.java:229)
	at org.junit.runners.ParentRunner.access$000(ParentRunner.java:50)
	at org.junit.runners.ParentRunner$2.evaluate(ParentRunner.java:222)
	at org.junit.runners.ParentRunner.run(ParentRunner.java:300)
	at org.junit.runner.JUnitCore.run(JUnitCore.java:157)
	at org.junit.runner.JUnitCore.run(JUnitCore.java:136)
	at com.novocode.junit.JUnitRunner.run(JUnitRunner.java:87)
	at sbt.RunnerWrapper$1.runRunner2(FrameworkWrapper.java:223)
	at sbt.RunnerWrapper$1.execute(FrameworkWrapper.java:236)
	at sbt.ForkMain$Run$2.call(ForkMain.java:296)
	at sbt.ForkMain$Run$2.call(ForkMain.java:286)
	at java.util.concurrent.FutureTask.run(FutureTask.java:266)
	at java.util.concurrent.ThreadPoolExecutor.runWorker(ThreadPoolExecutor.java:1142)
	at java.util.concurrent.ThreadPoolExecutor$Worker.run(ThreadPoolExecutor.java:617)
	at java.lang.Thread.run(Thread.java:745)
</failure>
                                               </testcase><testcase classname="l3.test.CPSOptimizer_Greybox" name="testFunInliningRecursiveTrick" time="-0.001">
                                                 <failure message="java.lang.AssertionError: assertion failed: Checks failed for: 
(letrec ((f (fun (x) (g x))) (g (fun (y) (f y))) (h (fun (z) z))) (h 3))
Statistics:
Instruction Stats
=================
       3  LetL
       1  AppC
       1  AppF
       1  LetF
       1  LetC
       1  Halt
       1  LetP

Value Primitives Stats
======================
       1  CPSArithShiftR$

Functions defined: 1
Continuations defined: 1
" type="sbt.ForkMain$ForkError">sbt.ForkMain$ForkError: java.lang.AssertionError: assertion failed: Checks failed for: 
(letrec ((f (fun (x) (g x))) (g (fun (y) (f y))) (h (fun (z) z))) (h 3))
Statistics:
Instruction Stats
=================
       3  LetL
       1  AppC
       1  AppF
       1  LetF
       1  LetC
       1  Halt
       1  LetP

Value Primitives Stats
======================
       1  CPSArithShiftR$

Functions defined: 1
Continuations defined: 1

	at scala.Predef$.assert(Predef.scala:165)
	at l3.test.infrastructure.CPSOptTest.testCPSOptStats(CPSOptTest.scala:65)
	at l3.test.infrastructure.CPSOptTest.testCPSOptEarly(CPSOptTest.scala:69)
	at l3.test.CPSOptimizer_Greybox.testFunInliningRecursiveTrick(CPSOptimizer_Greybox.scala:61)
	at sun.reflect.NativeMethodAccessorImpl.invoke0(Native Method)
	at sun.reflect.NativeMethodAccessorImpl.invoke(NativeMethodAccessorImpl.java:62)
	at sun.reflect.DelegatingMethodAccessorImpl.invoke(DelegatingMethodAccessorImpl.java:43)
	at java.lang.reflect.Method.invoke(Method.java:497)
	at org.junit.runners.model.FrameworkMethod$1.runReflectiveCall(FrameworkMethod.java:45)
	at org.junit.internal.runners.model.ReflectiveCallable.run(ReflectiveCallable.java:15)
	at org.junit.runners.model.FrameworkMethod.invokeExplosively(FrameworkMethod.java:42)
	at org.junit.internal.runners.statements.InvokeMethod.evaluate(InvokeMethod.java:20)
	at org.junit.runners.ParentRunner.runLeaf(ParentRunner.java:263)
	at org.junit.runners.BlockJUnit4ClassRunner.runChild(BlockJUnit4ClassRunner.java:68)
	at org.junit.runners.BlockJUnit4ClassRunner.runChild(BlockJUnit4ClassRunner.java:47)
	at org.junit.runners.ParentRunner$3.run(ParentRunner.java:231)
	at org.junit.runners.ParentRunner$1.schedule(ParentRunner.java:60)
	at org.junit.runners.ParentRunner.runChildren(ParentRunner.java:229)
	at org.junit.runners.ParentRunner.access$000(ParentRunner.java:50)
	at org.junit.runners.ParentRunner$2.evaluate(ParentRunner.java:222)
	at org.junit.runners.ParentRunner.run(ParentRunner.java:300)
	at org.junit.runners.Suite.runChild(Suite.java:128)
	at org.junit.runners.Suite.runChild(Suite.java:24)
	at org.junit.runners.ParentRunner$3.run(ParentRunner.java:231)
	at org.junit.runners.ParentRunner$1.schedule(ParentRunner.java:60)
	at org.junit.runners.ParentRunner.runChildren(ParentRunner.java:229)
	at org.junit.runners.ParentRunner.access$000(ParentRunner.java:50)
	at org.junit.runners.ParentRunner$2.evaluate(ParentRunner.java:222)
	at org.junit.runners.ParentRunner.run(ParentRunner.java:300)
	at org.junit.runner.JUnitCore.run(JUnitCore.java:157)
	at org.junit.runner.JUnitCore.run(JUnitCore.java:136)
	at com.novocode.junit.JUnitRunner.run(JUnitRunner.java:87)
	at sbt.RunnerWrapper$1.runRunner2(FrameworkWrapper.java:223)
	at sbt.RunnerWrapper$1.execute(FrameworkWrapper.java:236)
	at sbt.ForkMain$Run$2.call(ForkMain.java:296)
	at sbt.ForkMain$Run$2.call(ForkMain.java:286)
	at java.util.concurrent.FutureTask.run(FutureTask.java:266)
	at java.util.concurrent.ThreadPoolExecutor.runWorker(ThreadPoolExecutor.java:1142)
	at java.util.concurrent.ThreadPoolExecutor$Worker.run(ThreadPoolExecutor.java:617)
	at java.lang.Thread.run(Thread.java:745)
</failure>
                                               </testcase><testcase classname="l3.test.CPSOptimizer_Greybox" name="testContInliningInsideContBody" time="-0.001">
                                                 
                                               </testcase><testcase classname="l3.test.CPSOptimizer_Greybox" name="testConstantFoldingIntP" time="-0.001">
                                                 <failure message="java.lang.AssertionError: assertion failed: Checks failed for: 
(let ((x (@ int? 1))) #u)
Statistics:
Instruction Stats
=================
       6  LetL
       3  LetC
       2  LetP
       1  AppC
       1  LetF
       1  If
       1  Halt

Value Primitives Stats
======================
       1  CPSArithShiftR$
       1  CPSAnd$

Logic Primitives Stats
======================
       1  CPSEq$

Functions defined: 0
Continuations defined: 3
" type="sbt.ForkMain$ForkError">sbt.ForkMain$ForkError: java.lang.AssertionError: assertion failed: Checks failed for: 
(let ((x (@ int? 1))) #u)
Statistics:
Instruction Stats
=================
       6  LetL
       3  LetC
       2  LetP
       1  AppC
       1  LetF
       1  If
       1  Halt

Value Primitives Stats
======================
       1  CPSArithShiftR$
       1  CPSAnd$

Logic Primitives Stats
======================
       1  CPSEq$

Functions defined: 0
Continuations defined: 3

	at scala.Predef$.assert(Predef.scala:165)
	at l3.test.infrastructure.CPSOptTest.testCPSOptStats(CPSOptTest.scala:65)
	at l3.test.infrastructure.CPSOptTest.testCPSOptLate(CPSOptTest.scala:72)
	at l3.test.CPSOptimizer_Greybox.testConstantFoldingIntP(CPSOptimizer_Greybox.scala:76)
	at sun.reflect.NativeMethodAccessorImpl.invoke0(Native Method)
	at sun.reflect.NativeMethodAccessorImpl.invoke(NativeMethodAccessorImpl.java:62)
	at sun.reflect.DelegatingMethodAccessorImpl.invoke(DelegatingMethodAccessorImpl.java:43)
	at java.lang.reflect.Method.invoke(Method.java:497)
	at org.junit.runners.model.FrameworkMethod$1.runReflectiveCall(FrameworkMethod.java:45)
	at org.junit.internal.runners.model.ReflectiveCallable.run(ReflectiveCallable.java:15)
	at org.junit.runners.model.FrameworkMethod.invokeExplosively(FrameworkMethod.java:42)
	at org.junit.internal.runners.statements.InvokeMethod.evaluate(InvokeMethod.java:20)
	at org.junit.runners.ParentRunner.runLeaf(ParentRunner.java:263)
	at org.junit.runners.BlockJUnit4ClassRunner.runChild(BlockJUnit4ClassRunner.java:68)
	at org.junit.runners.BlockJUnit4ClassRunner.runChild(BlockJUnit4ClassRunner.java:47)
	at org.junit.runners.ParentRunner$3.run(ParentRunner.java:231)
	at org.junit.runners.ParentRunner$1.schedule(ParentRunner.java:60)
	at org.junit.runners.ParentRunner.runChildren(ParentRunner.java:229)
	at org.junit.runners.ParentRunner.access$000(ParentRunner.java:50)
	at org.junit.runners.ParentRunner$2.evaluate(ParentRunner.java:222)
	at org.junit.runners.ParentRunner.run(ParentRunner.java:300)
	at org.junit.runners.Suite.runChild(Suite.java:128)
	at org.junit.runners.Suite.runChild(Suite.java:24)
	at org.junit.runners.ParentRunner$3.run(ParentRunner.java:231)
	at org.junit.runners.ParentRunner$1.schedule(ParentRunner.java:60)
	at org.junit.runners.ParentRunner.runChildren(ParentRunner.java:229)
	at org.junit.runners.ParentRunner.access$000(ParentRunner.java:50)
	at org.junit.runners.ParentRunner$2.evaluate(ParentRunner.java:222)
	at org.junit.runners.ParentRunner.run(ParentRunner.java:300)
	at org.junit.runner.JUnitCore.run(JUnitCore.java:157)
	at org.junit.runner.JUnitCore.run(JUnitCore.java:136)
	at com.novocode.junit.JUnitRunner.run(JUnitRunner.java:87)
	at sbt.RunnerWrapper$1.runRunner2(FrameworkWrapper.java:223)
	at sbt.RunnerWrapper$1.execute(FrameworkWrapper.java:236)
	at sbt.ForkMain$Run$2.call(ForkMain.java:296)
	at sbt.ForkMain$Run$2.call(ForkMain.java:286)
	at java.util.concurrent.FutureTask.run(FutureTask.java:266)
	at java.util.concurrent.ThreadPoolExecutor.runWorker(ThreadPoolExecutor.java:1142)
	at java.util.concurrent.ThreadPoolExecutor$Worker.run(ThreadPoolExecutor.java:617)
	at java.lang.Thread.run(Thread.java:745)
</failure>
                                               </testcase><testcase classname="l3.test.CPSOptimizer_Greybox" name="testConstantFoldingIntPNot" time="-0.001">
                                                 <failure message="java.lang.AssertionError: assertion failed: Checks failed for: 
(let ((x (@ int? #u))) #u)
Statistics:
Instruction Stats
=================
       6  LetL
       3  LetC
       2  LetP
       1  AppC
       1  LetF
       1  If
       1  Halt

Value Primitives Stats
======================
       1  CPSArithShiftR$
       1  CPSAnd$

Logic Primitives Stats
======================
       1  CPSEq$

Functions defined: 0
Continuations defined: 3
" type="sbt.ForkMain$ForkError">sbt.ForkMain$ForkError: java.lang.AssertionError: assertion failed: Checks failed for: 
(let ((x (@ int? #u))) #u)
Statistics:
Instruction Stats
=================
       6  LetL
       3  LetC
       2  LetP
       1  AppC
       1  LetF
       1  If
       1  Halt

Value Primitives Stats
======================
       1  CPSArithShiftR$
       1  CPSAnd$

Logic Primitives Stats
======================
       1  CPSEq$

Functions defined: 0
Continuations defined: 3

	at scala.Predef$.assert(Predef.scala:165)
	at l3.test.infrastructure.CPSOptTest.testCPSOptStats(CPSOptTest.scala:65)
	at l3.test.infrastructure.CPSOptTest.testCPSOptLate(CPSOptTest.scala:72)
	at l3.test.CPSOptimizer_Greybox.testConstantFoldingIntPNot(CPSOptimizer_Greybox.scala:79)
	at sun.reflect.NativeMethodAccessorImpl.invoke0(Native Method)
	at sun.reflect.NativeMethodAccessorImpl.invoke(NativeMethodAccessorImpl.java:62)
	at sun.reflect.DelegatingMethodAccessorImpl.invoke(DelegatingMethodAccessorImpl.java:43)
	at java.lang.reflect.Method.invoke(Method.java:497)
	at org.junit.runners.model.FrameworkMethod$1.runReflectiveCall(FrameworkMethod.java:45)
	at org.junit.internal.runners.model.ReflectiveCallable.run(ReflectiveCallable.java:15)
	at org.junit.runners.model.FrameworkMethod.invokeExplosively(FrameworkMethod.java:42)
	at org.junit.internal.runners.statements.InvokeMethod.evaluate(InvokeMethod.java:20)
	at org.junit.runners.ParentRunner.runLeaf(ParentRunner.java:263)
	at org.junit.runners.BlockJUnit4ClassRunner.runChild(BlockJUnit4ClassRunner.java:68)
	at org.junit.runners.BlockJUnit4ClassRunner.runChild(BlockJUnit4ClassRunner.java:47)
	at org.junit.runners.ParentRunner$3.run(ParentRunner.java:231)
	at org.junit.runners.ParentRunner$1.schedule(ParentRunner.java:60)
	at org.junit.runners.ParentRunner.runChildren(ParentRunner.java:229)
	at org.junit.runners.ParentRunner.access$000(ParentRunner.java:50)
	at org.junit.runners.ParentRunner$2.evaluate(ParentRunner.java:222)
	at org.junit.runners.ParentRunner.run(ParentRunner.java:300)
	at org.junit.runners.Suite.runChild(Suite.java:128)
	at org.junit.runners.Suite.runChild(Suite.java:24)
	at org.junit.runners.ParentRunner$3.run(ParentRunner.java:231)
	at org.junit.runners.ParentRunner$1.schedule(ParentRunner.java:60)
	at org.junit.runners.ParentRunner.runChildren(ParentRunner.java:229)
	at org.junit.runners.ParentRunner.access$000(ParentRunner.java:50)
	at org.junit.runners.ParentRunner$2.evaluate(ParentRunner.java:222)
	at org.junit.runners.ParentRunner.run(ParentRunner.java:300)
	at org.junit.runner.JUnitCore.run(JUnitCore.java:157)
	at org.junit.runner.JUnitCore.run(JUnitCore.java:136)
	at com.novocode.junit.JUnitRunner.run(JUnitRunner.java:87)
	at sbt.RunnerWrapper$1.runRunner2(FrameworkWrapper.java:223)
	at sbt.RunnerWrapper$1.execute(FrameworkWrapper.java:236)
	at sbt.ForkMain$Run$2.call(ForkMain.java:296)
	at sbt.ForkMain$Run$2.call(ForkMain.java:286)
	at java.util.concurrent.FutureTask.run(FutureTask.java:266)
	at java.util.concurrent.ThreadPoolExecutor.runWorker(ThreadPoolExecutor.java:1142)
	at java.util.concurrent.ThreadPoolExecutor$Worker.run(ThreadPoolExecutor.java:617)
	at java.lang.Thread.run(Thread.java:745)
</failure>
                                               </testcase><testcase classname="l3.test.CPSOptimizer_Greybox" name="testConstantFoldingPlus" time="-0.001">
                                                 <failure message="java.lang.AssertionError: assertion failed: Checks failed for: 
(@ + 2 1)
Statistics:
Instruction Stats
=================
       2  LetL
       1  LetF
       1  Halt
       1  LetP

Value Primitives Stats
======================
       1  CPSArithShiftR$

Functions defined: 0
Continuations defined: 0
" type="sbt.ForkMain$ForkError">sbt.ForkMain$ForkError: java.lang.AssertionError: assertion failed: Checks failed for: 
(@ + 2 1)
Statistics:
Instruction Stats
=================
       2  LetL
       1  LetF
       1  Halt
       1  LetP

Value Primitives Stats
======================
       1  CPSArithShiftR$

Functions defined: 0
Continuations defined: 0

	at scala.Predef$.assert(Predef.scala:165)
	at l3.test.infrastructure.CPSOptTest.testCPSOptStats(CPSOptTest.scala:65)
	at l3.test.infrastructure.CPSOptTest.testCPSOptLate(CPSOptTest.scala:72)
	at l3.test.CPSOptimizer_Greybox.testConstantFoldingPlus(CPSOptimizer_Greybox.scala:82)
	at sun.reflect.NativeMethodAccessorImpl.invoke0(Native Method)
	at sun.reflect.NativeMethodAccessorImpl.invoke(NativeMethodAccessorImpl.java:62)
	at sun.reflect.DelegatingMethodAccessorImpl.invoke(DelegatingMethodAccessorImpl.java:43)
	at java.lang.reflect.Method.invoke(Method.java:497)
	at org.junit.runners.model.FrameworkMethod$1.runReflectiveCall(FrameworkMethod.java:45)
	at org.junit.internal.runners.model.ReflectiveCallable.run(ReflectiveCallable.java:15)
	at org.junit.runners.model.FrameworkMethod.invokeExplosively(FrameworkMethod.java:42)
	at org.junit.internal.runners.statements.InvokeMethod.evaluate(InvokeMethod.java:20)
	at org.junit.runners.ParentRunner.runLeaf(ParentRunner.java:263)
	at org.junit.runners.BlockJUnit4ClassRunner.runChild(BlockJUnit4ClassRunner.java:68)
	at org.junit.runners.BlockJUnit4ClassRunner.runChild(BlockJUnit4ClassRunner.java:47)
	at org.junit.runners.ParentRunner$3.run(ParentRunner.java:231)
	at org.junit.runners.ParentRunner$1.schedule(ParentRunner.java:60)
	at org.junit.runners.ParentRunner.runChildren(ParentRunner.java:229)
	at org.junit.runners.ParentRunner.access$000(ParentRunner.java:50)
	at org.junit.runners.ParentRunner$2.evaluate(ParentRunner.java:222)
	at org.junit.runners.ParentRunner.run(ParentRunner.java:300)
	at org.junit.runners.Suite.runChild(Suite.java:128)
	at org.junit.runners.Suite.runChild(Suite.java:24)
	at org.junit.runners.ParentRunner$3.run(ParentRunner.java:231)
	at org.junit.runners.ParentRunner$1.schedule(ParentRunner.java:60)
	at org.junit.runners.ParentRunner.runChildren(ParentRunner.java:229)
	at org.junit.runners.ParentRunner.access$000(ParentRunner.java:50)
	at org.junit.runners.ParentRunner$2.evaluate(ParentRunner.java:222)
	at org.junit.runners.ParentRunner.run(ParentRunner.java:300)
	at org.junit.runner.JUnitCore.run(JUnitCore.java:157)
	at org.junit.runner.JUnitCore.run(JUnitCore.java:136)
	at com.novocode.junit.JUnitRunner.run(JUnitRunner.java:87)
	at sbt.RunnerWrapper$1.runRunner2(FrameworkWrapper.java:223)
	at sbt.RunnerWrapper$1.execute(FrameworkWrapper.java:236)
	at sbt.ForkMain$Run$2.call(ForkMain.java:296)
	at sbt.ForkMain$Run$2.call(ForkMain.java:286)
	at java.util.concurrent.FutureTask.run(FutureTask.java:266)
	at java.util.concurrent.ThreadPoolExecutor.runWorker(ThreadPoolExecutor.java:1142)
	at java.util.concurrent.ThreadPoolExecutor$Worker.run(ThreadPoolExecutor.java:617)
	at java.lang.Thread.run(Thread.java:745)
</failure>
                                               </testcase><testcase classname="l3.test.CPSOptimizer_Greybox" name="testConstantFoldingMinus" time="-0.001">
                                                 <failure message="java.lang.AssertionError: assertion failed: Checks failed for: 
(@ - 2 1)
Statistics:
Instruction Stats
=================
       2  LetL
       1  LetF
       1  Halt
       1  LetP

Value Primitives Stats
======================
       1  CPSArithShiftR$

Functions defined: 0
Continuations defined: 0
" type="sbt.ForkMain$ForkError">sbt.ForkMain$ForkError: java.lang.AssertionError: assertion failed: Checks failed for: 
(@ - 2 1)
Statistics:
Instruction Stats
=================
       2  LetL
       1  LetF
       1  Halt
       1  LetP

Value Primitives Stats
======================
       1  CPSArithShiftR$

Functions defined: 0
Continuations defined: 0

	at scala.Predef$.assert(Predef.scala:165)
	at l3.test.infrastructure.CPSOptTest.testCPSOptStats(CPSOptTest.scala:65)
	at l3.test.infrastructure.CPSOptTest.testCPSOptLate(CPSOptTest.scala:72)
	at l3.test.CPSOptimizer_Greybox.testConstantFoldingMinus(CPSOptimizer_Greybox.scala:85)
	at sun.reflect.NativeMethodAccessorImpl.invoke0(Native Method)
	at sun.reflect.NativeMethodAccessorImpl.invoke(NativeMethodAccessorImpl.java:62)
	at sun.reflect.DelegatingMethodAccessorImpl.invoke(DelegatingMethodAccessorImpl.java:43)
	at java.lang.reflect.Method.invoke(Method.java:497)
	at org.junit.runners.model.FrameworkMethod$1.runReflectiveCall(FrameworkMethod.java:45)
	at org.junit.internal.runners.model.ReflectiveCallable.run(ReflectiveCallable.java:15)
	at org.junit.runners.model.FrameworkMethod.invokeExplosively(FrameworkMethod.java:42)
	at org.junit.internal.runners.statements.InvokeMethod.evaluate(InvokeMethod.java:20)
	at org.junit.runners.ParentRunner.runLeaf(ParentRunner.java:263)
	at org.junit.runners.BlockJUnit4ClassRunner.runChild(BlockJUnit4ClassRunner.java:68)
	at org.junit.runners.BlockJUnit4ClassRunner.runChild(BlockJUnit4ClassRunner.java:47)
	at org.junit.runners.ParentRunner$3.run(ParentRunner.java:231)
	at org.junit.runners.ParentRunner$1.schedule(ParentRunner.java:60)
	at org.junit.runners.ParentRunner.runChildren(ParentRunner.java:229)
	at org.junit.runners.ParentRunner.access$000(ParentRunner.java:50)
	at org.junit.runners.ParentRunner$2.evaluate(ParentRunner.java:222)
	at org.junit.runners.ParentRunner.run(ParentRunner.java:300)
	at org.junit.runners.Suite.runChild(Suite.java:128)
	at org.junit.runners.Suite.runChild(Suite.java:24)
	at org.junit.runners.ParentRunner$3.run(ParentRunner.java:231)
	at org.junit.runners.ParentRunner$1.schedule(ParentRunner.java:60)
	at org.junit.runners.ParentRunner.runChildren(ParentRunner.java:229)
	at org.junit.runners.ParentRunner.access$000(ParentRunner.java:50)
	at org.junit.runners.ParentRunner$2.evaluate(ParentRunner.java:222)
	at org.junit.runners.ParentRunner.run(ParentRunner.java:300)
	at org.junit.runner.JUnitCore.run(JUnitCore.java:157)
	at org.junit.runner.JUnitCore.run(JUnitCore.java:136)
	at com.novocode.junit.JUnitRunner.run(JUnitRunner.java:87)
	at sbt.RunnerWrapper$1.runRunner2(FrameworkWrapper.java:223)
	at sbt.RunnerWrapper$1.execute(FrameworkWrapper.java:236)
	at sbt.ForkMain$Run$2.call(ForkMain.java:296)
	at sbt.ForkMain$Run$2.call(ForkMain.java:286)
	at java.util.concurrent.FutureTask.run(FutureTask.java:266)
	at java.util.concurrent.ThreadPoolExecutor.runWorker(ThreadPoolExecutor.java:1142)
	at java.util.concurrent.ThreadPoolExecutor$Worker.run(ThreadPoolExecutor.java:617)
	at java.lang.Thread.run(Thread.java:745)
</failure>
                                               </testcase><testcase classname="l3.test.CPSOptimizer_Greybox" name="testConstantFoldingTimes" time="-0.001">
                                                 <failure message="java.lang.AssertionError: assertion failed: Checks failed for: 
(@ * 2 1)
Statistics:
Instruction Stats
=================
       2  LetL
       1  LetF
       1  Halt
       1  LetP

Value Primitives Stats
======================
       1  CPSArithShiftR$

Functions defined: 0
Continuations defined: 0
" type="sbt.ForkMain$ForkError">sbt.ForkMain$ForkError: java.lang.AssertionError: assertion failed: Checks failed for: 
(@ * 2 1)
Statistics:
Instruction Stats
=================
       2  LetL
       1  LetF
       1  Halt
       1  LetP

Value Primitives Stats
======================
       1  CPSArithShiftR$

Functions defined: 0
Continuations defined: 0

	at scala.Predef$.assert(Predef.scala:165)
	at l3.test.infrastructure.CPSOptTest.testCPSOptStats(CPSOptTest.scala:65)
	at l3.test.infrastructure.CPSOptTest.testCPSOptLate(CPSOptTest.scala:72)
	at l3.test.CPSOptimizer_Greybox.testConstantFoldingTimes(CPSOptimizer_Greybox.scala:88)
	at sun.reflect.NativeMethodAccessorImpl.invoke0(Native Method)
	at sun.reflect.NativeMethodAccessorImpl.invoke(NativeMethodAccessorImpl.java:62)
	at sun.reflect.DelegatingMethodAccessorImpl.invoke(DelegatingMethodAccessorImpl.java:43)
	at java.lang.reflect.Method.invoke(Method.java:497)
	at org.junit.runners.model.FrameworkMethod$1.runReflectiveCall(FrameworkMethod.java:45)
	at org.junit.internal.runners.model.ReflectiveCallable.run(ReflectiveCallable.java:15)
	at org.junit.runners.model.FrameworkMethod.invokeExplosively(FrameworkMethod.java:42)
	at org.junit.internal.runners.statements.InvokeMethod.evaluate(InvokeMethod.java:20)
	at org.junit.runners.ParentRunner.runLeaf(ParentRunner.java:263)
	at org.junit.runners.BlockJUnit4ClassRunner.runChild(BlockJUnit4ClassRunner.java:68)
	at org.junit.runners.BlockJUnit4ClassRunner.runChild(BlockJUnit4ClassRunner.java:47)
	at org.junit.runners.ParentRunner$3.run(ParentRunner.java:231)
	at org.junit.runners.ParentRunner$1.schedule(ParentRunner.java:60)
	at org.junit.runners.ParentRunner.runChildren(ParentRunner.java:229)
	at org.junit.runners.ParentRunner.access$000(ParentRunner.java:50)
	at org.junit.runners.ParentRunner$2.evaluate(ParentRunner.java:222)
	at org.junit.runners.ParentRunner.run(ParentRunner.java:300)
	at org.junit.runners.Suite.runChild(Suite.java:128)
	at org.junit.runners.Suite.runChild(Suite.java:24)
	at org.junit.runners.ParentRunner$3.run(ParentRunner.java:231)
	at org.junit.runners.ParentRunner$1.schedule(ParentRunner.java:60)
	at org.junit.runners.ParentRunner.runChildren(ParentRunner.java:229)
	at org.junit.runners.ParentRunner.access$000(ParentRunner.java:50)
	at org.junit.runners.ParentRunner$2.evaluate(ParentRunner.java:222)
	at org.junit.runners.ParentRunner.run(ParentRunner.java:300)
	at org.junit.runner.JUnitCore.run(JUnitCore.java:157)
	at org.junit.runner.JUnitCore.run(JUnitCore.java:136)
	at com.novocode.junit.JUnitRunner.run(JUnitRunner.java:87)
	at sbt.RunnerWrapper$1.runRunner2(FrameworkWrapper.java:223)
	at sbt.RunnerWrapper$1.execute(FrameworkWrapper.java:236)
	at sbt.ForkMain$Run$2.call(ForkMain.java:296)
	at sbt.ForkMain$Run$2.call(ForkMain.java:286)
	at java.util.concurrent.FutureTask.run(FutureTask.java:266)
	at java.util.concurrent.ThreadPoolExecutor.runWorker(ThreadPoolExecutor.java:1142)
	at java.util.concurrent.ThreadPoolExecutor$Worker.run(ThreadPoolExecutor.java:617)
	at java.lang.Thread.run(Thread.java:745)
</failure>
                                               </testcase><testcase classname="l3.test.CPSOptimizer_Greybox" name="testConstantFoldingDiv" time="-0.001">
                                                 <failure message="java.lang.AssertionError: assertion failed: Checks failed for: 
(@ / 2 1)
Statistics:
Instruction Stats
=================
       2  LetL
       1  LetF
       1  Halt
       1  LetP

Value Primitives Stats
======================
       1  CPSArithShiftR$

Functions defined: 0
Continuations defined: 0
" type="sbt.ForkMain$ForkError">sbt.ForkMain$ForkError: java.lang.AssertionError: assertion failed: Checks failed for: 
(@ / 2 1)
Statistics:
Instruction Stats
=================
       2  LetL
       1  LetF
       1  Halt
       1  LetP

Value Primitives Stats
======================
       1  CPSArithShiftR$

Functions defined: 0
Continuations defined: 0

	at scala.Predef$.assert(Predef.scala:165)
	at l3.test.infrastructure.CPSOptTest.testCPSOptStats(CPSOptTest.scala:65)
	at l3.test.infrastructure.CPSOptTest.testCPSOptLate(CPSOptTest.scala:72)
	at l3.test.CPSOptimizer_Greybox.testConstantFoldingDiv(CPSOptimizer_Greybox.scala:91)
	at sun.reflect.NativeMethodAccessorImpl.invoke0(Native Method)
	at sun.reflect.NativeMethodAccessorImpl.invoke(NativeMethodAccessorImpl.java:62)
	at sun.reflect.DelegatingMethodAccessorImpl.invoke(DelegatingMethodAccessorImpl.java:43)
	at java.lang.reflect.Method.invoke(Method.java:497)
	at org.junit.runners.model.FrameworkMethod$1.runReflectiveCall(FrameworkMethod.java:45)
	at org.junit.internal.runners.model.ReflectiveCallable.run(ReflectiveCallable.java:15)
	at org.junit.runners.model.FrameworkMethod.invokeExplosively(FrameworkMethod.java:42)
	at org.junit.internal.runners.statements.InvokeMethod.evaluate(InvokeMethod.java:20)
	at org.junit.runners.ParentRunner.runLeaf(ParentRunner.java:263)
	at org.junit.runners.BlockJUnit4ClassRunner.runChild(BlockJUnit4ClassRunner.java:68)
	at org.junit.runners.BlockJUnit4ClassRunner.runChild(BlockJUnit4ClassRunner.java:47)
	at org.junit.runners.ParentRunner$3.run(ParentRunner.java:231)
	at org.junit.runners.ParentRunner$1.schedule(ParentRunner.java:60)
	at org.junit.runners.ParentRunner.runChildren(ParentRunner.java:229)
	at org.junit.runners.ParentRunner.access$000(ParentRunner.java:50)
	at org.junit.runners.ParentRunner$2.evaluate(ParentRunner.java:222)
	at org.junit.runners.ParentRunner.run(ParentRunner.java:300)
	at org.junit.runners.Suite.runChild(Suite.java:128)
	at org.junit.runners.Suite.runChild(Suite.java:24)
	at org.junit.runners.ParentRunner$3.run(ParentRunner.java:231)
	at org.junit.runners.ParentRunner$1.schedule(ParentRunner.java:60)
	at org.junit.runners.ParentRunner.runChildren(ParentRunner.java:229)
	at org.junit.runners.ParentRunner.access$000(ParentRunner.java:50)
	at org.junit.runners.ParentRunner$2.evaluate(ParentRunner.java:222)
	at org.junit.runners.ParentRunner.run(ParentRunner.java:300)
	at org.junit.runner.JUnitCore.run(JUnitCore.java:157)
	at org.junit.runner.JUnitCore.run(JUnitCore.java:136)
	at com.novocode.junit.JUnitRunner.run(JUnitRunner.java:87)
	at sbt.RunnerWrapper$1.runRunner2(FrameworkWrapper.java:223)
	at sbt.RunnerWrapper$1.execute(FrameworkWrapper.java:236)
	at sbt.ForkMain$Run$2.call(ForkMain.java:296)
	at sbt.ForkMain$Run$2.call(ForkMain.java:286)
	at java.util.concurrent.FutureTask.run(FutureTask.java:266)
	at java.util.concurrent.ThreadPoolExecutor.runWorker(ThreadPoolExecutor.java:1142)
	at java.util.concurrent.ThreadPoolExecutor$Worker.run(ThreadPoolExecutor.java:617)
	at java.lang.Thread.run(Thread.java:745)
</failure>
                                               </testcase><testcase classname="l3.test.CPSOptimizer_Greybox" name="testConstantFoldingMod" time="-0.001">
                                                 <failure message="java.lang.AssertionError: assertion failed: Checks failed for: 
(@ % 2 1)
Statistics:
Instruction Stats
=================
       2  LetL
       1  LetF
       1  Halt
       1  LetP

Value Primitives Stats
======================
       1  CPSArithShiftR$

Functions defined: 0
Continuations defined: 0
" type="sbt.ForkMain$ForkError">sbt.ForkMain$ForkError: java.lang.AssertionError: assertion failed: Checks failed for: 
(@ % 2 1)
Statistics:
Instruction Stats
=================
       2  LetL
       1  LetF
       1  Halt
       1  LetP

Value Primitives Stats
======================
       1  CPSArithShiftR$

Functions defined: 0
Continuations defined: 0

	at scala.Predef$.assert(Predef.scala:165)
	at l3.test.infrastructure.CPSOptTest.testCPSOptStats(CPSOptTest.scala:65)
	at l3.test.infrastructure.CPSOptTest.testCPSOptLate(CPSOptTest.scala:72)
	at l3.test.CPSOptimizer_Greybox.testConstantFoldingMod(CPSOptimizer_Greybox.scala:94)
	at sun.reflect.NativeMethodAccessorImpl.invoke0(Native Method)
	at sun.reflect.NativeMethodAccessorImpl.invoke(NativeMethodAccessorImpl.java:62)
	at sun.reflect.DelegatingMethodAccessorImpl.invoke(DelegatingMethodAccessorImpl.java:43)
	at java.lang.reflect.Method.invoke(Method.java:497)
	at org.junit.runners.model.FrameworkMethod$1.runReflectiveCall(FrameworkMethod.java:45)
	at org.junit.internal.runners.model.ReflectiveCallable.run(ReflectiveCallable.java:15)
	at org.junit.runners.model.FrameworkMethod.invokeExplosively(FrameworkMethod.java:42)
	at org.junit.internal.runners.statements.InvokeMethod.evaluate(InvokeMethod.java:20)
	at org.junit.runners.ParentRunner.runLeaf(ParentRunner.java:263)
	at org.junit.runners.BlockJUnit4ClassRunner.runChild(BlockJUnit4ClassRunner.java:68)
	at org.junit.runners.BlockJUnit4ClassRunner.runChild(BlockJUnit4ClassRunner.java:47)
	at org.junit.runners.ParentRunner$3.run(ParentRunner.java:231)
	at org.junit.runners.ParentRunner$1.schedule(ParentRunner.java:60)
	at org.junit.runners.ParentRunner.runChildren(ParentRunner.java:229)
	at org.junit.runners.ParentRunner.access$000(ParentRunner.java:50)
	at org.junit.runners.ParentRunner$2.evaluate(ParentRunner.java:222)
	at org.junit.runners.ParentRunner.run(ParentRunner.java:300)
	at org.junit.runners.Suite.runChild(Suite.java:128)
	at org.junit.runners.Suite.runChild(Suite.java:24)
	at org.junit.runners.ParentRunner$3.run(ParentRunner.java:231)
	at org.junit.runners.ParentRunner$1.schedule(ParentRunner.java:60)
	at org.junit.runners.ParentRunner.runChildren(ParentRunner.java:229)
	at org.junit.runners.ParentRunner.access$000(ParentRunner.java:50)
	at org.junit.runners.ParentRunner$2.evaluate(ParentRunner.java:222)
	at org.junit.runners.ParentRunner.run(ParentRunner.java:300)
	at org.junit.runner.JUnitCore.run(JUnitCore.java:157)
	at org.junit.runner.JUnitCore.run(JUnitCore.java:136)
	at com.novocode.junit.JUnitRunner.run(JUnitRunner.java:87)
	at sbt.RunnerWrapper$1.runRunner2(FrameworkWrapper.java:223)
	at sbt.RunnerWrapper$1.execute(FrameworkWrapper.java:236)
	at sbt.ForkMain$Run$2.call(ForkMain.java:296)
	at sbt.ForkMain$Run$2.call(ForkMain.java:286)
	at java.util.concurrent.FutureTask.run(FutureTask.java:266)
	at java.util.concurrent.ThreadPoolExecutor.runWorker(ThreadPoolExecutor.java:1142)
	at java.util.concurrent.ThreadPoolExecutor$Worker.run(ThreadPoolExecutor.java:617)
	at java.lang.Thread.run(Thread.java:745)
</failure>
                                               </testcase><testcase classname="l3.test.CPSOptimizer_Greybox" name="testConstantFoldingIntChar" time="-0.001">
                                                 <failure message="java.lang.AssertionError: assertion failed: Checks failed for: 
(@int-&gt;char 10)
Statistics:
Instruction Stats
=================
       2  LetL
       1  LetF
       1  Halt
       1  LetP

Value Primitives Stats
======================
       1  CPSArithShiftR$

Functions defined: 0
Continuations defined: 0
" type="sbt.ForkMain$ForkError">sbt.ForkMain$ForkError: java.lang.AssertionError: assertion failed: Checks failed for: 
(@int-&gt;char 10)
Statistics:
Instruction Stats
=================
       2  LetL
       1  LetF
       1  Halt
       1  LetP

Value Primitives Stats
======================
       1  CPSArithShiftR$

Functions defined: 0
Continuations defined: 0

	at scala.Predef$.assert(Predef.scala:165)
	at l3.test.infrastructure.CPSOptTest.testCPSOptStats(CPSOptTest.scala:65)
	at l3.test.infrastructure.CPSOptTest.testCPSOptLate(CPSOptTest.scala:72)
	at l3.test.CPSOptimizer_Greybox.testConstantFoldingIntChar(CPSOptimizer_Greybox.scala:97)
	at sun.reflect.NativeMethodAccessorImpl.invoke0(Native Method)
	at sun.reflect.NativeMethodAccessorImpl.invoke(NativeMethodAccessorImpl.java:62)
	at sun.reflect.DelegatingMethodAccessorImpl.invoke(DelegatingMethodAccessorImpl.java:43)
	at java.lang.reflect.Method.invoke(Method.java:497)
	at org.junit.runners.model.FrameworkMethod$1.runReflectiveCall(FrameworkMethod.java:45)
	at org.junit.internal.runners.model.ReflectiveCallable.run(ReflectiveCallable.java:15)
	at org.junit.runners.model.FrameworkMethod.invokeExplosively(FrameworkMethod.java:42)
	at org.junit.internal.runners.statements.InvokeMethod.evaluate(InvokeMethod.java:20)
	at org.junit.runners.ParentRunner.runLeaf(ParentRunner.java:263)
	at org.junit.runners.BlockJUnit4ClassRunner.runChild(BlockJUnit4ClassRunner.java:68)
	at org.junit.runners.BlockJUnit4ClassRunner.runChild(BlockJUnit4ClassRunner.java:47)
	at org.junit.runners.ParentRunner$3.run(ParentRunner.java:231)
	at org.junit.runners.ParentRunner$1.schedule(ParentRunner.java:60)
	at org.junit.runners.ParentRunner.runChildren(ParentRunner.java:229)
	at org.junit.runners.ParentRunner.access$000(ParentRunner.java:50)
	at org.junit.runners.ParentRunner$2.evaluate(ParentRunner.java:222)
	at org.junit.runners.ParentRunner.run(ParentRunner.java:300)
	at org.junit.runners.Suite.runChild(Suite.java:128)
	at org.junit.runners.Suite.runChild(Suite.java:24)
	at org.junit.runners.ParentRunner$3.run(ParentRunner.java:231)
	at org.junit.runners.ParentRunner$1.schedule(ParentRunner.java:60)
	at org.junit.runners.ParentRunner.runChildren(ParentRunner.java:229)
	at org.junit.runners.ParentRunner.access$000(ParentRunner.java:50)
	at org.junit.runners.ParentRunner$2.evaluate(ParentRunner.java:222)
	at org.junit.runners.ParentRunner.run(ParentRunner.java:300)
	at org.junit.runner.JUnitCore.run(JUnitCore.java:157)
	at org.junit.runner.JUnitCore.run(JUnitCore.java:136)
	at com.novocode.junit.JUnitRunner.run(JUnitRunner.java:87)
	at sbt.RunnerWrapper$1.runRunner2(FrameworkWrapper.java:223)
	at sbt.RunnerWrapper$1.execute(FrameworkWrapper.java:236)
	at sbt.ForkMain$Run$2.call(ForkMain.java:296)
	at sbt.ForkMain$Run$2.call(ForkMain.java:286)
	at java.util.concurrent.FutureTask.run(FutureTask.java:266)
	at java.util.concurrent.ThreadPoolExecutor.runWorker(ThreadPoolExecutor.java:1142)
	at java.util.concurrent.ThreadPoolExecutor$Worker.run(ThreadPoolExecutor.java:617)
	at java.lang.Thread.run(Thread.java:745)
</failure>
                                               </testcase><testcase classname="l3.test.CPSOptimizer_Greybox" name="testConstantFoldingCharInt" time="-0.001">
                                                 <failure message="java.lang.AssertionError: assertion failed: Checks failed for: 
(@int-&gt;char 10)
Statistics:
Instruction Stats
=================
       2  LetL
       1  LetF
       1  Halt
       1  LetP

Value Primitives Stats
======================
       1  CPSArithShiftR$

Functions defined: 0
Continuations defined: 0
" type="sbt.ForkMain$ForkError">sbt.ForkMain$ForkError: java.lang.AssertionError: assertion failed: Checks failed for: 
(@int-&gt;char 10)
Statistics:
Instruction Stats
=================
       2  LetL
       1  LetF
       1  Halt
       1  LetP

Value Primitives Stats
======================
       1  CPSArithShiftR$

Functions defined: 0
Continuations defined: 0

	at scala.Predef$.assert(Predef.scala:165)
	at l3.test.infrastructure.CPSOptTest.testCPSOptStats(CPSOptTest.scala:65)
	at l3.test.infrastructure.CPSOptTest.testCPSOptLate(CPSOptTest.scala:72)
	at l3.test.CPSOptimizer_Greybox.testConstantFoldingCharInt(CPSOptimizer_Greybox.scala:100)
	at sun.reflect.NativeMethodAccessorImpl.invoke0(Native Method)
	at sun.reflect.NativeMethodAccessorImpl.invoke(NativeMethodAccessorImpl.java:62)
	at sun.reflect.DelegatingMethodAccessorImpl.invoke(DelegatingMethodAccessorImpl.java:43)
	at java.lang.reflect.Method.invoke(Method.java:497)
	at org.junit.runners.model.FrameworkMethod$1.runReflectiveCall(FrameworkMethod.java:45)
	at org.junit.internal.runners.model.ReflectiveCallable.run(ReflectiveCallable.java:15)
	at org.junit.runners.model.FrameworkMethod.invokeExplosively(FrameworkMethod.java:42)
	at org.junit.internal.runners.statements.InvokeMethod.evaluate(InvokeMethod.java:20)
	at org.junit.runners.ParentRunner.runLeaf(ParentRunner.java:263)
	at org.junit.runners.BlockJUnit4ClassRunner.runChild(BlockJUnit4ClassRunner.java:68)
	at org.junit.runners.BlockJUnit4ClassRunner.runChild(BlockJUnit4ClassRunner.java:47)
	at org.junit.runners.ParentRunner$3.run(ParentRunner.java:231)
	at org.junit.runners.ParentRunner$1.schedule(ParentRunner.java:60)
	at org.junit.runners.ParentRunner.runChildren(ParentRunner.java:229)
	at org.junit.runners.ParentRunner.access$000(ParentRunner.java:50)
	at org.junit.runners.ParentRunner$2.evaluate(ParentRunner.java:222)
	at org.junit.runners.ParentRunner.run(ParentRunner.java:300)
	at org.junit.runners.Suite.runChild(Suite.java:128)
	at org.junit.runners.Suite.runChild(Suite.java:24)
	at org.junit.runners.ParentRunner$3.run(ParentRunner.java:231)
	at org.junit.runners.ParentRunner$1.schedule(ParentRunner.java:60)
	at org.junit.runners.ParentRunner.runChildren(ParentRunner.java:229)
	at org.junit.runners.ParentRunner.access$000(ParentRunner.java:50)
	at org.junit.runners.ParentRunner$2.evaluate(ParentRunner.java:222)
	at org.junit.runners.ParentRunner.run(ParentRunner.java:300)
	at org.junit.runner.JUnitCore.run(JUnitCore.java:157)
	at org.junit.runner.JUnitCore.run(JUnitCore.java:136)
	at com.novocode.junit.JUnitRunner.run(JUnitRunner.java:87)
	at sbt.RunnerWrapper$1.runRunner2(FrameworkWrapper.java:223)
	at sbt.RunnerWrapper$1.execute(FrameworkWrapper.java:236)
	at sbt.ForkMain$Run$2.call(ForkMain.java:296)
	at sbt.ForkMain$Run$2.call(ForkMain.java:286)
	at java.util.concurrent.FutureTask.run(FutureTask.java:266)
	at java.util.concurrent.ThreadPoolExecutor.runWorker(ThreadPoolExecutor.java:1142)
	at java.util.concurrent.ThreadPoolExecutor$Worker.run(ThreadPoolExecutor.java:617)
	at java.lang.Thread.run(Thread.java:745)
</failure>
                                               </testcase><testcase classname="l3.test.CPSOptimizer_Greybox" name="testConstantFoldingTypePrims" time="-0.001">
                                                 <failure message="java.lang.AssertionError: assertion failed: Checks failed for: 
(@ bool? #t)
Statistics:
Instruction Stats
=================
       6  LetL
       3  LetC
       2  LetP
       1  AppC
       1  LetF
       1  If
       1  Halt

Value Primitives Stats
======================
       1  CPSArithShiftR$
       1  CPSAnd$

Logic Primitives Stats
======================
       1  CPSEq$

Functions defined: 0
Continuations defined: 3
" type="sbt.ForkMain$ForkError">sbt.ForkMain$ForkError: java.lang.AssertionError: assertion failed: Checks failed for: 
(@ bool? #t)
Statistics:
Instruction Stats
=================
       6  LetL
       3  LetC
       2  LetP
       1  AppC
       1  LetF
       1  If
       1  Halt

Value Primitives Stats
======================
       1  CPSArithShiftR$
       1  CPSAnd$

Logic Primitives Stats
======================
       1  CPSEq$

Functions defined: 0
Continuations defined: 3

	at scala.Predef$.assert(Predef.scala:165)
	at l3.test.infrastructure.CPSOptTest.testCPSOptStats(CPSOptTest.scala:65)
	at l3.test.infrastructure.CPSOptTest.testCPSOptEarly(CPSOptTest.scala:69)
	at l3.test.CPSOptimizer_Greybox$$anonfun$testConstantFoldingTypePrims$1$$anonfun$apply$1.apply(CPSOptimizer_Greybox.scala:107)
	at l3.test.CPSOptimizer_Greybox$$anonfun$testConstantFoldingTypePrims$1$$anonfun$apply$1.apply(CPSOptimizer_Greybox.scala:104)
	at scala.collection.immutable.List.foreach(List.scala:381)
	at l3.test.CPSOptimizer_Greybox$$anonfun$testConstantFoldingTypePrims$1.apply(CPSOptimizer_Greybox.scala:104)
	at l3.test.CPSOptimizer_Greybox$$anonfun$testConstantFoldingTypePrims$1.apply(CPSOptimizer_Greybox.scala:103)
	at scala.collection.immutable.List.foreach(List.scala:381)
	at l3.test.CPSOptimizer_Greybox.testConstantFoldingTypePrims(CPSOptimizer_Greybox.scala:103)
	at sun.reflect.NativeMethodAccessorImpl.invoke0(Native Method)
	at sun.reflect.NativeMethodAccessorImpl.invoke(NativeMethodAccessorImpl.java:62)
	at sun.reflect.DelegatingMethodAccessorImpl.invoke(DelegatingMethodAccessorImpl.java:43)
	at java.lang.reflect.Method.invoke(Method.java:497)
	at org.junit.runners.model.FrameworkMethod$1.runReflectiveCall(FrameworkMethod.java:45)
	at org.junit.internal.runners.model.ReflectiveCallable.run(ReflectiveCallable.java:15)
	at org.junit.runners.model.FrameworkMethod.invokeExplosively(FrameworkMethod.java:42)
	at org.junit.internal.runners.statements.InvokeMethod.evaluate(InvokeMethod.java:20)
	at org.junit.runners.ParentRunner.runLeaf(ParentRunner.java:263)
	at org.junit.runners.BlockJUnit4ClassRunner.runChild(BlockJUnit4ClassRunner.java:68)
	at org.junit.runners.BlockJUnit4ClassRunner.runChild(BlockJUnit4ClassRunner.java:47)
	at org.junit.runners.ParentRunner$3.run(ParentRunner.java:231)
	at org.junit.runners.ParentRunner$1.schedule(ParentRunner.java:60)
	at org.junit.runners.ParentRunner.runChildren(ParentRunner.java:229)
	at org.junit.runners.ParentRunner.access$000(ParentRunner.java:50)
	at org.junit.runners.ParentRunner$2.evaluate(ParentRunner.java:222)
	at org.junit.runners.ParentRunner.run(ParentRunner.java:300)
	at org.junit.runners.Suite.runChild(Suite.java:128)
	at org.junit.runners.Suite.runChild(Suite.java:24)
	at org.junit.runners.ParentRunner$3.run(ParentRunner.java:231)
	at org.junit.runners.ParentRunner$1.schedule(ParentRunner.java:60)
	at org.junit.runners.ParentRunner.runChildren(ParentRunner.java:229)
	at org.junit.runners.ParentRunner.access$000(ParentRunner.java:50)
	at org.junit.runners.ParentRunner$2.evaluate(ParentRunner.java:222)
	at org.junit.runners.ParentRunner.run(ParentRunner.java:300)
	at org.junit.runner.JUnitCore.run(JUnitCore.java:157)
	at org.junit.runner.JUnitCore.run(JUnitCore.java:136)
	at com.novocode.junit.JUnitRunner.run(JUnitRunner.java:87)
	at sbt.RunnerWrapper$1.runRunner2(FrameworkWrapper.java:223)
	at sbt.RunnerWrapper$1.execute(FrameworkWrapper.java:236)
	at sbt.ForkMain$Run$2.call(ForkMain.java:296)
	at sbt.ForkMain$Run$2.call(ForkMain.java:286)
	at java.util.concurrent.FutureTask.run(FutureTask.java:266)
	at java.util.concurrent.ThreadPoolExecutor.runWorker(ThreadPoolExecutor.java:1142)
	at java.util.concurrent.ThreadPoolExecutor$Worker.run(ThreadPoolExecutor.java:617)
	at java.lang.Thread.run(Thread.java:745)
</failure>
                                               </testcase><testcase classname="l3.test.CPSOptimizer_Greybox" name="testConstantFoldingBooleanAnd" time="-0.001">
                                                 <failure message="java.lang.AssertionError: assertion failed: Checks failed for: 
(and #t #f)
Statistics:
Instruction Stats
=================
       5  LetL
       3  LetC
       1  AppC
       1  LetF
       1  If
       1  Halt
       1  LetP

Value Primitives Stats
======================
       1  CPSArithShiftR$

Logic Primitives Stats
======================
       1  CPSNe$

Functions defined: 0
Continuations defined: 3
" type="sbt.ForkMain$ForkError">sbt.ForkMain$ForkError: java.lang.AssertionError: assertion failed: Checks failed for: 
(and #t #f)
Statistics:
Instruction Stats
=================
       5  LetL
       3  LetC
       1  AppC
       1  LetF
       1  If
       1  Halt
       1  LetP

Value Primitives Stats
======================
       1  CPSArithShiftR$

Logic Primitives Stats
======================
       1  CPSNe$

Functions defined: 0
Continuations defined: 3

	at scala.Predef$.assert(Predef.scala:165)
	at l3.test.infrastructure.CPSOptTest.testCPSOptStats(CPSOptTest.scala:65)
	at l3.test.infrastructure.CPSOptTest.testCPSOptEarly(CPSOptTest.scala:69)
	at l3.test.CPSOptimizer_Greybox.testConstantFoldingBooleanAnd(CPSOptimizer_Greybox.scala:112)
	at sun.reflect.NativeMethodAccessorImpl.invoke0(Native Method)
	at sun.reflect.NativeMethodAccessorImpl.invoke(NativeMethodAccessorImpl.java:62)
	at sun.reflect.DelegatingMethodAccessorImpl.invoke(DelegatingMethodAccessorImpl.java:43)
	at java.lang.reflect.Method.invoke(Method.java:497)
	at org.junit.runners.model.FrameworkMethod$1.runReflectiveCall(FrameworkMethod.java:45)
	at org.junit.internal.runners.model.ReflectiveCallable.run(ReflectiveCallable.java:15)
	at org.junit.runners.model.FrameworkMethod.invokeExplosively(FrameworkMethod.java:42)
	at org.junit.internal.runners.statements.InvokeMethod.evaluate(InvokeMethod.java:20)
	at org.junit.runners.ParentRunner.runLeaf(ParentRunner.java:263)
	at org.junit.runners.BlockJUnit4ClassRunner.runChild(BlockJUnit4ClassRunner.java:68)
	at org.junit.runners.BlockJUnit4ClassRunner.runChild(BlockJUnit4ClassRunner.java:47)
	at org.junit.runners.ParentRunner$3.run(ParentRunner.java:231)
	at org.junit.runners.ParentRunner$1.schedule(ParentRunner.java:60)
	at org.junit.runners.ParentRunner.runChildren(ParentRunner.java:229)
	at org.junit.runners.ParentRunner.access$000(ParentRunner.java:50)
	at org.junit.runners.ParentRunner$2.evaluate(ParentRunner.java:222)
	at org.junit.runners.ParentRunner.run(ParentRunner.java:300)
	at org.junit.runners.Suite.runChild(Suite.java:128)
	at org.junit.runners.Suite.runChild(Suite.java:24)
	at org.junit.runners.ParentRunner$3.run(ParentRunner.java:231)
	at org.junit.runners.ParentRunner$1.schedule(ParentRunner.java:60)
	at org.junit.runners.ParentRunner.runChildren(ParentRunner.java:229)
	at org.junit.runners.ParentRunner.access$000(ParentRunner.java:50)
	at org.junit.runners.ParentRunner$2.evaluate(ParentRunner.java:222)
	at org.junit.runners.ParentRunner.run(ParentRunner.java:300)
	at org.junit.runner.JUnitCore.run(JUnitCore.java:157)
	at org.junit.runner.JUnitCore.run(JUnitCore.java:136)
	at com.novocode.junit.JUnitRunner.run(JUnitRunner.java:87)
	at sbt.RunnerWrapper$1.runRunner2(FrameworkWrapper.java:223)
	at sbt.RunnerWrapper$1.execute(FrameworkWrapper.java:236)
	at sbt.ForkMain$Run$2.call(ForkMain.java:296)
	at sbt.ForkMain$Run$2.call(ForkMain.java:286)
	at java.util.concurrent.FutureTask.run(FutureTask.java:266)
	at java.util.concurrent.ThreadPoolExecutor.runWorker(ThreadPoolExecutor.java:1142)
	at java.util.concurrent.ThreadPoolExecutor$Worker.run(ThreadPoolExecutor.java:617)
	at java.lang.Thread.run(Thread.java:745)
</failure>
                                               </testcase><testcase classname="l3.test.CPSOptimizer_Greybox" name="testConstantFoldingBooleanOr" time="-0.001">
                                                 <failure message="java.lang.AssertionError: assertion failed: Checks failed for: 
(or #t #f)
Statistics:
Instruction Stats
=================
       4  LetL
       3  LetC
       2  LetP
       1  AppC
       1  LetF
       1  If
       1  Halt

Value Primitives Stats
======================
       1  CPSId$
       1  CPSArithShiftR$

Logic Primitives Stats
======================
       1  CPSNe$

Functions defined: 0
Continuations defined: 3
" type="sbt.ForkMain$ForkError">sbt.ForkMain$ForkError: java.lang.AssertionError: assertion failed: Checks failed for: 
(or #t #f)
Statistics:
Instruction Stats
=================
       4  LetL
       3  LetC
       2  LetP
       1  AppC
       1  LetF
       1  If
       1  Halt

Value Primitives Stats
======================
       1  CPSId$
       1  CPSArithShiftR$

Logic Primitives Stats
======================
       1  CPSNe$

Functions defined: 0
Continuations defined: 3

	at scala.Predef$.assert(Predef.scala:165)
	at l3.test.infrastructure.CPSOptTest.testCPSOptStats(CPSOptTest.scala:65)
	at l3.test.infrastructure.CPSOptTest.testCPSOptEarly(CPSOptTest.scala:69)
	at l3.test.CPSOptimizer_Greybox.testConstantFoldingBooleanOr(CPSOptimizer_Greybox.scala:115)
	at sun.reflect.NativeMethodAccessorImpl.invoke0(Native Method)
	at sun.reflect.NativeMethodAccessorImpl.invoke(NativeMethodAccessorImpl.java:62)
	at sun.reflect.DelegatingMethodAccessorImpl.invoke(DelegatingMethodAccessorImpl.java:43)
	at java.lang.reflect.Method.invoke(Method.java:497)
	at org.junit.runners.model.FrameworkMethod$1.runReflectiveCall(FrameworkMethod.java:45)
	at org.junit.internal.runners.model.ReflectiveCallable.run(ReflectiveCallable.java:15)
	at org.junit.runners.model.FrameworkMethod.invokeExplosively(FrameworkMethod.java:42)
	at org.junit.internal.runners.statements.InvokeMethod.evaluate(InvokeMethod.java:20)
	at org.junit.runners.ParentRunner.runLeaf(ParentRunner.java:263)
	at org.junit.runners.BlockJUnit4ClassRunner.runChild(BlockJUnit4ClassRunner.java:68)
	at org.junit.runners.BlockJUnit4ClassRunner.runChild(BlockJUnit4ClassRunner.java:47)
	at org.junit.runners.ParentRunner$3.run(ParentRunner.java:231)
	at org.junit.runners.ParentRunner$1.schedule(ParentRunner.java:60)
	at org.junit.runners.ParentRunner.runChildren(ParentRunner.java:229)
	at org.junit.runners.ParentRunner.access$000(ParentRunner.java:50)
	at org.junit.runners.ParentRunner$2.evaluate(ParentRunner.java:222)
	at org.junit.runners.ParentRunner.run(ParentRunner.java:300)
	at org.junit.runners.Suite.runChild(Suite.java:128)
	at org.junit.runners.Suite.runChild(Suite.java:24)
	at org.junit.runners.ParentRunner$3.run(ParentRunner.java:231)
	at org.junit.runners.ParentRunner$1.schedule(ParentRunner.java:60)
	at org.junit.runners.ParentRunner.runChildren(ParentRunner.java:229)
	at org.junit.runners.ParentRunner.access$000(ParentRunner.java:50)
	at org.junit.runners.ParentRunner$2.evaluate(ParentRunner.java:222)
	at org.junit.runners.ParentRunner.run(ParentRunner.java:300)
	at org.junit.runner.JUnitCore.run(JUnitCore.java:157)
	at org.junit.runner.JUnitCore.run(JUnitCore.java:136)
	at com.novocode.junit.JUnitRunner.run(JUnitRunner.java:87)
	at sbt.RunnerWrapper$1.runRunner2(FrameworkWrapper.java:223)
	at sbt.RunnerWrapper$1.execute(FrameworkWrapper.java:236)
	at sbt.ForkMain$Run$2.call(ForkMain.java:296)
	at sbt.ForkMain$Run$2.call(ForkMain.java:286)
	at java.util.concurrent.FutureTask.run(FutureTask.java:266)
	at java.util.concurrent.ThreadPoolExecutor.runWorker(ThreadPoolExecutor.java:1142)
	at java.util.concurrent.ThreadPoolExecutor$Worker.run(ThreadPoolExecutor.java:617)
	at java.lang.Thread.run(Thread.java:745)
</failure>
                                               </testcase><testcase classname="l3.test.CPSOptimizer_Greybox" name="testConstantFoldDCEContinuations" time="-0.001">
                                                 <failure message="java.lang.AssertionError: assertion failed: Checks failed for: 
(if #t 1)
Statistics:
Instruction Stats
=================
       5  LetL
       3  LetC
       1  AppC
       1  LetF
       1  If
       1  Halt
       1  LetP

Value Primitives Stats
======================
       1  CPSArithShiftR$

Logic Primitives Stats
======================
       1  CPSNe$

Functions defined: 0
Continuations defined: 3
" type="sbt.ForkMain$ForkError">sbt.ForkMain$ForkError: java.lang.AssertionError: assertion failed: Checks failed for: 
(if #t 1)
Statistics:
Instruction Stats
=================
       5  LetL
       3  LetC
       1  AppC
       1  LetF
       1  If
       1  Halt
       1  LetP

Value Primitives Stats
======================
       1  CPSArithShiftR$

Logic Primitives Stats
======================
       1  CPSNe$

Functions defined: 0
Continuations defined: 3

	at scala.Predef$.assert(Predef.scala:165)
	at l3.test.infrastructure.CPSOptTest.testCPSOptStats(CPSOptTest.scala:65)
	at l3.test.infrastructure.CPSOptTest.testCPSOptEarly(CPSOptTest.scala:69)
	at l3.test.CPSOptimizer_Greybox.testConstantFoldDCEContinuations(CPSOptimizer_Greybox.scala:118)
	at sun.reflect.NativeMethodAccessorImpl.invoke0(Native Method)
	at sun.reflect.NativeMethodAccessorImpl.invoke(NativeMethodAccessorImpl.java:62)
	at sun.reflect.DelegatingMethodAccessorImpl.invoke(DelegatingMethodAccessorImpl.java:43)
	at java.lang.reflect.Method.invoke(Method.java:497)
	at org.junit.runners.model.FrameworkMethod$1.runReflectiveCall(FrameworkMethod.java:45)
	at org.junit.internal.runners.model.ReflectiveCallable.run(ReflectiveCallable.java:15)
	at org.junit.runners.model.FrameworkMethod.invokeExplosively(FrameworkMethod.java:42)
	at org.junit.internal.runners.statements.InvokeMethod.evaluate(InvokeMethod.java:20)
	at org.junit.runners.ParentRunner.runLeaf(ParentRunner.java:263)
	at org.junit.runners.BlockJUnit4ClassRunner.runChild(BlockJUnit4ClassRunner.java:68)
	at org.junit.runners.BlockJUnit4ClassRunner.runChild(BlockJUnit4ClassRunner.java:47)
	at org.junit.runners.ParentRunner$3.run(ParentRunner.java:231)
	at org.junit.runners.ParentRunner$1.schedule(ParentRunner.java:60)
	at org.junit.runners.ParentRunner.runChildren(ParentRunner.java:229)
	at org.junit.runners.ParentRunner.access$000(ParentRunner.java:50)
	at org.junit.runners.ParentRunner$2.evaluate(ParentRunner.java:222)
	at org.junit.runners.ParentRunner.run(ParentRunner.java:300)
	at org.junit.runners.Suite.runChild(Suite.java:128)
	at org.junit.runners.Suite.runChild(Suite.java:24)
	at org.junit.runners.ParentRunner$3.run(ParentRunner.java:231)
	at org.junit.runners.ParentRunner$1.schedule(ParentRunner.java:60)
	at org.junit.runners.ParentRunner.runChildren(ParentRunner.java:229)
	at org.junit.runners.ParentRunner.access$000(ParentRunner.java:50)
	at org.junit.runners.ParentRunner$2.evaluate(ParentRunner.java:222)
	at org.junit.runners.ParentRunner.run(ParentRunner.java:300)
	at org.junit.runner.JUnitCore.run(JUnitCore.java:157)
	at org.junit.runner.JUnitCore.run(JUnitCore.java:136)
	at com.novocode.junit.JUnitRunner.run(JUnitRunner.java:87)
	at sbt.RunnerWrapper$1.runRunner2(FrameworkWrapper.java:223)
	at sbt.RunnerWrapper$1.execute(FrameworkWrapper.java:236)
	at sbt.ForkMain$Run$2.call(ForkMain.java:296)
	at sbt.ForkMain$Run$2.call(ForkMain.java:286)
	at java.util.concurrent.FutureTask.run(FutureTask.java:266)
	at java.util.concurrent.ThreadPoolExecutor.runWorker(ThreadPoolExecutor.java:1142)
	at java.util.concurrent.ThreadPoolExecutor$Worker.run(ThreadPoolExecutor.java:617)
	at java.lang.Thread.run(Thread.java:745)
</failure>
                                               </testcase><testcase classname="l3.test.CPSOptimizer_Greybox" name="testConstantPropagationSimple" time="-0.001">
                                                 <failure message="java.lang.AssertionError: assertion failed: Checks failed for: 
(@byte-write (@ / (@ / (@ / (@byte-read) 3) 3) 3))
Statistics:
Instruction Stats
=================
      18  LetP
      10  LetL
       1  LetF
       1  Halt

Value Primitives Stats
======================
       5  CPSArithShiftR$
       4  CPSOr$
       3  CPSDiv$
       3  CPSSub$
       1  CPSArithShiftL$
       1  CPSByteWrite$
       1  CPSByteRead$

Functions defined: 0
Continuations defined: 0
" type="sbt.ForkMain$ForkError">sbt.ForkMain$ForkError: java.lang.AssertionError: assertion failed: Checks failed for: 
(@byte-write (@ / (@ / (@ / (@byte-read) 3) 3) 3))
Statistics:
Instruction Stats
=================
      18  LetP
      10  LetL
       1  LetF
       1  Halt

Value Primitives Stats
======================
       5  CPSArithShiftR$
       4  CPSOr$
       3  CPSDiv$
       3  CPSSub$
       1  CPSArithShiftL$
       1  CPSByteWrite$
       1  CPSByteRead$

Functions defined: 0
Continuations defined: 0

	at scala.Predef$.assert(Predef.scala:165)
	at l3.test.infrastructure.CPSOptTest.testCPSOptStats(CPSOptTest.scala:65)
	at l3.test.infrastructure.CPSOptTest.testCPSBothSeq(CPSOptTest.scala:75)
	at l3.test.CPSOptimizer_Greybox.testConstantPropagationSimple(CPSOptimizer_Greybox.scala:122)
	at sun.reflect.NativeMethodAccessorImpl.invoke0(Native Method)
	at sun.reflect.NativeMethodAccessorImpl.invoke(NativeMethodAccessorImpl.java:62)
	at sun.reflect.DelegatingMethodAccessorImpl.invoke(DelegatingMethodAccessorImpl.java:43)
	at java.lang.reflect.Method.invoke(Method.java:497)
	at org.junit.runners.model.FrameworkMethod$1.runReflectiveCall(FrameworkMethod.java:45)
	at org.junit.internal.runners.model.ReflectiveCallable.run(ReflectiveCallable.java:15)
	at org.junit.runners.model.FrameworkMethod.invokeExplosively(FrameworkMethod.java:42)
	at org.junit.internal.runners.statements.InvokeMethod.evaluate(InvokeMethod.java:20)
	at org.junit.runners.ParentRunner.runLeaf(ParentRunner.java:263)
	at org.junit.runners.BlockJUnit4ClassRunner.runChild(BlockJUnit4ClassRunner.java:68)
	at org.junit.runners.BlockJUnit4ClassRunner.runChild(BlockJUnit4ClassRunner.java:47)
	at org.junit.runners.ParentRunner$3.run(ParentRunner.java:231)
	at org.junit.runners.ParentRunner$1.schedule(ParentRunner.java:60)
	at org.junit.runners.ParentRunner.runChildren(ParentRunner.java:229)
	at org.junit.runners.ParentRunner.access$000(ParentRunner.java:50)
	at org.junit.runners.ParentRunner$2.evaluate(ParentRunner.java:222)
	at org.junit.runners.ParentRunner.run(ParentRunner.java:300)
	at org.junit.runners.Suite.runChild(Suite.java:128)
	at org.junit.runners.Suite.runChild(Suite.java:24)
	at org.junit.runners.ParentRunner$3.run(ParentRunner.java:231)
	at org.junit.runners.ParentRunner$1.schedule(ParentRunner.java:60)
	at org.junit.runners.ParentRunner.runChildren(ParentRunner.java:229)
	at org.junit.runners.ParentRunner.access$000(ParentRunner.java:50)
	at org.junit.runners.ParentRunner$2.evaluate(ParentRunner.java:222)
	at org.junit.runners.ParentRunner.run(ParentRunner.java:300)
	at org.junit.runner.JUnitCore.run(JUnitCore.java:157)
	at org.junit.runner.JUnitCore.run(JUnitCore.java:136)
	at com.novocode.junit.JUnitRunner.run(JUnitRunner.java:87)
	at sbt.RunnerWrapper$1.runRunner2(FrameworkWrapper.java:223)
	at sbt.RunnerWrapper$1.execute(FrameworkWrapper.java:236)
	at sbt.ForkMain$Run$2.call(ForkMain.java:296)
	at sbt.ForkMain$Run$2.call(ForkMain.java:286)
	at java.util.concurrent.FutureTask.run(FutureTask.java:266)
	at java.util.concurrent.ThreadPoolExecutor.runWorker(ThreadPoolExecutor.java:1142)
	at java.util.concurrent.ThreadPoolExecutor$Worker.run(ThreadPoolExecutor.java:617)
	at java.lang.Thread.run(Thread.java:745)
</failure>
                                               </testcase><testcase classname="l3.test.CPSOptimizer_Greybox" name="testNeutralElementsAddZero1" time="-0.001">
                                                 <failure message="java.lang.AssertionError: assertion failed: Checks failed for: 
(let ((u (@int-&gt;char (@byte-read)))) (@byte-write (@char-&gt;int (@ + u 0))))
Statistics:
Instruction Stats
=================
      12  LetP
       8  LetL
       1  LetF
       1  Halt

Value Primitives Stats
======================
       3  CPSArithShiftR$
       2  CPSArithShiftL$
       2  CPSOr$
       1  CPSByteWrite$
       1  CPSAdd$
       1  CPSId$
       1  CPSByteRead$
       1  CPSSub$

Functions defined: 0
Continuations defined: 0
" type="sbt.ForkMain$ForkError">sbt.ForkMain$ForkError: java.lang.AssertionError: assertion failed: Checks failed for: 
(let ((u (@int-&gt;char (@byte-read)))) (@byte-write (@char-&gt;int (@ + u 0))))
Statistics:
Instruction Stats
=================
      12  LetP
       8  LetL
       1  LetF
       1  Halt

Value Primitives Stats
======================
       3  CPSArithShiftR$
       2  CPSArithShiftL$
       2  CPSOr$
       1  CPSByteWrite$
       1  CPSAdd$
       1  CPSId$
       1  CPSByteRead$
       1  CPSSub$

Functions defined: 0
Continuations defined: 0

	at scala.Predef$.assert(Predef.scala:165)
	at l3.test.infrastructure.CPSOptTest.testCPSOptStats(CPSOptTest.scala:65)
	at l3.test.infrastructure.CPSOptTest.testCPSBothSeq(CPSOptTest.scala:75)
	at l3.test.CPSOptimizer_Greybox.testNeutralElementsAddZero1(CPSOptimizer_Greybox.scala:138)
	at sun.reflect.NativeMethodAccessorImpl.invoke0(Native Method)
	at sun.reflect.NativeMethodAccessorImpl.invoke(NativeMethodAccessorImpl.java:62)
	at sun.reflect.DelegatingMethodAccessorImpl.invoke(DelegatingMethodAccessorImpl.java:43)
	at java.lang.reflect.Method.invoke(Method.java:497)
	at org.junit.runners.model.FrameworkMethod$1.runReflectiveCall(FrameworkMethod.java:45)
	at org.junit.internal.runners.model.ReflectiveCallable.run(ReflectiveCallable.java:15)
	at org.junit.runners.model.FrameworkMethod.invokeExplosively(FrameworkMethod.java:42)
	at org.junit.internal.runners.statements.InvokeMethod.evaluate(InvokeMethod.java:20)
	at org.junit.runners.ParentRunner.runLeaf(ParentRunner.java:263)
	at org.junit.runners.BlockJUnit4ClassRunner.runChild(BlockJUnit4ClassRunner.java:68)
	at org.junit.runners.BlockJUnit4ClassRunner.runChild(BlockJUnit4ClassRunner.java:47)
	at org.junit.runners.ParentRunner$3.run(ParentRunner.java:231)
	at org.junit.runners.ParentRunner$1.schedule(ParentRunner.java:60)
	at org.junit.runners.ParentRunner.runChildren(ParentRunner.java:229)
	at org.junit.runners.ParentRunner.access$000(ParentRunner.java:50)
	at org.junit.runners.ParentRunner$2.evaluate(ParentRunner.java:222)
	at org.junit.runners.ParentRunner.run(ParentRunner.java:300)
	at org.junit.runners.Suite.runChild(Suite.java:128)
	at org.junit.runners.Suite.runChild(Suite.java:24)
	at org.junit.runners.ParentRunner$3.run(ParentRunner.java:231)
	at org.junit.runners.ParentRunner$1.schedule(ParentRunner.java:60)
	at org.junit.runners.ParentRunner.runChildren(ParentRunner.java:229)
	at org.junit.runners.ParentRunner.access$000(ParentRunner.java:50)
	at org.junit.runners.ParentRunner$2.evaluate(ParentRunner.java:222)
	at org.junit.runners.ParentRunner.run(ParentRunner.java:300)
	at org.junit.runner.JUnitCore.run(JUnitCore.java:157)
	at org.junit.runner.JUnitCore.run(JUnitCore.java:136)
	at com.novocode.junit.JUnitRunner.run(JUnitRunner.java:87)
	at sbt.RunnerWrapper$1.runRunner2(FrameworkWrapper.java:223)
	at sbt.RunnerWrapper$1.execute(FrameworkWrapper.java:236)
	at sbt.ForkMain$Run$2.call(ForkMain.java:296)
	at sbt.ForkMain$Run$2.call(ForkMain.java:286)
	at java.util.concurrent.FutureTask.run(FutureTask.java:266)
	at java.util.concurrent.ThreadPoolExecutor.runWorker(ThreadPoolExecutor.java:1142)
	at java.util.concurrent.ThreadPoolExecutor$Worker.run(ThreadPoolExecutor.java:617)
	at java.lang.Thread.run(Thread.java:745)
</failure>
                                               </testcase><testcase classname="l3.test.CPSOptimizer_Greybox" name="testNeutralElementsAddZero2" time="-0.001">
                                                 <failure message="java.lang.AssertionError: assertion failed: Checks failed for: 
(let ((u (@int-&gt;char (@byte-read)))) (@byte-write (@char-&gt;int (@ + 0 u))))
Statistics:
Instruction Stats
=================
      12  LetP
       8  LetL
       1  LetF
       1  Halt

Value Primitives Stats
======================
       3  CPSArithShiftR$
       2  CPSArithShiftL$
       2  CPSOr$
       1  CPSByteWrite$
       1  CPSAdd$
       1  CPSId$
       1  CPSByteRead$
       1  CPSSub$

Functions defined: 0
Continuations defined: 0
" type="sbt.ForkMain$ForkError">sbt.ForkMain$ForkError: java.lang.AssertionError: assertion failed: Checks failed for: 
(let ((u (@int-&gt;char (@byte-read)))) (@byte-write (@char-&gt;int (@ + 0 u))))
Statistics:
Instruction Stats
=================
      12  LetP
       8  LetL
       1  LetF
       1  Halt

Value Primitives Stats
======================
       3  CPSArithShiftR$
       2  CPSArithShiftL$
       2  CPSOr$
       1  CPSByteWrite$
       1  CPSAdd$
       1  CPSId$
       1  CPSByteRead$
       1  CPSSub$

Functions defined: 0
Continuations defined: 0

	at scala.Predef$.assert(Predef.scala:165)
	at l3.test.infrastructure.CPSOptTest.testCPSOptStats(CPSOptTest.scala:65)
	at l3.test.infrastructure.CPSOptTest.testCPSBothSeq(CPSOptTest.scala:75)
	at l3.test.CPSOptimizer_Greybox.testNeutralElementsAddZero2(CPSOptimizer_Greybox.scala:141)
	at sun.reflect.NativeMethodAccessorImpl.invoke0(Native Method)
	at sun.reflect.NativeMethodAccessorImpl.invoke(NativeMethodAccessorImpl.java:62)
	at sun.reflect.DelegatingMethodAccessorImpl.invoke(DelegatingMethodAccessorImpl.java:43)
	at java.lang.reflect.Method.invoke(Method.java:497)
	at org.junit.runners.model.FrameworkMethod$1.runReflectiveCall(FrameworkMethod.java:45)
	at org.junit.internal.runners.model.ReflectiveCallable.run(ReflectiveCallable.java:15)
	at org.junit.runners.model.FrameworkMethod.invokeExplosively(FrameworkMethod.java:42)
	at org.junit.internal.runners.statements.InvokeMethod.evaluate(InvokeMethod.java:20)
	at org.junit.runners.ParentRunner.runLeaf(ParentRunner.java:263)
	at org.junit.runners.BlockJUnit4ClassRunner.runChild(BlockJUnit4ClassRunner.java:68)
	at org.junit.runners.BlockJUnit4ClassRunner.runChild(BlockJUnit4ClassRunner.java:47)
	at org.junit.runners.ParentRunner$3.run(ParentRunner.java:231)
	at org.junit.runners.ParentRunner$1.schedule(ParentRunner.java:60)
	at org.junit.runners.ParentRunner.runChildren(ParentRunner.java:229)
	at org.junit.runners.ParentRunner.access$000(ParentRunner.java:50)
	at org.junit.runners.ParentRunner$2.evaluate(ParentRunner.java:222)
	at org.junit.runners.ParentRunner.run(ParentRunner.java:300)
	at org.junit.runners.Suite.runChild(Suite.java:128)
	at org.junit.runners.Suite.runChild(Suite.java:24)
	at org.junit.runners.ParentRunner$3.run(ParentRunner.java:231)
	at org.junit.runners.ParentRunner$1.schedule(ParentRunner.java:60)
	at org.junit.runners.ParentRunner.runChildren(ParentRunner.java:229)
	at org.junit.runners.ParentRunner.access$000(ParentRunner.java:50)
	at org.junit.runners.ParentRunner$2.evaluate(ParentRunner.java:222)
	at org.junit.runners.ParentRunner.run(ParentRunner.java:300)
	at org.junit.runner.JUnitCore.run(JUnitCore.java:157)
	at org.junit.runner.JUnitCore.run(JUnitCore.java:136)
	at com.novocode.junit.JUnitRunner.run(JUnitRunner.java:87)
	at sbt.RunnerWrapper$1.runRunner2(FrameworkWrapper.java:223)
	at sbt.RunnerWrapper$1.execute(FrameworkWrapper.java:236)
	at sbt.ForkMain$Run$2.call(ForkMain.java:296)
	at sbt.ForkMain$Run$2.call(ForkMain.java:286)
	at java.util.concurrent.FutureTask.run(FutureTask.java:266)
	at java.util.concurrent.ThreadPoolExecutor.runWorker(ThreadPoolExecutor.java:1142)
	at java.util.concurrent.ThreadPoolExecutor$Worker.run(ThreadPoolExecutor.java:617)
	at java.lang.Thread.run(Thread.java:745)
</failure>
                                               </testcase><testcase classname="l3.test.CPSOptimizer_Greybox" name="testNeutralElementsSubZero" time="-0.001">
                                                 <failure message="java.lang.AssertionError: assertion failed: Checks failed for: 
(let ((u (@int-&gt;char (@byte-read)))) (@byte-write (@char-&gt;int (@ - u 0))))
Statistics:
Instruction Stats
=================
      12  LetP
       8  LetL
       1  LetF
       1  Halt

Value Primitives Stats
======================
       3  CPSArithShiftR$
       2  CPSArithShiftL$
       2  CPSOr$
       1  CPSByteWrite$
       1  CPSAdd$
       1  CPSId$
       1  CPSByteRead$
       1  CPSSub$

Functions defined: 0
Continuations defined: 0
" type="sbt.ForkMain$ForkError">sbt.ForkMain$ForkError: java.lang.AssertionError: assertion failed: Checks failed for: 
(let ((u (@int-&gt;char (@byte-read)))) (@byte-write (@char-&gt;int (@ - u 0))))
Statistics:
Instruction Stats
=================
      12  LetP
       8  LetL
       1  LetF
       1  Halt

Value Primitives Stats
======================
       3  CPSArithShiftR$
       2  CPSArithShiftL$
       2  CPSOr$
       1  CPSByteWrite$
       1  CPSAdd$
       1  CPSId$
       1  CPSByteRead$
       1  CPSSub$

Functions defined: 0
Continuations defined: 0

	at scala.Predef$.assert(Predef.scala:165)
	at l3.test.infrastructure.CPSOptTest.testCPSOptStats(CPSOptTest.scala:65)
	at l3.test.infrastructure.CPSOptTest.testCPSBothSeq(CPSOptTest.scala:75)
	at l3.test.CPSOptimizer_Greybox.testNeutralElementsSubZero(CPSOptimizer_Greybox.scala:144)
	at sun.reflect.NativeMethodAccessorImpl.invoke0(Native Method)
	at sun.reflect.NativeMethodAccessorImpl.invoke(NativeMethodAccessorImpl.java:62)
	at sun.reflect.DelegatingMethodAccessorImpl.invoke(DelegatingMethodAccessorImpl.java:43)
	at java.lang.reflect.Method.invoke(Method.java:497)
	at org.junit.runners.model.FrameworkMethod$1.runReflectiveCall(FrameworkMethod.java:45)
	at org.junit.internal.runners.model.ReflectiveCallable.run(ReflectiveCallable.java:15)
	at org.junit.runners.model.FrameworkMethod.invokeExplosively(FrameworkMethod.java:42)
	at org.junit.internal.runners.statements.InvokeMethod.evaluate(InvokeMethod.java:20)
	at org.junit.runners.ParentRunner.runLeaf(ParentRunner.java:263)
	at org.junit.runners.BlockJUnit4ClassRunner.runChild(BlockJUnit4ClassRunner.java:68)
	at org.junit.runners.BlockJUnit4ClassRunner.runChild(BlockJUnit4ClassRunner.java:47)
	at org.junit.runners.ParentRunner$3.run(ParentRunner.java:231)
	at org.junit.runners.ParentRunner$1.schedule(ParentRunner.java:60)
	at org.junit.runners.ParentRunner.runChildren(ParentRunner.java:229)
	at org.junit.runners.ParentRunner.access$000(ParentRunner.java:50)
	at org.junit.runners.ParentRunner$2.evaluate(ParentRunner.java:222)
	at org.junit.runners.ParentRunner.run(ParentRunner.java:300)
	at org.junit.runners.Suite.runChild(Suite.java:128)
	at org.junit.runners.Suite.runChild(Suite.java:24)
	at org.junit.runners.ParentRunner$3.run(ParentRunner.java:231)
	at org.junit.runners.ParentRunner$1.schedule(ParentRunner.java:60)
	at org.junit.runners.ParentRunner.runChildren(ParentRunner.java:229)
	at org.junit.runners.ParentRunner.access$000(ParentRunner.java:50)
	at org.junit.runners.ParentRunner$2.evaluate(ParentRunner.java:222)
	at org.junit.runners.ParentRunner.run(ParentRunner.java:300)
	at org.junit.runner.JUnitCore.run(JUnitCore.java:157)
	at org.junit.runner.JUnitCore.run(JUnitCore.java:136)
	at com.novocode.junit.JUnitRunner.run(JUnitRunner.java:87)
	at sbt.RunnerWrapper$1.runRunner2(FrameworkWrapper.java:223)
	at sbt.RunnerWrapper$1.execute(FrameworkWrapper.java:236)
	at sbt.ForkMain$Run$2.call(ForkMain.java:296)
	at sbt.ForkMain$Run$2.call(ForkMain.java:286)
	at java.util.concurrent.FutureTask.run(FutureTask.java:266)
	at java.util.concurrent.ThreadPoolExecutor.runWorker(ThreadPoolExecutor.java:1142)
	at java.util.concurrent.ThreadPoolExecutor$Worker.run(ThreadPoolExecutor.java:617)
	at java.lang.Thread.run(Thread.java:745)
</failure>
                                               </testcase><testcase classname="l3.test.CPSOptimizer_Greybox" name="testNeutralElementsSubItself" time="-0.001">
                                                 <failure message="java.lang.AssertionError: assertion failed: Checks failed for: 
(let ((u (@int-&gt;char (@byte-read)))) (@byte-write (@char-&gt;int (@ - u u))))
Statistics:
Instruction Stats
=================
      12  LetP
       7  LetL
       1  LetF
       1  Halt

Value Primitives Stats
======================
       3  CPSArithShiftR$
       2  CPSArithShiftL$
       2  CPSOr$
       1  CPSByteWrite$
       1  CPSAdd$
       1  CPSId$
       1  CPSByteRead$
       1  CPSSub$

Functions defined: 0
Continuations defined: 0
" type="sbt.ForkMain$ForkError">sbt.ForkMain$ForkError: java.lang.AssertionError: assertion failed: Checks failed for: 
(let ((u (@int-&gt;char (@byte-read)))) (@byte-write (@char-&gt;int (@ - u u))))
Statistics:
Instruction Stats
=================
      12  LetP
       7  LetL
       1  LetF
       1  Halt

Value Primitives Stats
======================
       3  CPSArithShiftR$
       2  CPSArithShiftL$
       2  CPSOr$
       1  CPSByteWrite$
       1  CPSAdd$
       1  CPSId$
       1  CPSByteRead$
       1  CPSSub$

Functions defined: 0
Continuations defined: 0

	at scala.Predef$.assert(Predef.scala:165)
	at l3.test.infrastructure.CPSOptTest.testCPSOptStats(CPSOptTest.scala:65)
	at l3.test.infrastructure.CPSOptTest.testCPSBothSeq(CPSOptTest.scala:75)
	at l3.test.CPSOptimizer_Greybox.testNeutralElementsSubItself(CPSOptimizer_Greybox.scala:147)
	at sun.reflect.NativeMethodAccessorImpl.invoke0(Native Method)
	at sun.reflect.NativeMethodAccessorImpl.invoke(NativeMethodAccessorImpl.java:62)
	at sun.reflect.DelegatingMethodAccessorImpl.invoke(DelegatingMethodAccessorImpl.java:43)
	at java.lang.reflect.Method.invoke(Method.java:497)
	at org.junit.runners.model.FrameworkMethod$1.runReflectiveCall(FrameworkMethod.java:45)
	at org.junit.internal.runners.model.ReflectiveCallable.run(ReflectiveCallable.java:15)
	at org.junit.runners.model.FrameworkMethod.invokeExplosively(FrameworkMethod.java:42)
	at org.junit.internal.runners.statements.InvokeMethod.evaluate(InvokeMethod.java:20)
	at org.junit.runners.ParentRunner.runLeaf(ParentRunner.java:263)
	at org.junit.runners.BlockJUnit4ClassRunner.runChild(BlockJUnit4ClassRunner.java:68)
	at org.junit.runners.BlockJUnit4ClassRunner.runChild(BlockJUnit4ClassRunner.java:47)
	at org.junit.runners.ParentRunner$3.run(ParentRunner.java:231)
	at org.junit.runners.ParentRunner$1.schedule(ParentRunner.java:60)
	at org.junit.runners.ParentRunner.runChildren(ParentRunner.java:229)
	at org.junit.runners.ParentRunner.access$000(ParentRunner.java:50)
	at org.junit.runners.ParentRunner$2.evaluate(ParentRunner.java:222)
	at org.junit.runners.ParentRunner.run(ParentRunner.java:300)
	at org.junit.runners.Suite.runChild(Suite.java:128)
	at org.junit.runners.Suite.runChild(Suite.java:24)
	at org.junit.runners.ParentRunner$3.run(ParentRunner.java:231)
	at org.junit.runners.ParentRunner$1.schedule(ParentRunner.java:60)
	at org.junit.runners.ParentRunner.runChildren(ParentRunner.java:229)
	at org.junit.runners.ParentRunner.access$000(ParentRunner.java:50)
	at org.junit.runners.ParentRunner$2.evaluate(ParentRunner.java:222)
	at org.junit.runners.ParentRunner.run(ParentRunner.java:300)
	at org.junit.runner.JUnitCore.run(JUnitCore.java:157)
	at org.junit.runner.JUnitCore.run(JUnitCore.java:136)
	at com.novocode.junit.JUnitRunner.run(JUnitRunner.java:87)
	at sbt.RunnerWrapper$1.runRunner2(FrameworkWrapper.java:223)
	at sbt.RunnerWrapper$1.execute(FrameworkWrapper.java:236)
	at sbt.ForkMain$Run$2.call(ForkMain.java:296)
	at sbt.ForkMain$Run$2.call(ForkMain.java:286)
	at java.util.concurrent.FutureTask.run(FutureTask.java:266)
	at java.util.concurrent.ThreadPoolExecutor.runWorker(ThreadPoolExecutor.java:1142)
	at java.util.concurrent.ThreadPoolExecutor$Worker.run(ThreadPoolExecutor.java:617)
	at java.lang.Thread.run(Thread.java:745)
</failure>
                                               </testcase><testcase classname="l3.test.CPSOptimizer_Greybox" name="testNeutralElementsMulOne1" time="-0.001">
                                                 <failure message="java.lang.AssertionError: assertion failed: Checks failed for: 
(let ((u (@int-&gt;char (@byte-read)))) (@byte-write (@char-&gt;int (@ * u 1))))
Statistics:
Instruction Stats
=================
      14  LetP
       8  LetL
       1  LetF
       1  Halt

Value Primitives Stats
======================
       4  CPSArithShiftR$
       2  CPSArithShiftL$
       2  CPSOr$
       1  CPSByteWrite$
       1  CPSAdd$
       1  CPSId$
       1  CPSByteRead$
       1  CPSMul$
       1  CPSSub$

Functions defined: 0
Continuations defined: 0
" type="sbt.ForkMain$ForkError">sbt.ForkMain$ForkError: java.lang.AssertionError: assertion failed: Checks failed for: 
(let ((u (@int-&gt;char (@byte-read)))) (@byte-write (@char-&gt;int (@ * u 1))))
Statistics:
Instruction Stats
=================
      14  LetP
       8  LetL
       1  LetF
       1  Halt

Value Primitives Stats
======================
       4  CPSArithShiftR$
       2  CPSArithShiftL$
       2  CPSOr$
       1  CPSByteWrite$
       1  CPSAdd$
       1  CPSId$
       1  CPSByteRead$
       1  CPSMul$
       1  CPSSub$

Functions defined: 0
Continuations defined: 0

	at scala.Predef$.assert(Predef.scala:165)
	at l3.test.infrastructure.CPSOptTest.testCPSOptStats(CPSOptTest.scala:65)
	at l3.test.infrastructure.CPSOptTest.testCPSBothSeq(CPSOptTest.scala:75)
	at l3.test.CPSOptimizer_Greybox.testNeutralElementsMulOne1(CPSOptimizer_Greybox.scala:150)
	at sun.reflect.NativeMethodAccessorImpl.invoke0(Native Method)
	at sun.reflect.NativeMethodAccessorImpl.invoke(NativeMethodAccessorImpl.java:62)
	at sun.reflect.DelegatingMethodAccessorImpl.invoke(DelegatingMethodAccessorImpl.java:43)
	at java.lang.reflect.Method.invoke(Method.java:497)
	at org.junit.runners.model.FrameworkMethod$1.runReflectiveCall(FrameworkMethod.java:45)
	at org.junit.internal.runners.model.ReflectiveCallable.run(ReflectiveCallable.java:15)
	at org.junit.runners.model.FrameworkMethod.invokeExplosively(FrameworkMethod.java:42)
	at org.junit.internal.runners.statements.InvokeMethod.evaluate(InvokeMethod.java:20)
	at org.junit.runners.ParentRunner.runLeaf(ParentRunner.java:263)
	at org.junit.runners.BlockJUnit4ClassRunner.runChild(BlockJUnit4ClassRunner.java:68)
	at org.junit.runners.BlockJUnit4ClassRunner.runChild(BlockJUnit4ClassRunner.java:47)
	at org.junit.runners.ParentRunner$3.run(ParentRunner.java:231)
	at org.junit.runners.ParentRunner$1.schedule(ParentRunner.java:60)
	at org.junit.runners.ParentRunner.runChildren(ParentRunner.java:229)
	at org.junit.runners.ParentRunner.access$000(ParentRunner.java:50)
	at org.junit.runners.ParentRunner$2.evaluate(ParentRunner.java:222)
	at org.junit.runners.ParentRunner.run(ParentRunner.java:300)
	at org.junit.runners.Suite.runChild(Suite.java:128)
	at org.junit.runners.Suite.runChild(Suite.java:24)
	at org.junit.runners.ParentRunner$3.run(ParentRunner.java:231)
	at org.junit.runners.ParentRunner$1.schedule(ParentRunner.java:60)
	at org.junit.runners.ParentRunner.runChildren(ParentRunner.java:229)
	at org.junit.runners.ParentRunner.access$000(ParentRunner.java:50)
	at org.junit.runners.ParentRunner$2.evaluate(ParentRunner.java:222)
	at org.junit.runners.ParentRunner.run(ParentRunner.java:300)
	at org.junit.runner.JUnitCore.run(JUnitCore.java:157)
	at org.junit.runner.JUnitCore.run(JUnitCore.java:136)
	at com.novocode.junit.JUnitRunner.run(JUnitRunner.java:87)
	at sbt.RunnerWrapper$1.runRunner2(FrameworkWrapper.java:223)
	at sbt.RunnerWrapper$1.execute(FrameworkWrapper.java:236)
	at sbt.ForkMain$Run$2.call(ForkMain.java:296)
	at sbt.ForkMain$Run$2.call(ForkMain.java:286)
	at java.util.concurrent.FutureTask.run(FutureTask.java:266)
	at java.util.concurrent.ThreadPoolExecutor.runWorker(ThreadPoolExecutor.java:1142)
	at java.util.concurrent.ThreadPoolExecutor$Worker.run(ThreadPoolExecutor.java:617)
	at java.lang.Thread.run(Thread.java:745)
</failure>
                                               </testcase><testcase classname="l3.test.CPSOptimizer_Greybox" name="testNeutralElementsMulOne2" time="-0.001">
                                                 <failure message="java.lang.AssertionError: assertion failed: Checks failed for: 
(let ((u (@int-&gt;char (@byte-read)))) (@byte-write (@char-&gt;int (@ * 1 u))))
Statistics:
Instruction Stats
=================
      14  LetP
       8  LetL
       1  LetF
       1  Halt

Value Primitives Stats
======================
       4  CPSArithShiftR$
       2  CPSArithShiftL$
       2  CPSOr$
       1  CPSByteWrite$
       1  CPSAdd$
       1  CPSId$
       1  CPSByteRead$
       1  CPSMul$
       1  CPSSub$

Functions defined: 0
Continuations defined: 0
" type="sbt.ForkMain$ForkError">sbt.ForkMain$ForkError: java.lang.AssertionError: assertion failed: Checks failed for: 
(let ((u (@int-&gt;char (@byte-read)))) (@byte-write (@char-&gt;int (@ * 1 u))))
Statistics:
Instruction Stats
=================
      14  LetP
       8  LetL
       1  LetF
       1  Halt

Value Primitives Stats
======================
       4  CPSArithShiftR$
       2  CPSArithShiftL$
       2  CPSOr$
       1  CPSByteWrite$
       1  CPSAdd$
       1  CPSId$
       1  CPSByteRead$
       1  CPSMul$
       1  CPSSub$

Functions defined: 0
Continuations defined: 0

	at scala.Predef$.assert(Predef.scala:165)
	at l3.test.infrastructure.CPSOptTest.testCPSOptStats(CPSOptTest.scala:65)
	at l3.test.infrastructure.CPSOptTest.testCPSBothSeq(CPSOptTest.scala:75)
	at l3.test.CPSOptimizer_Greybox.testNeutralElementsMulOne2(CPSOptimizer_Greybox.scala:153)
	at sun.reflect.NativeMethodAccessorImpl.invoke0(Native Method)
	at sun.reflect.NativeMethodAccessorImpl.invoke(NativeMethodAccessorImpl.java:62)
	at sun.reflect.DelegatingMethodAccessorImpl.invoke(DelegatingMethodAccessorImpl.java:43)
	at java.lang.reflect.Method.invoke(Method.java:497)
	at org.junit.runners.model.FrameworkMethod$1.runReflectiveCall(FrameworkMethod.java:45)
	at org.junit.internal.runners.model.ReflectiveCallable.run(ReflectiveCallable.java:15)
	at org.junit.runners.model.FrameworkMethod.invokeExplosively(FrameworkMethod.java:42)
	at org.junit.internal.runners.statements.InvokeMethod.evaluate(InvokeMethod.java:20)
	at org.junit.runners.ParentRunner.runLeaf(ParentRunner.java:263)
	at org.junit.runners.BlockJUnit4ClassRunner.runChild(BlockJUnit4ClassRunner.java:68)
	at org.junit.runners.BlockJUnit4ClassRunner.runChild(BlockJUnit4ClassRunner.java:47)
	at org.junit.runners.ParentRunner$3.run(ParentRunner.java:231)
	at org.junit.runners.ParentRunner$1.schedule(ParentRunner.java:60)
	at org.junit.runners.ParentRunner.runChildren(ParentRunner.java:229)
	at org.junit.runners.ParentRunner.access$000(ParentRunner.java:50)
	at org.junit.runners.ParentRunner$2.evaluate(ParentRunner.java:222)
	at org.junit.runners.ParentRunner.run(ParentRunner.java:300)
	at org.junit.runners.Suite.runChild(Suite.java:128)
	at org.junit.runners.Suite.runChild(Suite.java:24)
	at org.junit.runners.ParentRunner$3.run(ParentRunner.java:231)
	at org.junit.runners.ParentRunner$1.schedule(ParentRunner.java:60)
	at org.junit.runners.ParentRunner.runChildren(ParentRunner.java:229)
	at org.junit.runners.ParentRunner.access$000(ParentRunner.java:50)
	at org.junit.runners.ParentRunner$2.evaluate(ParentRunner.java:222)
	at org.junit.runners.ParentRunner.run(ParentRunner.java:300)
	at org.junit.runner.JUnitCore.run(JUnitCore.java:157)
	at org.junit.runner.JUnitCore.run(JUnitCore.java:136)
	at com.novocode.junit.JUnitRunner.run(JUnitRunner.java:87)
	at sbt.RunnerWrapper$1.runRunner2(FrameworkWrapper.java:223)
	at sbt.RunnerWrapper$1.execute(FrameworkWrapper.java:236)
	at sbt.ForkMain$Run$2.call(ForkMain.java:296)
	at sbt.ForkMain$Run$2.call(ForkMain.java:286)
	at java.util.concurrent.FutureTask.run(FutureTask.java:266)
	at java.util.concurrent.ThreadPoolExecutor.runWorker(ThreadPoolExecutor.java:1142)
	at java.util.concurrent.ThreadPoolExecutor$Worker.run(ThreadPoolExecutor.java:617)
	at java.lang.Thread.run(Thread.java:745)
</failure>
                                               </testcase><testcase classname="l3.test.CPSOptimizer_Greybox" name="testNeutralElementsMulZero1" time="-0.001">
                                                 <failure message="java.lang.AssertionError: assertion failed: Checks failed for: 
(let ((u (@int-&gt;char (@byte-read)))) (@byte-write (@char-&gt;int (@ * u 0))))
Statistics:
Instruction Stats
=================
      14  LetP
       8  LetL
       1  LetF
       1  Halt

Value Primitives Stats
======================
       4  CPSArithShiftR$
       2  CPSArithShiftL$
       2  CPSOr$
       1  CPSByteWrite$
       1  CPSAdd$
       1  CPSId$
       1  CPSByteRead$
       1  CPSMul$
       1  CPSSub$

Functions defined: 0
Continuations defined: 0
" type="sbt.ForkMain$ForkError">sbt.ForkMain$ForkError: java.lang.AssertionError: assertion failed: Checks failed for: 
(let ((u (@int-&gt;char (@byte-read)))) (@byte-write (@char-&gt;int (@ * u 0))))
Statistics:
Instruction Stats
=================
      14  LetP
       8  LetL
       1  LetF
       1  Halt

Value Primitives Stats
======================
       4  CPSArithShiftR$
       2  CPSArithShiftL$
       2  CPSOr$
       1  CPSByteWrite$
       1  CPSAdd$
       1  CPSId$
       1  CPSByteRead$
       1  CPSMul$
       1  CPSSub$

Functions defined: 0
Continuations defined: 0

	at scala.Predef$.assert(Predef.scala:165)
	at l3.test.infrastructure.CPSOptTest.testCPSOptStats(CPSOptTest.scala:65)
	at l3.test.infrastructure.CPSOptTest.testCPSBothSeq(CPSOptTest.scala:75)
	at l3.test.CPSOptimizer_Greybox.testNeutralElementsMulZero1(CPSOptimizer_Greybox.scala:156)
	at sun.reflect.NativeMethodAccessorImpl.invoke0(Native Method)
	at sun.reflect.NativeMethodAccessorImpl.invoke(NativeMethodAccessorImpl.java:62)
	at sun.reflect.DelegatingMethodAccessorImpl.invoke(DelegatingMethodAccessorImpl.java:43)
	at java.lang.reflect.Method.invoke(Method.java:497)
	at org.junit.runners.model.FrameworkMethod$1.runReflectiveCall(FrameworkMethod.java:45)
	at org.junit.internal.runners.model.ReflectiveCallable.run(ReflectiveCallable.java:15)
	at org.junit.runners.model.FrameworkMethod.invokeExplosively(FrameworkMethod.java:42)
	at org.junit.internal.runners.statements.InvokeMethod.evaluate(InvokeMethod.java:20)
	at org.junit.runners.ParentRunner.runLeaf(ParentRunner.java:263)
	at org.junit.runners.BlockJUnit4ClassRunner.runChild(BlockJUnit4ClassRunner.java:68)
	at org.junit.runners.BlockJUnit4ClassRunner.runChild(BlockJUnit4ClassRunner.java:47)
	at org.junit.runners.ParentRunner$3.run(ParentRunner.java:231)
	at org.junit.runners.ParentRunner$1.schedule(ParentRunner.java:60)
	at org.junit.runners.ParentRunner.runChildren(ParentRunner.java:229)
	at org.junit.runners.ParentRunner.access$000(ParentRunner.java:50)
	at org.junit.runners.ParentRunner$2.evaluate(ParentRunner.java:222)
	at org.junit.runners.ParentRunner.run(ParentRunner.java:300)
	at org.junit.runners.Suite.runChild(Suite.java:128)
	at org.junit.runners.Suite.runChild(Suite.java:24)
	at org.junit.runners.ParentRunner$3.run(ParentRunner.java:231)
	at org.junit.runners.ParentRunner$1.schedule(ParentRunner.java:60)
	at org.junit.runners.ParentRunner.runChildren(ParentRunner.java:229)
	at org.junit.runners.ParentRunner.access$000(ParentRunner.java:50)
	at org.junit.runners.ParentRunner$2.evaluate(ParentRunner.java:222)
	at org.junit.runners.ParentRunner.run(ParentRunner.java:300)
	at org.junit.runner.JUnitCore.run(JUnitCore.java:157)
	at org.junit.runner.JUnitCore.run(JUnitCore.java:136)
	at com.novocode.junit.JUnitRunner.run(JUnitRunner.java:87)
	at sbt.RunnerWrapper$1.runRunner2(FrameworkWrapper.java:223)
	at sbt.RunnerWrapper$1.execute(FrameworkWrapper.java:236)
	at sbt.ForkMain$Run$2.call(ForkMain.java:296)
	at sbt.ForkMain$Run$2.call(ForkMain.java:286)
	at java.util.concurrent.FutureTask.run(FutureTask.java:266)
	at java.util.concurrent.ThreadPoolExecutor.runWorker(ThreadPoolExecutor.java:1142)
	at java.util.concurrent.ThreadPoolExecutor$Worker.run(ThreadPoolExecutor.java:617)
	at java.lang.Thread.run(Thread.java:745)
</failure>
                                               </testcase><testcase classname="l3.test.CPSOptimizer_Greybox" name="testNeutralElementsMulZero2" time="-0.001">
                                                 <failure message="java.lang.AssertionError: assertion failed: Checks failed for: 
(let ((u (@int-&gt;char (@byte-read)))) (@byte-write (@char-&gt;int (@ * 0 u))))
Statistics:
Instruction Stats
=================
      14  LetP
       8  LetL
       1  LetF
       1  Halt

Value Primitives Stats
======================
       4  CPSArithShiftR$
       2  CPSArithShiftL$
       2  CPSOr$
       1  CPSByteWrite$
       1  CPSAdd$
       1  CPSId$
       1  CPSByteRead$
       1  CPSMul$
       1  CPSSub$

Functions defined: 0
Continuations defined: 0
" type="sbt.ForkMain$ForkError">sbt.ForkMain$ForkError: java.lang.AssertionError: assertion failed: Checks failed for: 
(let ((u (@int-&gt;char (@byte-read)))) (@byte-write (@char-&gt;int (@ * 0 u))))
Statistics:
Instruction Stats
=================
      14  LetP
       8  LetL
       1  LetF
       1  Halt

Value Primitives Stats
======================
       4  CPSArithShiftR$
       2  CPSArithShiftL$
       2  CPSOr$
       1  CPSByteWrite$
       1  CPSAdd$
       1  CPSId$
       1  CPSByteRead$
       1  CPSMul$
       1  CPSSub$

Functions defined: 0
Continuations defined: 0

	at scala.Predef$.assert(Predef.scala:165)
	at l3.test.infrastructure.CPSOptTest.testCPSOptStats(CPSOptTest.scala:65)
	at l3.test.infrastructure.CPSOptTest.testCPSBothSeq(CPSOptTest.scala:75)
	at l3.test.CPSOptimizer_Greybox.testNeutralElementsMulZero2(CPSOptimizer_Greybox.scala:159)
	at sun.reflect.NativeMethodAccessorImpl.invoke0(Native Method)
	at sun.reflect.NativeMethodAccessorImpl.invoke(NativeMethodAccessorImpl.java:62)
	at sun.reflect.DelegatingMethodAccessorImpl.invoke(DelegatingMethodAccessorImpl.java:43)
	at java.lang.reflect.Method.invoke(Method.java:497)
	at org.junit.runners.model.FrameworkMethod$1.runReflectiveCall(FrameworkMethod.java:45)
	at org.junit.internal.runners.model.ReflectiveCallable.run(ReflectiveCallable.java:15)
	at org.junit.runners.model.FrameworkMethod.invokeExplosively(FrameworkMethod.java:42)
	at org.junit.internal.runners.statements.InvokeMethod.evaluate(InvokeMethod.java:20)
	at org.junit.runners.ParentRunner.runLeaf(ParentRunner.java:263)
	at org.junit.runners.BlockJUnit4ClassRunner.runChild(BlockJUnit4ClassRunner.java:68)
	at org.junit.runners.BlockJUnit4ClassRunner.runChild(BlockJUnit4ClassRunner.java:47)
	at org.junit.runners.ParentRunner$3.run(ParentRunner.java:231)
	at org.junit.runners.ParentRunner$1.schedule(ParentRunner.java:60)
	at org.junit.runners.ParentRunner.runChildren(ParentRunner.java:229)
	at org.junit.runners.ParentRunner.access$000(ParentRunner.java:50)
	at org.junit.runners.ParentRunner$2.evaluate(ParentRunner.java:222)
	at org.junit.runners.ParentRunner.run(ParentRunner.java:300)
	at org.junit.runners.Suite.runChild(Suite.java:128)
	at org.junit.runners.Suite.runChild(Suite.java:24)
	at org.junit.runners.ParentRunner$3.run(ParentRunner.java:231)
	at org.junit.runners.ParentRunner$1.schedule(ParentRunner.java:60)
	at org.junit.runners.ParentRunner.runChildren(ParentRunner.java:229)
	at org.junit.runners.ParentRunner.access$000(ParentRunner.java:50)
	at org.junit.runners.ParentRunner$2.evaluate(ParentRunner.java:222)
	at org.junit.runners.ParentRunner.run(ParentRunner.java:300)
	at org.junit.runner.JUnitCore.run(JUnitCore.java:157)
	at org.junit.runner.JUnitCore.run(JUnitCore.java:136)
	at com.novocode.junit.JUnitRunner.run(JUnitRunner.java:87)
	at sbt.RunnerWrapper$1.runRunner2(FrameworkWrapper.java:223)
	at sbt.RunnerWrapper$1.execute(FrameworkWrapper.java:236)
	at sbt.ForkMain$Run$2.call(ForkMain.java:296)
	at sbt.ForkMain$Run$2.call(ForkMain.java:286)
	at java.util.concurrent.FutureTask.run(FutureTask.java:266)
	at java.util.concurrent.ThreadPoolExecutor.runWorker(ThreadPoolExecutor.java:1142)
	at java.util.concurrent.ThreadPoolExecutor$Worker.run(ThreadPoolExecutor.java:617)
	at java.lang.Thread.run(Thread.java:745)
</failure>
                                               </testcase><testcase classname="l3.test.CPSOptimizer_Greybox" name="testNeutralElementsDivOne" time="-0.001">
                                                 <failure message="java.lang.AssertionError: assertion failed: Checks failed for: 
(let ((u (@int-&gt;char (@byte-read)))) (@byte-write (@char-&gt;int (@ / u 1))))
Statistics:
Instruction Stats
=================
      14  LetP
       8  LetL
       1  LetF
       1  Halt

Value Primitives Stats
======================
       4  CPSArithShiftR$
       3  CPSOr$
       2  CPSArithShiftL$
       1  CPSByteWrite$
       1  CPSId$
       1  CPSByteRead$
       1  CPSDiv$
       1  CPSSub$

Functions defined: 0
Continuations defined: 0
" type="sbt.ForkMain$ForkError">sbt.ForkMain$ForkError: java.lang.AssertionError: assertion failed: Checks failed for: 
(let ((u (@int-&gt;char (@byte-read)))) (@byte-write (@char-&gt;int (@ / u 1))))
Statistics:
Instruction Stats
=================
      14  LetP
       8  LetL
       1  LetF
       1  Halt

Value Primitives Stats
======================
       4  CPSArithShiftR$
       3  CPSOr$
       2  CPSArithShiftL$
       1  CPSByteWrite$
       1  CPSId$
       1  CPSByteRead$
       1  CPSDiv$
       1  CPSSub$

Functions defined: 0
Continuations defined: 0

	at scala.Predef$.assert(Predef.scala:165)
	at l3.test.infrastructure.CPSOptTest.testCPSOptStats(CPSOptTest.scala:65)
	at l3.test.infrastructure.CPSOptTest.testCPSBothSeq(CPSOptTest.scala:75)
	at l3.test.CPSOptimizer_Greybox.testNeutralElementsDivOne(CPSOptimizer_Greybox.scala:162)
	at sun.reflect.NativeMethodAccessorImpl.invoke0(Native Method)
	at sun.reflect.NativeMethodAccessorImpl.invoke(NativeMethodAccessorImpl.java:62)
	at sun.reflect.DelegatingMethodAccessorImpl.invoke(DelegatingMethodAccessorImpl.java:43)
	at java.lang.reflect.Method.invoke(Method.java:497)
	at org.junit.runners.model.FrameworkMethod$1.runReflectiveCall(FrameworkMethod.java:45)
	at org.junit.internal.runners.model.ReflectiveCallable.run(ReflectiveCallable.java:15)
	at org.junit.runners.model.FrameworkMethod.invokeExplosively(FrameworkMethod.java:42)
	at org.junit.internal.runners.statements.InvokeMethod.evaluate(InvokeMethod.java:20)
	at org.junit.runners.ParentRunner.runLeaf(ParentRunner.java:263)
	at org.junit.runners.BlockJUnit4ClassRunner.runChild(BlockJUnit4ClassRunner.java:68)
	at org.junit.runners.BlockJUnit4ClassRunner.runChild(BlockJUnit4ClassRunner.java:47)
	at org.junit.runners.ParentRunner$3.run(ParentRunner.java:231)
	at org.junit.runners.ParentRunner$1.schedule(ParentRunner.java:60)
	at org.junit.runners.ParentRunner.runChildren(ParentRunner.java:229)
	at org.junit.runners.ParentRunner.access$000(ParentRunner.java:50)
	at org.junit.runners.ParentRunner$2.evaluate(ParentRunner.java:222)
	at org.junit.runners.ParentRunner.run(ParentRunner.java:300)
	at org.junit.runners.Suite.runChild(Suite.java:128)
	at org.junit.runners.Suite.runChild(Suite.java:24)
	at org.junit.runners.ParentRunner$3.run(ParentRunner.java:231)
	at org.junit.runners.ParentRunner$1.schedule(ParentRunner.java:60)
	at org.junit.runners.ParentRunner.runChildren(ParentRunner.java:229)
	at org.junit.runners.ParentRunner.access$000(ParentRunner.java:50)
	at org.junit.runners.ParentRunner$2.evaluate(ParentRunner.java:222)
	at org.junit.runners.ParentRunner.run(ParentRunner.java:300)
	at org.junit.runner.JUnitCore.run(JUnitCore.java:157)
	at org.junit.runner.JUnitCore.run(JUnitCore.java:136)
	at com.novocode.junit.JUnitRunner.run(JUnitRunner.java:87)
	at sbt.RunnerWrapper$1.runRunner2(FrameworkWrapper.java:223)
	at sbt.RunnerWrapper$1.execute(FrameworkWrapper.java:236)
	at sbt.ForkMain$Run$2.call(ForkMain.java:296)
	at sbt.ForkMain$Run$2.call(ForkMain.java:286)
	at java.util.concurrent.FutureTask.run(FutureTask.java:266)
	at java.util.concurrent.ThreadPoolExecutor.runWorker(ThreadPoolExecutor.java:1142)
	at java.util.concurrent.ThreadPoolExecutor$Worker.run(ThreadPoolExecutor.java:617)
	at java.lang.Thread.run(Thread.java:745)
</failure>
                                               </testcase><testcase classname="l3.test.CPSOptimizer_Greybox" name="testFunInlingAndDCE" time="-0.001">
                                                 
                                               </testcase><testcase classname="l3.test.CPSOptimizer_Greybox" name="testInliningConstantFoldingDCE" time="-0.001">
                                                 <failure message="java.lang.AssertionError: assertion failed: 
Output is different: (whitespace is always ignored)
source: 
 (def byte-write (fun (c) (@byte-write c)))
          (def function-compose
               (fun (f g)
                    (fun (x) (f (g x)))))
          (def + (fun (x y) (@+ x y)))
          (def succ (fun (x) (+ x 1)))
          (def twice (fun (x) (+ x x)))
          (byte-write ((function-compose succ twice) 39))
          (byte-write ((function-compose succ succ) 73))
          (byte-write ((function-compose twice succ) 4))
output: 
(let* ((v$1
        (fun (v$13 v$14)
          (let* ((v$15 1) (v$16 (@&gt;&gt; v$14 v$15)) (v$17 (@byte-write v$16)))
            (v$13 v$17))))
       (v$2 (fun (v$18 v$19 v$20) (v$1 v$18 v$20)))
       (v$3
        (fun (v$21 v$22 v$23)
          (let* ((v$24 3)
                 (v$25 (@block-alloc-202 v$24))
                 (v$26 0)
                 (v$27 (@block-set! v$25 v$26 v$5))
                 (v$28 1)
                 (v$29 (@block-set! v$25 v$28 v$23))
                 (v$30 2)
                 (v$31 (@block-set! v$25 v$30 v$22)))
            (v$21 v$25))))
       (v$4
        (fun (v$32 v$33 v$34 v$35)
          (let* ((v$36
                  (cnt (v$37)
                    (let* ((v$38 0) (v$39 (@block-get v$34 v$38)))
                      (v$39 v$32 v$34 v$37))))
                 (v$40 0)
                 (v$41 (@block-get v$33 v$40)))
            (v$41 v$36 v$33 v$35))))
       (v$5
        (fun (v$42 v$43 v$44)
          (let* ((v$45 1)
                 (v$46 (@block-get v$43 v$45))
                 (v$47 2)
                 (v$48 (@block-get v$43 v$47)))
            (v$4 v$42 v$46 v$48 v$44))))
       (v$6 (fun (v$49 v$50 v$51 v$52) (v$3 v$49 v$51 v$52)))
       (v$7
        (fun (v$53 v$54 v$55)
          (let* ((v$56 (@+ v$54 v$55)) (v$57 1) (v$58 (@- v$56 v$57)))
            (v$53 v$58))))
       (v$8 (fun (v$59 v$60 v$61 v$62) (v$7 v$59 v$61 v$62)))
       (v$9
        (fun (v$63 v$64 v$65)
          (let* ((v$66 3) (v$67 0) (v$68 (@block-get v$64 v$67)))
            (v$68 v$63 v$64 v$65 v$66))))
       (v$10
        (fun (v$69 v$70 v$71)
          (let* ((v$72 1) (v$73 (@block-get v$70 v$72)))
            (v$9 v$69 v$73 v$71))))
       (v$11
        (fun (v$74 v$75 v$76)
          (let* ((v$77 0) (v$78 (@block-get v$75 v$77)))
            (v$78 v$74 v$75 v$76 v$76))))
       (v$12
        (fun (v$79 v$80 v$81)
          (let* ((v$82 1) (v$83 (@block-get v$80 v$82)))
            (v$11 v$79 v$83 v$81))))
       (v$84 1)
       (v$85 (@block-alloc-202 v$84))
       (v$86 0)
       (v$87 (@block-set! v$85 v$86 v$2))
       (v$88 (@id v$85))
       (v$89 1)
       (v$90 (@block-alloc-202 v$89))
       (v$91 0)
       (v$92 (@block-set! v$90 v$91 v$6))
       (v$93 (@id v$90))
       (v$94 1)
       (v$95 (@block-alloc-202 v$94))
       (v$96 0)
       (v$97 (@block-set! v$95 v$96 v$8))
       (v$98 (@id v$95))
       (v$99 2)
       (v$100 (@block-alloc-202 v$99))
       (v$101 0)
       (v$102 (@block-set! v$100 v$101 v$10))
       (v$103 1)
       (v$104 (@block-set! v$100 v$103 v$98))
       (v$105 (@id v$100))
       (v$106 2)
       (v$107 (@block-alloc-202 v$106))
       (v$108 0)
       (v$109 (@block-set! v$107 v$108 v$12))
       (v$110 1)
       (v$111 (@block-set! v$107 v$110 v$98))
       (v$112 (@id v$107))
       (v$113
        (cnt (v$114)
          (let* ((v$115 79)
                 (v$116
                  (cnt (v$117)
                    (let* ((v$118
                            (cnt (v$119)
                              (let* ((v$120
                                      (cnt (v$121)
                                        (let* ((v$122 147)
                                               (v$123
                                                (cnt (v$124)
                                                  (let* ((v$125
                                                          (cnt (v$126)
                                                            (let* ((v$127
                                                                    (cnt (v$128)
                                                                      (let* ((v$129
                                                                              9)
                                                                             (v$130
                                                                              (cnt (v$131)
                                                                                (let* ((v$132
                                                                                        (cnt (v$133)
                                                                                          (let* ((v$134
                                                                                                  1)
                                                                                                 (v$135
                                                                                                  1)
                                                                                                 (v$136
                                                                                                  (@&gt;&gt; v$134
                                                                                                       v$135)))
                                                                                            (halt v$136))))
                                                                                       (v$137
                                                                                        0)
                                                                                       (v$138
                                                                                        (@block-get v$88
                                                                                                    v$137)))
                                                                                  (v$138 v$132
                                                                                         v$88
                                                                                         v$131))))
                                                                             (v$139
                                                                              0)
                                                                             (v$140
                                                                              (@block-get v$128
                                                                                          v$139)))
                                                                        (v$140 v$130
                                                                               v$128
                                                                               v$129))))
                                                                   (v$141 0)
                                                                   (v$142
                                                                    (@block-get v$93
                                                                                v$141)))
                                                              (v$142 v$127
                                                                     v$93
                                                                     v$112
                                                                     v$105))))
                                                         (v$143 0)
                                                         (v$144
                                                          (@block-get v$88
                                                                      v$143)))
                                                    (v$144 v$125
                                                           v$88
                                                           v$124))))
                                               (v$145 0)
                                               (v$146
                                                (@block-get v$121 v$145)))
                                          (v$146 v$123 v$121 v$122))))
                                     (v$147 0)
                                     (v$148 (@block-get v$93 v$147)))
                                (v$148 v$120 v$93 v$105 v$105))))
                           (v$149 0)
                           (v$150 (@block-get v$88 v$149)))
                      (v$150 v$118 v$88 v$117))))
                 (v$151 0)
                 (v$152 (@block-get v$114 v$151)))
            (v$152 v$116 v$114 v$115))))
       (v$153 0)
       (v$154 (@block-get v$93 v$153)))
  (v$154 v$113 v$93 v$105 v$112))
expected output: 
 (let* ((v$1 79)
                 (v$2 (@byte-write v$1))
                 (v$3 75)
                 (v$4 (@byte-write v$3))
                 (v$5 10)
                 (v$6 (@byte-write v$5))
                 (v$7 0))
             (halt v$7))" type="sbt.ForkMain$ForkError">sbt.ForkMain$ForkError: java.lang.AssertionError: assertion failed: 
Output is different: (whitespace is always ignored)
source: 
 (def byte-write (fun (c) (@byte-write c)))
          (def function-compose
               (fun (f g)
                    (fun (x) (f (g x)))))
          (def + (fun (x y) (@+ x y)))
          (def succ (fun (x) (+ x 1)))
          (def twice (fun (x) (+ x x)))
          (byte-write ((function-compose succ twice) 39))
          (byte-write ((function-compose succ succ) 73))
          (byte-write ((function-compose twice succ) 4))
output: 
(let* ((v$1
        (fun (v$13 v$14)
          (let* ((v$15 1) (v$16 (@&gt;&gt; v$14 v$15)) (v$17 (@byte-write v$16)))
            (v$13 v$17))))
       (v$2 (fun (v$18 v$19 v$20) (v$1 v$18 v$20)))
       (v$3
        (fun (v$21 v$22 v$23)
          (let* ((v$24 3)
                 (v$25 (@block-alloc-202 v$24))
                 (v$26 0)
                 (v$27 (@block-set! v$25 v$26 v$5))
                 (v$28 1)
                 (v$29 (@block-set! v$25 v$28 v$23))
                 (v$30 2)
                 (v$31 (@block-set! v$25 v$30 v$22)))
            (v$21 v$25))))
       (v$4
        (fun (v$32 v$33 v$34 v$35)
          (let* ((v$36
                  (cnt (v$37)
                    (let* ((v$38 0) (v$39 (@block-get v$34 v$38)))
                      (v$39 v$32 v$34 v$37))))
                 (v$40 0)
                 (v$41 (@block-get v$33 v$40)))
            (v$41 v$36 v$33 v$35))))
       (v$5
        (fun (v$42 v$43 v$44)
          (let* ((v$45 1)
                 (v$46 (@block-get v$43 v$45))
                 (v$47 2)
                 (v$48 (@block-get v$43 v$47)))
            (v$4 v$42 v$46 v$48 v$44))))
       (v$6 (fun (v$49 v$50 v$51 v$52) (v$3 v$49 v$51 v$52)))
       (v$7
        (fun (v$53 v$54 v$55)
          (let* ((v$56 (@+ v$54 v$55)) (v$57 1) (v$58 (@- v$56 v$57)))
            (v$53 v$58))))
       (v$8 (fun (v$59 v$60 v$61 v$62) (v$7 v$59 v$61 v$62)))
       (v$9
        (fun (v$63 v$64 v$65)
          (let* ((v$66 3) (v$67 0) (v$68 (@block-get v$64 v$67)))
            (v$68 v$63 v$64 v$65 v$66))))
       (v$10
        (fun (v$69 v$70 v$71)
          (let* ((v$72 1) (v$73 (@block-get v$70 v$72)))
            (v$9 v$69 v$73 v$71))))
       (v$11
        (fun (v$74 v$75 v$76)
          (let* ((v$77 0) (v$78 (@block-get v$75 v$77)))
            (v$78 v$74 v$75 v$76 v$76))))
       (v$12
        (fun (v$79 v$80 v$81)
          (let* ((v$82 1) (v$83 (@block-get v$80 v$82)))
            (v$11 v$79 v$83 v$81))))
       (v$84 1)
       (v$85 (@block-alloc-202 v$84))
       (v$86 0)
       (v$87 (@block-set! v$85 v$86 v$2))
       (v$88 (@id v$85))
       (v$89 1)
       (v$90 (@block-alloc-202 v$89))
       (v$91 0)
       (v$92 (@block-set! v$90 v$91 v$6))
       (v$93 (@id v$90))
       (v$94 1)
       (v$95 (@block-alloc-202 v$94))
       (v$96 0)
       (v$97 (@block-set! v$95 v$96 v$8))
       (v$98 (@id v$95))
       (v$99 2)
       (v$100 (@block-alloc-202 v$99))
       (v$101 0)
       (v$102 (@block-set! v$100 v$101 v$10))
       (v$103 1)
       (v$104 (@block-set! v$100 v$103 v$98))
       (v$105 (@id v$100))
       (v$106 2)
       (v$107 (@block-alloc-202 v$106))
       (v$108 0)
       (v$109 (@block-set! v$107 v$108 v$12))
       (v$110 1)
       (v$111 (@block-set! v$107 v$110 v$98))
       (v$112 (@id v$107))
       (v$113
        (cnt (v$114)
          (let* ((v$115 79)
                 (v$116
                  (cnt (v$117)
                    (let* ((v$118
                            (cnt (v$119)
                              (let* ((v$120
                                      (cnt (v$121)
                                        (let* ((v$122 147)
                                               (v$123
                                                (cnt (v$124)
                                                  (let* ((v$125
                                                          (cnt (v$126)
                                                            (let* ((v$127
                                                                    (cnt (v$128)
                                                                      (let* ((v$129
                                                                              9)
                                                                             (v$130
                                                                              (cnt (v$131)
                                                                                (let* ((v$132
                                                                                        (cnt (v$133)
                                                                                          (let* ((v$134
                                                                                                  1)
                                                                                                 (v$135
                                                                                                  1)
                                                                                                 (v$136
                                                                                                  (@&gt;&gt; v$134
                                                                                                       v$135)))
                                                                                            (halt v$136))))
                                                                                       (v$137
                                                                                        0)
                                                                                       (v$138
                                                                                        (@block-get v$88
                                                                                                    v$137)))
                                                                                  (v$138 v$132
                                                                                         v$88
                                                                                         v$131))))
                                                                             (v$139
                                                                              0)
                                                                             (v$140
                                                                              (@block-get v$128
                                                                                          v$139)))
                                                                        (v$140 v$130
                                                                               v$128
                                                                               v$129))))
                                                                   (v$141 0)
                                                                   (v$142
                                                                    (@block-get v$93
                                                                                v$141)))
                                                              (v$142 v$127
                                                                     v$93
                                                                     v$112
                                                                     v$105))))
                                                         (v$143 0)
                                                         (v$144
                                                          (@block-get v$88
                                                                      v$143)))
                                                    (v$144 v$125
                                                           v$88
                                                           v$124))))
                                               (v$145 0)
                                               (v$146
                                                (@block-get v$121 v$145)))
                                          (v$146 v$123 v$121 v$122))))
                                     (v$147 0)
                                     (v$148 (@block-get v$93 v$147)))
                                (v$148 v$120 v$93 v$105 v$105))))
                           (v$149 0)
                           (v$150 (@block-get v$88 v$149)))
                      (v$150 v$118 v$88 v$117))))
                 (v$151 0)
                 (v$152 (@block-get v$114 v$151)))
            (v$152 v$116 v$114 v$115))))
       (v$153 0)
       (v$154 (@block-get v$93 v$153)))
  (v$154 v$113 v$93 v$105 v$112))
expected output: 
 (let* ((v$1 79)
                 (v$2 (@byte-write v$1))
                 (v$3 75)
                 (v$4 (@byte-write v$3))
                 (v$5 10)
                 (v$6 (@byte-write v$5))
                 (v$7 0))
             (halt v$7))
	at scala.Predef$.assert(Predef.scala:165)
	at l3.test.infrastructure.BasicTest$class.assertEqual(BasicTest.scala:24)
	at l3.test.infrastructure.CPSTest.assertEqual(CPSTest.scala:11)
	at l3.test.infrastructure.CPSOptTest.testCPSOptTreeEquality(CPSOptTest.scala:45)
	at l3.test.CPSOptimizer_Greybox.testInliningConstantFoldingDCE(CPSOptimizer_Greybox.scala:187)
	at sun.reflect.NativeMethodAccessorImpl.invoke0(Native Method)
	at sun.reflect.NativeMethodAccessorImpl.invoke(NativeMethodAccessorImpl.java:62)
	at sun.reflect.DelegatingMethodAccessorImpl.invoke(DelegatingMethodAccessorImpl.java:43)
	at java.lang.reflect.Method.invoke(Method.java:497)
	at org.junit.runners.model.FrameworkMethod$1.runReflectiveCall(FrameworkMethod.java:45)
	at org.junit.internal.runners.model.ReflectiveCallable.run(ReflectiveCallable.java:15)
	at org.junit.runners.model.FrameworkMethod.invokeExplosively(FrameworkMethod.java:42)
	at org.junit.internal.runners.statements.InvokeMethod.evaluate(InvokeMethod.java:20)
	at org.junit.runners.ParentRunner.runLeaf(ParentRunner.java:263)
	at org.junit.runners.BlockJUnit4ClassRunner.runChild(BlockJUnit4ClassRunner.java:68)
	at org.junit.runners.BlockJUnit4ClassRunner.runChild(BlockJUnit4ClassRunner.java:47)
	at org.junit.runners.ParentRunner$3.run(ParentRunner.java:231)
	at org.junit.runners.ParentRunner$1.schedule(ParentRunner.java:60)
	at org.junit.runners.ParentRunner.runChildren(ParentRunner.java:229)
	at org.junit.runners.ParentRunner.access$000(ParentRunner.java:50)
	at org.junit.runners.ParentRunner$2.evaluate(ParentRunner.java:222)
	at org.junit.runners.ParentRunner.run(ParentRunner.java:300)
	at org.junit.runners.Suite.runChild(Suite.java:128)
	at org.junit.runners.Suite.runChild(Suite.java:24)
	at org.junit.runners.ParentRunner$3.run(ParentRunner.java:231)
	at org.junit.runners.ParentRunner$1.schedule(ParentRunner.java:60)
	at org.junit.runners.ParentRunner.runChildren(ParentRunner.java:229)
	at org.junit.runners.ParentRunner.access$000(ParentRunner.java:50)
	at org.junit.runners.ParentRunner$2.evaluate(ParentRunner.java:222)
	at org.junit.runners.ParentRunner.run(ParentRunner.java:300)
	at org.junit.runner.JUnitCore.run(JUnitCore.java:157)
	at org.junit.runner.JUnitCore.run(JUnitCore.java:136)
	at com.novocode.junit.JUnitRunner.run(JUnitRunner.java:87)
	at sbt.RunnerWrapper$1.runRunner2(FrameworkWrapper.java:223)
	at sbt.RunnerWrapper$1.execute(FrameworkWrapper.java:236)
	at sbt.ForkMain$Run$2.call(ForkMain.java:296)
	at sbt.ForkMain$Run$2.call(ForkMain.java:286)
	at java.util.concurrent.FutureTask.run(FutureTask.java:266)
	at java.util.concurrent.ThreadPoolExecutor.runWorker(ThreadPoolExecutor.java:1142)
	at java.util.concurrent.ThreadPoolExecutor$Worker.run(ThreadPoolExecutor.java:617)
	at java.lang.Thread.run(Thread.java:745)
</failure>
                                               </testcase>
                     <system-out></system-out>
                     <system-err></system-err>
                   </testsuite>